<Event xmlns='http://schemas.microsoft.com/win/2004/08/events/event'><System><Provider Name='Microsoft-Windows-Security-Auditing' Guid='{FD3F5874-0117-FC2B-C077-C87CCA0B66A4}'/><EventID>4624</EventID><Version>0</Version><Level>0</Level><Task>Logon</Task><Opcode>Info</Opcode><Keywords>Audit Success</Keywords><TimeCreated SystemTime='2026-05-23T15:28:10.760Z'/><EventRecordID>820319</EventRecordID><Channel>Security</Channel><Computer>WKS-PC003.hq.internal</Computer></System><EventData><Data Name='SubjectUserSid'>S-1-5-18</Data><Data Name='SubjectUserName'>SRV-DC02$</Data><Data Name='SubjectDomainName'>HQ</Data><Data Name='SubjectLogonId'>0xDF0D9</Data><Data Name='TargetUserSid'>S-1-5-21-2738840-6586</Data><Data Name='TargetUserName'>mfernandes</Data><Data Name='TargetDomainName'>HQ</Data><Data Name='TargetLogonId'>0x431DA</Data><Data Name='LogonType'>7</Data><Data Name='IpAddress'>10.0.1.50</Data><Data Name='IpPort'>62311</Data><Data Name='WorkstationName'>SRV-DC02</Data></EventData></Event>
<Event xmlns='http://schemas.microsoft.com/win/2004/08/events/event'><System><Provider Name='Microsoft-Windows-Security-Auditing' Guid='{7120B25A-8782-52F3-A89E-F0ADFAA4FABD}'/><EventID>4624</EventID><Version>0</Version><Level>0</Level><Task>Logon</Task><Opcode>Info</Opcode><Keywords>Audit Success</Keywords><TimeCreated SystemTime='2026-05-23T15:28:10.106Z'/><EventRecordID>940841</EventRecordID><Channel>Security</Channel><Computer>WKS-PC003.hq.internal</Computer></System><EventData><Data Name='SubjectUserSid'>S-1-5-18</Data><Data Name='SubjectUserName'>SRV-APP01$</Data><Data Name='SubjectDomainName'>CORP</Data><Data Name='SubjectLogonId'>0x3AD60</Data><Data Name='TargetUserSid'>S-1-5-21-5990405-6503</Data><Data Name='TargetUserName'>rsantos</Data><Data Name='TargetDomainName'>CORP</Data><Data Name='TargetLogonId'>0x54202</Data><Data Name='LogonType'>3</Data><Data Name='IpAddress'>172.16.0.5</Data><Data Name='IpPort'>53509</Data><Data Name='WorkstationName'>SRV-APP01</Data></EventData></Event>
<Event xmlns='http://schemas.microsoft.com/win/2004/08/events/event'><System><Provider Name='Microsoft-Windows-Security-Auditing' Guid='{59703E11-963E-26F9-5231-67DC0DCD1E86}'/><EventID>4688</EventID><Version>0</Version><Level>0</Level><Task>Process Creation</Task><Opcode>Info</Opcode><Keywords>Audit Success</Keywords><TimeCreated SystemTime='2026-05-23T15:28:10.415Z'/><EventRecordID>751283</EventRecordID><Channel>Security</Channel><Computer>WKS-PC003.corp.local</Computer></System><EventData><Data Name='SubjectUserName'>jsilva</Data><Data Name='SubjectDomainName'>EMPRESA</Data><Data Name='SubjectLogonId'>0x8BD3C</Data><Data Name='NewProcessName'>C:\Windows\System32\OneDrive.exe</Data><Data Name='ProcessId'>1302</Data><Data Name='CommandLine'>OneDrive.exe</Data><Data Name='ParentProcessName'>C:\Windows\System32\svchost.exe</Data></EventData></Event>
<Event xmlns='http://schemas.microsoft.com/win/2004/08/events/event'><System><Provider Name='Microsoft-Windows-Security-Auditing' Guid='{3055178D-A933-871F-C736-CADA0AB229C8}'/><EventID>4624</EventID><Version>0</Version><Level>0</Level><Task>Logon</Task><Opcode>Info</Opcode><Keywords>Audit Success</Keywords><TimeCreated SystemTime='2026-05-23T15:28:08.349Z'/><EventRecordID>375650</EventRecordID><Channel>Security</Channel><Computer>SRV-WEB01.corp.local</Computer></System><EventData><Data Name='SubjectUserSid'>S-1-5-18</Data><Data Name='SubjectUserName'>SRV-APP01$</Data><Data Name='SubjectDomainName'>EMPRESA</Data><Data Name='SubjectLogonId'>0x8FA6C</Data><Data Name='TargetUserSid'>S-1-5-21-1611591-7575</Data><Data Name='TargetUserName'>mfernandes</Data><Data Name='TargetDomainName'>EMPRESA</Data><Data Name='TargetLogonId'>0xED1FA</Data><Data Name='LogonType'>3</Data><Data Name='IpAddress'>172.16.0.5</Data><Data Name='IpPort'>60924</Data><Data Name='WorkstationName'>SRV-APP01</Data></EventData></Event>
<Event xmlns='http://schemas.microsoft.com/win/2004/08/events/event'><System><Provider Name='Microsoft-Windows-Security-Auditing' Guid='{B6A9BFC6-5D05-BC82-8C9B-D8B1E9249301}'/><EventID>4624</EventID><Version>0</Version><Level>0</Level><Task>Logon</Task><Opcode>Info</Opcode><Keywords>Audit Success</Keywords><TimeCreated SystemTime='2026-05-23T15:28:09.090Z'/><EventRecordID>935655</EventRecordID><Channel>Security</Channel><Computer>WKS-PC003.empresa.local</Computer></System><EventData><Data Name='SubjectUserSid'>S-1-5-18</Data><Data Name='SubjectUserName'>SRV-WEB01$</Data><Data Name='SubjectDomainName'>EMPRESA</Data><Data Name='SubjectLogonId'>0x2481C</Data><Data Name='TargetUserSid'>S-1-5-21-1971563-2397</Data><Data Name='TargetUserName'>ggomes</Data><Data Name='TargetDomainName'>EMPRESA</Data><Data Name='TargetLogonId'>0xF9C16</Data><Data Name='LogonType'>7</Data><Data Name='IpAddress'>10.0.2.30</Data><Data Name='IpPort'>63323</Data><Data Name='WorkstationName'>SRV-WEB01</Data></EventData></Event>
<Event xmlns='http://schemas.microsoft.com/win/2004/08/events/event'><System><Provider Name='Service Control Manager' Guid='{F2427D72-F723-2BDB-65D2-59F6F5A10B4D}'/><EventID>7036</EventID><Version>0</Version><Level>4</Level><Task>None</Task><Opcode>Info</Opcode><Keywords>Classic</Keywords><TimeCreated SystemTime='2026-05-23T15:28:10.846Z'/><EventRecordID>598226</EventRecordID><Channel>System</Channel><Computer>SRV-PRINT01.corp.local</Computer></System><EventData><Data Name='param1'>Workstation</Data><Data Name='param2'>stopped</Data></EventData></Event>
<Event xmlns='http://schemas.microsoft.com/win/2004/08/events/event'><System><Provider Name='Microsoft-Windows-Security-Auditing' Guid='{71EC6513-E94B-E50F-7942-BFEDC288AC4E}'/><EventID>4624</EventID><Version>0</Version><Level>0</Level><Task>Logon</Task><Opcode>Info</Opcode><Keywords>Audit Success</Keywords><TimeCreated SystemTime='2026-05-23T15:28:10.594Z'/><EventRecordID>158301</EventRecordID><Channel>Security</Channel><Computer>SRV-WEB01.hq.internal</Computer></System><EventData><Data Name='SubjectUserSid'>S-1-5-18</Data><Data Name='SubjectUserName'>SRV-DC02$</Data><Data Name='SubjectDomainName'>EMPRESA</Data><Data Name='SubjectLogonId'>0xCCD59</Data><Data Name='TargetUserSid'>S-1-5-21-8485083-1856</Data><Data Name='TargetUserName'>jsilva</Data><Data Name='TargetDomainName'>EMPRESA</Data><Data Name='TargetLogonId'>0x40FDF</Data><Data Name='LogonType'>10</Data><Data Name='IpAddress'>10.0.2.80</Data><Data Name='IpPort'>60693</Data><Data Name='WorkstationName'>SRV-DC02</Data></EventData></Event>
<Event xmlns='http://schemas.microsoft.com/win/2004/08/events/event'><System><Provider Name='Microsoft-Windows-Security-Auditing' Guid='{C1F66DDD-AB74-5104-3109-E05033748074}'/><EventID>4624</EventID><Version>0</Version><Level>0</Level><Task>Logon</Task><Opcode>Info</Opcode><Keywords>Audit Success</Keywords><TimeCreated SystemTime='2026-05-23T15:28:11.898Z'/><EventRecordID>365209</EventRecordID><Channel>Security</Channel><Computer>SRV-APP01.hq.internal</Computer></System><EventData><Data Name='SubjectUserSid'>S-1-5-18</Data><Data Name='SubjectUserName'>WKS-PC002$</Data><Data Name='SubjectDomainName'>CORP</Data><Data Name='SubjectLogonId'>0xD54BB</Data><Data Name='TargetUserSid'>S-1-5-21-8113993-6559</Data><Data Name='TargetUserName'>mrocha</Data><Data Name='TargetDomainName'>CORP</Data><Data Name='TargetLogonId'>0x842E3</Data><Data Name='LogonType'>7</Data><Data Name='IpAddress'>10.0.2.200</Data><Data Name='IpPort'>57603</Data><Data Name='WorkstationName'>WKS-PC002</Data></EventData></Event>
<Event xmlns='http://schemas.microsoft.com/win/2004/08/events/event'><System><Provider Name='Microsoft-Windows-Security-Auditing' Guid='{30ED41FA-AD35-C8B4-A18A-79A57F50DCCE}'/><EventID>4634</EventID><Version>0</Version><Level>0</Level><Task>Logoff</Task><Opcode>Info</Opcode><Keywords>Audit Success</Keywords><TimeCreated SystemTime='2026-05-23T15:28:09.991Z'/><EventRecordID>924775</EventRecordID><Channel>Security</Channel><Computer>SRV-EXCH01.hq.internal</Computer></System><EventData><Data Name='TargetUserName'>mfernandes</Data><Data Name='TargetDomainName'>HQ</Data><Data Name='TargetLogonId'>0xAB8AA</Data><Data Name='LogonType'>7</Data></EventData></Event>
<Event xmlns='http://schemas.microsoft.com/win/2004/08/events/event'><System><Provider Name='Service Control Manager' Guid='{FBA7FE80-7E5C-3101-78A1-E561D407268E}'/><EventID>7036</EventID><Version>0</Version><Level>4</Level><Task>None</Task><Opcode>Info</Opcode><Keywords>Classic</Keywords><TimeCreated SystemTime='2026-05-23T15:28:11.467Z'/><EventRecordID>374827</EventRecordID><Channel>System</Channel><Computer>WKS-PC001.corp.local</Computer></System><EventData><Data Name='param1'>Task Scheduler</Data><Data Name='param2'>running</Data></EventData></Event>
<Event xmlns='http://schemas.microsoft.com/win/2004/08/events/event'><System><Provider Name='Microsoft-Windows-Security-Auditing' Guid='{46DD2AD6-0BB4-62E6-B186-C709D632CA3E}'/><EventID>4634</EventID><Version>0</Version><Level>0</Level><Task>Logoff</Task><Opcode>Info</Opcode><Keywords>Audit Success</Keywords><TimeCreated SystemTime='2026-05-23T15:28:09.254Z'/><EventRecordID>386750</EventRecordID><Channel>Security</Channel><Computer>SRV-EXCH01.corp.local</Computer></System><EventData><Data Name='TargetUserName'>nalmeida</Data><Data Name='TargetDomainName'>EMPRESA</Data><Data Name='TargetLogonId'>0x510ED</Data><Data Name='LogonType'>2</Data></EventData></Event>
<Event xmlns='http://schemas.microsoft.com/win/2004/08/events/event'><System><Provider Name='Service Control Manager' Guid='{13D16FA4-1B58-664C-578A-CA17C22A050C}'/><EventID>7036</EventID><Version>0</Version><Level>4</Level><Task>None</Task><Opcode>Info</Opcode><Keywords>Classic</Keywords><TimeCreated SystemTime='2026-05-23T15:28:09.587Z'/><EventRecordID>379789</EventRecordID><Channel>System</Channel><Computer>SRV-DC01.hq.internal</Computer></System><EventData><Data Name='param1'>DNS Client</Data><Data Name='param2'>running</Data></EventData></Event>
<Event xmlns='http://schemas.microsoft.com/win/2004/08/events/event'><System><Provider Name='Service Control Manager' Guid='{08E37843-E726-D479-2F55-DC29BD4030C8}'/><EventID>7036</EventID><Version>0</Version><Level>4</Level><Task>None</Task><Opcode>Info</Opcode><Keywords>Classic</Keywords><TimeCreated SystemTime='2026-05-23T15:28:09.415Z'/><EventRecordID>160928</EventRecordID><Channel>System</Channel><Computer>WKS-PC001.empresa.local</Computer></System><EventData><Data Name='param1'>DNS Client</Data><Data Name='param2'>running</Data></EventData></Event>
<Event xmlns='http://schemas.microsoft.com/win/2004/08/events/event'><System><Provider Name='Microsoft-Windows-Security-Auditing' Guid='{50A22BDB-F165-716A-D680-41FC57D980F5}'/><EventID>4672</EventID><Version>0</Version><Level>0</Level><Task>Special Logon</Task><Opcode>Info</Opcode><Keywords>Audit Success</Keywords><TimeCreated SystemTime='2026-05-23T15:28:11.783Z'/><EventRecordID>413116</EventRecordID><Channel>Security</Channel><Computer>SRV-DC01.corp.local</Computer></System><EventData><Data Name='SubjectUserName'>scanner</Data><Data Name='SubjectDomainName'>CORP</Data><Data Name='SubjectLogonId'>0x47671</Data><Data Name='PrivilegeList'>SeDebugPrivilege SeImpersonatePrivilege SeTcbPrivilege</Data><!-- SUSPICIOUS: privilege_escalation — elevated privileges assigned to 'scanner' --></EventData></Event>
<Event xmlns='http://schemas.microsoft.com/win/2004/08/events/event'><System><Provider Name='Service Control Manager' Guid='{B43B6CC3-A5A0-B6D5-8530-5CBACE8FFFC7}'/><EventID>7036</EventID><Version>0</Version><Level>4</Level><Task>None</Task><Opcode>Info</Opcode><Keywords>Classic</Keywords><TimeCreated SystemTime='2026-05-23T15:28:08.623Z'/><EventRecordID>435046</EventRecordID><Channel>System</Channel><Computer>WKS-PC003.corp.local</Computer></System><EventData><Data Name='param1'>Windows Update</Data><Data Name='param2'>stopped</Data></EventData></Event>
<Event xmlns='http://schemas.microsoft.com/win/2004/08/events/event'><System><Provider Name='Service Control Manager' Guid='{09B08CF7-C66F-F914-3D2D-66E480C82E01}'/><EventID>7036</EventID><Version>0</Version><Level>4</Level><Task>None</Task><Opcode>Info</Opcode><Keywords>Classic</Keywords><TimeCreated SystemTime='2026-05-23T15:28:08.982Z'/><EventRecordID>773505</EventRecordID><Channel>System</Channel><Computer>WKS-PC001.empresa.local</Computer></System><EventData><Data Name='param1'>Task Scheduler</Data><Data Name='param2'>running</Data></EventData></Event>
<Event xmlns='http://schemas.microsoft.com/win/2004/08/events/event'><System><Provider Name='Microsoft-Windows-Security-Auditing' Guid='{DD1E4BF2-3043-0066-D974-8090524B3B77}'/><EventID>4634</EventID><Version>0</Version><Level>0</Level><Task>Logoff</Task><Opcode>Info</Opcode><Keywords>Audit Success</Keywords><TimeCreated SystemTime='2026-05-23T15:28:11.303Z'/><EventRecordID>535060</EventRecordID><Channel>Security</Channel><Computer>WKS-PC003.empresa.local</Computer></System><EventData><Data Name='TargetUserName'>mrocha</Data><Data Name='TargetDomainName'>HQ</Data><Data Name='TargetLogonId'>0x6CCF7</Data><Data Name='LogonType'>3</Data></EventData></Event>
<Event xmlns='http://schemas.microsoft.com/win/2004/08/events/event'><System><Provider Name='Microsoft-Windows-Security-Auditing' Guid='{DD5BC596-2ACC-5D42-5B0C-02AD571EDA14}'/><EventID>4688</EventID><Version>0</Version><Level>0</Level><Task>Process Creation</Task><Opcode>Info</Opcode><Keywords>Audit Success</Keywords><TimeCreated SystemTime='2026-05-23T15:28:09.442Z'/><EventRecordID>233553</EventRecordID><Channel>Security</Channel><Computer>WKS-PC001.hq.internal</Computer></System><EventData><Data Name='SubjectUserName'>ggomes</Data><Data Name='SubjectDomainName'>CORP</Data><Data Name='SubjectLogonId'>0x4D125</Data><Data Name='NewProcessName'>C:\Windows\System32\SearchIndexer.exe</Data><Data Name='ProcessId'>16490</Data><Data Name='CommandLine'>SearchIndexer.exe</Data><Data Name='ParentProcessName'>C:\Windows\System32\svchost.exe</Data></EventData></Event>
<Event xmlns='http://schemas.microsoft.com/win/2004/08/events/event'><System><Provider Name='Service Control Manager' Guid='{9C0435DC-E008-482E-C3ED-E3F43FC52611}'/><EventID>7036</EventID><Version>0</Version><Level>4</Level><Task>None</Task><Opcode>Info</Opcode><Keywords>Classic</Keywords><TimeCreated SystemTime='2026-05-23T15:28:08.630Z'/><EventRecordID>186284</EventRecordID><Channel>System</Channel><Computer>SRV-APP01.hq.internal</Computer></System><EventData><Data Name='param1'>Windows Defender</Data><Data Name='param2'>running</Data></EventData></Event>
<Event xmlns='http://schemas.microsoft.com/win/2004/08/events/event'><System><Provider Name='Microsoft-Windows-Security-Auditing' Guid='{E3BB625C-EABC-7A27-84F6-C2DB76EF5248}'/><EventID>4634</EventID><Version>0</Version><Level>0</Level><Task>Logoff</Task><Opcode>Info</Opcode><Keywords>Audit Success</Keywords><TimeCreated SystemTime='2026-05-23T15:28:10.321Z'/><EventRecordID>542120</EventRecordID><Channel>Security</Channel><Computer>SRV-FILE01.empresa.local</Computer></System><EventData><Data Name='TargetUserName'>nalmeida</Data><Data Name='TargetDomainName'>CORP</Data><Data Name='TargetLogonId'>0x951C0</Data><Data Name='LogonType'>3</Data></EventData></Event>
<Event xmlns='http://schemas.microsoft.com/win/2004/08/events/event'><System><Provider Name='Service Control Manager' Guid='{92AD2B86-D2E7-717B-700E-6CC395A3C327}'/><EventID>7036</EventID><Version>0</Version><Level>4</Level><Task>None</Task><Opcode>Info</Opcode><Keywords>Classic</Keywords><TimeCreated SystemTime='2026-05-23T15:28:09.471Z'/><EventRecordID>640029</EventRecordID><Channel>System</Channel><Computer>WKS-PC001.hq.internal</Computer></System><EventData><Data Name='param1'>Print Spooler</Data><Data Name='param2'>running</Data></EventData></Event>
<Event xmlns='http://schemas.microsoft.com/win/2004/08/events/event'><System><Provider Name='Microsoft-Windows-Security-Auditing' Guid='{519B8BD5-27A8-98C1-34A7-179BD9F40E9A}'/><EventID>4634</EventID><Version>0</Version><Level>0</Level><Task>Logoff</Task><Opcode>Info</Opcode><Keywords>Audit Success</Keywords><TimeCreated SystemTime='2026-05-23T15:28:10.308Z'/><EventRecordID>207397</EventRecordID><Channel>Security</Channel><Computer>WKS-NB010.corp.local</Computer></System><EventData><Data Name='TargetUserName'>jsilva</Data><Data Name='TargetDomainName'>HQ</Data><Data Name='TargetLogonId'>0xDAA6F</Data><Data Name='LogonType'>2</Data></EventData></Event>
<Event xmlns='http://schemas.microsoft.com/win/2004/08/events/event'><System><Provider Name='Microsoft-Windows-Security-Auditing' Guid='{F2A89803-541B-6608-ADAB-B0B55345E728}'/><EventID>4688</EventID><Version>0</Version><Level>0</Level><Task>Process Creation</Task><Opcode>Info</Opcode><Keywords>Audit Success</Keywords><TimeCreated SystemTime='2026-05-23T15:28:11.870Z'/><EventRecordID>170318</EventRecordID><Channel>Security</Channel><Computer>WKS-PC002.empresa.local</Computer></System><EventData><Data Name='SubjectUserName'>bribeiro</Data><Data Name='SubjectDomainName'>HQ</Data><Data Name='SubjectLogonId'>0x5803B</Data><Data Name='NewProcessName'>C:\Windows\System32\chrome.exe</Data><Data Name='ProcessId'>11595</Data><Data Name='CommandLine'>chrome.exe</Data><Data Name='ParentProcessName'>C:\Windows\System32\svchost.exe</Data></EventData></Event>
<Event xmlns='http://schemas.microsoft.com/win/2004/08/events/event'><System><Provider Name='Service Control Manager' Guid='{F8C27021-C625-90A8-E0EA-AE20B191F77F}'/><EventID>7036</EventID><Version>0</Version><Level>4</Level><Task>None</Task><Opcode>Info</Opcode><Keywords>Classic</Keywords><TimeCreated SystemTime='2026-05-23T15:28:08.594Z'/><EventRecordID>501525</EventRecordID><Channel>System</Channel><Computer>WKS-PC002.corp.local</Computer></System><EventData><Data Name='param1'>Workstation</Data><Data Name='param2'>stopped</Data></EventData></Event>
<Event xmlns='http://schemas.microsoft.com/win/2004/08/events/event'><System><Provider Name='Service Control Manager' Guid='{D16B7A95-FA26-C837-D2A0-F85BD65BD70A}'/><EventID>7036</EventID><Version>0</Version><Level>4</Level><Task>None</Task><Opcode>Info</Opcode><Keywords>Classic</Keywords><TimeCreated SystemTime='2026-05-23T15:28:08.408Z'/><EventRecordID>259669</EventRecordID><Channel>System</Channel><Computer>SRV-EXCH01.hq.internal</Computer></System><EventData><Data Name='param1'>Task Scheduler</Data><Data Name='param2'>stopped</Data></EventData></Event>
<Event xmlns='http://schemas.microsoft.com/win/2004/08/events/event'><System><Provider Name='Microsoft-Windows-Security-Auditing' Guid='{7E0C9F72-0505-2BEB-9195-EC85FD60CDF4}'/><EventID>4624</EventID><Version>0</Version><Level>0</Level><Task>Logon</Task><Opcode>Info</Opcode><Keywords>Audit Success</Keywords><TimeCreated SystemTime='2026-05-23T15:28:12.087Z'/><EventRecordID>425546</EventRecordID><Channel>Security</Channel><Computer>SRV-APP01.corp.local</Computer></System><EventData><Data Name='SubjectUserSid'>S-1-5-18</Data><Data Name='SubjectUserName'>SRV-EXCH01$</Data><Data Name='SubjectDomainName'>CORP</Data><Data Name='SubjectLogonId'>0x494C5</Data><Data Name='TargetUserSid'>S-1-5-21-5477715-4784</Data><Data Name='TargetUserName'>psouza</Data><Data Name='TargetDomainName'>CORP</Data><Data Name='TargetLogonId'>0x6ADD7</Data><Data Name='LogonType'>7</Data><Data Name='IpAddress'>10.0.2.80</Data><Data Name='IpPort'>55109</Data><Data Name='WorkstationName'>SRV-EXCH01</Data></EventData></Event>
<Event xmlns='http://schemas.microsoft.com/win/2004/08/events/event'><System><Provider Name='Microsoft-Windows-Security-Auditing' Guid='{65830B0C-8512-67E5-9D42-33FD702AD953}'/><EventID>4720</EventID><Version>0</Version><Level>0</Level><Task>User Account Management</Task><Opcode>Info</Opcode><Keywords>Audit Success</Keywords><TimeCreated SystemTime='2026-05-23T15:28:11.878Z'/><EventRecordID>505992</EventRecordID><Channel>Security</Channel><Computer>WKS-PC002.empresa.local</Computer></System><EventData><Data Name='TargetUserName'>testadmin</Data><Data Name='TargetDomainName'>CORP</Data><Data Name='SubjectUserName'>guest</Data><Data Name='SubjectDomainName'>CORP</Data><Data Name='SubjectLogonId'>0x9396A</Data><!-- SUSPICIOUS: suspicious_account_creation — account 'testadmin' created by 'guest' --></EventData></Event>
<Event xmlns='http://schemas.microsoft.com/win/2004/08/events/event'><System><Provider Name='Microsoft-Windows-Security-Auditing' Guid='{636D376A-C1F9-CC3F-F76E-94D08887943B}'/><EventID>4688</EventID><Version>0</Version><Level>0</Level><Task>Process Creation</Task><Opcode>Info</Opcode><Keywords>Audit Success</Keywords><TimeCreated SystemTime='2026-05-23T15:28:11.138Z'/><EventRecordID>719832</EventRecordID><Channel>Security</Channel><Computer>WKS-NB011.hq.internal</Computer></System><EventData><Data Name='SubjectUserName'>rsantos</Data><Data Name='SubjectDomainName'>HQ</Data><Data Name='SubjectLogonId'>0xA83A5</Data><Data Name='NewProcessName'>C:\Windows\System32\outlook.exe</Data><Data Name='ProcessId'>19981</Data><Data Name='CommandLine'>outlook.exe</Data><Data Name='ParentProcessName'>C:\Windows\System32\svchost.exe</Data></EventData></Event>
<Event xmlns='http://schemas.microsoft.com/win/2004/08/events/event'><System><Provider Name='Service Control Manager' Guid='{8F1725CA-E4F7-1FEF-90F7-577A09EB919D}'/><EventID>7036</EventID><Version>0</Version><Level>4</Level><Task>None</Task><Opcode>Info</Opcode><Keywords>Classic</Keywords><TimeCreated SystemTime='2026-05-23T15:28:11.362Z'/><EventRecordID>315959</EventRecordID><Channel>System</Channel><Computer>WKS-NB011.empresa.local</Computer></System><EventData><Data Name='param1'>Workstation</Data><Data Name='param2'>running</Data></EventData></Event>
<Event xmlns='http://schemas.microsoft.com/win/2004/08/events/event'><System><Provider Name='Microsoft-Windows-Security-Auditing' Guid='{67AC7CC2-EFEA-DB01-C8A9-300600F3ADCD}'/><EventID>4634</EventID><Version>0</Version><Level>0</Level><Task>Logoff</Task><Opcode>Info</Opcode><Keywords>Audit Success</Keywords><TimeCreated SystemTime='2026-05-23T15:28:10.872Z'/><EventRecordID>972981</EventRecordID><Channel>Security</Channel><Computer>SRV-DB01.hq.internal</Computer></System><EventData><Data Name='TargetUserName'>ggomes</Data><Data Name='TargetDomainName'>CORP</Data><Data Name='TargetLogonId'>0xECF17</Data><Data Name='LogonType'>3</Data></EventData></Event>
<Event xmlns='http://schemas.microsoft.com/win/2004/08/events/event'><System><Provider Name='Microsoft-Windows-Security-Auditing' Guid='{A070C9CF-C7BC-721A-F273-1C6B689E7C15}'/><EventID>4688</EventID><Version>0</Version><Level>0</Level><Task>Process Creation</Task><Opcode>Info</Opcode><Keywords>Audit Success</Keywords><TimeCreated SystemTime='2026-05-23T15:28:08.950Z'/><EventRecordID>241362</EventRecordID><Channel>Security</Channel><Computer>SRV-FILE01.corp.local</Computer></System><EventData><Data Name='SubjectUserName'>psouza</Data><Data Name='SubjectDomainName'>CORP</Data><Data Name='SubjectLogonId'>0xDDB87</Data><Data Name='NewProcessName'>C:\Windows\System32\MsMpEng.exe</Data><Data Name='ProcessId'>17888</Data><Data Name='CommandLine'>MsMpEng.exe</Data><Data Name='ParentProcessName'>C:\Windows\System32\svchost.exe</Data></EventData></Event>
<Event xmlns='http://schemas.microsoft.com/win/2004/08/events/event'><System><Provider Name='Service Control Manager' Guid='{3CF9A623-96D3-A33B-3DBA-F1D0E953FC5E}'/><EventID>7036</EventID><Version>0</Version><Level>4</Level><Task>None</Task><Opcode>Info</Opcode><Keywords>Classic</Keywords><TimeCreated SystemTime='2026-05-23T15:28:09.433Z'/><EventRecordID>849008</EventRecordID><Channel>System</Channel><Computer>WKS-PC002.empresa.local</Computer></System><EventData><Data Name='param1'>Task Scheduler</Data><Data Name='param2'>running</Data></EventData></Event>
<Event xmlns='http://schemas.microsoft.com/win/2004/08/events/event'><System><Provider Name='Microsoft-Windows-Security-Auditing' Guid='{AB367642-C1C3-0055-EB39-D754ED39588D}'/><EventID>4624</EventID><Version>0</Version><Level>0</Level><Task>Logon</Task><Opcode>Info</Opcode><Keywords>Audit Success</Keywords><TimeCreated SystemTime='2026-05-23T15:28:10.111Z'/><EventRecordID>708629</EventRecordID><Channel>Security</Channel><Computer>WKS-PC003.corp.local</Computer></System><EventData><Data Name='SubjectUserSid'>S-1-5-18</Data><Data Name='SubjectUserName'>WKS-PC001$</Data><Data Name='SubjectDomainName'>HQ</Data><Data Name='SubjectLogonId'>0x703A5</Data><Data Name='TargetUserSid'>S-1-5-21-9120386-1207</Data><Data Name='TargetUserName'>tlima</Data><Data Name='TargetDomainName'>HQ</Data><Data Name='TargetLogonId'>0x6E6DE</Data><Data Name='LogonType'>2</Data><Data Name='IpAddress'>10.0.1.102</Data><Data Name='IpPort'>59003</Data><Data Name='WorkstationName'>WKS-PC001</Data></EventData></Event>
<Event xmlns='http://schemas.microsoft.com/win/2004/08/events/event'><System><Provider Name='Microsoft-Windows-Security-Auditing' Guid='{0737E69C-8BA2-EDF4-D9ED-9DED8CBBB3B3}'/><EventID>4624</EventID><Version>0</Version><Level>0</Level><Task>Logon</Task><Opcode>Info</Opcode><Keywords>Audit Success</Keywords><TimeCreated SystemTime='2026-05-23T15:28:10.590Z'/><EventRecordID>894479</EventRecordID><Channel>Security</Channel><Computer>WKS-NB011.hq.internal</Computer></System><EventData><Data Name='SubjectUserSid'>S-1-5-18</Data><Data Name='SubjectUserName'>SRV-FILE01$</Data><Data Name='SubjectDomainName'>EMPRESA</Data><Data Name='SubjectLogonId'>0x8E20A</Data><Data Name='TargetUserSid'>S-1-5-21-2954520-6448</Data><Data Name='TargetUserName'>cpereira</Data><Data Name='TargetDomainName'>EMPRESA</Data><Data Name='TargetLogonId'>0x42A4C</Data><Data Name='LogonType'>3</Data><Data Name='IpAddress'>10.0.2.55</Data><Data Name='IpPort'>57513</Data><Data Name='WorkstationName'>SRV-FILE01</Data></EventData></Event>
<Event xmlns='http://schemas.microsoft.com/win/2004/08/events/event'><System><Provider Name='Microsoft-Windows-Security-Auditing' Guid='{7A7AE5A4-9AE4-76F4-9980-60DFDB917F46}'/><EventID>4634</EventID><Version>0</Version><Level>0</Level><Task>Logoff</Task><Opcode>Info</Opcode><Keywords>Audit Success</Keywords><TimeCreated SystemTime='2026-05-23T15:28:08.370Z'/><EventRecordID>357874</EventRecordID><Channel>Security</Channel><Computer>WKS-PC003.empresa.local</Computer></System><EventData><Data Name='TargetUserName'>dfreitas</Data><Data Name='TargetDomainName'>EMPRESA</Data><Data Name='TargetLogonId'>0x2C31D</Data><Data Name='LogonType'>3</Data></EventData></Event>
<Event xmlns='http://schemas.microsoft.com/win/2004/08/events/event'><System><Provider Name='Microsoft-Windows-Security-Auditing' Guid='{C24EC65D-4464-693D-5C6F-0B5EB9A3AE59}'/><EventID>4688</EventID><Version>0</Version><Level>0</Level><Task>Process Creation</Task><Opcode>Info</Opcode><Keywords>Audit Success</Keywords><TimeCreated SystemTime='2026-05-23T15:28:10.557Z'/><EventRecordID>746437</EventRecordID><Channel>Security</Channel><Computer>SRV-DC01.hq.internal</Computer></System><EventData><Data Name='SubjectUserName'>acosta</Data><Data Name='SubjectDomainName'>EMPRESA</Data><Data Name='SubjectLogonId'>0x88693</Data><Data Name='NewProcessName'>C:\Windows\System32\spoolsv.exe</Data><Data Name='ProcessId'>10417</Data><Data Name='CommandLine'>spoolsv.exe</Data><Data Name='ParentProcessName'>C:\Windows\System32\svchost.exe</Data></EventData></Event>
<Event xmlns='http://schemas.microsoft.com/win/2004/08/events/event'><System><Provider Name='Microsoft-Windows-Security-Auditing' Guid='{0DE6D58D-DF03-BD10-D3C8-9DAC23B8E8CE}'/><EventID>4634</EventID><Version>0</Version><Level>0</Level><Task>Logoff</Task><Opcode>Info</Opcode><Keywords>Audit Success</Keywords><TimeCreated SystemTime='2026-05-23T15:28:09.501Z'/><EventRecordID>478304</EventRecordID><Channel>Security</Channel><Computer>WKS-NB011.empresa.local</Computer></System><EventData><Data Name='TargetUserName'>fmendes</Data><Data Name='TargetDomainName'>CORP</Data><Data Name='TargetLogonId'>0xC06AF</Data><Data Name='LogonType'>2</Data></EventData></Event>
<Event xmlns='http://schemas.microsoft.com/win/2004/08/events/event'><System><Provider Name='Microsoft-Windows-Eventlog' Guid='{148DABF9-B500-0215-44CC-D05BE32A0F96}'/><EventID>1102</EventID><Version>0</Version><Level>0</Level><Task>Log clear</Task><Opcode>Info</Opcode><Keywords>Audit Success</Keywords><TimeCreated SystemTime='2026-05-23T15:28:10.220Z'/><EventRecordID>972122</EventRecordID><Channel>Security</Channel><Computer>SRV-PRINT01.hq.internal</Computer></System><EventData><Data Name='SubjectUserName'>temp_admin</Data><Data Name='SubjectDomainName'>HQ</Data><Data Name='SubjectLogonId'>0x472D9</Data><!-- SUSPICIOUS: log_tampering — audit log cleared by 'temp_admin' --></EventData></Event>
<Event xmlns='http://schemas.microsoft.com/win/2004/08/events/event'><System><Provider Name='Microsoft-Windows-Security-Auditing' Guid='{8C210375-6695-9E69-EB5C-C9F2754035A0}'/><EventID>4624</EventID><Version>0</Version><Level>0</Level><Task>Logon</Task><Opcode>Info</Opcode><Keywords>Audit Success</Keywords><TimeCreated SystemTime='2026-05-23T15:28:12.033Z'/><EventRecordID>664558</EventRecordID><Channel>Security</Channel><Computer>WKS-NB010.corp.local</Computer></System><EventData><Data Name='SubjectUserSid'>S-1-5-18</Data><Data Name='SubjectUserName'>SRV-WEB01$</Data><Data Name='SubjectDomainName'>EMPRESA</Data><Data Name='SubjectLogonId'>0xFCB8B</Data><Data Name='TargetUserSid'>S-1-5-21-5298042-1009</Data><Data Name='TargetUserName'>mfernandes</Data><Data Name='TargetDomainName'>EMPRESA</Data><Data Name='TargetLogonId'>0x423B8</Data><Data Name='LogonType'>7</Data><Data Name='IpAddress'>192.168.1.50</Data><Data Name='IpPort'>50207</Data><Data Name='WorkstationName'>SRV-WEB01</Data></EventData></Event>
<Event xmlns='http://schemas.microsoft.com/win/2004/08/events/event'><System><Provider Name='Microsoft-Windows-Security-Auditing' Guid='{EF324824-C2F5-29AF-3C1B-42E30A5212FD}'/><EventID>4624</EventID><Version>0</Version><Level>0</Level><Task>Logon</Task><Opcode>Info</Opcode><Keywords>Audit Success</Keywords><TimeCreated SystemTime='2026-05-23T15:28:08.453Z'/><EventRecordID>902623</EventRecordID><Channel>Security</Channel><Computer>SRV-FILE01.empresa.local</Computer></System><EventData><Data Name='SubjectUserSid'>S-1-5-18</Data><Data Name='SubjectUserName'>SRV-DC02$</Data><Data Name='SubjectDomainName'>CORP</Data><Data Name='SubjectLogonId'>0x5505F</Data><Data Name='TargetUserSid'>S-1-5-21-9568529-9651</Data><Data Name='TargetUserName'>acastro</Data><Data Name='TargetDomainName'>CORP</Data><Data Name='TargetLogonId'>0x69D3E</Data><Data Name='LogonType'>10</Data><Data Name='IpAddress'>10.0.2.10</Data><Data Name='IpPort'>52395</Data><Data Name='WorkstationName'>SRV-DC02</Data></EventData></Event>
<Event xmlns='http://schemas.microsoft.com/win/2004/08/events/event'><System><Provider Name='Service Control Manager' Guid='{F1E8BA5C-94F9-5D8B-6F5F-CCB473F5EE11}'/><EventID>7036</EventID><Version>0</Version><Level>4</Level><Task>None</Task><Opcode>Info</Opcode><Keywords>Classic</Keywords><TimeCreated SystemTime='2026-05-23T15:28:09.058Z'/><EventRecordID>510994</EventRecordID><Channel>System</Channel><Computer>SRV-APP01.empresa.local</Computer></System><EventData><Data Name='param1'>Windows Update</Data><Data Name='param2'>stopped</Data></EventData></Event>
<Event xmlns='http://schemas.microsoft.com/win/2004/08/events/event'><System><Provider Name='Service Control Manager' Guid='{040EC452-8672-8BF2-3BDF-2037E7BCC7BB}'/><EventID>7036</EventID><Version>0</Version><Level>4</Level><Task>None</Task><Opcode>Info</Opcode><Keywords>Classic</Keywords><TimeCreated SystemTime='2026-05-23T15:28:12.032Z'/><EventRecordID>759826</EventRecordID><Channel>System</Channel><Computer>WKS-PC003.hq.internal</Computer></System><EventData><Data Name='param1'>DHCP Client</Data><Data Name='param2'>running</Data></EventData></Event>
<Event xmlns='http://schemas.microsoft.com/win/2004/08/events/event'><System><Provider Name='Microsoft-Windows-Security-Auditing' Guid='{F4850902-60E0-CAE2-4EC5-3624EEC305F0}'/><EventID>4634</EventID><Version>0</Version><Level>0</Level><Task>Logoff</Task><Opcode>Info</Opcode><Keywords>Audit Success</Keywords><TimeCreated SystemTime='2026-05-23T15:28:11.489Z'/><EventRecordID>487911</EventRecordID><Channel>Security</Channel><Computer>WKS-NB010.corp.local</Computer></System><EventData><Data Name='TargetUserName'>psouza</Data><Data Name='TargetDomainName'>HQ</Data><Data Name='TargetLogonId'>0xF754D</Data><Data Name='LogonType'>2</Data></EventData></Event>
<Event xmlns='http://schemas.microsoft.com/win/2004/08/events/event'><System><Provider Name='Microsoft-Windows-Security-Auditing' Guid='{EEE3856F-4B53-396D-01A8-4C677D15BFEE}'/><EventID>4688</EventID><Version>0</Version><Level>0</Level><Task>Process Creation</Task><Opcode>Info</Opcode><Keywords>Audit Success</Keywords><TimeCreated SystemTime='2026-05-23T15:28:11.499Z'/><EventRecordID>255312</EventRecordID><Channel>Security</Channel><Computer>WKS-PC003.empresa.local</Computer></System><EventData><Data Name='SubjectUserName'>acastro</Data><Data Name='SubjectDomainName'>CORP</Data><Data Name='SubjectLogonId'>0x83B23</Data><Data Name='NewProcessName'>C:\Windows\System32\spoolsv.exe</Data><Data Name='ProcessId'>16950</Data><Data Name='CommandLine'>spoolsv.exe</Data><Data Name='ParentProcessName'>C:\Windows\System32\svchost.exe</Data></EventData></Event>
<Event xmlns='http://schemas.microsoft.com/win/2004/08/events/event'><System><Provider Name='Microsoft-Windows-Security-Auditing' Guid='{4187BF55-A928-FDB1-0975-2F4EEBAB360C}'/><EventID>4688</EventID><Version>0</Version><Level>0</Level><Task>Process Creation</Task><Opcode>Info</Opcode><Keywords>Audit Success</Keywords><TimeCreated SystemTime='2026-05-23T15:28:10.391Z'/><EventRecordID>667051</EventRecordID><Channel>Security</Channel><Computer>SRV-WEB01.hq.internal</Computer></System><EventData><Data Name='SubjectUserName'>nalmeida</Data><Data Name='SubjectDomainName'>CORP</Data><Data Name='SubjectLogonId'>0x54E0A</Data><Data Name='NewProcessName'>C:\Windows\System32\teams.exe</Data><Data Name='ProcessId'>4965</Data><Data Name='CommandLine'>teams.exe</Data><Data Name='ParentProcessName'>C:\Windows\System32\svchost.exe</Data></EventData></Event>
<Event xmlns='http://schemas.microsoft.com/win/2004/08/events/event'><System><Provider Name='Microsoft-Windows-Security-Auditing' Guid='{B0D9D4F1-89BB-AACA-7D07-FE45D91798E3}'/><EventID>4634</EventID><Version>0</Version><Level>0</Level><Task>Logoff</Task><Opcode>Info</Opcode><Keywords>Audit Success</Keywords><TimeCreated SystemTime='2026-05-23T15:28:09.587Z'/><EventRecordID>354437</EventRecordID><Channel>Security</Channel><Computer>WKS-PC001.corp.local</Computer></System><EventData><Data Name='TargetUserName'>loliveira</Data><Data Name='TargetDomainName'>CORP</Data><Data Name='TargetLogonId'>0x27964</Data><Data Name='LogonType'>2</Data></EventData></Event>
<Event xmlns='http://schemas.microsoft.com/win/2004/08/events/event'><System><Provider Name='Microsoft-Windows-Security-Auditing' Guid='{C6D69EF4-EDFF-F567-FC4E-174D9C74A94A}'/><EventID>4688</EventID><Version>0</Version><Level>0</Level><Task>Process Creation</Task><Opcode>Info</Opcode><Keywords>Audit Success</Keywords><TimeCreated SystemTime='2026-05-23T15:28:11.401Z'/><EventRecordID>715648</EventRecordID><Channel>Security</Channel><Computer>SRV-DB01.hq.internal</Computer></System><EventData><Data Name='SubjectUserName'>cpereira</Data><Data Name='SubjectDomainName'>CORP</Data><Data Name='SubjectLogonId'>0x8EAA1</Data><Data Name='NewProcessName'>C:\Windows\System32\chrome.exe</Data><Data Name='ProcessId'>4090</Data><Data Name='CommandLine'>chrome.exe</Data><Data Name='ParentProcessName'>C:\Windows\System32\svchost.exe</Data></EventData></Event>
<Event xmlns='http://schemas.microsoft.com/win/2004/08/events/event'><System><Provider Name='Microsoft-Windows-Security-Auditing' Guid='{9A30B9F7-8BC0-9447-A311-3401B1308069}'/><EventID>4634</EventID><Version>0</Version><Level>0</Level><Task>Logoff</Task><Opcode>Info</Opcode><Keywords>Audit Success</Keywords><TimeCreated SystemTime='2026-05-23T15:28:08.873Z'/><EventRecordID>981589</EventRecordID><Channel>Security</Channel><Computer>SRV-DC02.empresa.local</Computer></System><EventData><Data Name='TargetUserName'>dfreitas</Data><Data Name='TargetDomainName'>EMPRESA</Data><Data Name='TargetLogonId'>0x84DE1</Data><Data Name='LogonType'>2</Data></EventData></Event>
<Event xmlns='http://schemas.microsoft.com/win/2004/08/events/event'><System><Provider Name='Microsoft-Windows-Security-Auditing' Guid='{EE9E9379-661E-DBC1-D728-DE7E618FBD57}'/><EventID>4634</EventID><Version>0</Version><Level>0</Level><Task>Logoff</Task><Opcode>Info</Opcode><Keywords>Audit Success</Keywords><TimeCreated SystemTime='2026-05-23T15:28:08.361Z'/><EventRecordID>173871</EventRecordID><Channel>Security</Channel><Computer>SRV-PRINT01.corp.local</Computer></System><EventData><Data Name='TargetUserName'>cpereira</Data><Data Name='TargetDomainName'>EMPRESA</Data><Data Name='TargetLogonId'>0x3AAF5</Data><Data Name='LogonType'>7</Data></EventData></Event>
<Event xmlns='http://schemas.microsoft.com/win/2004/08/events/event'><System><Provider Name='Service Control Manager' Guid='{BE05185E-72F9-573A-8726-8418BC8C02D7}'/><EventID>7036</EventID><Version>0</Version><Level>4</Level><Task>None</Task><Opcode>Info</Opcode><Keywords>Classic</Keywords><TimeCreated SystemTime='2026-05-23T15:28:10.825Z'/><EventRecordID>334085</EventRecordID><Channel>System</Channel><Computer>SRV-DB01.empresa.local</Computer></System><EventData><Data Name='param1'>Windows Update</Data><Data Name='param2'>running</Data></EventData></Event>
<Event xmlns='http://schemas.microsoft.com/win/2004/08/events/event'><System><Provider Name='Microsoft-Windows-Security-Auditing' Guid='{B066682A-9F6E-13D1-3D1C-C45A6B15DFFD}'/><EventID>4624</EventID><Version>0</Version><Level>0</Level><Task>Logon</Task><Opcode>Info</Opcode><Keywords>Audit Success</Keywords><TimeCreated SystemTime='2026-05-23T15:28:11.274Z'/><EventRecordID>825233</EventRecordID><Channel>Security</Channel><Computer>SRV-DC01.corp.local</Computer></System><EventData><Data Name='SubjectUserSid'>S-1-5-18</Data><Data Name='SubjectUserName'>SRV-DC02$</Data><Data Name='SubjectDomainName'>CORP</Data><Data Name='SubjectLogonId'>0xC84CF</Data><Data Name='TargetUserSid'>S-1-5-21-8859734-5595</Data><Data Name='TargetUserName'>mrocha</Data><Data Name='TargetDomainName'>CORP</Data><Data Name='TargetLogonId'>0xCF1ED</Data><Data Name='LogonType'>7</Data><Data Name='IpAddress'>172.16.1.15</Data><Data Name='IpPort'>51253</Data><Data Name='WorkstationName'>SRV-DC02</Data></EventData></Event>
<Event xmlns='http://schemas.microsoft.com/win/2004/08/events/event'><System><Provider Name='Microsoft-Windows-Security-Auditing' Guid='{D601765B-71BB-FC89-A625-C28EDA9C799E}'/><EventID>4624</EventID><Version>0</Version><Level>0</Level><Task>Logon</Task><Opcode>Info</Opcode><Keywords>Audit Success</Keywords><TimeCreated SystemTime='2026-05-23T15:28:11.502Z'/><EventRecordID>439003</EventRecordID><Channel>Security</Channel><Computer>SRV-PRINT01.hq.internal</Computer></System><EventData><Data Name='SubjectUserSid'>S-1-5-18</Data><Data Name='SubjectUserName'>SRV-FILE01$</Data><Data Name='SubjectDomainName'>EMPRESA</Data><Data Name='SubjectLogonId'>0x913BA</Data><Data Name='TargetUserSid'>S-1-5-21-8394327-3244</Data><Data Name='TargetUserName'>fmendes</Data><Data Name='TargetDomainName'>EMPRESA</Data><Data Name='TargetLogonId'>0xD473C</Data><Data Name='LogonType'>3</Data><Data Name='IpAddress'>10.0.1.50</Data><Data Name='IpPort'>57761</Data><Data Name='WorkstationName'>SRV-FILE01</Data></EventData></Event>
<Event xmlns='http://schemas.microsoft.com/win/2004/08/events/event'><System><Provider Name='Microsoft-Windows-Security-Auditing' Guid='{6F7AD85A-89D9-A553-C345-FAD4B3043902}'/><EventID>4624</EventID><Version>0</Version><Level>0</Level><Task>Logon</Task><Opcode>Info</Opcode><Keywords>Audit Success</Keywords><TimeCreated SystemTime='2026-05-23T15:28:12.255Z'/><EventRecordID>802564</EventRecordID><Channel>Security</Channel><Computer>WKS-PC002.hq.internal</Computer></System><EventData><Data Name='SubjectUserSid'>S-1-5-18</Data><Data Name='SubjectUserName'>WKS-PC002$</Data><Data Name='SubjectDomainName'>HQ</Data><Data Name='SubjectLogonId'>0xAA389</Data><Data Name='TargetUserSid'>S-1-5-21-4808940-4119</Data><Data Name='TargetUserName'>cpereira</Data><Data Name='TargetDomainName'>HQ</Data><Data Name='TargetLogonId'>0x43647</Data><Data Name='LogonType'>7</Data><Data Name='IpAddress'>10.0.1.102</Data><Data Name='IpPort'>57821</Data><Data Name='WorkstationName'>WKS-PC002</Data></EventData></Event>
<Event xmlns='http://schemas.microsoft.com/win/2004/08/events/event'><System><Provider Name='Microsoft-Windows-Security-Auditing' Guid='{B929ECAA-70CA-2134-F6B4-2622106BE4C2}'/><EventID>4634</EventID><Version>0</Version><Level>0</Level><Task>Logoff</Task><Opcode>Info</Opcode><Keywords>Audit Success</Keywords><TimeCreated SystemTime='2026-05-23T15:28:08.605Z'/><EventRecordID>255448</EventRecordID><Channel>Security</Channel><Computer>SRV-DC01.hq.internal</Computer></System><EventData><Data Name='TargetUserName'>mrocha</Data><Data Name='TargetDomainName'>EMPRESA</Data><Data Name='TargetLogonId'>0x201EF</Data><Data Name='LogonType'>3</Data></EventData></Event>
<Event xmlns='http://schemas.microsoft.com/win/2004/08/events/event'><System><Provider Name='Service Control Manager' Guid='{A593057F-D885-9810-9502-A2C4AF30D7D7}'/><EventID>7036</EventID><Version>0</Version><Level>4</Level><Task>None</Task><Opcode>Info</Opcode><Keywords>Classic</Keywords><TimeCreated SystemTime='2026-05-23T15:28:09.817Z'/><EventRecordID>779561</EventRecordID><Channel>System</Channel><Computer>SRV-DC01.corp.local</Computer></System><EventData><Data Name='param1'>DNS Client</Data><Data Name='param2'>stopped</Data></EventData></Event>
<Event xmlns='http://schemas.microsoft.com/win/2004/08/events/event'><System><Provider Name='Microsoft-Windows-Security-Auditing' Guid='{840B3333-D55C-A12A-D822-4229BC25E51F}'/><EventID>4634</EventID><Version>0</Version><Level>0</Level><Task>Logoff</Task><Opcode>Info</Opcode><Keywords>Audit Success</Keywords><TimeCreated SystemTime='2026-05-23T15:28:08.349Z'/><EventRecordID>351759</EventRecordID><Channel>Security</Channel><Computer>SRV-DC02.hq.internal</Computer></System><EventData><Data Name='TargetUserName'>bribeiro</Data><Data Name='TargetDomainName'>HQ</Data><Data Name='TargetLogonId'>0x283AA</Data><Data Name='LogonType'>3</Data></EventData></Event>
<Event xmlns='http://schemas.microsoft.com/win/2004/08/events/event'><System><Provider Name='Microsoft-Windows-Security-Auditing' Guid='{EB199A0B-9434-85DE-F263-EE4E7EFAB43D}'/><EventID>4688</EventID><Version>0</Version><Level>0</Level><Task>Process Creation</Task><Opcode>Info</Opcode><Keywords>Audit Success</Keywords><TimeCreated SystemTime='2026-05-23T15:28:10.532Z'/><EventRecordID>160165</EventRecordID><Channel>Security</Channel><Computer>SRV-WEB01.empresa.local</Computer></System><EventData><Data Name='SubjectUserName'>mrocha</Data><Data Name='SubjectDomainName'>CORP</Data><Data Name='SubjectLogonId'>0x26037</Data><Data Name='NewProcessName'>C:\Windows\System32\outlook.exe</Data><Data Name='ProcessId'>27199</Data><Data Name='CommandLine'>outlook.exe</Data><Data Name='ParentProcessName'>C:\Windows\System32\svchost.exe</Data></EventData></Event>
<Event xmlns='http://schemas.microsoft.com/win/2004/08/events/event'><System><Provider Name='Service Control Manager' Guid='{7ACB1BEF-8590-D10E-EA62-5920F31B8DBC}'/><EventID>7036</EventID><Version>0</Version><Level>4</Level><Task>None</Task><Opcode>Info</Opcode><Keywords>Classic</Keywords><TimeCreated SystemTime='2026-05-23T15:28:09.259Z'/><EventRecordID>128959</EventRecordID><Channel>System</Channel><Computer>SRV-EXCH01.empresa.local</Computer></System><EventData><Data Name='param1'>Task Scheduler</Data><Data Name='param2'>stopped</Data></EventData></Event>
<Event xmlns='http://schemas.microsoft.com/win/2004/08/events/event'><System><Provider Name='Microsoft-Windows-Security-Auditing' Guid='{834BC58E-B79B-F1B5-D734-14F5694C9B80}'/><EventID>4624</EventID><Version>0</Version><Level>0</Level><Task>Logon</Task><Opcode>Info</Opcode><Keywords>Audit Success</Keywords><TimeCreated SystemTime='2026-05-23T15:28:10.920Z'/><EventRecordID>374639</EventRecordID><Channel>Security</Channel><Computer>WKS-NB011.hq.internal</Computer></System><EventData><Data Name='SubjectUserSid'>S-1-5-18</Data><Data Name='SubjectUserName'>WKS-NB011$</Data><Data Name='SubjectDomainName'>HQ</Data><Data Name='SubjectLogonId'>0x10650</Data><Data Name='TargetUserSid'>S-1-5-21-6611691-9589</Data><Data Name='TargetUserName'>jsilva</Data><Data Name='TargetDomainName'>HQ</Data><Data Name='TargetLogonId'>0xE037E</Data><Data Name='LogonType'>10</Data><Data Name='IpAddress'>192.168.1.10</Data><Data Name='IpPort'>64518</Data><Data Name='WorkstationName'>WKS-NB011</Data></EventData></Event>
<Event xmlns='http://schemas.microsoft.com/win/2004/08/events/event'><System><Provider Name='Microsoft-Windows-Eventlog' Guid='{FDB21C44-349B-BE1B-36CE-64DBBE5C1D87}'/><EventID>1102</EventID><Version>0</Version><Level>0</Level><Task>Log clear</Task><Opcode>Info</Opcode><Keywords>Audit Success</Keywords><TimeCreated SystemTime='2026-05-23T15:28:11.260Z'/><EventRecordID>124069</EventRecordID><Channel>Security</Channel><Computer>SRV-EXCH01.corp.local</Computer></System><EventData><Data Name='SubjectUserName'>scanner</Data><Data Name='SubjectDomainName'>HQ</Data><Data Name='SubjectLogonId'>0x508A8</Data><!-- SUSPICIOUS: log_tampering — audit log cleared by 'scanner' --></EventData></Event>
<Event xmlns='http://schemas.microsoft.com/win/2004/08/events/event'><System><Provider Name='Microsoft-Windows-Security-Auditing' Guid='{E353F246-865A-EF34-1111-EB0A21C37165}'/><EventID>4624</EventID><Version>0</Version><Level>0</Level><Task>Logon</Task><Opcode>Info</Opcode><Keywords>Audit Success</Keywords><TimeCreated SystemTime='2026-05-23T15:28:11.465Z'/><EventRecordID>619131</EventRecordID><Channel>Security</Channel><Computer>SRV-WEB01.hq.internal</Computer></System><EventData><Data Name='SubjectUserSid'>S-1-5-18</Data><Data Name='SubjectUserName'>SRV-PRINT01$</Data><Data Name='SubjectDomainName'>CORP</Data><Data Name='SubjectLogonId'>0x19F22</Data><Data Name='TargetUserSid'>S-1-5-21-9766491-5154</Data><Data Name='TargetUserName'>bribeiro</Data><Data Name='TargetDomainName'>CORP</Data><Data Name='TargetLogonId'>0xFDE87</Data><Data Name='LogonType'>3</Data><Data Name='IpAddress'>172.16.0.20</Data><Data Name='IpPort'>56686</Data><Data Name='WorkstationName'>SRV-PRINT01</Data></EventData></Event>
<Event xmlns='http://schemas.microsoft.com/win/2004/08/events/event'><System><Provider Name='Service Control Manager' Guid='{69920CA1-1653-4AF0-135D-6447184EE1CE}'/><EventID>7036</EventID><Version>0</Version><Level>4</Level><Task>None</Task><Opcode>Info</Opcode><Keywords>Classic</Keywords><TimeCreated SystemTime='2026-05-23T15:28:09.498Z'/><EventRecordID>525185</EventRecordID><Channel>System</Channel><Computer>WKS-PC001.hq.internal</Computer></System><EventData><Data Name='param1'>Task Scheduler</Data><Data Name='param2'>running</Data></EventData></Event>
<Event xmlns='http://schemas.microsoft.com/win/2004/08/events/event'><System><Provider Name='Microsoft-Windows-Security-Auditing' Guid='{B24140E7-907D-AAEB-95D8-96AEB3778C56}'/><EventID>4634</EventID><Version>0</Version><Level>0</Level><Task>Logoff</Task><Opcode>Info</Opcode><Keywords>Audit Success</Keywords><TimeCreated SystemTime='2026-05-23T15:28:11.722Z'/><EventRecordID>964191</EventRecordID><Channel>Security</Channel><Computer>WKS-NB011.hq.internal</Computer></System><EventData><Data Name='TargetUserName'>ggomes</Data><Data Name='TargetDomainName'>EMPRESA</Data><Data Name='TargetLogonId'>0x71244</Data><Data Name='LogonType'>2</Data></EventData></Event>
<Event xmlns='http://schemas.microsoft.com/win/2004/08/events/event'><System><Provider Name='Microsoft-Windows-Security-Auditing' Guid='{86420F30-1249-0F52-CEFB-1B49F4A50D72}'/><EventID>4624</EventID><Version>0</Version><Level>0</Level><Task>Logon</Task><Opcode>Info</Opcode><Keywords>Audit Success</Keywords><TimeCreated SystemTime='2026-05-23T15:28:09.679Z'/><EventRecordID>704720</EventRecordID><Channel>Security</Channel><Computer>SRV-DB01.corp.local</Computer></System><EventData><Data Name='SubjectUserSid'>S-1-5-18</Data><Data Name='SubjectUserName'>SRV-APP01$</Data><Data Name='SubjectDomainName'>HQ</Data><Data Name='SubjectLogonId'>0x14C4F</Data><Data Name='TargetUserSid'>S-1-5-21-2777465-1507</Data><Data Name='TargetUserName'>acosta</Data><Data Name='TargetDomainName'>HQ</Data><Data Name='TargetLogonId'>0x31AF8</Data><Data Name='LogonType'>2</Data><Data Name='IpAddress'>10.0.2.55</Data><Data Name='IpPort'>55398</Data><Data Name='WorkstationName'>SRV-APP01</Data></EventData></Event>
<Event xmlns='http://schemas.microsoft.com/win/2004/08/events/event'><System><Provider Name='Microsoft-Windows-Security-Auditing' Guid='{F068C7BF-490D-0C9A-F39A-348FBDF656CC}'/><EventID>4624</EventID><Version>0</Version><Level>0</Level><Task>Logon</Task><Opcode>Info</Opcode><Keywords>Audit Success</Keywords><TimeCreated SystemTime='2026-05-23T15:28:11.021Z'/><EventRecordID>227298</EventRecordID><Channel>Security</Channel><Computer>SRV-DB01.hq.internal</Computer></System><EventData><Data Name='SubjectUserSid'>S-1-5-18</Data><Data Name='SubjectUserName'>SRV-DC01$</Data><Data Name='SubjectDomainName'>HQ</Data><Data Name='SubjectLogonId'>0x94CF6</Data><Data Name='TargetUserSid'>S-1-5-21-2909024-5378</Data><Data Name='TargetUserName'>ggomes</Data><Data Name='TargetDomainName'>HQ</Data><Data Name='TargetLogonId'>0x97E22</Data><Data Name='LogonType'>2</Data><Data Name='IpAddress'>192.168.1.100</Data><Data Name='IpPort'>65486</Data><Data Name='WorkstationName'>SRV-DC01</Data></EventData></Event>
