<Event xmlns='http://schemas.microsoft.com/win/2004/08/events/event'><System><Provider Name='Microsoft-Windows-Security-Auditing' Guid='{E0462E68-16CC-1EF1-ABA0-5C016C023D01}'/><EventID>4634</EventID><Version>0</Version><Level>0</Level><Task>Logoff</Task><Opcode>Info</Opcode><Keywords>Audit Success</Keywords><TimeCreated SystemTime='2026-05-23T15:28:09.357Z'/><EventRecordID>807323</EventRecordID><Channel>Security</Channel><Computer>SRV-DC02.corp.local</Computer></System><EventData><Data Name='TargetUserName'>mfernandes</Data><Data Name='TargetDomainName'>EMPRESA</Data><Data Name='TargetLogonId'>0x94B56</Data><Data Name='LogonType'>7</Data></EventData></Event>
<Event xmlns='http://schemas.microsoft.com/win/2004/08/events/event'><System><Provider Name='Service Control Manager' Guid='{44E5E9D6-2996-D635-F1A3-9F7C4D11DD26}'/><EventID>7036</EventID><Version>0</Version><Level>4</Level><Task>None</Task><Opcode>Info</Opcode><Keywords>Classic</Keywords><TimeCreated SystemTime='2026-05-23T15:28:09.454Z'/><EventRecordID>311163</EventRecordID><Channel>System</Channel><Computer>SRV-PRINT01.empresa.local</Computer></System><EventData><Data Name='param1'>Windows Firewall</Data><Data Name='param2'>running</Data></EventData></Event>
<Event xmlns='http://schemas.microsoft.com/win/2004/08/events/event'><System><Provider Name='Microsoft-Windows-Security-Auditing' Guid='{C3102E8B-4441-3539-3BA1-DFBF49F5BF02}'/><EventID>4624</EventID><Version>0</Version><Level>0</Level><Task>Logon</Task><Opcode>Info</Opcode><Keywords>Audit Success</Keywords><TimeCreated SystemTime='2026-05-23T15:28:12.158Z'/><EventRecordID>369395</EventRecordID><Channel>Security</Channel><Computer>SRV-DB01.empresa.local</Computer></System><EventData><Data Name='SubjectUserSid'>S-1-5-18</Data><Data Name='SubjectUserName'>SRV-DC02$</Data><Data Name='SubjectDomainName'>EMPRESA</Data><Data Name='SubjectLogonId'>0x2C690</Data><Data Name='TargetUserSid'>S-1-5-21-6838028-8680</Data><Data Name='TargetUserName'>acosta</Data><Data Name='TargetDomainName'>EMPRESA</Data><Data Name='TargetLogonId'>0xC1769</Data><Data Name='LogonType'>2</Data><Data Name='IpAddress'>10.0.2.10</Data><Data Name='IpPort'>58821</Data><Data Name='WorkstationName'>SRV-DC02</Data></EventData></Event>
<Event xmlns='http://schemas.microsoft.com/win/2004/08/events/event'><System><Provider Name='Service Control Manager' Guid='{47A741E3-A142-59FF-A471-5593669487E0}'/><EventID>7036</EventID><Version>0</Version><Level>4</Level><Task>None</Task><Opcode>Info</Opcode><Keywords>Classic</Keywords><TimeCreated SystemTime='2026-05-23T15:28:09.268Z'/><EventRecordID>283202</EventRecordID><Channel>System</Channel><Computer>SRV-DC01.empresa.local</Computer></System><EventData><Data Name='param1'>Windows Defender</Data><Data Name='param2'>stopped</Data></EventData></Event>
<Event xmlns='http://schemas.microsoft.com/win/2004/08/events/event'><System><Provider Name='Microsoft-Windows-Security-Auditing' Guid='{1E0B4AA2-52AA-281A-54BE-5D5769724703}'/><EventID>4634</EventID><Version>0</Version><Level>0</Level><Task>Logoff</Task><Opcode>Info</Opcode><Keywords>Audit Success</Keywords><TimeCreated SystemTime='2026-05-23T15:28:08.686Z'/><EventRecordID>686942</EventRecordID><Channel>Security</Channel><Computer>SRV-EXCH01.empresa.local</Computer></System><EventData><Data Name='TargetUserName'>acosta</Data><Data Name='TargetDomainName'>CORP</Data><Data Name='TargetLogonId'>0x816B9</Data><Data Name='LogonType'>3</Data></EventData></Event>
<Event xmlns='http://schemas.microsoft.com/win/2004/08/events/event'><System><Provider Name='Service Control Manager' Guid='{8B4C0EBC-FC00-EE58-8AF4-A2DBB09DC052}'/><EventID>7036</EventID><Version>0</Version><Level>4</Level><Task>None</Task><Opcode>Info</Opcode><Keywords>Classic</Keywords><TimeCreated SystemTime='2026-05-23T15:28:11.354Z'/><EventRecordID>599758</EventRecordID><Channel>System</Channel><Computer>SRV-PRINT01.empresa.local</Computer></System><EventData><Data Name='param1'>DNS Client</Data><Data Name='param2'>stopped</Data></EventData></Event>
<Event xmlns='http://schemas.microsoft.com/win/2004/08/events/event'><System><Provider Name='Microsoft-Windows-Security-Auditing' Guid='{93ADC909-18C8-0E09-CA5D-2E8B3BF069CA}'/><EventID>4688</EventID><Version>0</Version><Level>0</Level><Task>Process Creation</Task><Opcode>Info</Opcode><Keywords>Audit Success</Keywords><TimeCreated SystemTime='2026-05-23T15:28:08.495Z'/><EventRecordID>162747</EventRecordID><Channel>Security</Channel><Computer>SRV-PRINT01.empresa.local</Computer></System><EventData><Data Name='SubjectUserName'>mfernandes</Data><Data Name='SubjectDomainName'>EMPRESA</Data><Data Name='SubjectLogonId'>0x5CE17</Data><Data Name='NewProcessName'>C:\Windows\System32\SearchIndexer.exe</Data><Data Name='ProcessId'>25327</Data><Data Name='CommandLine'>SearchIndexer.exe</Data><Data Name='ParentProcessName'>C:\Windows\System32\svchost.exe</Data></EventData></Event>
<Event xmlns='http://schemas.microsoft.com/win/2004/08/events/event'><System><Provider Name='Microsoft-Windows-Security-Auditing' Guid='{09F91BD4-9111-80CA-247F-E7EB1A994705}'/><EventID>4688</EventID><Version>0</Version><Level>0</Level><Task>Process Creation</Task><Opcode>Info</Opcode><Keywords>Audit Success</Keywords><TimeCreated SystemTime='2026-05-23T15:28:08.662Z'/><EventRecordID>502118</EventRecordID><Channel>Security</Channel><Computer>WKS-NB010.empresa.local</Computer></System><EventData><Data Name='SubjectUserName'>ggomes</Data><Data Name='SubjectDomainName'>CORP</Data><Data Name='SubjectLogonId'>0x271BE</Data><Data Name='NewProcessName'>C:\Windows\System32\chrome.exe</Data><Data Name='ProcessId'>15707</Data><Data Name='CommandLine'>chrome.exe</Data><Data Name='ParentProcessName'>C:\Windows\System32\svchost.exe</Data></EventData></Event>
<Event xmlns='http://schemas.microsoft.com/win/2004/08/events/event'><System><Provider Name='Microsoft-Windows-Security-Auditing' Guid='{36EADDB5-62AC-7691-9349-A985671DC223}'/><EventID>4688</EventID><Version>0</Version><Level>0</Level><Task>Process Creation</Task><Opcode>Info</Opcode><Keywords>Audit Success</Keywords><TimeCreated SystemTime='2026-05-23T15:28:09.849Z'/><EventRecordID>282736</EventRecordID><Channel>Security</Channel><Computer>WKS-NB010.corp.local</Computer></System><EventData><Data Name='SubjectUserName'>dfreitas</Data><Data Name='SubjectDomainName'>EMPRESA</Data><Data Name='SubjectLogonId'>0x4D207</Data><Data Name='NewProcessName'>C:\Windows\System32\explorer.exe</Data><Data Name='ProcessId'>4614</Data><Data Name='CommandLine'>explorer.exe</Data><Data Name='ParentProcessName'>C:\Windows\System32\svchost.exe</Data></EventData></Event>
<Event xmlns='http://schemas.microsoft.com/win/2004/08/events/event'><System><Provider Name='Microsoft-Windows-Security-Auditing' Guid='{CF175A58-2A0C-8246-08A8-7F559053DE1B}'/><EventID>4688</EventID><Version>0</Version><Level>0</Level><Task>Process Creation</Task><Opcode>Info</Opcode><Keywords>Audit Success</Keywords><TimeCreated SystemTime='2026-05-23T15:28:10.312Z'/><EventRecordID>703510</EventRecordID><Channel>Security</Channel><Computer>SRV-EXCH01.corp.local</Computer></System><EventData><Data Name='SubjectUserName'>nalmeida</Data><Data Name='SubjectDomainName'>HQ</Data><Data Name='SubjectLogonId'>0xAD9E4</Data><Data Name='NewProcessName'>C:\Windows\System32\RuntimeBroker.exe</Data><Data Name='ProcessId'>7058</Data><Data Name='CommandLine'>RuntimeBroker.exe</Data><Data Name='ParentProcessName'>C:\Windows\System32\svchost.exe</Data></EventData></Event>
<Event xmlns='http://schemas.microsoft.com/win/2004/08/events/event'><System><Provider Name='Microsoft-Windows-Security-Auditing' Guid='{9FD1BCE7-545C-218A-7E1F-0F7A5B309E22}'/><EventID>4688</EventID><Version>0</Version><Level>0</Level><Task>Process Creation</Task><Opcode>Info</Opcode><Keywords>Audit Success</Keywords><TimeCreated SystemTime='2026-05-23T15:28:08.587Z'/><EventRecordID>113936</EventRecordID><Channel>Security</Channel><Computer>SRV-DB01.hq.internal</Computer></System><EventData><Data Name='SubjectUserName'>dfreitas</Data><Data Name='SubjectDomainName'>EMPRESA</Data><Data Name='SubjectLogonId'>0x5E5BF</Data><Data Name='NewProcessName'>C:\Windows\System32\teams.exe</Data><Data Name='ProcessId'>12080</Data><Data Name='CommandLine'>teams.exe</Data><Data Name='ParentProcessName'>C:\Windows\System32\svchost.exe</Data></EventData></Event>
<Event xmlns='http://schemas.microsoft.com/win/2004/08/events/event'><System><Provider Name='Service Control Manager' Guid='{2E8664BD-18AE-B17E-5F59-E9D70CCD7942}'/><EventID>7036</EventID><Version>0</Version><Level>4</Level><Task>None</Task><Opcode>Info</Opcode><Keywords>Classic</Keywords><TimeCreated SystemTime='2026-05-23T15:28:08.528Z'/><EventRecordID>573714</EventRecordID><Channel>System</Channel><Computer>WKS-PC003.corp.local</Computer></System><EventData><Data Name='param1'>DHCP Client</Data><Data Name='param2'>stopped</Data></EventData></Event>
<Event xmlns='http://schemas.microsoft.com/win/2004/08/events/event'><System><Provider Name='Microsoft-Windows-Security-Auditing' Guid='{DD60737F-6A3A-43BA-42EF-0EEB94CBF0D7}'/><EventID>4688</EventID><Version>0</Version><Level>0</Level><Task>Process Creation</Task><Opcode>Info</Opcode><Keywords>Audit Success</Keywords><TimeCreated SystemTime='2026-05-23T15:28:10.414Z'/><EventRecordID>840963</EventRecordID><Channel>Security</Channel><Computer>WKS-PC001.corp.local</Computer></System><EventData><Data Name='SubjectUserName'>cpereira</Data><Data Name='SubjectDomainName'>HQ</Data><Data Name='SubjectLogonId'>0x983D0</Data><Data Name='NewProcessName'>C:\Windows\System32\RuntimeBroker.exe</Data><Data Name='ProcessId'>4611</Data><Data Name='CommandLine'>RuntimeBroker.exe</Data><Data Name='ParentProcessName'>C:\Windows\System32\svchost.exe</Data></EventData></Event>
<Event xmlns='http://schemas.microsoft.com/win/2004/08/events/event'><System><Provider Name='Microsoft-Windows-Security-Auditing' Guid='{AE8145E6-FE46-09F5-3222-8E70AAB5AD0C}'/><EventID>4634</EventID><Version>0</Version><Level>0</Level><Task>Logoff</Task><Opcode>Info</Opcode><Keywords>Audit Success</Keywords><TimeCreated SystemTime='2026-05-23T15:28:11.553Z'/><EventRecordID>896701</EventRecordID><Channel>Security</Channel><Computer>WKS-PC002.corp.local</Computer></System><EventData><Data Name='TargetUserName'>ggomes</Data><Data Name='TargetDomainName'>HQ</Data><Data Name='TargetLogonId'>0xA96A4</Data><Data Name='LogonType'>3</Data></EventData></Event>
<Event xmlns='http://schemas.microsoft.com/win/2004/08/events/event'><System><Provider Name='Microsoft-Windows-Security-Auditing' Guid='{591A1B69-BB85-984A-78FE-CB723BB61AFF}'/><EventID>4634</EventID><Version>0</Version><Level>0</Level><Task>Logoff</Task><Opcode>Info</Opcode><Keywords>Audit Success</Keywords><TimeCreated SystemTime='2026-05-23T15:28:09.408Z'/><EventRecordID>584182</EventRecordID><Channel>Security</Channel><Computer>WKS-NB010.corp.local</Computer></System><EventData><Data Name='TargetUserName'>tlima</Data><Data Name='TargetDomainName'>EMPRESA</Data><Data Name='TargetLogonId'>0x6C1D1</Data><Data Name='LogonType'>3</Data></EventData></Event>
<Event xmlns='http://schemas.microsoft.com/win/2004/08/events/event'><System><Provider Name='Microsoft-Windows-Security-Auditing' Guid='{545676A1-A213-B3F7-1D7B-023E09EA87C9}'/><EventID>4624</EventID><Version>0</Version><Level>0</Level><Task>Logon</Task><Opcode>Info</Opcode><Keywords>Audit Success</Keywords><TimeCreated SystemTime='2026-05-23T15:28:09.731Z'/><EventRecordID>366776</EventRecordID><Channel>Security</Channel><Computer>SRV-APP01.empresa.local</Computer></System><EventData><Data Name='SubjectUserSid'>S-1-5-18</Data><Data Name='SubjectUserName'>SRV-DC02$</Data><Data Name='SubjectDomainName'>EMPRESA</Data><Data Name='SubjectLogonId'>0xC300D</Data><Data Name='TargetUserSid'>S-1-5-21-7250186-2856</Data><Data Name='TargetUserName'>mfernandes</Data><Data Name='TargetDomainName'>EMPRESA</Data><Data Name='TargetLogonId'>0x8B91B</Data><Data Name='LogonType'>10</Data><Data Name='IpAddress'>192.168.1.10</Data><Data Name='IpPort'>55437</Data><Data Name='WorkstationName'>SRV-DC02</Data></EventData></Event>
<Event xmlns='http://schemas.microsoft.com/win/2004/08/events/event'><System><Provider Name='Microsoft-Windows-Security-Auditing' Guid='{85EAE588-3A3A-9F3D-87EA-E9A65EEC22A5}'/><EventID>4688</EventID><Version>0</Version><Level>0</Level><Task>Process Creation</Task><Opcode>Info</Opcode><Keywords>Audit Success</Keywords><TimeCreated SystemTime='2026-05-23T15:28:09.039Z'/><EventRecordID>485752</EventRecordID><Channel>Security</Channel><Computer>SRV-FILE01.hq.internal</Computer></System><EventData><Data Name='SubjectUserName'>mfernandes</Data><Data Name='SubjectDomainName'>EMPRESA</Data><Data Name='SubjectLogonId'>0xEDC50</Data><Data Name='NewProcessName'>C:\Windows\System32\RuntimeBroker.exe</Data><Data Name='ProcessId'>6462</Data><Data Name='CommandLine'>RuntimeBroker.exe</Data><Data Name='ParentProcessName'>C:\Windows\System32\svchost.exe</Data></EventData></Event>
<Event xmlns='http://schemas.microsoft.com/win/2004/08/events/event'><System><Provider Name='Microsoft-Windows-Security-Auditing' Guid='{D2A1276B-8C40-72E3-43F8-20040ED2FC4B}'/><EventID>4688</EventID><Version>0</Version><Level>0</Level><Task>Process Creation</Task><Opcode>Info</Opcode><Keywords>Audit Success</Keywords><TimeCreated SystemTime='2026-05-23T15:28:09.331Z'/><EventRecordID>392928</EventRecordID><Channel>Security</Channel><Computer>SRV-APP01.corp.local</Computer></System><EventData><Data Name='SubjectUserName'>tlima</Data><Data Name='SubjectDomainName'>HQ</Data><Data Name='SubjectLogonId'>0xA388B</Data><Data Name='NewProcessName'>C:\Windows\System32\explorer.exe</Data><Data Name='ProcessId'>24777</Data><Data Name='CommandLine'>explorer.exe</Data><Data Name='ParentProcessName'>C:\Windows\System32\svchost.exe</Data></EventData></Event>
<Event xmlns='http://schemas.microsoft.com/win/2004/08/events/event'><System><Provider Name='Service Control Manager' Guid='{EF84BB41-90B1-C5C5-4A7F-B2B41684B3FE}'/><EventID>7036</EventID><Version>0</Version><Level>4</Level><Task>None</Task><Opcode>Info</Opcode><Keywords>Classic</Keywords><TimeCreated SystemTime='2026-05-23T15:28:12.236Z'/><EventRecordID>821054</EventRecordID><Channel>System</Channel><Computer>SRV-DB01.corp.local</Computer></System><EventData><Data Name='param1'>Windows Defender</Data><Data Name='param2'>stopped</Data></EventData></Event>
<Event xmlns='http://schemas.microsoft.com/win/2004/08/events/event'><System><Provider Name='Microsoft-Windows-Security-Auditing' Guid='{7C225062-CF8C-D4EA-40C7-E41EAF99D203}'/><EventID>4634</EventID><Version>0</Version><Level>0</Level><Task>Logoff</Task><Opcode>Info</Opcode><Keywords>Audit Success</Keywords><TimeCreated SystemTime='2026-05-23T15:28:08.946Z'/><EventRecordID>590083</EventRecordID><Channel>Security</Channel><Computer>SRV-EXCH01.corp.local</Computer></System><EventData><Data Name='TargetUserName'>acastro</Data><Data Name='TargetDomainName'>EMPRESA</Data><Data Name='TargetLogonId'>0x933E6</Data><Data Name='LogonType'>7</Data></EventData></Event>
<Event xmlns='http://schemas.microsoft.com/win/2004/08/events/event'><System><Provider Name='Microsoft-Windows-Security-Auditing' Guid='{2D04430D-5D17-B1F4-686A-5596B6D3C203}'/><EventID>4624</EventID><Version>0</Version><Level>0</Level><Task>Logon</Task><Opcode>Info</Opcode><Keywords>Audit Success</Keywords><TimeCreated SystemTime='2026-05-23T15:28:11.481Z'/><EventRecordID>187319</EventRecordID><Channel>Security</Channel><Computer>WKS-PC003.hq.internal</Computer></System><EventData><Data Name='SubjectUserSid'>S-1-5-18</Data><Data Name='SubjectUserName'>WKS-NB011$</Data><Data Name='SubjectDomainName'>EMPRESA</Data><Data Name='SubjectLogonId'>0x97258</Data><Data Name='TargetUserSid'>S-1-5-21-1252149-3529</Data><Data Name='TargetUserName'>tlima</Data><Data Name='TargetDomainName'>EMPRESA</Data><Data Name='TargetLogonId'>0x8E87C</Data><Data Name='LogonType'>3</Data><Data Name='IpAddress'>10.0.1.25</Data><Data Name='IpPort'>63473</Data><Data Name='WorkstationName'>WKS-NB011</Data></EventData></Event>
<Event xmlns='http://schemas.microsoft.com/win/2004/08/events/event'><System><Provider Name='Service Control Manager' Guid='{A1F55BE7-C63C-B205-4EF1-1C91826AB245}'/><EventID>7036</EventID><Version>0</Version><Level>4</Level><Task>None</Task><Opcode>Info</Opcode><Keywords>Classic</Keywords><TimeCreated SystemTime='2026-05-23T15:28:12.247Z'/><EventRecordID>282396</EventRecordID><Channel>System</Channel><Computer>SRV-FILE01.hq.internal</Computer></System><EventData><Data Name='param1'>Task Scheduler</Data><Data Name='param2'>stopped</Data></EventData></Event>
<Event xmlns='http://schemas.microsoft.com/win/2004/08/events/event'><System><Provider Name='Microsoft-Windows-Security-Auditing' Guid='{765376BE-3B0F-E2F6-1F9A-3764E3323C73}'/><EventID>4634</EventID><Version>0</Version><Level>0</Level><Task>Logoff</Task><Opcode>Info</Opcode><Keywords>Audit Success</Keywords><TimeCreated SystemTime='2026-05-23T15:28:11.919Z'/><EventRecordID>217875</EventRecordID><Channel>Security</Channel><Computer>WKS-PC002.hq.internal</Computer></System><EventData><Data Name='TargetUserName'>ggomes</Data><Data Name='TargetDomainName'>EMPRESA</Data><Data Name='TargetLogonId'>0xB9B4C</Data><Data Name='LogonType'>7</Data></EventData></Event>
<Event xmlns='http://schemas.microsoft.com/win/2004/08/events/event'><System><Provider Name='Microsoft-Windows-Security-Auditing' Guid='{3DE3CAB1-14AC-01C3-725C-953D04C06821}'/><EventID>4634</EventID><Version>0</Version><Level>0</Level><Task>Logoff</Task><Opcode>Info</Opcode><Keywords>Audit Success</Keywords><TimeCreated SystemTime='2026-05-23T15:28:11.268Z'/><EventRecordID>205082</EventRecordID><Channel>Security</Channel><Computer>WKS-NB011.hq.internal</Computer></System><EventData><Data Name='TargetUserName'>fmendes</Data><Data Name='TargetDomainName'>HQ</Data><Data Name='TargetLogonId'>0xF8FFD</Data><Data Name='LogonType'>2</Data></EventData></Event>
<Event xmlns='http://schemas.microsoft.com/win/2004/08/events/event'><System><Provider Name='Microsoft-Windows-Security-Auditing' Guid='{6DA07786-621E-ABE2-E949-A36205CCF543}'/><EventID>4688</EventID><Version>0</Version><Level>0</Level><Task>Process Creation</Task><Opcode>Info</Opcode><Keywords>Audit Success</Keywords><TimeCreated SystemTime='2026-05-23T15:28:11.027Z'/><EventRecordID>133708</EventRecordID><Channel>Security</Channel><Computer>SRV-FILE01.hq.internal</Computer></System><EventData><Data Name='SubjectUserName'>bribeiro</Data><Data Name='SubjectDomainName'>HQ</Data><Data Name='SubjectLogonId'>0xA15F0</Data><Data Name='NewProcessName'>C:\Windows\System32\teams.exe</Data><Data Name='ProcessId'>16666</Data><Data Name='CommandLine'>teams.exe</Data><Data Name='ParentProcessName'>C:\Windows\System32\svchost.exe</Data></EventData></Event>
<Event xmlns='http://schemas.microsoft.com/win/2004/08/events/event'><System><Provider Name='Microsoft-Windows-Security-Auditing' Guid='{A1268D1D-39EE-4406-B89C-E2DD6C94CD6A}'/><EventID>4624</EventID><Version>0</Version><Level>0</Level><Task>Logon</Task><Opcode>Info</Opcode><Keywords>Audit Success</Keywords><TimeCreated SystemTime='2026-05-23T15:28:10.575Z'/><EventRecordID>760446</EventRecordID><Channel>Security</Channel><Computer>WKS-PC001.corp.local</Computer></System><EventData><Data Name='SubjectUserSid'>S-1-5-18</Data><Data Name='SubjectUserName'>SRV-DB01$</Data><Data Name='SubjectDomainName'>CORP</Data><Data Name='SubjectLogonId'>0xFF0CD</Data><Data Name='TargetUserSid'>S-1-5-21-2533416-1392</Data><Data Name='TargetUserName'>tlima</Data><Data Name='TargetDomainName'>CORP</Data><Data Name='TargetLogonId'>0xE8E5D</Data><Data Name='LogonType'>7</Data><Data Name='IpAddress'>10.0.2.80</Data><Data Name='IpPort'>50906</Data><Data Name='WorkstationName'>SRV-DB01</Data></EventData></Event>
<Event xmlns='http://schemas.microsoft.com/win/2004/08/events/event'><System><Provider Name='Microsoft-Windows-Security-Auditing' Guid='{E05B3F85-5603-7248-922B-22503452B35F}'/><EventID>4624</EventID><Version>0</Version><Level>0</Level><Task>Logon</Task><Opcode>Info</Opcode><Keywords>Audit Success</Keywords><TimeCreated SystemTime='2026-05-23T15:28:08.763Z'/><EventRecordID>184272</EventRecordID><Channel>Security</Channel><Computer>WKS-NB011.empresa.local</Computer></System><EventData><Data Name='SubjectUserSid'>S-1-5-18</Data><Data Name='SubjectUserName'>SRV-DC01$</Data><Data Name='SubjectDomainName'>HQ</Data><Data Name='SubjectLogonId'>0x40EBF</Data><Data Name='TargetUserSid'>S-1-5-21-6594961-7569</Data><Data Name='TargetUserName'>jsilva</Data><Data Name='TargetDomainName'>HQ</Data><Data Name='TargetLogonId'>0xE3F92</Data><Data Name='LogonType'>2</Data><Data Name='IpAddress'>10.0.1.50</Data><Data Name='IpPort'>60557</Data><Data Name='WorkstationName'>SRV-DC01</Data></EventData></Event>
<Event xmlns='http://schemas.microsoft.com/win/2004/08/events/event'><System><Provider Name='Microsoft-Windows-Security-Auditing' Guid='{B341797D-4219-7EE5-AF16-FE4AAD0028B3}'/><EventID>4688</EventID><Version>0</Version><Level>0</Level><Task>Process Creation</Task><Opcode>Info</Opcode><Keywords>Audit Success</Keywords><TimeCreated SystemTime='2026-05-23T15:28:11.431Z'/><EventRecordID>565622</EventRecordID><Channel>Security</Channel><Computer>SRV-FILE01.corp.local</Computer></System><EventData><Data Name='SubjectUserName'>nalmeida</Data><Data Name='SubjectDomainName'>EMPRESA</Data><Data Name='SubjectLogonId'>0xAF1E3</Data><Data Name='NewProcessName'>C:\Windows\System32\SearchIndexer.exe</Data><Data Name='ProcessId'>9217</Data><Data Name='CommandLine'>SearchIndexer.exe</Data><Data Name='ParentProcessName'>C:\Windows\System32\svchost.exe</Data></EventData></Event>
<Event xmlns='http://schemas.microsoft.com/win/2004/08/events/event'><System><Provider Name='Service Control Manager' Guid='{554AB655-FE6A-F5F8-8751-88F62B396AB9}'/><EventID>7036</EventID><Version>0</Version><Level>4</Level><Task>None</Task><Opcode>Info</Opcode><Keywords>Classic</Keywords><TimeCreated SystemTime='2026-05-23T15:28:08.815Z'/><EventRecordID>366908</EventRecordID><Channel>System</Channel><Computer>SRV-DB01.hq.internal</Computer></System><EventData><Data Name='param1'>Print Spooler</Data><Data Name='param2'>running</Data></EventData></Event>
<Event xmlns='http://schemas.microsoft.com/win/2004/08/events/event'><System><Provider Name='Microsoft-Windows-Security-Auditing' Guid='{C9C3FA61-03FD-ADDB-E616-4F04D8D6520A}'/><EventID>4688</EventID><Version>0</Version><Level>0</Level><Task>Process Creation</Task><Opcode>Info</Opcode><Keywords>Audit Success</Keywords><TimeCreated SystemTime='2026-05-23T15:28:09.747Z'/><EventRecordID>103973</EventRecordID><Channel>Security</Channel><Computer>SRV-DC01.empresa.local</Computer></System><EventData><Data Name='SubjectUserName'>psouza</Data><Data Name='SubjectDomainName'>EMPRESA</Data><Data Name='SubjectLogonId'>0xC7520</Data><Data Name='NewProcessName'>C:\Windows\System32\SearchIndexer.exe</Data><Data Name='ProcessId'>27974</Data><Data Name='CommandLine'>SearchIndexer.exe</Data><Data Name='ParentProcessName'>C:\Windows\System32\svchost.exe</Data></EventData></Event>
<Event xmlns='http://schemas.microsoft.com/win/2004/08/events/event'><System><Provider Name='Microsoft-Windows-Security-Auditing' Guid='{17111542-61FF-2D97-3749-083DCD10752C}'/><EventID>4688</EventID><Version>0</Version><Level>0</Level><Task>Process Creation</Task><Opcode>Info</Opcode><Keywords>Audit Success</Keywords><TimeCreated SystemTime='2026-05-23T15:28:11.474Z'/><EventRecordID>267777</EventRecordID><Channel>Security</Channel><Computer>WKS-NB011.corp.local</Computer></System><EventData><Data Name='SubjectUserName'>tlima</Data><Data Name='SubjectDomainName'>CORP</Data><Data Name='SubjectLogonId'>0x5AAB1</Data><Data Name='NewProcessName'>C:\Windows\System32\SearchIndexer.exe</Data><Data Name='ProcessId'>13401</Data><Data Name='CommandLine'>SearchIndexer.exe</Data><Data Name='ParentProcessName'>C:\Windows\System32\svchost.exe</Data></EventData></Event>
<Event xmlns='http://schemas.microsoft.com/win/2004/08/events/event'><System><Provider Name='Microsoft-Windows-Security-Auditing' Guid='{133E3F68-D886-8A4D-A871-34A28C38386F}'/><EventID>4624</EventID><Version>0</Version><Level>0</Level><Task>Logon</Task><Opcode>Info</Opcode><Keywords>Audit Success</Keywords><TimeCreated SystemTime='2026-05-23T15:28:08.382Z'/><EventRecordID>913421</EventRecordID><Channel>Security</Channel><Computer>SRV-DC02.corp.local</Computer></System><EventData><Data Name='SubjectUserSid'>S-1-5-18</Data><Data Name='SubjectUserName'>SRV-DB01$</Data><Data Name='SubjectDomainName'>CORP</Data><Data Name='SubjectLogonId'>0xB5EB5</Data><Data Name='TargetUserSid'>S-1-5-21-6832014-5468</Data><Data Name='TargetUserName'>loliveira</Data><Data Name='TargetDomainName'>CORP</Data><Data Name='TargetLogonId'>0xCEC43</Data><Data Name='LogonType'>7</Data><Data Name='IpAddress'>10.0.1.101</Data><Data Name='IpPort'>62967</Data><Data Name='WorkstationName'>SRV-DB01</Data></EventData></Event>
<Event xmlns='http://schemas.microsoft.com/win/2004/08/events/event'><System><Provider Name='Microsoft-Windows-Security-Auditing' Guid='{B8D104A5-A472-10D9-3E5A-8EE5F996385B}'/><EventID>4634</EventID><Version>0</Version><Level>0</Level><Task>Logoff</Task><Opcode>Info</Opcode><Keywords>Audit Success</Keywords><TimeCreated SystemTime='2026-05-23T15:28:09.437Z'/><EventRecordID>550261</EventRecordID><Channel>Security</Channel><Computer>SRV-WEB01.hq.internal</Computer></System><EventData><Data Name='TargetUserName'>dfreitas</Data><Data Name='TargetDomainName'>EMPRESA</Data><Data Name='TargetLogonId'>0x46E41</Data><Data Name='LogonType'>7</Data></EventData></Event>
<Event xmlns='http://schemas.microsoft.com/win/2004/08/events/event'><System><Provider Name='Microsoft-Windows-Security-Auditing' Guid='{41669329-6B49-E344-6A14-027C89F9A3D3}'/><EventID>4624</EventID><Version>0</Version><Level>0</Level><Task>Logon</Task><Opcode>Info</Opcode><Keywords>Audit Success</Keywords><TimeCreated SystemTime='2026-05-23T15:28:08.507Z'/><EventRecordID>944635</EventRecordID><Channel>Security</Channel><Computer>WKS-NB010.corp.local</Computer></System><EventData><Data Name='SubjectUserSid'>S-1-5-18</Data><Data Name='SubjectUserName'>WKS-NB011$</Data><Data Name='SubjectDomainName'>HQ</Data><Data Name='SubjectLogonId'>0xD3177</Data><Data Name='TargetUserSid'>S-1-5-21-8966428-7875</Data><Data Name='TargetUserName'>acastro</Data><Data Name='TargetDomainName'>HQ</Data><Data Name='TargetLogonId'>0xCB528</Data><Data Name='LogonType'>10</Data><Data Name='IpAddress'>10.0.1.50</Data><Data Name='IpPort'>50127</Data><Data Name='WorkstationName'>WKS-NB011</Data></EventData></Event>
<Event xmlns='http://schemas.microsoft.com/win/2004/08/events/event'><System><Provider Name='Microsoft-Windows-Security-Auditing' Guid='{86C82643-4162-00D6-8E1C-22EE0481816D}'/><EventID>4624</EventID><Version>0</Version><Level>0</Level><Task>Logon</Task><Opcode>Info</Opcode><Keywords>Audit Success</Keywords><TimeCreated SystemTime='2026-05-23T15:28:09.391Z'/><EventRecordID>768773</EventRecordID><Channel>Security</Channel><Computer>WKS-PC002.hq.internal</Computer></System><EventData><Data Name='SubjectUserSid'>S-1-5-18</Data><Data Name='SubjectUserName'>SRV-DC01$</Data><Data Name='SubjectDomainName'>EMPRESA</Data><Data Name='SubjectLogonId'>0xADC67</Data><Data Name='TargetUserSid'>S-1-5-21-5267645-5811</Data><Data Name='TargetUserName'>acastro</Data><Data Name='TargetDomainName'>EMPRESA</Data><Data Name='TargetLogonId'>0x38330</Data><Data Name='LogonType'>7</Data><Data Name='IpAddress'>10.0.2.80</Data><Data Name='IpPort'>60028</Data><Data Name='WorkstationName'>SRV-DC01</Data></EventData></Event>
<Event xmlns='http://schemas.microsoft.com/win/2004/08/events/event'><System><Provider Name='Service Control Manager' Guid='{35D1935B-BF4C-9FD6-45F2-AB2B00C2298E}'/><EventID>7036</EventID><Version>0</Version><Level>4</Level><Task>None</Task><Opcode>Info</Opcode><Keywords>Classic</Keywords><TimeCreated SystemTime='2026-05-23T15:28:11.469Z'/><EventRecordID>573008</EventRecordID><Channel>System</Channel><Computer>SRV-FILE01.hq.internal</Computer></System><EventData><Data Name='param1'>Windows Firewall</Data><Data Name='param2'>stopped</Data></EventData></Event>
<Event xmlns='http://schemas.microsoft.com/win/2004/08/events/event'><System><Provider Name='Service Control Manager' Guid='{788A5925-FABE-3516-BD0B-E094C003BE07}'/><EventID>7036</EventID><Version>0</Version><Level>4</Level><Task>None</Task><Opcode>Info</Opcode><Keywords>Classic</Keywords><TimeCreated SystemTime='2026-05-23T15:28:12.122Z'/><EventRecordID>778826</EventRecordID><Channel>System</Channel><Computer>SRV-DC01.hq.internal</Computer></System><EventData><Data Name='param1'>DNS Client</Data><Data Name='param2'>stopped</Data></EventData></Event>
<Event xmlns='http://schemas.microsoft.com/win/2004/08/events/event'><System><Provider Name='Service Control Manager' Guid='{AF2A5EB6-0D05-A43F-B4B8-7F8431B8E760}'/><EventID>7036</EventID><Version>0</Version><Level>4</Level><Task>None</Task><Opcode>Info</Opcode><Keywords>Classic</Keywords><TimeCreated SystemTime='2026-05-23T15:28:10.079Z'/><EventRecordID>688202</EventRecordID><Channel>System</Channel><Computer>SRV-DC01.corp.local</Computer></System><EventData><Data Name='param1'>Windows Defender</Data><Data Name='param2'>stopped</Data></EventData></Event>
<Event xmlns='http://schemas.microsoft.com/win/2004/08/events/event'><System><Provider Name='Microsoft-Windows-Security-Auditing' Guid='{8AC5171C-838E-0374-200E-A9DF6601EEC3}'/><EventID>4624</EventID><Version>0</Version><Level>0</Level><Task>Logon</Task><Opcode>Info</Opcode><Keywords>Audit Success</Keywords><TimeCreated SystemTime='2026-05-23T15:28:10.458Z'/><EventRecordID>571127</EventRecordID><Channel>Security</Channel><Computer>SRV-DC01.corp.local</Computer></System><EventData><Data Name='SubjectUserSid'>S-1-5-18</Data><Data Name='SubjectUserName'>WKS-PC002$</Data><Data Name='SubjectDomainName'>EMPRESA</Data><Data Name='SubjectLogonId'>0xE0E9A</Data><Data Name='TargetUserSid'>S-1-5-21-8783793-8878</Data><Data Name='TargetUserName'>rsantos</Data><Data Name='TargetDomainName'>EMPRESA</Data><Data Name='TargetLogonId'>0x6C469</Data><Data Name='LogonType'>3</Data><Data Name='IpAddress'>192.168.1.100</Data><Data Name='IpPort'>63231</Data><Data Name='WorkstationName'>WKS-PC002</Data></EventData></Event>
<Event xmlns='http://schemas.microsoft.com/win/2004/08/events/event'><System><Provider Name='Microsoft-Windows-Security-Auditing' Guid='{BB45A8F6-252D-E7F3-D361-EEB33D1D0AB0}'/><EventID>4688</EventID><Version>0</Version><Level>0</Level><Task>Process Creation</Task><Opcode>Info</Opcode><Keywords>Audit Success</Keywords><TimeCreated SystemTime='2026-05-23T15:28:09.506Z'/><EventRecordID>498822</EventRecordID><Channel>Security</Channel><Computer>SRV-DC02.empresa.local</Computer></System><EventData><Data Name='SubjectUserName'>mfernandes</Data><Data Name='SubjectDomainName'>HQ</Data><Data Name='SubjectLogonId'>0x455C2</Data><Data Name='NewProcessName'>C:\Windows\System32\SearchIndexer.exe</Data><Data Name='ProcessId'>4007</Data><Data Name='CommandLine'>SearchIndexer.exe</Data><Data Name='ParentProcessName'>C:\Windows\System32\svchost.exe</Data></EventData></Event>
<Event xmlns='http://schemas.microsoft.com/win/2004/08/events/event'><System><Provider Name='Microsoft-Windows-Security-Auditing' Guid='{65FF5D13-26B2-422B-4E6C-9C7A16D36E4A}'/><EventID>4624</EventID><Version>0</Version><Level>0</Level><Task>Logon</Task><Opcode>Info</Opcode><Keywords>Audit Success</Keywords><TimeCreated SystemTime='2026-05-23T15:28:10.008Z'/><EventRecordID>927242</EventRecordID><Channel>Security</Channel><Computer>WKS-PC002.hq.internal</Computer></System><EventData><Data Name='SubjectUserSid'>S-1-5-18</Data><Data Name='SubjectUserName'>SRV-DC02$</Data><Data Name='SubjectDomainName'>EMPRESA</Data><Data Name='SubjectLogonId'>0x212CB</Data><Data Name='TargetUserSid'>S-1-5-21-4273690-3543</Data><Data Name='TargetUserName'>mrocha</Data><Data Name='TargetDomainName'>EMPRESA</Data><Data Name='TargetLogonId'>0x3726A</Data><Data Name='LogonType'>3</Data><Data Name='IpAddress'>10.0.1.102</Data><Data Name='IpPort'>64858</Data><Data Name='WorkstationName'>SRV-DC02</Data></EventData></Event>
<Event xmlns='http://schemas.microsoft.com/win/2004/08/events/event'><System><Provider Name='Service Control Manager' Guid='{4E64A4D2-C64C-10C7-EBDF-66FC34FF4DD5}'/><EventID>7036</EventID><Version>0</Version><Level>4</Level><Task>None</Task><Opcode>Info</Opcode><Keywords>Classic</Keywords><TimeCreated SystemTime='2026-05-23T15:28:11.251Z'/><EventRecordID>293821</EventRecordID><Channel>System</Channel><Computer>WKS-NB011.empresa.local</Computer></System><EventData><Data Name='param1'>Task Scheduler</Data><Data Name='param2'>running</Data></EventData></Event>
<Event xmlns='http://schemas.microsoft.com/win/2004/08/events/event'><System><Provider Name='Microsoft-Windows-Security-Auditing' Guid='{128C01A5-EB49-6B1C-3FD4-C9E9E12EE8A0}'/><EventID>4634</EventID><Version>0</Version><Level>0</Level><Task>Logoff</Task><Opcode>Info</Opcode><Keywords>Audit Success</Keywords><TimeCreated SystemTime='2026-05-23T15:28:11.412Z'/><EventRecordID>616226</EventRecordID><Channel>Security</Channel><Computer>WKS-NB010.empresa.local</Computer></System><EventData><Data Name='TargetUserName'>acastro</Data><Data Name='TargetDomainName'>CORP</Data><Data Name='TargetLogonId'>0x86116</Data><Data Name='LogonType'>2</Data></EventData></Event>
<Event xmlns='http://schemas.microsoft.com/win/2004/08/events/event'><System><Provider Name='Service Control Manager' Guid='{5D8E5D03-307D-74EB-D945-88C8C64034AE}'/><EventID>7036</EventID><Version>0</Version><Level>4</Level><Task>None</Task><Opcode>Info</Opcode><Keywords>Classic</Keywords><TimeCreated SystemTime='2026-05-23T15:28:09.953Z'/><EventRecordID>386513</EventRecordID><Channel>System</Channel><Computer>WKS-PC003.hq.internal</Computer></System><EventData><Data Name='param1'>Windows Firewall</Data><Data Name='param2'>stopped</Data></EventData></Event>
<Event xmlns='http://schemas.microsoft.com/win/2004/08/events/event'><System><Provider Name='Microsoft-Windows-Security-Auditing' Guid='{29E07602-90F7-2C8B-2B61-99C5D14FD3F9}'/><EventID>4624</EventID><Version>0</Version><Level>0</Level><Task>Logon</Task><Opcode>Info</Opcode><Keywords>Audit Success</Keywords><TimeCreated SystemTime='2026-05-23T15:28:11.711Z'/><EventRecordID>953487</EventRecordID><Channel>Security</Channel><Computer>WKS-NB010.empresa.local</Computer></System><EventData><Data Name='SubjectUserSid'>S-1-5-18</Data><Data Name='SubjectUserName'>SRV-PRINT01$</Data><Data Name='SubjectDomainName'>CORP</Data><Data Name='SubjectLogonId'>0x72913</Data><Data Name='TargetUserSid'>S-1-5-21-4045448-8334</Data><Data Name='TargetUserName'>acosta</Data><Data Name='TargetDomainName'>CORP</Data><Data Name='TargetLogonId'>0x84C32</Data><Data Name='LogonType'>3</Data><Data Name='IpAddress'>10.0.1.102</Data><Data Name='IpPort'>58135</Data><Data Name='WorkstationName'>SRV-PRINT01</Data></EventData></Event>
<Event xmlns='http://schemas.microsoft.com/win/2004/08/events/event'><System><Provider Name='Service Control Manager' Guid='{B4371E1B-42AA-B3D5-FB35-B8C745C85346}'/><EventID>7036</EventID><Version>0</Version><Level>4</Level><Task>None</Task><Opcode>Info</Opcode><Keywords>Classic</Keywords><TimeCreated SystemTime='2026-05-23T15:28:11.772Z'/><EventRecordID>888769</EventRecordID><Channel>System</Channel><Computer>WKS-PC001.corp.local</Computer></System><EventData><Data Name='param1'>Windows Update</Data><Data Name='param2'>stopped</Data></EventData></Event>
<Event xmlns='http://schemas.microsoft.com/win/2004/08/events/event'><System><Provider Name='Microsoft-Windows-Security-Auditing' Guid='{535A7107-9C18-7563-B952-E25EFFBC28D6}'/><EventID>4624</EventID><Version>0</Version><Level>0</Level><Task>Logon</Task><Opcode>Info</Opcode><Keywords>Audit Success</Keywords><TimeCreated SystemTime='2026-05-23T15:28:12.151Z'/><EventRecordID>290223</EventRecordID><Channel>Security</Channel><Computer>SRV-DB01.empresa.local</Computer></System><EventData><Data Name='SubjectUserSid'>S-1-5-18</Data><Data Name='SubjectUserName'>SRV-FILE01$</Data><Data Name='SubjectDomainName'>HQ</Data><Data Name='SubjectLogonId'>0xE771A</Data><Data Name='TargetUserSid'>S-1-5-21-2317325-4430</Data><Data Name='TargetUserName'>dfreitas</Data><Data Name='TargetDomainName'>HQ</Data><Data Name='TargetLogonId'>0x9B051</Data><Data Name='LogonType'>3</Data><Data Name='IpAddress'>172.16.0.5</Data><Data Name='IpPort'>65441</Data><Data Name='WorkstationName'>SRV-FILE01</Data></EventData></Event>
<Event xmlns='http://schemas.microsoft.com/win/2004/08/events/event'><System><Provider Name='Microsoft-Windows-Security-Auditing' Guid='{1C2E3D7E-836E-7F98-06E8-FB850DCB278F}'/><EventID>4634</EventID><Version>0</Version><Level>0</Level><Task>Logoff</Task><Opcode>Info</Opcode><Keywords>Audit Success</Keywords><TimeCreated SystemTime='2026-05-23T15:28:10.739Z'/><EventRecordID>990492</EventRecordID><Channel>Security</Channel><Computer>SRV-FILE01.empresa.local</Computer></System><EventData><Data Name='TargetUserName'>mrocha</Data><Data Name='TargetDomainName'>CORP</Data><Data Name='TargetLogonId'>0x82809</Data><Data Name='LogonType'>7</Data></EventData></Event>
<Event xmlns='http://schemas.microsoft.com/win/2004/08/events/event'><System><Provider Name='Microsoft-Windows-Eventlog' Guid='{85B35488-FAD8-4BE4-62D7-1FA29E28CD9A}'/><EventID>1102</EventID><Version>0</Version><Level>0</Level><Task>Log clear</Task><Opcode>Info</Opcode><Keywords>Audit Success</Keywords><TimeCreated SystemTime='2026-05-23T15:28:08.388Z'/><EventRecordID>302075</EventRecordID><Channel>Security</Channel><Computer>WKS-PC001.corp.local</Computer></System><EventData><Data Name='SubjectUserName'>test</Data><Data Name='SubjectDomainName'>HQ</Data><Data Name='SubjectLogonId'>0x31054</Data><!-- SUSPICIOUS: log_tampering — audit log cleared by 'test' --></EventData></Event>
<Event xmlns='http://schemas.microsoft.com/win/2004/08/events/event'><System><Provider Name='Microsoft-Windows-Security-Auditing' Guid='{E49C362C-E03B-C9AA-2E55-E3D55390F2F7}'/><EventID>4688</EventID><Version>0</Version><Level>0</Level><Task>Process Creation</Task><Opcode>Info</Opcode><Keywords>Audit Success</Keywords><TimeCreated SystemTime='2026-05-23T15:28:09.468Z'/><EventRecordID>402345</EventRecordID><Channel>Security</Channel><Computer>SRV-DB01.empresa.local</Computer></System><EventData><Data Name='SubjectUserName'>psouza</Data><Data Name='SubjectDomainName'>CORP</Data><Data Name='SubjectLogonId'>0x4F1CD</Data><Data Name='NewProcessName'>C:\Windows\System32\svchost.exe</Data><Data Name='ProcessId'>3009</Data><Data Name='CommandLine'>svchost.exe</Data><Data Name='ParentProcessName'>C:\Windows\System32\svchost.exe</Data></EventData></Event>
<Event xmlns='http://schemas.microsoft.com/win/2004/08/events/event'><System><Provider Name='Microsoft-Windows-Security-Auditing' Guid='{C62CFB34-A455-A403-FC27-2708D9819AFC}'/><EventID>4624</EventID><Version>0</Version><Level>0</Level><Task>Logon</Task><Opcode>Info</Opcode><Keywords>Audit Success</Keywords><TimeCreated SystemTime='2026-05-23T15:28:10.166Z'/><EventRecordID>786689</EventRecordID><Channel>Security</Channel><Computer>SRV-PRINT01.corp.local</Computer></System><EventData><Data Name='SubjectUserSid'>S-1-5-18</Data><Data Name='SubjectUserName'>WKS-PC003$</Data><Data Name='SubjectDomainName'>EMPRESA</Data><Data Name='SubjectLogonId'>0xF0AFC</Data><Data Name='TargetUserSid'>S-1-5-21-5133050-3853</Data><Data Name='TargetUserName'>acastro</Data><Data Name='TargetDomainName'>EMPRESA</Data><Data Name='TargetLogonId'>0x72CC0</Data><Data Name='LogonType'>2</Data><Data Name='IpAddress'>10.0.2.30</Data><Data Name='IpPort'>61919</Data><Data Name='WorkstationName'>WKS-PC003</Data></EventData></Event>
<Event xmlns='http://schemas.microsoft.com/win/2004/08/events/event'><System><Provider Name='Microsoft-Windows-Security-Auditing' Guid='{A1A2324C-9FFC-8B73-DA4D-CF98CFE6EEF6}'/><EventID>4634</EventID><Version>0</Version><Level>0</Level><Task>Logoff</Task><Opcode>Info</Opcode><Keywords>Audit Success</Keywords><TimeCreated SystemTime='2026-05-23T15:28:08.543Z'/><EventRecordID>173246</EventRecordID><Channel>Security</Channel><Computer>WKS-NB011.empresa.local</Computer></System><EventData><Data Name='TargetUserName'>psouza</Data><Data Name='TargetDomainName'>EMPRESA</Data><Data Name='TargetLogonId'>0xEF3B1</Data><Data Name='LogonType'>3</Data></EventData></Event>
<Event xmlns='http://schemas.microsoft.com/win/2004/08/events/event'><System><Provider Name='Microsoft-Windows-Security-Auditing' Guid='{BCA7A513-9EA0-6F65-2709-24BC0CA795BC}'/><EventID>4688</EventID><Version>0</Version><Level>0</Level><Task>Process Creation</Task><Opcode>Info</Opcode><Keywords>Audit Success</Keywords><TimeCreated SystemTime='2026-05-23T15:28:10.900Z'/><EventRecordID>121485</EventRecordID><Channel>Security</Channel><Computer>SRV-EXCH01.corp.local</Computer></System><EventData><Data Name='SubjectUserName'>fmendes</Data><Data Name='SubjectDomainName'>EMPRESA</Data><Data Name='SubjectLogonId'>0xC8A08</Data><Data Name='NewProcessName'>C:\Windows\System32\explorer.exe</Data><Data Name='ProcessId'>18230</Data><Data Name='CommandLine'>explorer.exe</Data><Data Name='ParentProcessName'>C:\Windows\System32\svchost.exe</Data></EventData></Event>
<Event xmlns='http://schemas.microsoft.com/win/2004/08/events/event'><System><Provider Name='Service Control Manager' Guid='{40A2E7AB-2BED-D25C-1916-586FB62FBF71}'/><EventID>7036</EventID><Version>0</Version><Level>4</Level><Task>None</Task><Opcode>Info</Opcode><Keywords>Classic</Keywords><TimeCreated SystemTime='2026-05-23T15:28:09.416Z'/><EventRecordID>716293</EventRecordID><Channel>System</Channel><Computer>SRV-DB01.empresa.local</Computer></System><EventData><Data Name='param1'>Windows Defender</Data><Data Name='param2'>stopped</Data></EventData></Event>
<Event xmlns='http://schemas.microsoft.com/win/2004/08/events/event'><System><Provider Name='Microsoft-Windows-Security-Auditing' Guid='{EDB303EF-5F2F-13D3-7487-4D3EE15D96C6}'/><EventID>4634</EventID><Version>0</Version><Level>0</Level><Task>Logoff</Task><Opcode>Info</Opcode><Keywords>Audit Success</Keywords><TimeCreated SystemTime='2026-05-23T15:28:12.166Z'/><EventRecordID>628651</EventRecordID><Channel>Security</Channel><Computer>SRV-WEB01.hq.internal</Computer></System><EventData><Data Name='TargetUserName'>psouza</Data><Data Name='TargetDomainName'>HQ</Data><Data Name='TargetLogonId'>0x4FD0E</Data><Data Name='LogonType'>3</Data></EventData></Event>
<Event xmlns='http://schemas.microsoft.com/win/2004/08/events/event'><System><Provider Name='Service Control Manager' Guid='{C825374D-1CB0-7C35-1789-F2C8FFFB91DA}'/><EventID>7036</EventID><Version>0</Version><Level>4</Level><Task>None</Task><Opcode>Info</Opcode><Keywords>Classic</Keywords><TimeCreated SystemTime='2026-05-23T15:28:08.972Z'/><EventRecordID>633459</EventRecordID><Channel>System</Channel><Computer>WKS-PC003.corp.local</Computer></System><EventData><Data Name='param1'>Task Scheduler</Data><Data Name='param2'>running</Data></EventData></Event>
<Event xmlns='http://schemas.microsoft.com/win/2004/08/events/event'><System><Provider Name='Microsoft-Windows-Security-Auditing' Guid='{E3434AA0-D313-22E1-E032-1DC0CC97C82F}'/><EventID>4732</EventID><Version>0</Version><Level>0</Level><Task>Security Group Management</Task><Opcode>Info</Opcode><Keywords>Audit Success</Keywords><TimeCreated SystemTime='2026-05-23T15:28:11.308Z'/><EventRecordID>929857</EventRecordID><Channel>Security</Channel><Computer>WKS-PC001.empresa.local</Computer></System><EventData><Data Name='MemberName'>temp_admin</Data><Data Name='MemberSid'>S-1-5-21-8521146-6036</Data><Data Name='TargetUserName'>Administrators</Data><Data Name='TargetDomainName'>Builtin</Data><Data Name='SubjectUserName'>guest</Data><Data Name='SubjectDomainName'>EMPRESA</Data><!-- SUSPICIOUS: group_modification — 'temp_admin' added to Administrators by 'guest' --></EventData></Event>
<Event xmlns='http://schemas.microsoft.com/win/2004/08/events/event'><System><Provider Name='Microsoft-Windows-Security-Auditing' Guid='{D1ADE371-96B1-F9DD-FFAF-C890D05D37B8}'/><EventID>4688</EventID><Version>0</Version><Level>0</Level><Task>Process Creation</Task><Opcode>Info</Opcode><Keywords>Audit Success</Keywords><TimeCreated SystemTime='2026-05-23T15:28:08.511Z'/><EventRecordID>779019</EventRecordID><Channel>Security</Channel><Computer>SRV-APP01.corp.local</Computer></System><EventData><Data Name='SubjectUserName'>acosta</Data><Data Name='SubjectDomainName'>HQ</Data><Data Name='SubjectLogonId'>0x6B0F7</Data><Data Name='NewProcessName'>C:\Windows\System32\RuntimeBroker.exe</Data><Data Name='ProcessId'>4758</Data><Data Name='CommandLine'>RuntimeBroker.exe</Data><Data Name='ParentProcessName'>C:\Windows\System32\svchost.exe</Data></EventData></Event>
<Event xmlns='http://schemas.microsoft.com/win/2004/08/events/event'><System><Provider Name='Microsoft-Windows-Security-Auditing' Guid='{F6240B0C-03A0-1A61-227F-8881BE71BE14}'/><EventID>4634</EventID><Version>0</Version><Level>0</Level><Task>Logoff</Task><Opcode>Info</Opcode><Keywords>Audit Success</Keywords><TimeCreated SystemTime='2026-05-23T15:28:09.131Z'/><EventRecordID>133436</EventRecordID><Channel>Security</Channel><Computer>WKS-NB011.empresa.local</Computer></System><EventData><Data Name='TargetUserName'>psouza</Data><Data Name='TargetDomainName'>EMPRESA</Data><Data Name='TargetLogonId'>0xE4C98</Data><Data Name='LogonType'>2</Data></EventData></Event>
<Event xmlns='http://schemas.microsoft.com/win/2004/08/events/event'><System><Provider Name='Microsoft-Windows-Security-Auditing' Guid='{AC3DCE8D-BE06-3141-C7D4-92BFDC3731C6}'/><EventID>4624</EventID><Version>0</Version><Level>0</Level><Task>Logon</Task><Opcode>Info</Opcode><Keywords>Audit Success</Keywords><TimeCreated SystemTime='2026-05-23T15:28:10.049Z'/><EventRecordID>128478</EventRecordID><Channel>Security</Channel><Computer>SRV-DC01.hq.internal</Computer></System><EventData><Data Name='SubjectUserSid'>S-1-5-18</Data><Data Name='SubjectUserName'>SRV-DC02$</Data><Data Name='SubjectDomainName'>EMPRESA</Data><Data Name='SubjectLogonId'>0x2361B</Data><Data Name='TargetUserSid'>S-1-5-21-2178588-1825</Data><Data Name='TargetUserName'>jsilva</Data><Data Name='TargetDomainName'>EMPRESA</Data><Data Name='TargetLogonId'>0x30A7B</Data><Data Name='LogonType'>3</Data><Data Name='IpAddress'>10.0.2.30</Data><Data Name='IpPort'>58959</Data><Data Name='WorkstationName'>SRV-DC02</Data></EventData></Event>
<Event xmlns='http://schemas.microsoft.com/win/2004/08/events/event'><System><Provider Name='Microsoft-Windows-Security-Auditing' Guid='{4EA5E7DD-8B97-75EA-B026-7D498F9871AF}'/><EventID>4624</EventID><Version>0</Version><Level>0</Level><Task>Logon</Task><Opcode>Info</Opcode><Keywords>Audit Success</Keywords><TimeCreated SystemTime='2026-05-23T15:28:10.508Z'/><EventRecordID>540438</EventRecordID><Channel>Security</Channel><Computer>SRV-DC01.empresa.local</Computer></System><EventData><Data Name='SubjectUserSid'>S-1-5-18</Data><Data Name='SubjectUserName'>WKS-PC002$</Data><Data Name='SubjectDomainName'>EMPRESA</Data><Data Name='SubjectLogonId'>0xCC67F</Data><Data Name='TargetUserSid'>S-1-5-21-3514342-4953</Data><Data Name='TargetUserName'>loliveira</Data><Data Name='TargetDomainName'>EMPRESA</Data><Data Name='TargetLogonId'>0xF127B</Data><Data Name='LogonType'>2</Data><Data Name='IpAddress'>10.0.2.80</Data><Data Name='IpPort'>60220</Data><Data Name='WorkstationName'>WKS-PC002</Data></EventData></Event>
<Event xmlns='http://schemas.microsoft.com/win/2004/08/events/event'><System><Provider Name='Microsoft-Windows-Security-Auditing' Guid='{338B1521-B955-8423-0929-DD040AC8A44B}'/><EventID>4688</EventID><Version>0</Version><Level>0</Level><Task>Process Creation</Task><Opcode>Info</Opcode><Keywords>Audit Success</Keywords><TimeCreated SystemTime='2026-05-23T15:28:09.767Z'/><EventRecordID>564047</EventRecordID><Channel>Security</Channel><Computer>SRV-APP01.empresa.local</Computer></System><EventData><Data Name='SubjectUserName'>mrocha</Data><Data Name='SubjectDomainName'>EMPRESA</Data><Data Name='SubjectLogonId'>0xC86DF</Data><Data Name='NewProcessName'>C:\Windows\System32\chrome.exe</Data><Data Name='ProcessId'>22516</Data><Data Name='CommandLine'>chrome.exe</Data><Data Name='ParentProcessName'>C:\Windows\System32\svchost.exe</Data></EventData></Event>
<Event xmlns='http://schemas.microsoft.com/win/2004/08/events/event'><System><Provider Name='Service Control Manager' Guid='{03B50449-656A-2052-91D4-4204A4668345}'/><EventID>7036</EventID><Version>0</Version><Level>4</Level><Task>None</Task><Opcode>Info</Opcode><Keywords>Classic</Keywords><TimeCreated SystemTime='2026-05-23T15:28:11.362Z'/><EventRecordID>695485</EventRecordID><Channel>System</Channel><Computer>SRV-APP01.hq.internal</Computer></System><EventData><Data Name='param1'>Task Scheduler</Data><Data Name='param2'>running</Data></EventData></Event>
