<Event xmlns='http://schemas.microsoft.com/win/2004/08/events/event'><System><Provider Name='Microsoft-Windows-Security-Auditing' Guid='{7E6C915F-F4AB-B7C0-54C1-BF6F78C1228F}'/><EventID>4634</EventID><Version>0</Version><Level>0</Level><Task>Logoff</Task><Opcode>Info</Opcode><Keywords>Audit Success</Keywords><TimeCreated SystemTime='2026-05-23T15:28:11.229Z'/><EventRecordID>338735</EventRecordID><Channel>Security</Channel><Computer>SRV-APP01.hq.internal</Computer></System><EventData><Data Name='TargetUserName'>nalmeida</Data><Data Name='TargetDomainName'>CORP</Data><Data Name='TargetLogonId'>0x52B81</Data><Data Name='LogonType'>7</Data></EventData></Event>
<Event xmlns='http://schemas.microsoft.com/win/2004/08/events/event'><System><Provider Name='Microsoft-Windows-Security-Auditing' Guid='{CB0C311A-B503-6B28-2072-DC27CA7A18DA}'/><EventID>4688</EventID><Version>0</Version><Level>0</Level><Task>Process Creation</Task><Opcode>Info</Opcode><Keywords>Audit Success</Keywords><TimeCreated SystemTime='2026-05-23T15:28:12.129Z'/><EventRecordID>731558</EventRecordID><Channel>Security</Channel><Computer>WKS-PC001.hq.internal</Computer></System><EventData><Data Name='SubjectUserName'>cpereira</Data><Data Name='SubjectDomainName'>HQ</Data><Data Name='SubjectLogonId'>0xEFBE2</Data><Data Name='NewProcessName'>C:\Windows\System32\MsMpEng.exe</Data><Data Name='ProcessId'>12857</Data><Data Name='CommandLine'>MsMpEng.exe</Data><Data Name='ParentProcessName'>C:\Windows\System32\svchost.exe</Data></EventData></Event>
<Event xmlns='http://schemas.microsoft.com/win/2004/08/events/event'><System><Provider Name='Microsoft-Windows-Security-Auditing' Guid='{EFA720D1-1B7F-B06D-223E-E8C4D9EC1553}'/><EventID>4624</EventID><Version>0</Version><Level>0</Level><Task>Logon</Task><Opcode>Info</Opcode><Keywords>Audit Success</Keywords><TimeCreated SystemTime='2026-05-23T15:28:12.228Z'/><EventRecordID>820087</EventRecordID><Channel>Security</Channel><Computer>SRV-EXCH01.corp.local</Computer></System><EventData><Data Name='SubjectUserSid'>S-1-5-18</Data><Data Name='SubjectUserName'>WKS-PC002$</Data><Data Name='SubjectDomainName'>EMPRESA</Data><Data Name='SubjectLogonId'>0x6D28B</Data><Data Name='TargetUserSid'>S-1-5-21-2422235-9884</Data><Data Name='TargetUserName'>dfreitas</Data><Data Name='TargetDomainName'>EMPRESA</Data><Data Name='TargetLogonId'>0x70BE1</Data><Data Name='LogonType'>3</Data><Data Name='IpAddress'>10.0.1.50</Data><Data Name='IpPort'>52373</Data><Data Name='WorkstationName'>WKS-PC002</Data></EventData></Event>
<Event xmlns='http://schemas.microsoft.com/win/2004/08/events/event'><System><Provider Name='Microsoft-Windows-Security-Auditing' Guid='{275424DB-E668-7F81-E25C-A6A804A75F23}'/><EventID>4624</EventID><Version>0</Version><Level>0</Level><Task>Logon</Task><Opcode>Info</Opcode><Keywords>Audit Success</Keywords><TimeCreated SystemTime='2026-05-23T15:28:10.797Z'/><EventRecordID>160611</EventRecordID><Channel>Security</Channel><Computer>SRV-DB01.hq.internal</Computer></System><EventData><Data Name='SubjectUserSid'>S-1-5-18</Data><Data Name='SubjectUserName'>SRV-FILE01$</Data><Data Name='SubjectDomainName'>EMPRESA</Data><Data Name='SubjectLogonId'>0x7AA36</Data><Data Name='TargetUserSid'>S-1-5-21-1390123-8207</Data><Data Name='TargetUserName'>fmendes</Data><Data Name='TargetDomainName'>EMPRESA</Data><Data Name='TargetLogonId'>0x79D3B</Data><Data Name='LogonType'>2</Data><Data Name='IpAddress'>10.0.2.30</Data><Data Name='IpPort'>57162</Data><Data Name='WorkstationName'>SRV-FILE01</Data></EventData></Event>
<Event xmlns='http://schemas.microsoft.com/win/2004/08/events/event'><System><Provider Name='Microsoft-Windows-Security-Auditing' Guid='{939DD7A2-3676-BD3C-6A5F-3DD923560999}'/><EventID>4634</EventID><Version>0</Version><Level>0</Level><Task>Logoff</Task><Opcode>Info</Opcode><Keywords>Audit Success</Keywords><TimeCreated SystemTime='2026-05-23T15:28:08.959Z'/><EventRecordID>937375</EventRecordID><Channel>Security</Channel><Computer>SRV-EXCH01.empresa.local</Computer></System><EventData><Data Name='TargetUserName'>cpereira</Data><Data Name='TargetDomainName'>HQ</Data><Data Name='TargetLogonId'>0x8BD3A</Data><Data Name='LogonType'>2</Data></EventData></Event>
<Event xmlns='http://schemas.microsoft.com/win/2004/08/events/event'><System><Provider Name='Microsoft-Windows-Security-Auditing' Guid='{51E3A739-B0AE-6BA5-DF36-6A82F8B120C3}'/><EventID>4732</EventID><Version>0</Version><Level>0</Level><Task>Security Group Management</Task><Opcode>Info</Opcode><Keywords>Audit Success</Keywords><TimeCreated SystemTime='2026-05-23T15:28:11.973Z'/><EventRecordID>870421</EventRecordID><Channel>Security</Channel><Computer>WKS-NB011.corp.local</Computer></System><EventData><Data Name='MemberName'>debug_user</Data><Data Name='MemberSid'>S-1-5-21-3687255-7149</Data><Data Name='TargetUserName'>Administrators</Data><Data Name='TargetDomainName'>Builtin</Data><Data Name='SubjectUserName'>debug_user</Data><Data Name='SubjectDomainName'>HQ</Data><!-- SUSPICIOUS: group_modification — 'debug_user' added to Administrators by 'debug_user' --></EventData></Event>
<Event xmlns='http://schemas.microsoft.com/win/2004/08/events/event'><System><Provider Name='Microsoft-Windows-Security-Auditing' Guid='{338FA09A-607E-7546-AE8E-F6FE467EB34D}'/><EventID>4624</EventID><Version>0</Version><Level>0</Level><Task>Logon</Task><Opcode>Info</Opcode><Keywords>Audit Success</Keywords><TimeCreated SystemTime='2026-05-23T15:28:10.523Z'/><EventRecordID>307735</EventRecordID><Channel>Security</Channel><Computer>WKS-NB011.empresa.local</Computer></System><EventData><Data Name='SubjectUserSid'>S-1-5-18</Data><Data Name='SubjectUserName'>SRV-WEB01$</Data><Data Name='SubjectDomainName'>EMPRESA</Data><Data Name='SubjectLogonId'>0xC6564</Data><Data Name='TargetUserSid'>S-1-5-21-8057349-4708</Data><Data Name='TargetUserName'>mrocha</Data><Data Name='TargetDomainName'>EMPRESA</Data><Data Name='TargetLogonId'>0x15372</Data><Data Name='LogonType'>10</Data><Data Name='IpAddress'>10.0.2.10</Data><Data Name='IpPort'>55559</Data><Data Name='WorkstationName'>SRV-WEB01</Data></EventData></Event>
<Event xmlns='http://schemas.microsoft.com/win/2004/08/events/event'><System><Provider Name='Microsoft-Windows-Security-Auditing' Guid='{8BEE3554-C97C-4B1C-EC9C-98B851507BC5}'/><EventID>4624</EventID><Version>0</Version><Level>0</Level><Task>Logon</Task><Opcode>Info</Opcode><Keywords>Audit Success</Keywords><TimeCreated SystemTime='2026-05-23T15:28:11.310Z'/><EventRecordID>610270</EventRecordID><Channel>Security</Channel><Computer>WKS-NB010.hq.internal</Computer></System><EventData><Data Name='SubjectUserSid'>S-1-5-18</Data><Data Name='SubjectUserName'>SRV-APP01$</Data><Data Name='SubjectDomainName'>CORP</Data><Data Name='SubjectLogonId'>0x7ACA5</Data><Data Name='TargetUserSid'>S-1-5-21-9578373-4669</Data><Data Name='TargetUserName'>dfreitas</Data><Data Name='TargetDomainName'>CORP</Data><Data Name='TargetLogonId'>0xAA010</Data><Data Name='LogonType'>10</Data><Data Name='IpAddress'>172.16.1.100</Data><Data Name='IpPort'>50946</Data><Data Name='WorkstationName'>SRV-APP01</Data></EventData></Event>
<Event xmlns='http://schemas.microsoft.com/win/2004/08/events/event'><System><Provider Name='Microsoft-Windows-Security-Auditing' Guid='{364B73EC-72A3-63AB-0FCE-7FB0159C3BBB}'/><EventID>4688</EventID><Version>0</Version><Level>0</Level><Task>Process Creation</Task><Opcode>Info</Opcode><Keywords>Audit Success</Keywords><TimeCreated SystemTime='2026-05-23T15:28:09.019Z'/><EventRecordID>586466</EventRecordID><Channel>Security</Channel><Computer>SRV-DB01.corp.local</Computer></System><EventData><Data Name='SubjectUserName'>loliveira</Data><Data Name='SubjectDomainName'>CORP</Data><Data Name='SubjectLogonId'>0x2EF82</Data><Data Name='NewProcessName'>C:\Windows\System32\teams.exe</Data><Data Name='ProcessId'>23302</Data><Data Name='CommandLine'>teams.exe</Data><Data Name='ParentProcessName'>C:\Windows\System32\svchost.exe</Data></EventData></Event>
<Event xmlns='http://schemas.microsoft.com/win/2004/08/events/event'><System><Provider Name='Microsoft-Windows-Security-Auditing' Guid='{089E0E7A-F087-3792-FA61-FF1457EF761E}'/><EventID>4634</EventID><Version>0</Version><Level>0</Level><Task>Logoff</Task><Opcode>Info</Opcode><Keywords>Audit Success</Keywords><TimeCreated SystemTime='2026-05-23T15:28:09.732Z'/><EventRecordID>701714</EventRecordID><Channel>Security</Channel><Computer>SRV-EXCH01.hq.internal</Computer></System><EventData><Data Name='TargetUserName'>nalmeida</Data><Data Name='TargetDomainName'>HQ</Data><Data Name='TargetLogonId'>0x9E046</Data><Data Name='LogonType'>7</Data></EventData></Event>
<Event xmlns='http://schemas.microsoft.com/win/2004/08/events/event'><System><Provider Name='Microsoft-Windows-Security-Auditing' Guid='{319C8DFA-3059-EDB8-56B0-8CE672DC1047}'/><EventID>4688</EventID><Version>0</Version><Level>0</Level><Task>Process Creation</Task><Opcode>Info</Opcode><Keywords>Audit Success</Keywords><TimeCreated SystemTime='2026-05-23T15:28:09.309Z'/><EventRecordID>216179</EventRecordID><Channel>Security</Channel><Computer>WKS-NB011.hq.internal</Computer></System><EventData><Data Name='SubjectUserName'>tlima</Data><Data Name='SubjectDomainName'>HQ</Data><Data Name='SubjectLogonId'>0x87C67</Data><Data Name='NewProcessName'>C:\Windows\System32\teams.exe</Data><Data Name='ProcessId'>22058</Data><Data Name='CommandLine'>teams.exe</Data><Data Name='ParentProcessName'>C:\Windows\System32\svchost.exe</Data></EventData></Event>
<Event xmlns='http://schemas.microsoft.com/win/2004/08/events/event'><System><Provider Name='Microsoft-Windows-Security-Auditing' Guid='{D0FEEE25-4093-FADF-A03A-797B8011E9E5}'/><EventID>4624</EventID><Version>0</Version><Level>0</Level><Task>Logon</Task><Opcode>Info</Opcode><Keywords>Audit Success</Keywords><TimeCreated SystemTime='2026-05-23T15:28:09.795Z'/><EventRecordID>921801</EventRecordID><Channel>Security</Channel><Computer>SRV-WEB01.hq.internal</Computer></System><EventData><Data Name='SubjectUserSid'>S-1-5-18</Data><Data Name='SubjectUserName'>WKS-PC002$</Data><Data Name='SubjectDomainName'>CORP</Data><Data Name='SubjectLogonId'>0x85EAD</Data><Data Name='TargetUserSid'>S-1-5-21-4135341-6536</Data><Data Name='TargetUserName'>mrocha</Data><Data Name='TargetDomainName'>CORP</Data><Data Name='TargetLogonId'>0x5136D</Data><Data Name='LogonType'>2</Data><Data Name='IpAddress'>192.168.1.200</Data><Data Name='IpPort'>65123</Data><Data Name='WorkstationName'>WKS-PC002</Data></EventData></Event>
<Event xmlns='http://schemas.microsoft.com/win/2004/08/events/event'><System><Provider Name='Microsoft-Windows-Security-Auditing' Guid='{555FAB90-95B9-6E27-553A-6AF525276808}'/><EventID>4624</EventID><Version>0</Version><Level>0</Level><Task>Logon</Task><Opcode>Info</Opcode><Keywords>Audit Success</Keywords><TimeCreated SystemTime='2026-05-23T15:28:09.271Z'/><EventRecordID>886179</EventRecordID><Channel>Security</Channel><Computer>WKS-NB010.empresa.local</Computer></System><EventData><Data Name='SubjectUserSid'>S-1-5-18</Data><Data Name='SubjectUserName'>WKS-NB011$</Data><Data Name='SubjectDomainName'>EMPRESA</Data><Data Name='SubjectLogonId'>0x8F9C7</Data><Data Name='TargetUserSid'>S-1-5-21-6709751-1130</Data><Data Name='TargetUserName'>acosta</Data><Data Name='TargetDomainName'>EMPRESA</Data><Data Name='TargetLogonId'>0xDE1A8</Data><Data Name='LogonType'>7</Data><Data Name='IpAddress'>10.0.1.101</Data><Data Name='IpPort'>62481</Data><Data Name='WorkstationName'>WKS-NB011</Data></EventData></Event>
<Event xmlns='http://schemas.microsoft.com/win/2004/08/events/event'><System><Provider Name='Microsoft-Windows-Security-Auditing' Guid='{5DCCABEE-403A-B671-BA97-0CC8E95443D0}'/><EventID>4634</EventID><Version>0</Version><Level>0</Level><Task>Logoff</Task><Opcode>Info</Opcode><Keywords>Audit Success</Keywords><TimeCreated SystemTime='2026-05-23T15:28:10.107Z'/><EventRecordID>366472</EventRecordID><Channel>Security</Channel><Computer>SRV-DC01.hq.internal</Computer></System><EventData><Data Name='TargetUserName'>dfreitas</Data><Data Name='TargetDomainName'>CORP</Data><Data Name='TargetLogonId'>0x90938</Data><Data Name='LogonType'>2</Data></EventData></Event>
<Event xmlns='http://schemas.microsoft.com/win/2004/08/events/event'><System><Provider Name='Microsoft-Windows-Security-Auditing' Guid='{E6C50ECA-5103-9224-2A1E-BA4112BF4C2B}'/><EventID>4634</EventID><Version>0</Version><Level>0</Level><Task>Logoff</Task><Opcode>Info</Opcode><Keywords>Audit Success</Keywords><TimeCreated SystemTime='2026-05-23T15:28:09.120Z'/><EventRecordID>986590</EventRecordID><Channel>Security</Channel><Computer>WKS-PC002.empresa.local</Computer></System><EventData><Data Name='TargetUserName'>jsilva</Data><Data Name='TargetDomainName'>EMPRESA</Data><Data Name='TargetLogonId'>0x1D32F</Data><Data Name='LogonType'>2</Data></EventData></Event>
<Event xmlns='http://schemas.microsoft.com/win/2004/08/events/event'><System><Provider Name='Microsoft-Windows-Security-Auditing' Guid='{D5EDCEA1-2F90-59A0-F5D0-4F33FEDD9D62}'/><EventID>4634</EventID><Version>0</Version><Level>0</Level><Task>Logoff</Task><Opcode>Info</Opcode><Keywords>Audit Success</Keywords><TimeCreated SystemTime='2026-05-23T15:28:08.461Z'/><EventRecordID>330746</EventRecordID><Channel>Security</Channel><Computer>SRV-APP01.corp.local</Computer></System><EventData><Data Name='TargetUserName'>fmendes</Data><Data Name='TargetDomainName'>CORP</Data><Data Name='TargetLogonId'>0x31BED</Data><Data Name='LogonType'>2</Data></EventData></Event>
<Event xmlns='http://schemas.microsoft.com/win/2004/08/events/event'><System><Provider Name='Service Control Manager' Guid='{749DF868-0BB4-7660-DE18-8DDB5E03E908}'/><EventID>7036</EventID><Version>0</Version><Level>4</Level><Task>None</Task><Opcode>Info</Opcode><Keywords>Classic</Keywords><TimeCreated SystemTime='2026-05-23T15:28:08.591Z'/><EventRecordID>124760</EventRecordID><Channel>System</Channel><Computer>SRV-APP01.empresa.local</Computer></System><EventData><Data Name='param1'>Windows Defender</Data><Data Name='param2'>running</Data></EventData></Event>
<Event xmlns='http://schemas.microsoft.com/win/2004/08/events/event'><System><Provider Name='Microsoft-Windows-Security-Auditing' Guid='{B1C5FD13-02AA-C352-944E-095682BFFEA8}'/><EventID>4634</EventID><Version>0</Version><Level>0</Level><Task>Logoff</Task><Opcode>Info</Opcode><Keywords>Audit Success</Keywords><TimeCreated SystemTime='2026-05-23T15:28:11.883Z'/><EventRecordID>289946</EventRecordID><Channel>Security</Channel><Computer>SRV-EXCH01.corp.local</Computer></System><EventData><Data Name='TargetUserName'>mfernandes</Data><Data Name='TargetDomainName'>EMPRESA</Data><Data Name='TargetLogonId'>0xE5980</Data><Data Name='LogonType'>3</Data></EventData></Event>
<Event xmlns='http://schemas.microsoft.com/win/2004/08/events/event'><System><Provider Name='Microsoft-Windows-Security-Auditing' Guid='{D7D978FC-7F16-2BCA-B020-A9F5683E8A89}'/><EventID>4688</EventID><Version>0</Version><Level>0</Level><Task>Process Creation</Task><Opcode>Info</Opcode><Keywords>Audit Success</Keywords><TimeCreated SystemTime='2026-05-23T15:28:09.387Z'/><EventRecordID>586865</EventRecordID><Channel>Security</Channel><Computer>SRV-DB01.corp.local</Computer></System><EventData><Data Name='SubjectUserName'>mfernandes</Data><Data Name='SubjectDomainName'>HQ</Data><Data Name='SubjectLogonId'>0xFEDCB</Data><Data Name='NewProcessName'>C:\Windows\System32\RuntimeBroker.exe</Data><Data Name='ProcessId'>12075</Data><Data Name='CommandLine'>RuntimeBroker.exe</Data><Data Name='ParentProcessName'>C:\Windows\System32\svchost.exe</Data></EventData></Event>
<Event xmlns='http://schemas.microsoft.com/win/2004/08/events/event'><System><Provider Name='Microsoft-Windows-Security-Auditing' Guid='{88FDC954-E8A5-1EEB-5805-B95A6AE0873A}'/><EventID>4688</EventID><Version>0</Version><Level>0</Level><Task>Process Creation</Task><Opcode>Info</Opcode><Keywords>Audit Success</Keywords><TimeCreated SystemTime='2026-05-23T15:28:11.641Z'/><EventRecordID>610896</EventRecordID><Channel>Security</Channel><Computer>WKS-PC002.empresa.local</Computer></System><EventData><Data Name='SubjectUserName'>loliveira</Data><Data Name='SubjectDomainName'>CORP</Data><Data Name='SubjectLogonId'>0x8F6AD</Data><Data Name='NewProcessName'>C:\Windows\System32\svchost.exe</Data><Data Name='ProcessId'>29115</Data><Data Name='CommandLine'>svchost.exe</Data><Data Name='ParentProcessName'>C:\Windows\System32\svchost.exe</Data></EventData></Event>
<Event xmlns='http://schemas.microsoft.com/win/2004/08/events/event'><System><Provider Name='Microsoft-Windows-Security-Auditing' Guid='{B88EBD64-9DFA-3A42-70F3-B8AEF659A432}'/><EventID>4688</EventID><Version>0</Version><Level>0</Level><Task>Process Creation</Task><Opcode>Info</Opcode><Keywords>Audit Success</Keywords><TimeCreated SystemTime='2026-05-23T15:28:09.318Z'/><EventRecordID>204843</EventRecordID><Channel>Security</Channel><Computer>SRV-PRINT01.corp.local</Computer></System><EventData><Data Name='SubjectUserName'>psouza</Data><Data Name='SubjectDomainName'>HQ</Data><Data Name='SubjectLogonId'>0xA484E</Data><Data Name='NewProcessName'>C:\Windows\System32\outlook.exe</Data><Data Name='ProcessId'>1708</Data><Data Name='CommandLine'>outlook.exe</Data><Data Name='ParentProcessName'>C:\Windows\System32\svchost.exe</Data></EventData></Event>
<Event xmlns='http://schemas.microsoft.com/win/2004/08/events/event'><System><Provider Name='Service Control Manager' Guid='{6E3BB1B4-3F1B-0963-94E4-A87C04061D9E}'/><EventID>7036</EventID><Version>0</Version><Level>4</Level><Task>None</Task><Opcode>Info</Opcode><Keywords>Classic</Keywords><TimeCreated SystemTime='2026-05-23T15:28:09.080Z'/><EventRecordID>589743</EventRecordID><Channel>System</Channel><Computer>SRV-FILE01.hq.internal</Computer></System><EventData><Data Name='param1'>Windows Firewall</Data><Data Name='param2'>running</Data></EventData></Event>
<Event xmlns='http://schemas.microsoft.com/win/2004/08/events/event'><System><Provider Name='Microsoft-Windows-Security-Auditing' Guid='{662F94E7-61EA-4F32-D375-70D4BD11F9DE}'/><EventID>4688</EventID><Version>0</Version><Level>0</Level><Task>Process Creation</Task><Opcode>Info</Opcode><Keywords>Audit Success</Keywords><TimeCreated SystemTime='2026-05-23T15:28:09.275Z'/><EventRecordID>867342</EventRecordID><Channel>Security</Channel><Computer>SRV-FILE01.empresa.local</Computer></System><EventData><Data Name='SubjectUserName'>tlima</Data><Data Name='SubjectDomainName'>CORP</Data><Data Name='SubjectLogonId'>0xE2BAC</Data><Data Name='NewProcessName'>C:\Windows\System32\explorer.exe</Data><Data Name='ProcessId'>26826</Data><Data Name='CommandLine'>explorer.exe</Data><Data Name='ParentProcessName'>C:\Windows\System32\svchost.exe</Data></EventData></Event>
<Event xmlns='http://schemas.microsoft.com/win/2004/08/events/event'><System><Provider Name='Microsoft-Windows-Security-Auditing' Guid='{80B52677-26B6-BCB8-D539-D7274B7B63BE}'/><EventID>4625</EventID><Version>0</Version><Level>0</Level><Task>Logon</Task><Opcode>Info</Opcode><Keywords>Audit Failure</Keywords><TimeCreated SystemTime='2026-05-23T15:28:08.481Z'/><EventRecordID>638862</EventRecordID><Channel>Security</Channel><Computer>SRV-DB01.corp.local</Computer></System><EventData><Data Name='TargetUserName'>acosta</Data><Data Name='TargetDomainName'>HQ</Data><Data Name='Status'>0xC000006D</Data><Data Name='FailureReason'>%%2304</Data><Data Name='SubStatus'>0xC000006A</Data><Data Name='LogonType'>3</Data><Data Name='IpAddress'>77.247.181.163</Data><Data Name='IpPort'>54904</Data><Data Name='WorkstationName'>SRV-DC02</Data><!-- SUSPICIOUS: brute_force_attempt from 77.247.181.163 --></EventData></Event>
<Event xmlns='http://schemas.microsoft.com/win/2004/08/events/event'><System><Provider Name='Microsoft-Windows-Security-Auditing' Guid='{13BB2675-66D6-CCD7-D988-E3F561A80422}'/><EventID>4688</EventID><Version>0</Version><Level>0</Level><Task>Process Creation</Task><Opcode>Info</Opcode><Keywords>Audit Success</Keywords><TimeCreated SystemTime='2026-05-23T15:28:10.227Z'/><EventRecordID>683399</EventRecordID><Channel>Security</Channel><Computer>SRV-DB01.corp.local</Computer></System><EventData><Data Name='SubjectUserName'>dfreitas</Data><Data Name='SubjectDomainName'>CORP</Data><Data Name='SubjectLogonId'>0xB97FE</Data><Data Name='NewProcessName'>C:\Windows\System32\OneDrive.exe</Data><Data Name='ProcessId'>7082</Data><Data Name='CommandLine'>OneDrive.exe</Data><Data Name='ParentProcessName'>C:\Windows\System32\svchost.exe</Data></EventData></Event>
<Event xmlns='http://schemas.microsoft.com/win/2004/08/events/event'><System><Provider Name='Microsoft-Windows-Security-Auditing' Guid='{07BB6266-133B-D08B-133E-8FA1C7F02E3E}'/><EventID>4688</EventID><Version>0</Version><Level>0</Level><Task>Process Creation</Task><Opcode>Info</Opcode><Keywords>Audit Success</Keywords><TimeCreated SystemTime='2026-05-23T15:28:09.236Z'/><EventRecordID>134925</EventRecordID><Channel>Security</Channel><Computer>WKS-PC002.hq.internal</Computer></System><EventData><Data Name='SubjectUserName'>mfernandes</Data><Data Name='SubjectDomainName'>CORP</Data><Data Name='SubjectLogonId'>0x67FD5</Data><Data Name='NewProcessName'>C:\Windows\System32\chrome.exe</Data><Data Name='ProcessId'>18349</Data><Data Name='CommandLine'>chrome.exe</Data><Data Name='ParentProcessName'>C:\Windows\System32\svchost.exe</Data></EventData></Event>
<Event xmlns='http://schemas.microsoft.com/win/2004/08/events/event'><System><Provider Name='Microsoft-Windows-Security-Auditing' Guid='{7AC69B38-B067-1277-1A7A-846778D65B5B}'/><EventID>4624</EventID><Version>0</Version><Level>0</Level><Task>Logon</Task><Opcode>Info</Opcode><Keywords>Audit Success</Keywords><TimeCreated SystemTime='2026-05-23T15:28:11.395Z'/><EventRecordID>120250</EventRecordID><Channel>Security</Channel><Computer>SRV-DB01.corp.local</Computer></System><EventData><Data Name='SubjectUserSid'>S-1-5-18</Data><Data Name='SubjectUserName'>SRV-PRINT01$</Data><Data Name='SubjectDomainName'>EMPRESA</Data><Data Name='SubjectLogonId'>0x73FCD</Data><Data Name='TargetUserSid'>S-1-5-21-7935948-3922</Data><Data Name='TargetUserName'>rsantos</Data><Data Name='TargetDomainName'>EMPRESA</Data><Data Name='TargetLogonId'>0xF1C2B</Data><Data Name='LogonType'>3</Data><Data Name='IpAddress'>192.168.1.100</Data><Data Name='IpPort'>55295</Data><Data Name='WorkstationName'>SRV-PRINT01</Data></EventData></Event>
<Event xmlns='http://schemas.microsoft.com/win/2004/08/events/event'><System><Provider Name='Microsoft-Windows-Security-Auditing' Guid='{4125C5CC-06AC-7559-A31D-48ED76E96F70}'/><EventID>4688</EventID><Version>0</Version><Level>0</Level><Task>Process Creation</Task><Opcode>Info</Opcode><Keywords>Audit Success</Keywords><TimeCreated SystemTime='2026-05-23T15:28:10.773Z'/><EventRecordID>276107</EventRecordID><Channel>Security</Channel><Computer>SRV-DC01.hq.internal</Computer></System><EventData><Data Name='SubjectUserName'>acastro</Data><Data Name='SubjectDomainName'>HQ</Data><Data Name='SubjectLogonId'>0x2974B</Data><Data Name='NewProcessName'>C:\Windows\System32\spoolsv.exe</Data><Data Name='ProcessId'>7890</Data><Data Name='CommandLine'>spoolsv.exe</Data><Data Name='ParentProcessName'>C:\Windows\System32\svchost.exe</Data></EventData></Event>
<Event xmlns='http://schemas.microsoft.com/win/2004/08/events/event'><System><Provider Name='Microsoft-Windows-Security-Auditing' Guid='{D7939C7A-E97C-C9BE-C8AE-710CAEF7B85B}'/><EventID>4688</EventID><Version>0</Version><Level>0</Level><Task>Process Creation</Task><Opcode>Info</Opcode><Keywords>Audit Success</Keywords><TimeCreated SystemTime='2026-05-23T15:28:09.439Z'/><EventRecordID>106927</EventRecordID><Channel>Security</Channel><Computer>SRV-WEB01.corp.local</Computer></System><EventData><Data Name='SubjectUserName'>mfernandes</Data><Data Name='SubjectDomainName'>HQ</Data><Data Name='SubjectLogonId'>0xADAA9</Data><Data Name='NewProcessName'>C:\Windows\System32\svchost.exe</Data><Data Name='ProcessId'>28434</Data><Data Name='CommandLine'>svchost.exe</Data><Data Name='ParentProcessName'>C:\Windows\System32\svchost.exe</Data></EventData></Event>
<Event xmlns='http://schemas.microsoft.com/win/2004/08/events/event'><System><Provider Name='Microsoft-Windows-Security-Auditing' Guid='{6D414140-6905-8A8A-6B48-A98A9E4D31D8}'/><EventID>4625</EventID><Version>0</Version><Level>0</Level><Task>Logon</Task><Opcode>Info</Opcode><Keywords>Audit Failure</Keywords><TimeCreated SystemTime='2026-05-23T15:28:11.576Z'/><EventRecordID>254687</EventRecordID><Channel>Security</Channel><Computer>SRV-PRINT01.empresa.local</Computer></System><EventData><Data Name='TargetUserName'>ggomes</Data><Data Name='TargetDomainName'>EMPRESA</Data><Data Name='Status'>0xC000006D</Data><Data Name='FailureReason'>%%2313</Data><Data Name='SubStatus'>0xC000006A</Data><Data Name='LogonType'>3</Data><Data Name='IpAddress'>77.247.181.163</Data><Data Name='IpPort'>64505</Data><Data Name='WorkstationName'>SRV-DB01</Data><!-- SUSPICIOUS: brute_force_attempt from 77.247.181.163 --></EventData></Event>
<Event xmlns='http://schemas.microsoft.com/win/2004/08/events/event'><System><Provider Name='Service Control Manager' Guid='{CC2293EC-E83A-A71F-85D4-E1B956DECD4A}'/><EventID>7036</EventID><Version>0</Version><Level>4</Level><Task>None</Task><Opcode>Info</Opcode><Keywords>Classic</Keywords><TimeCreated SystemTime='2026-05-23T15:28:10.362Z'/><EventRecordID>885591</EventRecordID><Channel>System</Channel><Computer>SRV-EXCH01.empresa.local</Computer></System><EventData><Data Name='param1'>Windows Defender</Data><Data Name='param2'>stopped</Data></EventData></Event>
<Event xmlns='http://schemas.microsoft.com/win/2004/08/events/event'><System><Provider Name='Service Control Manager' Guid='{F4247F8A-53F4-1821-A879-960A1184FEDB}'/><EventID>7036</EventID><Version>0</Version><Level>4</Level><Task>None</Task><Opcode>Info</Opcode><Keywords>Classic</Keywords><TimeCreated SystemTime='2026-05-23T15:28:10.967Z'/><EventRecordID>164020</EventRecordID><Channel>System</Channel><Computer>SRV-DC01.empresa.local</Computer></System><EventData><Data Name='param1'>Task Scheduler</Data><Data Name='param2'>running</Data></EventData></Event>
<Event xmlns='http://schemas.microsoft.com/win/2004/08/events/event'><System><Provider Name='Microsoft-Windows-Security-Auditing' Guid='{89209B7A-93C6-8A78-C4AE-7B84264723A9}'/><EventID>4624</EventID><Version>0</Version><Level>0</Level><Task>Logon</Task><Opcode>Info</Opcode><Keywords>Audit Success</Keywords><TimeCreated SystemTime='2026-05-23T15:28:08.308Z'/><EventRecordID>318529</EventRecordID><Channel>Security</Channel><Computer>WKS-PC002.hq.internal</Computer></System><EventData><Data Name='SubjectUserSid'>S-1-5-18</Data><Data Name='SubjectUserName'>WKS-NB010$</Data><Data Name='SubjectDomainName'>HQ</Data><Data Name='SubjectLogonId'>0xCAB2E</Data><Data Name='TargetUserSid'>S-1-5-21-5467786-8148</Data><Data Name='TargetUserName'>dfreitas</Data><Data Name='TargetDomainName'>HQ</Data><Data Name='TargetLogonId'>0x36331</Data><Data Name='LogonType'>7</Data><Data Name='IpAddress'>10.0.2.30</Data><Data Name='IpPort'>55824</Data><Data Name='WorkstationName'>WKS-NB010</Data></EventData></Event>
<Event xmlns='http://schemas.microsoft.com/win/2004/08/events/event'><System><Provider Name='Service Control Manager' Guid='{358976DC-FA8E-BADE-5ECE-3CEF70E0819A}'/><EventID>7036</EventID><Version>0</Version><Level>4</Level><Task>None</Task><Opcode>Info</Opcode><Keywords>Classic</Keywords><TimeCreated SystemTime='2026-05-23T15:28:10.175Z'/><EventRecordID>121248</EventRecordID><Channel>System</Channel><Computer>WKS-PC003.hq.internal</Computer></System><EventData><Data Name='param1'>Print Spooler</Data><Data Name='param2'>stopped</Data></EventData></Event>
<Event xmlns='http://schemas.microsoft.com/win/2004/08/events/event'><System><Provider Name='Microsoft-Windows-Security-Auditing' Guid='{7A3D3470-CAF7-B85B-C80A-0A336268AD68}'/><EventID>4688</EventID><Version>0</Version><Level>0</Level><Task>Process Creation</Task><Opcode>Info</Opcode><Keywords>Audit Success</Keywords><TimeCreated SystemTime='2026-05-23T15:28:10.589Z'/><EventRecordID>386577</EventRecordID><Channel>Security</Channel><Computer>WKS-PC001.empresa.local</Computer></System><EventData><Data Name='SubjectUserName'>loliveira</Data><Data Name='SubjectDomainName'>EMPRESA</Data><Data Name='SubjectLogonId'>0x3AD22</Data><Data Name='NewProcessName'>C:\Windows\System32\outlook.exe</Data><Data Name='ProcessId'>10123</Data><Data Name='CommandLine'>outlook.exe</Data><Data Name='ParentProcessName'>C:\Windows\System32\svchost.exe</Data></EventData></Event>
<Event xmlns='http://schemas.microsoft.com/win/2004/08/events/event'><System><Provider Name='Microsoft-Windows-Security-Auditing' Guid='{83075FA1-0555-1FC6-5936-5F2FADAC6086}'/><EventID>4624</EventID><Version>0</Version><Level>0</Level><Task>Logon</Task><Opcode>Info</Opcode><Keywords>Audit Success</Keywords><TimeCreated SystemTime='2026-05-23T15:28:12.130Z'/><EventRecordID>711394</EventRecordID><Channel>Security</Channel><Computer>SRV-DB01.corp.local</Computer></System><EventData><Data Name='SubjectUserSid'>S-1-5-18</Data><Data Name='SubjectUserName'>SRV-APP01$</Data><Data Name='SubjectDomainName'>CORP</Data><Data Name='SubjectLogonId'>0xBD289</Data><Data Name='TargetUserSid'>S-1-5-21-7036091-6192</Data><Data Name='TargetUserName'>mrocha</Data><Data Name='TargetDomainName'>CORP</Data><Data Name='TargetLogonId'>0x9194E</Data><Data Name='LogonType'>2</Data><Data Name='IpAddress'>10.0.2.80</Data><Data Name='IpPort'>65253</Data><Data Name='WorkstationName'>SRV-APP01</Data></EventData></Event>
<Event xmlns='http://schemas.microsoft.com/win/2004/08/events/event'><System><Provider Name='Microsoft-Windows-Security-Auditing' Guid='{C42FC4E8-0294-C354-EF8E-E3E4F07E5306}'/><EventID>4688</EventID><Version>0</Version><Level>0</Level><Task>Process Creation</Task><Opcode>Info</Opcode><Keywords>Audit Success</Keywords><TimeCreated SystemTime='2026-05-23T15:28:12.078Z'/><EventRecordID>830824</EventRecordID><Channel>Security</Channel><Computer>SRV-APP01.empresa.local</Computer></System><EventData><Data Name='SubjectUserName'>cpereira</Data><Data Name='SubjectDomainName'>EMPRESA</Data><Data Name='SubjectLogonId'>0x6E84D</Data><Data Name='NewProcessName'>C:\Windows\System32\explorer.exe</Data><Data Name='ProcessId'>4896</Data><Data Name='CommandLine'>explorer.exe</Data><Data Name='ParentProcessName'>C:\Windows\System32\svchost.exe</Data></EventData></Event>
<Event xmlns='http://schemas.microsoft.com/win/2004/08/events/event'><System><Provider Name='Microsoft-Windows-Security-Auditing' Guid='{83FD017D-29FB-A321-E7A3-CCEC11713009}'/><EventID>4634</EventID><Version>0</Version><Level>0</Level><Task>Logoff</Task><Opcode>Info</Opcode><Keywords>Audit Success</Keywords><TimeCreated SystemTime='2026-05-23T15:28:08.286Z'/><EventRecordID>691000</EventRecordID><Channel>Security</Channel><Computer>SRV-DC02.corp.local</Computer></System><EventData><Data Name='TargetUserName'>mfernandes</Data><Data Name='TargetDomainName'>EMPRESA</Data><Data Name='TargetLogonId'>0x2BA88</Data><Data Name='LogonType'>3</Data></EventData></Event>
<Event xmlns='http://schemas.microsoft.com/win/2004/08/events/event'><System><Provider Name='Service Control Manager' Guid='{76835C72-983F-93CA-88A2-1E78A4F70980}'/><EventID>7036</EventID><Version>0</Version><Level>4</Level><Task>None</Task><Opcode>Info</Opcode><Keywords>Classic</Keywords><TimeCreated SystemTime='2026-05-23T15:28:10.411Z'/><EventRecordID>118593</EventRecordID><Channel>System</Channel><Computer>SRV-FILE01.hq.internal</Computer></System><EventData><Data Name='param1'>DNS Client</Data><Data Name='param2'>stopped</Data></EventData></Event>
<Event xmlns='http://schemas.microsoft.com/win/2004/08/events/event'><System><Provider Name='Microsoft-Windows-Security-Auditing' Guid='{D8C368D0-2E3A-4725-F095-C06E0B40C7F2}'/><EventID>4697</EventID><Version>0</Version><Level>0</Level><Task>Security System Extension</Task><Opcode>Info</Opcode><Keywords>Audit Success</Keywords><TimeCreated SystemTime='2026-05-23T15:28:11.529Z'/><EventRecordID>197073</EventRecordID><Channel>Security</Channel><Computer>WKS-PC002.corp.local</Computer></System><EventData><Data Name='SubjectUserName'>debug_user</Data><Data Name='SubjectDomainName'>HQ</Data><Data Name='ServiceName'>EvilSvc</Data><Data Name='ServiceFileName'>C:\ProgramData\svc.exe</Data><Data Name='ServiceType'>0x10</Data><Data Name='ServiceStartType'>2</Data><!-- SUSPICIOUS: suspicious_service_install — service 'EvilSvc' installed by 'debug_user' --></EventData></Event>
<Event xmlns='http://schemas.microsoft.com/win/2004/08/events/event'><System><Provider Name='Service Control Manager' Guid='{37566AE6-0F65-76EC-7999-B007A0E91C8D}'/><EventID>7036</EventID><Version>0</Version><Level>4</Level><Task>None</Task><Opcode>Info</Opcode><Keywords>Classic</Keywords><TimeCreated SystemTime='2026-05-23T15:28:10.605Z'/><EventRecordID>935033</EventRecordID><Channel>System</Channel><Computer>SRV-APP01.hq.internal</Computer></System><EventData><Data Name='param1'>Task Scheduler</Data><Data Name='param2'>running</Data></EventData></Event>
<Event xmlns='http://schemas.microsoft.com/win/2004/08/events/event'><System><Provider Name='Microsoft-Windows-Security-Auditing' Guid='{99077940-215D-5A04-7038-4A52C9161F24}'/><EventID>4688</EventID><Version>0</Version><Level>0</Level><Task>Process Creation</Task><Opcode>Info</Opcode><Keywords>Audit Success</Keywords><TimeCreated SystemTime='2026-05-23T15:28:08.908Z'/><EventRecordID>424900</EventRecordID><Channel>Security</Channel><Computer>SRV-PRINT01.corp.local</Computer></System><EventData><Data Name='SubjectUserName'>bribeiro</Data><Data Name='SubjectDomainName'>HQ</Data><Data Name='SubjectLogonId'>0x241CD</Data><Data Name='NewProcessName'>C:\Windows\System32\taskhostw.exe</Data><Data Name='ProcessId'>22005</Data><Data Name='CommandLine'>taskhostw.exe</Data><Data Name='ParentProcessName'>C:\Windows\System32\svchost.exe</Data></EventData></Event>
<Event xmlns='http://schemas.microsoft.com/win/2004/08/events/event'><System><Provider Name='Microsoft-Windows-Security-Auditing' Guid='{C78D9D18-CFAF-DA22-70C7-879D45750F4F}'/><EventID>4634</EventID><Version>0</Version><Level>0</Level><Task>Logoff</Task><Opcode>Info</Opcode><Keywords>Audit Success</Keywords><TimeCreated SystemTime='2026-05-23T15:28:10.143Z'/><EventRecordID>493882</EventRecordID><Channel>Security</Channel><Computer>SRV-APP01.hq.internal</Computer></System><EventData><Data Name='TargetUserName'>tlima</Data><Data Name='TargetDomainName'>HQ</Data><Data Name='TargetLogonId'>0xBB69C</Data><Data Name='LogonType'>7</Data></EventData></Event>
<Event xmlns='http://schemas.microsoft.com/win/2004/08/events/event'><System><Provider Name='Microsoft-Windows-Security-Auditing' Guid='{CAC78C58-3140-74D4-0D7F-8A08B9EAB4F3}'/><EventID>4634</EventID><Version>0</Version><Level>0</Level><Task>Logoff</Task><Opcode>Info</Opcode><Keywords>Audit Success</Keywords><TimeCreated SystemTime='2026-05-23T15:28:10.882Z'/><EventRecordID>404507</EventRecordID><Channel>Security</Channel><Computer>SRV-DB01.empresa.local</Computer></System><EventData><Data Name='TargetUserName'>mrocha</Data><Data Name='TargetDomainName'>EMPRESA</Data><Data Name='TargetLogonId'>0x32D22</Data><Data Name='LogonType'>2</Data></EventData></Event>
<Event xmlns='http://schemas.microsoft.com/win/2004/08/events/event'><System><Provider Name='Service Control Manager' Guid='{90194C9B-627E-3B42-976E-9338491BFFCF}'/><EventID>7036</EventID><Version>0</Version><Level>4</Level><Task>None</Task><Opcode>Info</Opcode><Keywords>Classic</Keywords><TimeCreated SystemTime='2026-05-23T15:28:12.151Z'/><EventRecordID>508709</EventRecordID><Channel>System</Channel><Computer>SRV-WEB01.hq.internal</Computer></System><EventData><Data Name='param1'>Workstation</Data><Data Name='param2'>running</Data></EventData></Event>
<Event xmlns='http://schemas.microsoft.com/win/2004/08/events/event'><System><Provider Name='Microsoft-Windows-Security-Auditing' Guid='{9FFB5C7D-03BA-2E11-C7FD-DE684C21033F}'/><EventID>4624</EventID><Version>0</Version><Level>0</Level><Task>Logon</Task><Opcode>Info</Opcode><Keywords>Audit Success</Keywords><TimeCreated SystemTime='2026-05-23T15:28:11.955Z'/><EventRecordID>413017</EventRecordID><Channel>Security</Channel><Computer>SRV-APP01.corp.local</Computer></System><EventData><Data Name='SubjectUserSid'>S-1-5-18</Data><Data Name='SubjectUserName'>SRV-PRINT01$</Data><Data Name='SubjectDomainName'>EMPRESA</Data><Data Name='SubjectLogonId'>0x6BB01</Data><Data Name='TargetUserSid'>S-1-5-21-7267818-9474</Data><Data Name='TargetUserName'>bribeiro</Data><Data Name='TargetDomainName'>EMPRESA</Data><Data Name='TargetLogonId'>0x5E62D</Data><Data Name='LogonType'>2</Data><Data Name='IpAddress'>10.0.1.101</Data><Data Name='IpPort'>52263</Data><Data Name='WorkstationName'>SRV-PRINT01</Data></EventData></Event>
<Event xmlns='http://schemas.microsoft.com/win/2004/08/events/event'><System><Provider Name='Microsoft-Windows-Security-Auditing' Guid='{8BA75CA5-1BE2-3C45-535F-0C8DC11B138B}'/><EventID>4697</EventID><Version>0</Version><Level>0</Level><Task>Security System Extension</Task><Opcode>Info</Opcode><Keywords>Audit Success</Keywords><TimeCreated SystemTime='2026-05-23T15:28:09.571Z'/><EventRecordID>978274</EventRecordID><Channel>Security</Channel><Computer>WKS-NB011.empresa.local</Computer></System><EventData><Data Name='SubjectUserName'>debug_user</Data><Data Name='SubjectDomainName'>CORP</Data><Data Name='ServiceName'>EvilSvc</Data><Data Name='ServiceFileName'>C:\ProgramData\svc.exe</Data><Data Name='ServiceType'>0x10</Data><Data Name='ServiceStartType'>2</Data><!-- SUSPICIOUS: suspicious_service_install — service 'EvilSvc' installed by 'debug_user' --></EventData></Event>
<Event xmlns='http://schemas.microsoft.com/win/2004/08/events/event'><System><Provider Name='Microsoft-Windows-Security-Auditing' Guid='{3CB5265F-B164-A78A-395E-D97F10FDE100}'/><EventID>4732</EventID><Version>0</Version><Level>0</Level><Task>Security Group Management</Task><Opcode>Info</Opcode><Keywords>Audit Success</Keywords><TimeCreated SystemTime='2026-05-23T15:28:09.869Z'/><EventRecordID>596036</EventRecordID><Channel>Security</Channel><Computer>SRV-DC02.corp.local</Computer></System><EventData><Data Name='MemberName'>debug_user</Data><Data Name='MemberSid'>S-1-5-21-4680308-1657</Data><Data Name='TargetUserName'>Administrators</Data><Data Name='TargetDomainName'>Builtin</Data><Data Name='SubjectUserName'>scanner</Data><Data Name='SubjectDomainName'>HQ</Data><!-- SUSPICIOUS: group_modification — 'debug_user' added to Administrators by 'scanner' --></EventData></Event>
<Event xmlns='http://schemas.microsoft.com/win/2004/08/events/event'><System><Provider Name='Microsoft-Windows-Security-Auditing' Guid='{36AC8F81-4650-2659-F061-EA9484568EEB}'/><EventID>4634</EventID><Version>0</Version><Level>0</Level><Task>Logoff</Task><Opcode>Info</Opcode><Keywords>Audit Success</Keywords><TimeCreated SystemTime='2026-05-23T15:28:08.330Z'/><EventRecordID>384494</EventRecordID><Channel>Security</Channel><Computer>WKS-NB011.empresa.local</Computer></System><EventData><Data Name='TargetUserName'>dfreitas</Data><Data Name='TargetDomainName'>EMPRESA</Data><Data Name='TargetLogonId'>0x6D342</Data><Data Name='LogonType'>7</Data></EventData></Event>
<Event xmlns='http://schemas.microsoft.com/win/2004/08/events/event'><System><Provider Name='Microsoft-Windows-Security-Auditing' Guid='{CD7D0C51-4ED5-0E35-61DF-5B88AE1C24CD}'/><EventID>4688</EventID><Version>0</Version><Level>0</Level><Task>Process Creation</Task><Opcode>Info</Opcode><Keywords>Audit Success</Keywords><TimeCreated SystemTime='2026-05-23T15:28:08.261Z'/><EventRecordID>411786</EventRecordID><Channel>Security</Channel><Computer>SRV-EXCH01.empresa.local</Computer></System><EventData><Data Name='SubjectUserName'>rsantos</Data><Data Name='SubjectDomainName'>CORP</Data><Data Name='SubjectLogonId'>0xB304F</Data><Data Name='NewProcessName'>C:\Windows\System32\RuntimeBroker.exe</Data><Data Name='ProcessId'>14513</Data><Data Name='CommandLine'>RuntimeBroker.exe</Data><Data Name='ParentProcessName'>C:\Windows\System32\svchost.exe</Data></EventData></Event>
<Event xmlns='http://schemas.microsoft.com/win/2004/08/events/event'><System><Provider Name='Microsoft-Windows-Security-Auditing' Guid='{9CB00C56-A080-DA8A-6B42-5FD8496A7671}'/><EventID>4624</EventID><Version>0</Version><Level>0</Level><Task>Logon</Task><Opcode>Info</Opcode><Keywords>Audit Success</Keywords><TimeCreated SystemTime='2026-05-23T15:28:11.510Z'/><EventRecordID>466497</EventRecordID><Channel>Security</Channel><Computer>SRV-PRINT01.empresa.local</Computer></System><EventData><Data Name='SubjectUserSid'>S-1-5-18</Data><Data Name='SubjectUserName'>WKS-PC003$</Data><Data Name='SubjectDomainName'>CORP</Data><Data Name='SubjectLogonId'>0xD7F10</Data><Data Name='TargetUserSid'>S-1-5-21-9282321-3191</Data><Data Name='TargetUserName'>acastro</Data><Data Name='TargetDomainName'>CORP</Data><Data Name='TargetLogonId'>0x54277</Data><Data Name='LogonType'>7</Data><Data Name='IpAddress'>192.168.1.10</Data><Data Name='IpPort'>62007</Data><Data Name='WorkstationName'>WKS-PC003</Data></EventData></Event>
<Event xmlns='http://schemas.microsoft.com/win/2004/08/events/event'><System><Provider Name='Microsoft-Windows-Security-Auditing' Guid='{A57D28AD-8148-9120-8A19-55DECB3863EF}'/><EventID>4624</EventID><Version>0</Version><Level>0</Level><Task>Logon</Task><Opcode>Info</Opcode><Keywords>Audit Success</Keywords><TimeCreated SystemTime='2026-05-23T15:28:12.113Z'/><EventRecordID>541758</EventRecordID><Channel>Security</Channel><Computer>SRV-DC01.hq.internal</Computer></System><EventData><Data Name='SubjectUserSid'>S-1-5-18</Data><Data Name='SubjectUserName'>SRV-DC02$</Data><Data Name='SubjectDomainName'>EMPRESA</Data><Data Name='SubjectLogonId'>0xBD141</Data><Data Name='TargetUserSid'>S-1-5-21-9235976-6615</Data><Data Name='TargetUserName'>mfernandes</Data><Data Name='TargetDomainName'>EMPRESA</Data><Data Name='TargetLogonId'>0x9F27C</Data><Data Name='LogonType'>3</Data><Data Name='IpAddress'>10.0.2.55</Data><Data Name='IpPort'>57683</Data><Data Name='WorkstationName'>SRV-DC02</Data></EventData></Event>
<Event xmlns='http://schemas.microsoft.com/win/2004/08/events/event'><System><Provider Name='Microsoft-Windows-Security-Auditing' Guid='{007BBE09-879C-8999-2A47-C59436275182}'/><EventID>4625</EventID><Version>0</Version><Level>0</Level><Task>Logon</Task><Opcode>Info</Opcode><Keywords>Audit Failure</Keywords><TimeCreated SystemTime='2026-05-23T15:28:12.044Z'/><EventRecordID>998734</EventRecordID><Channel>Security</Channel><Computer>SRV-APP01.hq.internal</Computer></System><EventData><Data Name='TargetUserName'>bribeiro</Data><Data Name='TargetDomainName'>HQ</Data><Data Name='Status'>0xC000006D</Data><Data Name='FailureReason'>%%2313</Data><Data Name='SubStatus'>0xC000006A</Data><Data Name='LogonType'>3</Data><Data Name='IpAddress'>20.190.151.70</Data><Data Name='IpPort'>60321</Data><Data Name='WorkstationName'>WKS-PC001</Data><!-- SUSPICIOUS: brute_force_attempt from 20.190.151.70 --></EventData></Event>
<Event xmlns='http://schemas.microsoft.com/win/2004/08/events/event'><System><Provider Name='Service Control Manager' Guid='{AE34E725-45CD-DE31-BCC8-2874E9747EE9}'/><EventID>7036</EventID><Version>0</Version><Level>4</Level><Task>None</Task><Opcode>Info</Opcode><Keywords>Classic</Keywords><TimeCreated SystemTime='2026-05-23T15:28:10.409Z'/><EventRecordID>210131</EventRecordID><Channel>System</Channel><Computer>SRV-FILE01.hq.internal</Computer></System><EventData><Data Name='param1'>Print Spooler</Data><Data Name='param2'>stopped</Data></EventData></Event>
<Event xmlns='http://schemas.microsoft.com/win/2004/08/events/event'><System><Provider Name='Microsoft-Windows-Security-Auditing' Guid='{D2B6602A-927F-12A3-3507-EA751CCFADBB}'/><EventID>4624</EventID><Version>0</Version><Level>0</Level><Task>Logon</Task><Opcode>Info</Opcode><Keywords>Audit Success</Keywords><TimeCreated SystemTime='2026-05-23T15:28:09.569Z'/><EventRecordID>606695</EventRecordID><Channel>Security</Channel><Computer>WKS-PC001.hq.internal</Computer></System><EventData><Data Name='SubjectUserSid'>S-1-5-18</Data><Data Name='SubjectUserName'>WKS-NB011$</Data><Data Name='SubjectDomainName'>HQ</Data><Data Name='SubjectLogonId'>0x4D762</Data><Data Name='TargetUserSid'>S-1-5-21-9473968-1570</Data><Data Name='TargetUserName'>rsantos</Data><Data Name='TargetDomainName'>HQ</Data><Data Name='TargetLogonId'>0xD856D</Data><Data Name='LogonType'>3</Data><Data Name='IpAddress'>172.16.1.100</Data><Data Name='IpPort'>56304</Data><Data Name='WorkstationName'>WKS-NB011</Data></EventData></Event>
<Event xmlns='http://schemas.microsoft.com/win/2004/08/events/event'><System><Provider Name='Service Control Manager' Guid='{2B0D72CA-8301-6D3A-17F8-232C0614E102}'/><EventID>7036</EventID><Version>0</Version><Level>4</Level><Task>None</Task><Opcode>Info</Opcode><Keywords>Classic</Keywords><TimeCreated SystemTime='2026-05-23T15:28:10.580Z'/><EventRecordID>834633</EventRecordID><Channel>System</Channel><Computer>SRV-DC02.empresa.local</Computer></System><EventData><Data Name='param1'>Print Spooler</Data><Data Name='param2'>stopped</Data></EventData></Event>
<Event xmlns='http://schemas.microsoft.com/win/2004/08/events/event'><System><Provider Name='Microsoft-Windows-Security-Auditing' Guid='{FC0517BC-AF7F-0794-DEEF-2551FEFD6DF0}'/><EventID>4688</EventID><Version>0</Version><Level>0</Level><Task>Process Creation</Task><Opcode>Info</Opcode><Keywords>Audit Success</Keywords><TimeCreated SystemTime='2026-05-23T15:28:09.265Z'/><EventRecordID>603452</EventRecordID><Channel>Security</Channel><Computer>WKS-PC003.empresa.local</Computer></System><EventData><Data Name='SubjectUserName'>test</Data><Data Name='SubjectDomainName'>EMPRESA</Data><Data Name='SubjectLogonId'>0xEF074</Data><Data Name='NewProcessName'>C:\Windows\System32\mshta.exe</Data><Data Name='ProcessId'>10472</Data><Data Name='CommandLine'>mshta.exe vbscript:Execute("CreateObject(""Wscript.Shell"")")</Data><Data Name='ParentProcessName'>C:\Windows\System32\cmd.exe</Data><!-- SUSPICIOUS: suspicious_process — 'mshta.exe vbscript:Execute("CreateObject(""Wscript.Shell"")")' --></EventData></Event>
<Event xmlns='http://schemas.microsoft.com/win/2004/08/events/event'><System><Provider Name='Microsoft-Windows-Security-Auditing' Guid='{FBEE8643-5A4F-6391-7904-B2141D4FE8DF}'/><EventID>4634</EventID><Version>0</Version><Level>0</Level><Task>Logoff</Task><Opcode>Info</Opcode><Keywords>Audit Success</Keywords><TimeCreated SystemTime='2026-05-23T15:28:10.094Z'/><EventRecordID>404322</EventRecordID><Channel>Security</Channel><Computer>WKS-PC001.corp.local</Computer></System><EventData><Data Name='TargetUserName'>mrocha</Data><Data Name='TargetDomainName'>EMPRESA</Data><Data Name='TargetLogonId'>0xFBAFD</Data><Data Name='LogonType'>2</Data></EventData></Event>
<Event xmlns='http://schemas.microsoft.com/win/2004/08/events/event'><System><Provider Name='Service Control Manager' Guid='{1BEAFD41-8A33-DECA-433E-6265B2764138}'/><EventID>7036</EventID><Version>0</Version><Level>4</Level><Task>None</Task><Opcode>Info</Opcode><Keywords>Classic</Keywords><TimeCreated SystemTime='2026-05-23T15:28:09.022Z'/><EventRecordID>658880</EventRecordID><Channel>System</Channel><Computer>WKS-PC003.corp.local</Computer></System><EventData><Data Name='param1'>Windows Defender</Data><Data Name='param2'>stopped</Data></EventData></Event>
<Event xmlns='http://schemas.microsoft.com/win/2004/08/events/event'><System><Provider Name='Microsoft-Windows-Security-Auditing' Guid='{D1183498-6E0B-1932-A29F-196FAC283B8F}'/><EventID>4688</EventID><Version>0</Version><Level>0</Level><Task>Process Creation</Task><Opcode>Info</Opcode><Keywords>Audit Success</Keywords><TimeCreated SystemTime='2026-05-23T15:28:10.746Z'/><EventRecordID>304232</EventRecordID><Channel>Security</Channel><Computer>SRV-DC01.corp.local</Computer></System><EventData><Data Name='SubjectUserName'>fmendes</Data><Data Name='SubjectDomainName'>HQ</Data><Data Name='SubjectLogonId'>0x4063A</Data><Data Name='NewProcessName'>C:\Windows\System32\RuntimeBroker.exe</Data><Data Name='ProcessId'>9776</Data><Data Name='CommandLine'>RuntimeBroker.exe</Data><Data Name='ParentProcessName'>C:\Windows\System32\svchost.exe</Data></EventData></Event>
<Event xmlns='http://schemas.microsoft.com/win/2004/08/events/event'><System><Provider Name='Microsoft-Windows-Security-Auditing' Guid='{74106BF0-A176-2B67-0685-DAAC544AA553}'/><EventID>4688</EventID><Version>0</Version><Level>0</Level><Task>Process Creation</Task><Opcode>Info</Opcode><Keywords>Audit Success</Keywords><TimeCreated SystemTime='2026-05-23T15:28:11.625Z'/><EventRecordID>584043</EventRecordID><Channel>Security</Channel><Computer>SRV-FILE01.hq.internal</Computer></System><EventData><Data Name='SubjectUserName'>mrocha</Data><Data Name='SubjectDomainName'>EMPRESA</Data><Data Name='SubjectLogonId'>0x6D8FA</Data><Data Name='NewProcessName'>C:\Windows\System32\chrome.exe</Data><Data Name='ProcessId'>26909</Data><Data Name='CommandLine'>chrome.exe</Data><Data Name='ParentProcessName'>C:\Windows\System32\svchost.exe</Data></EventData></Event>
