<Event xmlns='http://schemas.microsoft.com/win/2004/08/events/event'><System><Provider Name='Service Control Manager' Guid='{677E7BA6-CE00-E0D5-564B-3EE39F0CBE83}'/><EventID>7036</EventID><Version>0</Version><Level>4</Level><Task>None</Task><Opcode>Info</Opcode><Keywords>Classic</Keywords><TimeCreated SystemTime='2026-05-23T15:28:08.411Z'/><EventRecordID>931950</EventRecordID><Channel>System</Channel><Computer>SRV-PRINT01.corp.local</Computer></System><EventData><Data Name='param1'>DHCP Client</Data><Data Name='param2'>stopped</Data></EventData></Event>
<Event xmlns='http://schemas.microsoft.com/win/2004/08/events/event'><System><Provider Name='Microsoft-Windows-Security-Auditing' Guid='{A930AD7C-8CFC-74E5-E283-0BDED18C4F7E}'/><EventID>4688</EventID><Version>0</Version><Level>0</Level><Task>Process Creation</Task><Opcode>Info</Opcode><Keywords>Audit Success</Keywords><TimeCreated SystemTime='2026-05-23T15:28:09.566Z'/><EventRecordID>810725</EventRecordID><Channel>Security</Channel><Computer>WKS-PC002.corp.local</Computer></System><EventData><Data Name='SubjectUserName'>mfernandes</Data><Data Name='SubjectDomainName'>EMPRESA</Data><Data Name='SubjectLogonId'>0x1029A</Data><Data Name='NewProcessName'>C:\Windows\System32\explorer.exe</Data><Data Name='ProcessId'>26874</Data><Data Name='CommandLine'>explorer.exe</Data><Data Name='ParentProcessName'>C:\Windows\System32\svchost.exe</Data></EventData></Event>
<Event xmlns='http://schemas.microsoft.com/win/2004/08/events/event'><System><Provider Name='Microsoft-Windows-Security-Auditing' Guid='{858DE180-3FAA-8422-4DA2-20DD78F994C7}'/><EventID>4624</EventID><Version>0</Version><Level>0</Level><Task>Logon</Task><Opcode>Info</Opcode><Keywords>Audit Success</Keywords><TimeCreated SystemTime='2026-05-23T15:28:08.473Z'/><EventRecordID>750902</EventRecordID><Channel>Security</Channel><Computer>SRV-DB01.hq.internal</Computer></System><EventData><Data Name='SubjectUserSid'>S-1-5-18</Data><Data Name='SubjectUserName'>WKS-PC002$</Data><Data Name='SubjectDomainName'>EMPRESA</Data><Data Name='SubjectLogonId'>0xD2121</Data><Data Name='TargetUserSid'>S-1-5-21-4797768-6092</Data><Data Name='TargetUserName'>nalmeida</Data><Data Name='TargetDomainName'>EMPRESA</Data><Data Name='TargetLogonId'>0x267AC</Data><Data Name='LogonType'>7</Data><Data Name='IpAddress'>10.0.1.101</Data><Data Name='IpPort'>56768</Data><Data Name='WorkstationName'>WKS-PC002</Data></EventData></Event>
<Event xmlns='http://schemas.microsoft.com/win/2004/08/events/event'><System><Provider Name='Service Control Manager' Guid='{BB69C930-BBB7-B207-5640-35F692763C26}'/><EventID>7036</EventID><Version>0</Version><Level>4</Level><Task>None</Task><Opcode>Info</Opcode><Keywords>Classic</Keywords><TimeCreated SystemTime='2026-05-23T15:28:10.353Z'/><EventRecordID>614952</EventRecordID><Channel>System</Channel><Computer>SRV-APP01.hq.internal</Computer></System><EventData><Data Name='param1'>Workstation</Data><Data Name='param2'>stopped</Data></EventData></Event>
<Event xmlns='http://schemas.microsoft.com/win/2004/08/events/event'><System><Provider Name='Service Control Manager' Guid='{1BB947C7-E851-BB9A-9E2C-37931CE7672B}'/><EventID>7036</EventID><Version>0</Version><Level>4</Level><Task>None</Task><Opcode>Info</Opcode><Keywords>Classic</Keywords><TimeCreated SystemTime='2026-05-23T15:28:10.265Z'/><EventRecordID>571038</EventRecordID><Channel>System</Channel><Computer>SRV-APP01.hq.internal</Computer></System><EventData><Data Name='param1'>Workstation</Data><Data Name='param2'>running</Data></EventData></Event>
<Event xmlns='http://schemas.microsoft.com/win/2004/08/events/event'><System><Provider Name='Microsoft-Windows-Security-Auditing' Guid='{91E2D11D-6E79-B034-ED4D-0D408DF79A87}'/><EventID>4624</EventID><Version>0</Version><Level>0</Level><Task>Logon</Task><Opcode>Info</Opcode><Keywords>Audit Success</Keywords><TimeCreated SystemTime='2026-05-23T15:28:10.821Z'/><EventRecordID>599620</EventRecordID><Channel>Security</Channel><Computer>WKS-NB011.corp.local</Computer></System><EventData><Data Name='SubjectUserSid'>S-1-5-18</Data><Data Name='SubjectUserName'>SRV-FILE01$</Data><Data Name='SubjectDomainName'>CORP</Data><Data Name='SubjectLogonId'>0xE3714</Data><Data Name='TargetUserSid'>S-1-5-21-8293808-4281</Data><Data Name='TargetUserName'>cpereira</Data><Data Name='TargetDomainName'>CORP</Data><Data Name='TargetLogonId'>0x1E3F1</Data><Data Name='LogonType'>10</Data><Data Name='IpAddress'>10.0.1.102</Data><Data Name='IpPort'>65170</Data><Data Name='WorkstationName'>SRV-FILE01</Data></EventData></Event>
<Event xmlns='http://schemas.microsoft.com/win/2004/08/events/event'><System><Provider Name='Microsoft-Windows-Security-Auditing' Guid='{4CB6CBC0-FA6A-0E53-15A0-68C7A527A09E}'/><EventID>4634</EventID><Version>0</Version><Level>0</Level><Task>Logoff</Task><Opcode>Info</Opcode><Keywords>Audit Success</Keywords><TimeCreated SystemTime='2026-05-23T15:28:10.221Z'/><EventRecordID>894151</EventRecordID><Channel>Security</Channel><Computer>WKS-NB010.corp.local</Computer></System><EventData><Data Name='TargetUserName'>rsantos</Data><Data Name='TargetDomainName'>CORP</Data><Data Name='TargetLogonId'>0x92E2B</Data><Data Name='LogonType'>7</Data></EventData></Event>
<Event xmlns='http://schemas.microsoft.com/win/2004/08/events/event'><System><Provider Name='Microsoft-Windows-Security-Auditing' Guid='{F80A9D97-14DC-B56C-048C-BAB1015CE50A}'/><EventID>4720</EventID><Version>0</Version><Level>0</Level><Task>User Account Management</Task><Opcode>Info</Opcode><Keywords>Audit Success</Keywords><TimeCreated SystemTime='2026-05-23T15:28:11.174Z'/><EventRecordID>884293</EventRecordID><Channel>Security</Channel><Computer>WKS-PC001.hq.internal</Computer></System><EventData><Data Name='TargetUserName'>testadmin</Data><Data Name='TargetDomainName'>CORP</Data><Data Name='SubjectUserName'>test</Data><Data Name='SubjectDomainName'>CORP</Data><Data Name='SubjectLogonId'>0x54F26</Data><!-- SUSPICIOUS: suspicious_account_creation — account 'testadmin' created by 'test' --></EventData></Event>
<Event xmlns='http://schemas.microsoft.com/win/2004/08/events/event'><System><Provider Name='Microsoft-Windows-Security-Auditing' Guid='{4D356DBB-057A-D9C1-85A4-15A6DE0CD534}'/><EventID>4634</EventID><Version>0</Version><Level>0</Level><Task>Logoff</Task><Opcode>Info</Opcode><Keywords>Audit Success</Keywords><TimeCreated SystemTime='2026-05-23T15:28:08.635Z'/><EventRecordID>860464</EventRecordID><Channel>Security</Channel><Computer>WKS-PC003.corp.local</Computer></System><EventData><Data Name='TargetUserName'>dfreitas</Data><Data Name='TargetDomainName'>CORP</Data><Data Name='TargetLogonId'>0xDBE64</Data><Data Name='LogonType'>7</Data></EventData></Event>
<Event xmlns='http://schemas.microsoft.com/win/2004/08/events/event'><System><Provider Name='Service Control Manager' Guid='{CD236D4F-17F8-A318-7C00-1EF7E31B06B7}'/><EventID>7036</EventID><Version>0</Version><Level>4</Level><Task>None</Task><Opcode>Info</Opcode><Keywords>Classic</Keywords><TimeCreated SystemTime='2026-05-23T15:28:08.454Z'/><EventRecordID>943988</EventRecordID><Channel>System</Channel><Computer>SRV-FILE01.empresa.local</Computer></System><EventData><Data Name='param1'>Workstation</Data><Data Name='param2'>stopped</Data></EventData></Event>
<Event xmlns='http://schemas.microsoft.com/win/2004/08/events/event'><System><Provider Name='Microsoft-Windows-Security-Auditing' Guid='{5F066F3A-67D4-CE45-B4FD-CFF14C82542E}'/><EventID>4634</EventID><Version>0</Version><Level>0</Level><Task>Logoff</Task><Opcode>Info</Opcode><Keywords>Audit Success</Keywords><TimeCreated SystemTime='2026-05-23T15:28:09.776Z'/><EventRecordID>931936</EventRecordID><Channel>Security</Channel><Computer>SRV-DB01.corp.local</Computer></System><EventData><Data Name='TargetUserName'>mfernandes</Data><Data Name='TargetDomainName'>EMPRESA</Data><Data Name='TargetLogonId'>0x237A6</Data><Data Name='LogonType'>2</Data></EventData></Event>
<Event xmlns='http://schemas.microsoft.com/win/2004/08/events/event'><System><Provider Name='Microsoft-Windows-Security-Auditing' Guid='{29C47FDD-6FA9-3A16-D73F-9578C92E54C2}'/><EventID>4625</EventID><Version>0</Version><Level>0</Level><Task>Logon</Task><Opcode>Info</Opcode><Keywords>Audit Failure</Keywords><TimeCreated SystemTime='2026-05-23T15:28:11.533Z'/><EventRecordID>484732</EventRecordID><Channel>Security</Channel><Computer>SRV-DC01.hq.internal</Computer></System><EventData><Data Name='TargetUserName'>mrocha</Data><Data Name='TargetDomainName'>EMPRESA</Data><Data Name='Status'>0xC000006D</Data><Data Name='FailureReason'>%%2313</Data><Data Name='SubStatus'>0xC000006A</Data><Data Name='LogonType'>3</Data><Data Name='IpAddress'>198.51.100.22</Data><Data Name='IpPort'>51663</Data><Data Name='WorkstationName'>SRV-APP01</Data><!-- SUSPICIOUS: brute_force_attempt from 198.51.100.22 --></EventData></Event>
<Event xmlns='http://schemas.microsoft.com/win/2004/08/events/event'><System><Provider Name='Service Control Manager' Guid='{475A132F-4FEA-465B-BD53-70AA90824A32}'/><EventID>7036</EventID><Version>0</Version><Level>4</Level><Task>None</Task><Opcode>Info</Opcode><Keywords>Classic</Keywords><TimeCreated SystemTime='2026-05-23T15:28:11.548Z'/><EventRecordID>523439</EventRecordID><Channel>System</Channel><Computer>SRV-EXCH01.hq.internal</Computer></System><EventData><Data Name='param1'>Workstation</Data><Data Name='param2'>running</Data></EventData></Event>
<Event xmlns='http://schemas.microsoft.com/win/2004/08/events/event'><System><Provider Name='Microsoft-Windows-Security-Auditing' Guid='{1F3A4BE2-E502-BDCF-B6E4-06467F94CE80}'/><EventID>4688</EventID><Version>0</Version><Level>0</Level><Task>Process Creation</Task><Opcode>Info</Opcode><Keywords>Audit Success</Keywords><TimeCreated SystemTime='2026-05-23T15:28:09.777Z'/><EventRecordID>337244</EventRecordID><Channel>Security</Channel><Computer>SRV-APP01.hq.internal</Computer></System><EventData><Data Name='SubjectUserName'>tlima</Data><Data Name='SubjectDomainName'>HQ</Data><Data Name='SubjectLogonId'>0xFCB06</Data><Data Name='NewProcessName'>C:\Windows\System32\OneDrive.exe</Data><Data Name='ProcessId'>16568</Data><Data Name='CommandLine'>OneDrive.exe</Data><Data Name='ParentProcessName'>C:\Windows\System32\svchost.exe</Data></EventData></Event>
<Event xmlns='http://schemas.microsoft.com/win/2004/08/events/event'><System><Provider Name='Microsoft-Windows-Security-Auditing' Guid='{FC7A60F6-BB2C-3442-2360-55D0B9C33370}'/><EventID>4732</EventID><Version>0</Version><Level>0</Level><Task>Security Group Management</Task><Opcode>Info</Opcode><Keywords>Audit Success</Keywords><TimeCreated SystemTime='2026-05-23T15:28:08.605Z'/><EventRecordID>211142</EventRecordID><Channel>Security</Channel><Computer>WKS-PC003.corp.local</Computer></System><EventData><Data Name='MemberName'>scanner</Data><Data Name='MemberSid'>S-1-5-21-9420898-5323</Data><Data Name='TargetUserName'>Administrators</Data><Data Name='TargetDomainName'>Builtin</Data><Data Name='SubjectUserName'>debug_user</Data><Data Name='SubjectDomainName'>HQ</Data><!-- SUSPICIOUS: group_modification — 'scanner' added to Administrators by 'debug_user' --></EventData></Event>
<Event xmlns='http://schemas.microsoft.com/win/2004/08/events/event'><System><Provider Name='Service Control Manager' Guid='{EFE49B72-B89B-DFAA-8787-4406F04C9FE2}'/><EventID>7036</EventID><Version>0</Version><Level>4</Level><Task>None</Task><Opcode>Info</Opcode><Keywords>Classic</Keywords><TimeCreated SystemTime='2026-05-23T15:28:09.167Z'/><EventRecordID>289667</EventRecordID><Channel>System</Channel><Computer>WKS-PC001.hq.internal</Computer></System><EventData><Data Name='param1'>Workstation</Data><Data Name='param2'>running</Data></EventData></Event>
<Event xmlns='http://schemas.microsoft.com/win/2004/08/events/event'><System><Provider Name='Microsoft-Windows-Security-Auditing' Guid='{3D594378-D501-A326-A4A2-93EAAC9C975E}'/><EventID>4688</EventID><Version>0</Version><Level>0</Level><Task>Process Creation</Task><Opcode>Info</Opcode><Keywords>Audit Success</Keywords><TimeCreated SystemTime='2026-05-23T15:28:12.118Z'/><EventRecordID>857663</EventRecordID><Channel>Security</Channel><Computer>WKS-NB011.corp.local</Computer></System><EventData><Data Name='SubjectUserName'>rsantos</Data><Data Name='SubjectDomainName'>CORP</Data><Data Name='SubjectLogonId'>0x364E1</Data><Data Name='NewProcessName'>C:\Windows\System32\svchost.exe</Data><Data Name='ProcessId'>23981</Data><Data Name='CommandLine'>svchost.exe</Data><Data Name='ParentProcessName'>C:\Windows\System32\svchost.exe</Data></EventData></Event>
<Event xmlns='http://schemas.microsoft.com/win/2004/08/events/event'><System><Provider Name='Microsoft-Windows-Security-Auditing' Guid='{96635152-1432-A60F-A859-6B0E0634F843}'/><EventID>4634</EventID><Version>0</Version><Level>0</Level><Task>Logoff</Task><Opcode>Info</Opcode><Keywords>Audit Success</Keywords><TimeCreated SystemTime='2026-05-23T15:28:11.492Z'/><EventRecordID>967168</EventRecordID><Channel>Security</Channel><Computer>SRV-EXCH01.corp.local</Computer></System><EventData><Data Name='TargetUserName'>bribeiro</Data><Data Name='TargetDomainName'>HQ</Data><Data Name='TargetLogonId'>0x9975F</Data><Data Name='LogonType'>7</Data></EventData></Event>
<Event xmlns='http://schemas.microsoft.com/win/2004/08/events/event'><System><Provider Name='Microsoft-Windows-Security-Auditing' Guid='{9AD64EBA-5DFD-8649-A2EC-BE8BF0361EBD}'/><EventID>4688</EventID><Version>0</Version><Level>0</Level><Task>Process Creation</Task><Opcode>Info</Opcode><Keywords>Audit Success</Keywords><TimeCreated SystemTime='2026-05-23T15:28:08.708Z'/><EventRecordID>587645</EventRecordID><Channel>Security</Channel><Computer>SRV-FILE01.empresa.local</Computer></System><EventData><Data Name='SubjectUserName'>rsantos</Data><Data Name='SubjectDomainName'>EMPRESA</Data><Data Name='SubjectLogonId'>0xE0139</Data><Data Name='NewProcessName'>C:\Windows\System32\OneDrive.exe</Data><Data Name='ProcessId'>2645</Data><Data Name='CommandLine'>OneDrive.exe</Data><Data Name='ParentProcessName'>C:\Windows\System32\svchost.exe</Data></EventData></Event>
<Event xmlns='http://schemas.microsoft.com/win/2004/08/events/event'><System><Provider Name='Microsoft-Windows-Security-Auditing' Guid='{7AEEFA8F-E2E0-ED58-3403-7D90224226AE}'/><EventID>4634</EventID><Version>0</Version><Level>0</Level><Task>Logoff</Task><Opcode>Info</Opcode><Keywords>Audit Success</Keywords><TimeCreated SystemTime='2026-05-23T15:28:09.414Z'/><EventRecordID>415398</EventRecordID><Channel>Security</Channel><Computer>SRV-DC02.hq.internal</Computer></System><EventData><Data Name='TargetUserName'>loliveira</Data><Data Name='TargetDomainName'>HQ</Data><Data Name='TargetLogonId'>0x28A2B</Data><Data Name='LogonType'>3</Data></EventData></Event>
<Event xmlns='http://schemas.microsoft.com/win/2004/08/events/event'><System><Provider Name='Microsoft-Windows-Security-Auditing' Guid='{63FFE373-EEF3-7F1A-07F0-7354F7E3E4A2}'/><EventID>4688</EventID><Version>0</Version><Level>0</Level><Task>Process Creation</Task><Opcode>Info</Opcode><Keywords>Audit Success</Keywords><TimeCreated SystemTime='2026-05-23T15:28:11.378Z'/><EventRecordID>899106</EventRecordID><Channel>Security</Channel><Computer>SRV-FILE01.hq.internal</Computer></System><EventData><Data Name='SubjectUserName'>tlima</Data><Data Name='SubjectDomainName'>CORP</Data><Data Name='SubjectLogonId'>0x78D3D</Data><Data Name='NewProcessName'>C:\Windows\System32\OneDrive.exe</Data><Data Name='ProcessId'>6902</Data><Data Name='CommandLine'>OneDrive.exe</Data><Data Name='ParentProcessName'>C:\Windows\System32\svchost.exe</Data></EventData></Event>
<Event xmlns='http://schemas.microsoft.com/win/2004/08/events/event'><System><Provider Name='Microsoft-Windows-Security-Auditing' Guid='{AF057613-C403-121C-032C-607DEF691C55}'/><EventID>4634</EventID><Version>0</Version><Level>0</Level><Task>Logoff</Task><Opcode>Info</Opcode><Keywords>Audit Success</Keywords><TimeCreated SystemTime='2026-05-23T15:28:09.713Z'/><EventRecordID>663650</EventRecordID><Channel>Security</Channel><Computer>SRV-WEB01.hq.internal</Computer></System><EventData><Data Name='TargetUserName'>psouza</Data><Data Name='TargetDomainName'>EMPRESA</Data><Data Name='TargetLogonId'>0x454F6</Data><Data Name='LogonType'>3</Data></EventData></Event>
<Event xmlns='http://schemas.microsoft.com/win/2004/08/events/event'><System><Provider Name='Service Control Manager' Guid='{3E55EEA3-0388-3ADC-061D-4061B3B8D4CB}'/><EventID>7036</EventID><Version>0</Version><Level>4</Level><Task>None</Task><Opcode>Info</Opcode><Keywords>Classic</Keywords><TimeCreated SystemTime='2026-05-23T15:28:08.891Z'/><EventRecordID>738975</EventRecordID><Channel>System</Channel><Computer>SRV-WEB01.hq.internal</Computer></System><EventData><Data Name='param1'>DNS Client</Data><Data Name='param2'>running</Data></EventData></Event>
<Event xmlns='http://schemas.microsoft.com/win/2004/08/events/event'><System><Provider Name='Microsoft-Windows-Security-Auditing' Guid='{0F5EFC5E-F80C-C61A-D997-876C99A8006B}'/><EventID>4697</EventID><Version>0</Version><Level>0</Level><Task>Security System Extension</Task><Opcode>Info</Opcode><Keywords>Audit Success</Keywords><TimeCreated SystemTime='2026-05-23T15:28:11.221Z'/><EventRecordID>467659</EventRecordID><Channel>Security</Channel><Computer>SRV-DC01.empresa.local</Computer></System><EventData><Data Name='SubjectUserName'>guest</Data><Data Name='SubjectDomainName'>EMPRESA</Data><Data Name='ServiceName'>EvilSvc</Data><Data Name='ServiceFileName'>C:\ProgramData\svc.exe</Data><Data Name='ServiceType'>0x10</Data><Data Name='ServiceStartType'>2</Data><!-- SUSPICIOUS: suspicious_service_install — service 'EvilSvc' installed by 'guest' --></EventData></Event>
<Event xmlns='http://schemas.microsoft.com/win/2004/08/events/event'><System><Provider Name='Microsoft-Windows-Security-Auditing' Guid='{F7F1EF79-7397-8915-5D6D-8F2651AD4E51}'/><EventID>4688</EventID><Version>0</Version><Level>0</Level><Task>Process Creation</Task><Opcode>Info</Opcode><Keywords>Audit Success</Keywords><TimeCreated SystemTime='2026-05-23T15:28:11.779Z'/><EventRecordID>819646</EventRecordID><Channel>Security</Channel><Computer>SRV-APP01.corp.local</Computer></System><EventData><Data Name='SubjectUserName'>acastro</Data><Data Name='SubjectDomainName'>HQ</Data><Data Name='SubjectLogonId'>0x99A99</Data><Data Name='NewProcessName'>C:\Windows\System32\teams.exe</Data><Data Name='ProcessId'>11668</Data><Data Name='CommandLine'>teams.exe</Data><Data Name='ParentProcessName'>C:\Windows\System32\svchost.exe</Data></EventData></Event>
<Event xmlns='http://schemas.microsoft.com/win/2004/08/events/event'><System><Provider Name='Service Control Manager' Guid='{CB70330B-16C3-DDA3-D08C-36422AB31024}'/><EventID>7036</EventID><Version>0</Version><Level>4</Level><Task>None</Task><Opcode>Info</Opcode><Keywords>Classic</Keywords><TimeCreated SystemTime='2026-05-23T15:28:11.357Z'/><EventRecordID>801648</EventRecordID><Channel>System</Channel><Computer>SRV-FILE01.hq.internal</Computer></System><EventData><Data Name='param1'>Windows Defender</Data><Data Name='param2'>stopped</Data></EventData></Event>
<Event xmlns='http://schemas.microsoft.com/win/2004/08/events/event'><System><Provider Name='Microsoft-Windows-Security-Auditing' Guid='{D7F77842-DA05-F1B0-352A-F588D9A8B691}'/><EventID>4697</EventID><Version>0</Version><Level>0</Level><Task>Security System Extension</Task><Opcode>Info</Opcode><Keywords>Audit Success</Keywords><TimeCreated SystemTime='2026-05-23T15:28:10.284Z'/><EventRecordID>828986</EventRecordID><Channel>Security</Channel><Computer>WKS-NB011.empresa.local</Computer></System><EventData><Data Name='SubjectUserName'>test</Data><Data Name='SubjectDomainName'>EMPRESA</Data><Data Name='ServiceName'>ChromeUpdater</Data><Data Name='ServiceFileName'>C:\Windows\Temp\helper.exe</Data><Data Name='ServiceType'>0x10</Data><Data Name='ServiceStartType'>2</Data><!-- SUSPICIOUS: suspicious_service_install — service 'ChromeUpdater' installed by 'test' --></EventData></Event>
<Event xmlns='http://schemas.microsoft.com/win/2004/08/events/event'><System><Provider Name='Microsoft-Windows-Security-Auditing' Guid='{4E99A9C2-97BE-04AF-31CF-1195033CE392}'/><EventID>4688</EventID><Version>0</Version><Level>0</Level><Task>Process Creation</Task><Opcode>Info</Opcode><Keywords>Audit Success</Keywords><TimeCreated SystemTime='2026-05-23T15:28:09.396Z'/><EventRecordID>894732</EventRecordID><Channel>Security</Channel><Computer>SRV-APP01.corp.local</Computer></System><EventData><Data Name='SubjectUserName'>jsilva</Data><Data Name='SubjectDomainName'>HQ</Data><Data Name='SubjectLogonId'>0x5D4FC</Data><Data Name='NewProcessName'>C:\Windows\System32\MsMpEng.exe</Data><Data Name='ProcessId'>25559</Data><Data Name='CommandLine'>MsMpEng.exe</Data><Data Name='ParentProcessName'>C:\Windows\System32\svchost.exe</Data></EventData></Event>
<Event xmlns='http://schemas.microsoft.com/win/2004/08/events/event'><System><Provider Name='Microsoft-Windows-Security-Auditing' Guid='{EDBADB1D-85B0-A06E-3C12-C4650F63BBD7}'/><EventID>4688</EventID><Version>0</Version><Level>0</Level><Task>Process Creation</Task><Opcode>Info</Opcode><Keywords>Audit Success</Keywords><TimeCreated SystemTime='2026-05-23T15:28:11.636Z'/><EventRecordID>138678</EventRecordID><Channel>Security</Channel><Computer>SRV-DB01.hq.internal</Computer></System><EventData><Data Name='SubjectUserName'>nalmeida</Data><Data Name='SubjectDomainName'>HQ</Data><Data Name='SubjectLogonId'>0x47AD8</Data><Data Name='NewProcessName'>C:\Windows\System32\outlook.exe</Data><Data Name='ProcessId'>24130</Data><Data Name='CommandLine'>outlook.exe</Data><Data Name='ParentProcessName'>C:\Windows\System32\svchost.exe</Data></EventData></Event>
<Event xmlns='http://schemas.microsoft.com/win/2004/08/events/event'><System><Provider Name='Microsoft-Windows-Security-Auditing' Guid='{F0A3C7DC-C0A5-B0FA-0B71-8F63199D5186}'/><EventID>4634</EventID><Version>0</Version><Level>0</Level><Task>Logoff</Task><Opcode>Info</Opcode><Keywords>Audit Success</Keywords><TimeCreated SystemTime='2026-05-23T15:28:10.670Z'/><EventRecordID>438749</EventRecordID><Channel>Security</Channel><Computer>SRV-DB01.hq.internal</Computer></System><EventData><Data Name='TargetUserName'>nalmeida</Data><Data Name='TargetDomainName'>CORP</Data><Data Name='TargetLogonId'>0xB1612</Data><Data Name='LogonType'>7</Data></EventData></Event>
<Event xmlns='http://schemas.microsoft.com/win/2004/08/events/event'><System><Provider Name='Microsoft-Windows-Security-Auditing' Guid='{824CC474-4982-FD49-0647-8DDB9D897F8E}'/><EventID>4634</EventID><Version>0</Version><Level>0</Level><Task>Logoff</Task><Opcode>Info</Opcode><Keywords>Audit Success</Keywords><TimeCreated SystemTime='2026-05-23T15:28:09.882Z'/><EventRecordID>999868</EventRecordID><Channel>Security</Channel><Computer>WKS-PC001.empresa.local</Computer></System><EventData><Data Name='TargetUserName'>psouza</Data><Data Name='TargetDomainName'>CORP</Data><Data Name='TargetLogonId'>0x81DE8</Data><Data Name='LogonType'>2</Data></EventData></Event>
<Event xmlns='http://schemas.microsoft.com/win/2004/08/events/event'><System><Provider Name='Microsoft-Windows-Security-Auditing' Guid='{A45C2C1A-EB17-C983-201E-B2E5DBA0DAF1}'/><EventID>4624</EventID><Version>0</Version><Level>0</Level><Task>Logon</Task><Opcode>Info</Opcode><Keywords>Audit Success</Keywords><TimeCreated SystemTime='2026-05-23T15:28:10.241Z'/><EventRecordID>573220</EventRecordID><Channel>Security</Channel><Computer>WKS-PC002.hq.internal</Computer></System><EventData><Data Name='SubjectUserSid'>S-1-5-18</Data><Data Name='SubjectUserName'>WKS-PC002$</Data><Data Name='SubjectDomainName'>EMPRESA</Data><Data Name='SubjectLogonId'>0xD90FF</Data><Data Name='TargetUserSid'>S-1-5-21-9369970-6183</Data><Data Name='TargetUserName'>mfernandes</Data><Data Name='TargetDomainName'>EMPRESA</Data><Data Name='TargetLogonId'>0x3A7DD</Data><Data Name='LogonType'>3</Data><Data Name='IpAddress'>10.0.1.10</Data><Data Name='IpPort'>55793</Data><Data Name='WorkstationName'>WKS-PC002</Data></EventData></Event>
<Event xmlns='http://schemas.microsoft.com/win/2004/08/events/event'><System><Provider Name='Microsoft-Windows-Security-Auditing' Guid='{F2263D83-80C6-9C39-95FD-D75476314A3B}'/><EventID>4634</EventID><Version>0</Version><Level>0</Level><Task>Logoff</Task><Opcode>Info</Opcode><Keywords>Audit Success</Keywords><TimeCreated SystemTime='2026-05-23T15:28:08.290Z'/><EventRecordID>415570</EventRecordID><Channel>Security</Channel><Computer>SRV-FILE01.hq.internal</Computer></System><EventData><Data Name='TargetUserName'>bribeiro</Data><Data Name='TargetDomainName'>HQ</Data><Data Name='TargetLogonId'>0x43D01</Data><Data Name='LogonType'>3</Data></EventData></Event>
<Event xmlns='http://schemas.microsoft.com/win/2004/08/events/event'><System><Provider Name='Microsoft-Windows-Security-Auditing' Guid='{3EBEE2A3-B5A5-C58A-F459-31BD58743D76}'/><EventID>4624</EventID><Version>0</Version><Level>0</Level><Task>Logon</Task><Opcode>Info</Opcode><Keywords>Audit Success</Keywords><TimeCreated SystemTime='2026-05-23T15:28:11.435Z'/><EventRecordID>197284</EventRecordID><Channel>Security</Channel><Computer>SRV-EXCH01.corp.local</Computer></System><EventData><Data Name='SubjectUserSid'>S-1-5-18</Data><Data Name='SubjectUserName'>SRV-FILE01$</Data><Data Name='SubjectDomainName'>HQ</Data><Data Name='SubjectLogonId'>0xBB23A</Data><Data Name='TargetUserSid'>S-1-5-21-4434223-3472</Data><Data Name='TargetUserName'>mfernandes</Data><Data Name='TargetDomainName'>HQ</Data><Data Name='TargetLogonId'>0x5F51A</Data><Data Name='LogonType'>3</Data><Data Name='IpAddress'>172.16.1.100</Data><Data Name='IpPort'>62639</Data><Data Name='WorkstationName'>SRV-FILE01</Data></EventData></Event>
<Event xmlns='http://schemas.microsoft.com/win/2004/08/events/event'><System><Provider Name='Microsoft-Windows-Security-Auditing' Guid='{34F68854-73DE-B544-7CE9-EE25155ADDB2}'/><EventID>4697</EventID><Version>0</Version><Level>0</Level><Task>Security System Extension</Task><Opcode>Info</Opcode><Keywords>Audit Success</Keywords><TimeCreated SystemTime='2026-05-23T15:28:09.705Z'/><EventRecordID>763041</EventRecordID><Channel>Security</Channel><Computer>SRV-WEB01.corp.local</Computer></System><EventData><Data Name='SubjectUserName'>scanner</Data><Data Name='SubjectDomainName'>CORP</Data><Data Name='ServiceName'>ChromeUpdater</Data><Data Name='ServiceFileName'>C:\ProgramData\svc.exe</Data><Data Name='ServiceType'>0x10</Data><Data Name='ServiceStartType'>2</Data><!-- SUSPICIOUS: suspicious_service_install — service 'ChromeUpdater' installed by 'scanner' --></EventData></Event>
<Event xmlns='http://schemas.microsoft.com/win/2004/08/events/event'><System><Provider Name='Microsoft-Windows-Security-Auditing' Guid='{DE71711E-27FA-E60B-00E8-2C32AF65F664}'/><EventID>4634</EventID><Version>0</Version><Level>0</Level><Task>Logoff</Task><Opcode>Info</Opcode><Keywords>Audit Success</Keywords><TimeCreated SystemTime='2026-05-23T15:28:10.958Z'/><EventRecordID>287182</EventRecordID><Channel>Security</Channel><Computer>SRV-DC02.hq.internal</Computer></System><EventData><Data Name='TargetUserName'>acastro</Data><Data Name='TargetDomainName'>CORP</Data><Data Name='TargetLogonId'>0xD8FAD</Data><Data Name='LogonType'>7</Data></EventData></Event>
<Event xmlns='http://schemas.microsoft.com/win/2004/08/events/event'><System><Provider Name='Microsoft-Windows-Security-Auditing' Guid='{262EF89B-2C2E-E583-F8CA-4DB0D52B13F5}'/><EventID>4624</EventID><Version>0</Version><Level>0</Level><Task>Logon</Task><Opcode>Info</Opcode><Keywords>Audit Success</Keywords><TimeCreated SystemTime='2026-05-23T15:28:09.058Z'/><EventRecordID>149906</EventRecordID><Channel>Security</Channel><Computer>WKS-PC003.hq.internal</Computer></System><EventData><Data Name='SubjectUserSid'>S-1-5-18</Data><Data Name='SubjectUserName'>SRV-DC02$</Data><Data Name='SubjectDomainName'>CORP</Data><Data Name='SubjectLogonId'>0xB1A04</Data><Data Name='TargetUserSid'>S-1-5-21-4107749-3295</Data><Data Name='TargetUserName'>acosta</Data><Data Name='TargetDomainName'>CORP</Data><Data Name='TargetLogonId'>0x5C498</Data><Data Name='LogonType'>10</Data><Data Name='IpAddress'>172.16.0.5</Data><Data Name='IpPort'>57193</Data><Data Name='WorkstationName'>SRV-DC02</Data></EventData></Event>
<Event xmlns='http://schemas.microsoft.com/win/2004/08/events/event'><System><Provider Name='Service Control Manager' Guid='{8B5596B2-CFE4-E1A9-EDCE-59206E1CF47E}'/><EventID>7036</EventID><Version>0</Version><Level>4</Level><Task>None</Task><Opcode>Info</Opcode><Keywords>Classic</Keywords><TimeCreated SystemTime='2026-05-23T15:28:12.156Z'/><EventRecordID>213847</EventRecordID><Channel>System</Channel><Computer>SRV-PRINT01.empresa.local</Computer></System><EventData><Data Name='param1'>Workstation</Data><Data Name='param2'>running</Data></EventData></Event>
<Event xmlns='http://schemas.microsoft.com/win/2004/08/events/event'><System><Provider Name='Service Control Manager' Guid='{2F2299A5-2CF1-0337-9AE4-073583BD0BD6}'/><EventID>7036</EventID><Version>0</Version><Level>4</Level><Task>None</Task><Opcode>Info</Opcode><Keywords>Classic</Keywords><TimeCreated SystemTime='2026-05-23T15:28:08.865Z'/><EventRecordID>365508</EventRecordID><Channel>System</Channel><Computer>WKS-PC002.hq.internal</Computer></System><EventData><Data Name='param1'>Windows Defender</Data><Data Name='param2'>stopped</Data></EventData></Event>
<Event xmlns='http://schemas.microsoft.com/win/2004/08/events/event'><System><Provider Name='Microsoft-Windows-Security-Auditing' Guid='{9B27B80B-26A1-B1D5-0D06-7CF40780A020}'/><EventID>4624</EventID><Version>0</Version><Level>0</Level><Task>Logon</Task><Opcode>Info</Opcode><Keywords>Audit Success</Keywords><TimeCreated SystemTime='2026-05-23T15:28:11.593Z'/><EventRecordID>438932</EventRecordID><Channel>Security</Channel><Computer>WKS-PC003.hq.internal</Computer></System><EventData><Data Name='SubjectUserSid'>S-1-5-18</Data><Data Name='SubjectUserName'>SRV-FILE01$</Data><Data Name='SubjectDomainName'>EMPRESA</Data><Data Name='SubjectLogonId'>0x12852</Data><Data Name='TargetUserSid'>S-1-5-21-5174684-9578</Data><Data Name='TargetUserName'>loliveira</Data><Data Name='TargetDomainName'>EMPRESA</Data><Data Name='TargetLogonId'>0x1C2E0</Data><Data Name='LogonType'>10</Data><Data Name='IpAddress'>192.168.1.50</Data><Data Name='IpPort'>56236</Data><Data Name='WorkstationName'>SRV-FILE01</Data></EventData></Event>
<Event xmlns='http://schemas.microsoft.com/win/2004/08/events/event'><System><Provider Name='Microsoft-Windows-Security-Auditing' Guid='{273A2951-251D-9494-5564-410628DFA917}'/><EventID>4624</EventID><Version>0</Version><Level>0</Level><Task>Logon</Task><Opcode>Info</Opcode><Keywords>Audit Success</Keywords><TimeCreated SystemTime='2026-05-23T15:28:09.883Z'/><EventRecordID>675364</EventRecordID><Channel>Security</Channel><Computer>SRV-FILE01.hq.internal</Computer></System><EventData><Data Name='SubjectUserSid'>S-1-5-18</Data><Data Name='SubjectUserName'>WKS-PC003$</Data><Data Name='SubjectDomainName'>HQ</Data><Data Name='SubjectLogonId'>0x16401</Data><Data Name='TargetUserSid'>S-1-5-21-1320106-7980</Data><Data Name='TargetUserName'>ggomes</Data><Data Name='TargetDomainName'>HQ</Data><Data Name='TargetLogonId'>0xFB214</Data><Data Name='LogonType'>10</Data><Data Name='IpAddress'>192.168.1.100</Data><Data Name='IpPort'>63221</Data><Data Name='WorkstationName'>WKS-PC003</Data></EventData></Event>
<Event xmlns='http://schemas.microsoft.com/win/2004/08/events/event'><System><Provider Name='Microsoft-Windows-Security-Auditing' Guid='{54957DDA-BDB0-5905-EA47-92C156BF80F7}'/><EventID>4624</EventID><Version>0</Version><Level>0</Level><Task>Logon</Task><Opcode>Info</Opcode><Keywords>Audit Success</Keywords><TimeCreated SystemTime='2026-05-23T15:28:11.355Z'/><EventRecordID>151858</EventRecordID><Channel>Security</Channel><Computer>WKS-PC002.corp.local</Computer></System><EventData><Data Name='SubjectUserSid'>S-1-5-18</Data><Data Name='SubjectUserName'>WKS-PC001$</Data><Data Name='SubjectDomainName'>EMPRESA</Data><Data Name='SubjectLogonId'>0x42ECF</Data><Data Name='TargetUserSid'>S-1-5-21-2288961-1189</Data><Data Name='TargetUserName'>psouza</Data><Data Name='TargetDomainName'>EMPRESA</Data><Data Name='TargetLogonId'>0x93BAD</Data><Data Name='LogonType'>3</Data><Data Name='IpAddress'>172.16.1.100</Data><Data Name='IpPort'>63182</Data><Data Name='WorkstationName'>WKS-PC001</Data></EventData></Event>
<Event xmlns='http://schemas.microsoft.com/win/2004/08/events/event'><System><Provider Name='Microsoft-Windows-Security-Auditing' Guid='{3B11258E-96F0-5F8E-EB29-12A90CA93A86}'/><EventID>4634</EventID><Version>0</Version><Level>0</Level><Task>Logoff</Task><Opcode>Info</Opcode><Keywords>Audit Success</Keywords><TimeCreated SystemTime='2026-05-23T15:28:11.050Z'/><EventRecordID>350807</EventRecordID><Channel>Security</Channel><Computer>WKS-NB011.empresa.local</Computer></System><EventData><Data Name='TargetUserName'>bribeiro</Data><Data Name='TargetDomainName'>CORP</Data><Data Name='TargetLogonId'>0x4C081</Data><Data Name='LogonType'>2</Data></EventData></Event>
<Event xmlns='http://schemas.microsoft.com/win/2004/08/events/event'><System><Provider Name='Microsoft-Windows-Security-Auditing' Guid='{D81589D7-9F63-A2E0-D726-D7D9D03DE29C}'/><EventID>4624</EventID><Version>0</Version><Level>0</Level><Task>Logon</Task><Opcode>Info</Opcode><Keywords>Audit Success</Keywords><TimeCreated SystemTime='2026-05-23T15:28:09.036Z'/><EventRecordID>832726</EventRecordID><Channel>Security</Channel><Computer>SRV-EXCH01.empresa.local</Computer></System><EventData><Data Name='SubjectUserSid'>S-1-5-18</Data><Data Name='SubjectUserName'>WKS-NB011$</Data><Data Name='SubjectDomainName'>HQ</Data><Data Name='SubjectLogonId'>0xA0E18</Data><Data Name='TargetUserSid'>S-1-5-21-1028264-9732</Data><Data Name='TargetUserName'>jsilva</Data><Data Name='TargetDomainName'>HQ</Data><Data Name='TargetLogonId'>0x808A3</Data><Data Name='LogonType'>2</Data><Data Name='IpAddress'>192.168.1.100</Data><Data Name='IpPort'>54637</Data><Data Name='WorkstationName'>WKS-NB011</Data></EventData></Event>
<Event xmlns='http://schemas.microsoft.com/win/2004/08/events/event'><System><Provider Name='Service Control Manager' Guid='{E908411B-56F7-9793-6474-D75BF586B244}'/><EventID>7036</EventID><Version>0</Version><Level>4</Level><Task>None</Task><Opcode>Info</Opcode><Keywords>Classic</Keywords><TimeCreated SystemTime='2026-05-23T15:28:11.234Z'/><EventRecordID>732616</EventRecordID><Channel>System</Channel><Computer>SRV-DC02.hq.internal</Computer></System><EventData><Data Name='param1'>Workstation</Data><Data Name='param2'>running</Data></EventData></Event>
<Event xmlns='http://schemas.microsoft.com/win/2004/08/events/event'><System><Provider Name='Microsoft-Windows-Security-Auditing' Guid='{D8FE4FC1-300B-C1A1-D288-1A5AB4B96665}'/><EventID>4688</EventID><Version>0</Version><Level>0</Level><Task>Process Creation</Task><Opcode>Info</Opcode><Keywords>Audit Success</Keywords><TimeCreated SystemTime='2026-05-23T15:28:09.361Z'/><EventRecordID>360466</EventRecordID><Channel>Security</Channel><Computer>SRV-WEB01.corp.local</Computer></System><EventData><Data Name='SubjectUserName'>jsilva</Data><Data Name='SubjectDomainName'>CORP</Data><Data Name='SubjectLogonId'>0xBCE73</Data><Data Name='NewProcessName'>C:\Windows\System32\chrome.exe</Data><Data Name='ProcessId'>12423</Data><Data Name='CommandLine'>chrome.exe</Data><Data Name='ParentProcessName'>C:\Windows\System32\svchost.exe</Data></EventData></Event>
<Event xmlns='http://schemas.microsoft.com/win/2004/08/events/event'><System><Provider Name='Microsoft-Windows-Security-Auditing' Guid='{0769240D-8BC5-F974-00A9-A69B483EE6AD}'/><EventID>4688</EventID><Version>0</Version><Level>0</Level><Task>Process Creation</Task><Opcode>Info</Opcode><Keywords>Audit Success</Keywords><TimeCreated SystemTime='2026-05-23T15:28:11.626Z'/><EventRecordID>981064</EventRecordID><Channel>Security</Channel><Computer>SRV-WEB01.corp.local</Computer></System><EventData><Data Name='SubjectUserName'>nalmeida</Data><Data Name='SubjectDomainName'>HQ</Data><Data Name='SubjectLogonId'>0x7D65A</Data><Data Name='NewProcessName'>C:\Windows\System32\SearchIndexer.exe</Data><Data Name='ProcessId'>27571</Data><Data Name='CommandLine'>SearchIndexer.exe</Data><Data Name='ParentProcessName'>C:\Windows\System32\svchost.exe</Data></EventData></Event>
<Event xmlns='http://schemas.microsoft.com/win/2004/08/events/event'><System><Provider Name='Service Control Manager' Guid='{46315D69-F18E-D8D1-42EF-36E13975CB32}'/><EventID>7036</EventID><Version>0</Version><Level>4</Level><Task>None</Task><Opcode>Info</Opcode><Keywords>Classic</Keywords><TimeCreated SystemTime='2026-05-23T15:28:09.424Z'/><EventRecordID>441015</EventRecordID><Channel>System</Channel><Computer>WKS-PC001.corp.local</Computer></System><EventData><Data Name='param1'>Workstation</Data><Data Name='param2'>running</Data></EventData></Event>
<Event xmlns='http://schemas.microsoft.com/win/2004/08/events/event'><System><Provider Name='Microsoft-Windows-Security-Auditing' Guid='{31EDB88C-3EB3-2735-C319-9C7F6BB49FE2}'/><EventID>4624</EventID><Version>0</Version><Level>0</Level><Task>Logon</Task><Opcode>Info</Opcode><Keywords>Audit Success</Keywords><TimeCreated SystemTime='2026-05-23T15:28:08.680Z'/><EventRecordID>432288</EventRecordID><Channel>Security</Channel><Computer>WKS-NB010.hq.internal</Computer></System><EventData><Data Name='SubjectUserSid'>S-1-5-18</Data><Data Name='SubjectUserName'>SRV-DC02$</Data><Data Name='SubjectDomainName'>CORP</Data><Data Name='SubjectLogonId'>0xC88F8</Data><Data Name='TargetUserSid'>S-1-5-21-3975695-3325</Data><Data Name='TargetUserName'>rsantos</Data><Data Name='TargetDomainName'>CORP</Data><Data Name='TargetLogonId'>0x87EBB</Data><Data Name='LogonType'>2</Data><Data Name='IpAddress'>10.0.2.200</Data><Data Name='IpPort'>64815</Data><Data Name='WorkstationName'>SRV-DC02</Data></EventData></Event>
<Event xmlns='http://schemas.microsoft.com/win/2004/08/events/event'><System><Provider Name='Microsoft-Windows-Security-Auditing' Guid='{8DDCE394-93B6-D0C1-9750-E97EBD36F54C}'/><EventID>4697</EventID><Version>0</Version><Level>0</Level><Task>Security System Extension</Task><Opcode>Info</Opcode><Keywords>Audit Success</Keywords><TimeCreated SystemTime='2026-05-23T15:28:10.271Z'/><EventRecordID>593634</EventRecordID><Channel>Security</Channel><Computer>WKS-PC003.hq.internal</Computer></System><EventData><Data Name='SubjectUserName'>guest</Data><Data Name='SubjectDomainName'>HQ</Data><Data Name='ServiceName'>EvilSvc</Data><Data Name='ServiceFileName'>C:\Windows\Temp\helper.exe</Data><Data Name='ServiceType'>0x10</Data><Data Name='ServiceStartType'>2</Data><!-- SUSPICIOUS: suspicious_service_install — service 'EvilSvc' installed by 'guest' --></EventData></Event>
<Event xmlns='http://schemas.microsoft.com/win/2004/08/events/event'><System><Provider Name='Microsoft-Windows-Security-Auditing' Guid='{5477D505-23EF-33C7-F699-AA08A84A1F5A}'/><EventID>4634</EventID><Version>0</Version><Level>0</Level><Task>Logoff</Task><Opcode>Info</Opcode><Keywords>Audit Success</Keywords><TimeCreated SystemTime='2026-05-23T15:28:09.301Z'/><EventRecordID>375579</EventRecordID><Channel>Security</Channel><Computer>WKS-PC001.corp.local</Computer></System><EventData><Data Name='TargetUserName'>fmendes</Data><Data Name='TargetDomainName'>HQ</Data><Data Name='TargetLogonId'>0x9B426</Data><Data Name='LogonType'>3</Data></EventData></Event>
<Event xmlns='http://schemas.microsoft.com/win/2004/08/events/event'><System><Provider Name='Microsoft-Windows-Security-Auditing' Guid='{C4B94315-2CD8-A403-B9C1-16C8B1EF6719}'/><EventID>4624</EventID><Version>0</Version><Level>0</Level><Task>Logon</Task><Opcode>Info</Opcode><Keywords>Audit Success</Keywords><TimeCreated SystemTime='2026-05-23T15:28:11.945Z'/><EventRecordID>901486</EventRecordID><Channel>Security</Channel><Computer>WKS-PC003.empresa.local</Computer></System><EventData><Data Name='SubjectUserSid'>S-1-5-18</Data><Data Name='SubjectUserName'>WKS-NB010$</Data><Data Name='SubjectDomainName'>CORP</Data><Data Name='SubjectLogonId'>0x48537</Data><Data Name='TargetUserSid'>S-1-5-21-2293863-6696</Data><Data Name='TargetUserName'>fmendes</Data><Data Name='TargetDomainName'>CORP</Data><Data Name='TargetLogonId'>0x59CFD</Data><Data Name='LogonType'>3</Data><Data Name='IpAddress'>172.16.0.5</Data><Data Name='IpPort'>50602</Data><Data Name='WorkstationName'>WKS-NB010</Data></EventData></Event>
<Event xmlns='http://schemas.microsoft.com/win/2004/08/events/event'><System><Provider Name='Microsoft-Windows-Security-Auditing' Guid='{907897A7-EDD5-D383-9CBC-60979E1E59D9}'/><EventID>4634</EventID><Version>0</Version><Level>0</Level><Task>Logoff</Task><Opcode>Info</Opcode><Keywords>Audit Success</Keywords><TimeCreated SystemTime='2026-05-23T15:28:10.977Z'/><EventRecordID>521718</EventRecordID><Channel>Security</Channel><Computer>WKS-PC002.empresa.local</Computer></System><EventData><Data Name='TargetUserName'>acosta</Data><Data Name='TargetDomainName'>EMPRESA</Data><Data Name='TargetLogonId'>0x9AE7B</Data><Data Name='LogonType'>2</Data></EventData></Event>
