<Event xmlns='http://schemas.microsoft.com/win/2004/08/events/event'><System><Provider Name='Microsoft-Windows-Security-Auditing' Guid='{4CECC83A-F38D-38E1-A62B-04EA8BC9CD0E}'/><EventID>4634</EventID><Version>0</Version><Level>0</Level><Task>Logoff</Task><Opcode>Info</Opcode><Keywords>Audit Success</Keywords><TimeCreated SystemTime='2026-05-23T15:28:10.818Z'/><EventRecordID>784159</EventRecordID><Channel>Security</Channel><Computer>SRV-APP01.corp.local</Computer></System><EventData><Data Name='TargetUserName'>cpereira</Data><Data Name='TargetDomainName'>EMPRESA</Data><Data Name='TargetLogonId'>0x6A3C5</Data><Data Name='LogonType'>7</Data></EventData></Event>
<Event xmlns='http://schemas.microsoft.com/win/2004/08/events/event'><System><Provider Name='Microsoft-Windows-Security-Auditing' Guid='{0BA4A8F0-B971-2AA4-8832-4188C05D7524}'/><EventID>4624</EventID><Version>0</Version><Level>0</Level><Task>Logon</Task><Opcode>Info</Opcode><Keywords>Audit Success</Keywords><TimeCreated SystemTime='2026-05-23T15:28:11.195Z'/><EventRecordID>168329</EventRecordID><Channel>Security</Channel><Computer>WKS-NB010.corp.local</Computer></System><EventData><Data Name='SubjectUserSid'>S-1-5-18</Data><Data Name='SubjectUserName'>SRV-DC02$</Data><Data Name='SubjectDomainName'>HQ</Data><Data Name='SubjectLogonId'>0x3CD97</Data><Data Name='TargetUserSid'>S-1-5-21-6573052-8283</Data><Data Name='TargetUserName'>acastro</Data><Data Name='TargetDomainName'>HQ</Data><Data Name='TargetLogonId'>0x5B675</Data><Data Name='LogonType'>3</Data><Data Name='IpAddress'>10.0.2.200</Data><Data Name='IpPort'>49456</Data><Data Name='WorkstationName'>SRV-DC02</Data></EventData></Event>
<Event xmlns='http://schemas.microsoft.com/win/2004/08/events/event'><System><Provider Name='Microsoft-Windows-Security-Auditing' Guid='{9A1CDFD0-947D-2E3D-3688-21CA964B2FFB}'/><EventID>4624</EventID><Version>0</Version><Level>0</Level><Task>Logon</Task><Opcode>Info</Opcode><Keywords>Audit Success</Keywords><TimeCreated SystemTime='2026-05-23T15:28:10.327Z'/><EventRecordID>858290</EventRecordID><Channel>Security</Channel><Computer>WKS-PC002.corp.local</Computer></System><EventData><Data Name='SubjectUserSid'>S-1-5-18</Data><Data Name='SubjectUserName'>WKS-PC003$</Data><Data Name='SubjectDomainName'>HQ</Data><Data Name='SubjectLogonId'>0xD1A83</Data><Data Name='TargetUserSid'>S-1-5-21-7271808-8781</Data><Data Name='TargetUserName'>fmendes</Data><Data Name='TargetDomainName'>HQ</Data><Data Name='TargetLogonId'>0xED674</Data><Data Name='LogonType'>7</Data><Data Name='IpAddress'>10.0.2.200</Data><Data Name='IpPort'>59342</Data><Data Name='WorkstationName'>WKS-PC003</Data></EventData></Event>
<Event xmlns='http://schemas.microsoft.com/win/2004/08/events/event'><System><Provider Name='Microsoft-Windows-Security-Auditing' Guid='{1BFEB18A-D765-2244-D525-C313B4349694}'/><EventID>4634</EventID><Version>0</Version><Level>0</Level><Task>Logoff</Task><Opcode>Info</Opcode><Keywords>Audit Success</Keywords><TimeCreated SystemTime='2026-05-23T15:28:08.525Z'/><EventRecordID>670823</EventRecordID><Channel>Security</Channel><Computer>WKS-PC002.hq.internal</Computer></System><EventData><Data Name='TargetUserName'>dfreitas</Data><Data Name='TargetDomainName'>HQ</Data><Data Name='TargetLogonId'>0xCA3E6</Data><Data Name='LogonType'>7</Data></EventData></Event>
<Event xmlns='http://schemas.microsoft.com/win/2004/08/events/event'><System><Provider Name='Microsoft-Windows-Security-Auditing' Guid='{A2E3283B-9CBD-EC98-3C12-3EF11222C2F8}'/><EventID>4688</EventID><Version>0</Version><Level>0</Level><Task>Process Creation</Task><Opcode>Info</Opcode><Keywords>Audit Success</Keywords><TimeCreated SystemTime='2026-05-23T15:28:09.994Z'/><EventRecordID>546626</EventRecordID><Channel>Security</Channel><Computer>WKS-NB010.corp.local</Computer></System><EventData><Data Name='SubjectUserName'>bribeiro</Data><Data Name='SubjectDomainName'>CORP</Data><Data Name='SubjectLogonId'>0x568E4</Data><Data Name='NewProcessName'>C:\Windows\System32\outlook.exe</Data><Data Name='ProcessId'>7487</Data><Data Name='CommandLine'>outlook.exe</Data><Data Name='ParentProcessName'>C:\Windows\System32\svchost.exe</Data></EventData></Event>
<Event xmlns='http://schemas.microsoft.com/win/2004/08/events/event'><System><Provider Name='Microsoft-Windows-Security-Auditing' Guid='{3844B0F3-B32A-121B-D60D-B1E35EB76AC1}'/><EventID>4634</EventID><Version>0</Version><Level>0</Level><Task>Logoff</Task><Opcode>Info</Opcode><Keywords>Audit Success</Keywords><TimeCreated SystemTime='2026-05-23T15:28:10.294Z'/><EventRecordID>677904</EventRecordID><Channel>Security</Channel><Computer>SRV-WEB01.hq.internal</Computer></System><EventData><Data Name='TargetUserName'>tlima</Data><Data Name='TargetDomainName'>HQ</Data><Data Name='TargetLogonId'>0x7DAED</Data><Data Name='LogonType'>7</Data></EventData></Event>
<Event xmlns='http://schemas.microsoft.com/win/2004/08/events/event'><System><Provider Name='Microsoft-Windows-Security-Auditing' Guid='{4D135229-0B95-BFFF-50C8-5861B5A38C42}'/><EventID>4634</EventID><Version>0</Version><Level>0</Level><Task>Logoff</Task><Opcode>Info</Opcode><Keywords>Audit Success</Keywords><TimeCreated SystemTime='2026-05-23T15:28:08.315Z'/><EventRecordID>748613</EventRecordID><Channel>Security</Channel><Computer>SRV-DB01.hq.internal</Computer></System><EventData><Data Name='TargetUserName'>nalmeida</Data><Data Name='TargetDomainName'>HQ</Data><Data Name='TargetLogonId'>0x1C933</Data><Data Name='LogonType'>2</Data></EventData></Event>
<Event xmlns='http://schemas.microsoft.com/win/2004/08/events/event'><System><Provider Name='Service Control Manager' Guid='{8A82625E-9716-321C-9B3A-1D4FB27D2791}'/><EventID>7036</EventID><Version>0</Version><Level>4</Level><Task>None</Task><Opcode>Info</Opcode><Keywords>Classic</Keywords><TimeCreated SystemTime='2026-05-23T15:28:11.136Z'/><EventRecordID>483572</EventRecordID><Channel>System</Channel><Computer>WKS-PC001.corp.local</Computer></System><EventData><Data Name='param1'>Print Spooler</Data><Data Name='param2'>running</Data></EventData></Event>
<Event xmlns='http://schemas.microsoft.com/win/2004/08/events/event'><System><Provider Name='Service Control Manager' Guid='{81E47D7C-3EA5-6F4C-6985-74691FF3DF42}'/><EventID>7036</EventID><Version>0</Version><Level>4</Level><Task>None</Task><Opcode>Info</Opcode><Keywords>Classic</Keywords><TimeCreated SystemTime='2026-05-23T15:28:09.324Z'/><EventRecordID>631282</EventRecordID><Channel>System</Channel><Computer>SRV-FILE01.hq.internal</Computer></System><EventData><Data Name='param1'>Windows Update</Data><Data Name='param2'>stopped</Data></EventData></Event>
<Event xmlns='http://schemas.microsoft.com/win/2004/08/events/event'><System><Provider Name='Service Control Manager' Guid='{C10FF069-3E54-8265-C070-4766247CBB0E}'/><EventID>7036</EventID><Version>0</Version><Level>4</Level><Task>None</Task><Opcode>Info</Opcode><Keywords>Classic</Keywords><TimeCreated SystemTime='2026-05-23T15:28:10.979Z'/><EventRecordID>326020</EventRecordID><Channel>System</Channel><Computer>SRV-FILE01.hq.internal</Computer></System><EventData><Data Name='param1'>Windows Firewall</Data><Data Name='param2'>running</Data></EventData></Event>
<Event xmlns='http://schemas.microsoft.com/win/2004/08/events/event'><System><Provider Name='Microsoft-Windows-Security-Auditing' Guid='{E2410189-B1E2-D4FE-4AAE-D167DE87549C}'/><EventID>4634</EventID><Version>0</Version><Level>0</Level><Task>Logoff</Task><Opcode>Info</Opcode><Keywords>Audit Success</Keywords><TimeCreated SystemTime='2026-05-23T15:28:08.703Z'/><EventRecordID>657391</EventRecordID><Channel>Security</Channel><Computer>SRV-EXCH01.hq.internal</Computer></System><EventData><Data Name='TargetUserName'>ggomes</Data><Data Name='TargetDomainName'>HQ</Data><Data Name='TargetLogonId'>0xC597F</Data><Data Name='LogonType'>3</Data></EventData></Event>
<Event xmlns='http://schemas.microsoft.com/win/2004/08/events/event'><System><Provider Name='Microsoft-Windows-Security-Auditing' Guid='{CEB2A5B0-4400-3FDE-B514-544535AC0435}'/><EventID>4688</EventID><Version>0</Version><Level>0</Level><Task>Process Creation</Task><Opcode>Info</Opcode><Keywords>Audit Success</Keywords><TimeCreated SystemTime='2026-05-23T15:28:08.895Z'/><EventRecordID>814611</EventRecordID><Channel>Security</Channel><Computer>SRV-FILE01.empresa.local</Computer></System><EventData><Data Name='SubjectUserName'>jsilva</Data><Data Name='SubjectDomainName'>HQ</Data><Data Name='SubjectLogonId'>0xE52DF</Data><Data Name='NewProcessName'>C:\Windows\System32\chrome.exe</Data><Data Name='ProcessId'>2948</Data><Data Name='CommandLine'>chrome.exe</Data><Data Name='ParentProcessName'>C:\Windows\System32\svchost.exe</Data></EventData></Event>
<Event xmlns='http://schemas.microsoft.com/win/2004/08/events/event'><System><Provider Name='Service Control Manager' Guid='{CD164E59-F696-D043-6164-FE72953DE86D}'/><EventID>7036</EventID><Version>0</Version><Level>4</Level><Task>None</Task><Opcode>Info</Opcode><Keywords>Classic</Keywords><TimeCreated SystemTime='2026-05-23T15:28:10.842Z'/><EventRecordID>623971</EventRecordID><Channel>System</Channel><Computer>SRV-DB01.empresa.local</Computer></System><EventData><Data Name='param1'>Windows Defender</Data><Data Name='param2'>running</Data></EventData></Event>
<Event xmlns='http://schemas.microsoft.com/win/2004/08/events/event'><System><Provider Name='Service Control Manager' Guid='{9A479C43-6EA9-A78E-3AFE-C82F5A98B7E9}'/><EventID>7036</EventID><Version>0</Version><Level>4</Level><Task>None</Task><Opcode>Info</Opcode><Keywords>Classic</Keywords><TimeCreated SystemTime='2026-05-23T15:28:09.546Z'/><EventRecordID>516510</EventRecordID><Channel>System</Channel><Computer>SRV-DC02.empresa.local</Computer></System><EventData><Data Name='param1'>Print Spooler</Data><Data Name='param2'>stopped</Data></EventData></Event>
<Event xmlns='http://schemas.microsoft.com/win/2004/08/events/event'><System><Provider Name='Microsoft-Windows-Security-Auditing' Guid='{82A8A27B-0B37-ED91-FA4B-AAADD698415F}'/><EventID>4624</EventID><Version>0</Version><Level>0</Level><Task>Logon</Task><Opcode>Info</Opcode><Keywords>Audit Success</Keywords><TimeCreated SystemTime='2026-05-23T15:28:10.502Z'/><EventRecordID>106228</EventRecordID><Channel>Security</Channel><Computer>SRV-APP01.corp.local</Computer></System><EventData><Data Name='SubjectUserSid'>S-1-5-18</Data><Data Name='SubjectUserName'>WKS-PC002$</Data><Data Name='SubjectDomainName'>CORP</Data><Data Name='SubjectLogonId'>0x16439</Data><Data Name='TargetUserSid'>S-1-5-21-4016540-2104</Data><Data Name='TargetUserName'>nalmeida</Data><Data Name='TargetDomainName'>CORP</Data><Data Name='TargetLogonId'>0xFAD50</Data><Data Name='LogonType'>7</Data><Data Name='IpAddress'>10.0.2.80</Data><Data Name='IpPort'>57289</Data><Data Name='WorkstationName'>WKS-PC002</Data></EventData></Event>
<Event xmlns='http://schemas.microsoft.com/win/2004/08/events/event'><System><Provider Name='Microsoft-Windows-Security-Auditing' Guid='{7263A721-B236-6C04-6437-54D9CB8BA212}'/><EventID>4688</EventID><Version>0</Version><Level>0</Level><Task>Process Creation</Task><Opcode>Info</Opcode><Keywords>Audit Success</Keywords><TimeCreated SystemTime='2026-05-23T15:28:09.584Z'/><EventRecordID>818007</EventRecordID><Channel>Security</Channel><Computer>SRV-DB01.hq.internal</Computer></System><EventData><Data Name='SubjectUserName'>psouza</Data><Data Name='SubjectDomainName'>HQ</Data><Data Name='SubjectLogonId'>0xCE163</Data><Data Name='NewProcessName'>C:\Windows\System32\OneDrive.exe</Data><Data Name='ProcessId'>1481</Data><Data Name='CommandLine'>OneDrive.exe</Data><Data Name='ParentProcessName'>C:\Windows\System32\svchost.exe</Data></EventData></Event>
<Event xmlns='http://schemas.microsoft.com/win/2004/08/events/event'><System><Provider Name='Microsoft-Windows-Security-Auditing' Guid='{34E182D1-B2B6-CFCE-56C7-A50A6CEDA492}'/><EventID>4634</EventID><Version>0</Version><Level>0</Level><Task>Logoff</Task><Opcode>Info</Opcode><Keywords>Audit Success</Keywords><TimeCreated SystemTime='2026-05-23T15:28:09.358Z'/><EventRecordID>615885</EventRecordID><Channel>Security</Channel><Computer>WKS-NB011.corp.local</Computer></System><EventData><Data Name='TargetUserName'>acastro</Data><Data Name='TargetDomainName'>CORP</Data><Data Name='TargetLogonId'>0xF8E27</Data><Data Name='LogonType'>2</Data></EventData></Event>
<Event xmlns='http://schemas.microsoft.com/win/2004/08/events/event'><System><Provider Name='Microsoft-Windows-Security-Auditing' Guid='{E3C94AC2-FB0D-BFDE-EC97-DF232C25A9A2}'/><EventID>4688</EventID><Version>0</Version><Level>0</Level><Task>Process Creation</Task><Opcode>Info</Opcode><Keywords>Audit Success</Keywords><TimeCreated SystemTime='2026-05-23T15:28:10.665Z'/><EventRecordID>497869</EventRecordID><Channel>Security</Channel><Computer>SRV-DB01.hq.internal</Computer></System><EventData><Data Name='SubjectUserName'>tlima</Data><Data Name='SubjectDomainName'>HQ</Data><Data Name='SubjectLogonId'>0x4E3D0</Data><Data Name='NewProcessName'>C:\Windows\System32\taskhostw.exe</Data><Data Name='ProcessId'>4804</Data><Data Name='CommandLine'>taskhostw.exe</Data><Data Name='ParentProcessName'>C:\Windows\System32\svchost.exe</Data></EventData></Event>
<Event xmlns='http://schemas.microsoft.com/win/2004/08/events/event'><System><Provider Name='Microsoft-Windows-Security-Auditing' Guid='{7936EC3B-2F26-FC2F-C70D-37BE8887910A}'/><EventID>4624</EventID><Version>0</Version><Level>0</Level><Task>Logon</Task><Opcode>Info</Opcode><Keywords>Audit Success</Keywords><TimeCreated SystemTime='2026-05-23T15:28:08.493Z'/><EventRecordID>201715</EventRecordID><Channel>Security</Channel><Computer>WKS-PC001.empresa.local</Computer></System><EventData><Data Name='SubjectUserSid'>S-1-5-18</Data><Data Name='SubjectUserName'>SRV-FILE01$</Data><Data Name='SubjectDomainName'>EMPRESA</Data><Data Name='SubjectLogonId'>0x566D0</Data><Data Name='TargetUserSid'>S-1-5-21-8488712-3405</Data><Data Name='TargetUserName'>psouza</Data><Data Name='TargetDomainName'>EMPRESA</Data><Data Name='TargetLogonId'>0x355D8</Data><Data Name='LogonType'>7</Data><Data Name='IpAddress'>10.0.1.102</Data><Data Name='IpPort'>54847</Data><Data Name='WorkstationName'>SRV-FILE01</Data></EventData></Event>
<Event xmlns='http://schemas.microsoft.com/win/2004/08/events/event'><System><Provider Name='Microsoft-Windows-Security-Auditing' Guid='{C8F1B615-24EA-7F65-8B74-60512FBCAB43}'/><EventID>4634</EventID><Version>0</Version><Level>0</Level><Task>Logoff</Task><Opcode>Info</Opcode><Keywords>Audit Success</Keywords><TimeCreated SystemTime='2026-05-23T15:28:09.790Z'/><EventRecordID>169173</EventRecordID><Channel>Security</Channel><Computer>WKS-PC003.hq.internal</Computer></System><EventData><Data Name='TargetUserName'>rsantos</Data><Data Name='TargetDomainName'>EMPRESA</Data><Data Name='TargetLogonId'>0xBA074</Data><Data Name='LogonType'>2</Data></EventData></Event>
<Event xmlns='http://schemas.microsoft.com/win/2004/08/events/event'><System><Provider Name='Service Control Manager' Guid='{DDEC5734-F451-2A00-3E46-E92D53210191}'/><EventID>7036</EventID><Version>0</Version><Level>4</Level><Task>None</Task><Opcode>Info</Opcode><Keywords>Classic</Keywords><TimeCreated SystemTime='2026-05-23T15:28:11.645Z'/><EventRecordID>677815</EventRecordID><Channel>System</Channel><Computer>WKS-NB010.empresa.local</Computer></System><EventData><Data Name='param1'>Windows Firewall</Data><Data Name='param2'>stopped</Data></EventData></Event>
<Event xmlns='http://schemas.microsoft.com/win/2004/08/events/event'><System><Provider Name='Microsoft-Windows-Security-Auditing' Guid='{FA989629-FD43-7CF6-A2F8-3D589C8A8C85}'/><EventID>4688</EventID><Version>0</Version><Level>0</Level><Task>Process Creation</Task><Opcode>Info</Opcode><Keywords>Audit Success</Keywords><TimeCreated SystemTime='2026-05-23T15:28:08.714Z'/><EventRecordID>720934</EventRecordID><Channel>Security</Channel><Computer>SRV-FILE01.hq.internal</Computer></System><EventData><Data Name='SubjectUserName'>tlima</Data><Data Name='SubjectDomainName'>EMPRESA</Data><Data Name='SubjectLogonId'>0xDC699</Data><Data Name='NewProcessName'>C:\Windows\System32\SearchIndexer.exe</Data><Data Name='ProcessId'>8441</Data><Data Name='CommandLine'>SearchIndexer.exe</Data><Data Name='ParentProcessName'>C:\Windows\System32\svchost.exe</Data></EventData></Event>
<Event xmlns='http://schemas.microsoft.com/win/2004/08/events/event'><System><Provider Name='Microsoft-Windows-Security-Auditing' Guid='{88BC36FD-2516-CF37-D6E7-BCF7857217FA}'/><EventID>4634</EventID><Version>0</Version><Level>0</Level><Task>Logoff</Task><Opcode>Info</Opcode><Keywords>Audit Success</Keywords><TimeCreated SystemTime='2026-05-23T15:28:11.738Z'/><EventRecordID>519377</EventRecordID><Channel>Security</Channel><Computer>SRV-PRINT01.empresa.local</Computer></System><EventData><Data Name='TargetUserName'>acosta</Data><Data Name='TargetDomainName'>HQ</Data><Data Name='TargetLogonId'>0x49499</Data><Data Name='LogonType'>7</Data></EventData></Event>
<Event xmlns='http://schemas.microsoft.com/win/2004/08/events/event'><System><Provider Name='Microsoft-Windows-Security-Auditing' Guid='{4EDAC613-503A-64D5-6462-BFBF1A6D268B}'/><EventID>4634</EventID><Version>0</Version><Level>0</Level><Task>Logoff</Task><Opcode>Info</Opcode><Keywords>Audit Success</Keywords><TimeCreated SystemTime='2026-05-23T15:28:10.216Z'/><EventRecordID>903077</EventRecordID><Channel>Security</Channel><Computer>SRV-DC01.hq.internal</Computer></System><EventData><Data Name='TargetUserName'>tlima</Data><Data Name='TargetDomainName'>HQ</Data><Data Name='TargetLogonId'>0xC06A0</Data><Data Name='LogonType'>7</Data></EventData></Event>
<Event xmlns='http://schemas.microsoft.com/win/2004/08/events/event'><System><Provider Name='Microsoft-Windows-Security-Auditing' Guid='{13EA4A87-2A03-781C-41D7-97617556B329}'/><EventID>4634</EventID><Version>0</Version><Level>0</Level><Task>Logoff</Task><Opcode>Info</Opcode><Keywords>Audit Success</Keywords><TimeCreated SystemTime='2026-05-23T15:28:09.272Z'/><EventRecordID>693345</EventRecordID><Channel>Security</Channel><Computer>SRV-WEB01.hq.internal</Computer></System><EventData><Data Name='TargetUserName'>cpereira</Data><Data Name='TargetDomainName'>CORP</Data><Data Name='TargetLogonId'>0x2750C</Data><Data Name='LogonType'>3</Data></EventData></Event>
<Event xmlns='http://schemas.microsoft.com/win/2004/08/events/event'><System><Provider Name='Microsoft-Windows-Eventlog' Guid='{5696008F-69BB-77AF-B599-076F61C345F2}'/><EventID>1102</EventID><Version>0</Version><Level>0</Level><Task>Log clear</Task><Opcode>Info</Opcode><Keywords>Audit Success</Keywords><TimeCreated SystemTime='2026-05-23T15:28:09.755Z'/><EventRecordID>223638</EventRecordID><Channel>Security</Channel><Computer>SRV-DC02.corp.local</Computer></System><EventData><Data Name='SubjectUserName'>guest</Data><Data Name='SubjectDomainName'>EMPRESA</Data><Data Name='SubjectLogonId'>0xAA4FE</Data><!-- SUSPICIOUS: log_tampering — audit log cleared by 'guest' --></EventData></Event>
<Event xmlns='http://schemas.microsoft.com/win/2004/08/events/event'><System><Provider Name='Service Control Manager' Guid='{F4AD0FE9-D4E3-A349-E9B4-96C2AA901483}'/><EventID>7036</EventID><Version>0</Version><Level>4</Level><Task>None</Task><Opcode>Info</Opcode><Keywords>Classic</Keywords><TimeCreated SystemTime='2026-05-23T15:28:10.509Z'/><EventRecordID>666149</EventRecordID><Channel>System</Channel><Computer>WKS-PC002.corp.local</Computer></System><EventData><Data Name='param1'>DNS Client</Data><Data Name='param2'>running</Data></EventData></Event>
<Event xmlns='http://schemas.microsoft.com/win/2004/08/events/event'><System><Provider Name='Service Control Manager' Guid='{BF400133-D812-6528-65DD-6F6562D885BB}'/><EventID>7036</EventID><Version>0</Version><Level>4</Level><Task>None</Task><Opcode>Info</Opcode><Keywords>Classic</Keywords><TimeCreated SystemTime='2026-05-23T15:28:09.919Z'/><EventRecordID>893054</EventRecordID><Channel>System</Channel><Computer>WKS-NB010.hq.internal</Computer></System><EventData><Data Name='param1'>Print Spooler</Data><Data Name='param2'>running</Data></EventData></Event>
<Event xmlns='http://schemas.microsoft.com/win/2004/08/events/event'><System><Provider Name='Service Control Manager' Guid='{9A426C52-DF74-4772-C5B9-F3D6AF82EB5F}'/><EventID>7036</EventID><Version>0</Version><Level>4</Level><Task>None</Task><Opcode>Info</Opcode><Keywords>Classic</Keywords><TimeCreated SystemTime='2026-05-23T15:28:09.966Z'/><EventRecordID>629379</EventRecordID><Channel>System</Channel><Computer>WKS-PC002.hq.internal</Computer></System><EventData><Data Name='param1'>DHCP Client</Data><Data Name='param2'>stopped</Data></EventData></Event>
<Event xmlns='http://schemas.microsoft.com/win/2004/08/events/event'><System><Provider Name='Microsoft-Windows-Eventlog' Guid='{EE500CBC-DC34-DE84-A8C6-2B6F13A8C125}'/><EventID>1102</EventID><Version>0</Version><Level>0</Level><Task>Log clear</Task><Opcode>Info</Opcode><Keywords>Audit Success</Keywords><TimeCreated SystemTime='2026-05-23T15:28:09.782Z'/><EventRecordID>787719</EventRecordID><Channel>Security</Channel><Computer>WKS-PC001.corp.local</Computer></System><EventData><Data Name='SubjectUserName'>test</Data><Data Name='SubjectDomainName'>EMPRESA</Data><Data Name='SubjectLogonId'>0x1A5F5</Data><!-- SUSPICIOUS: log_tampering — audit log cleared by 'test' --></EventData></Event>
<Event xmlns='http://schemas.microsoft.com/win/2004/08/events/event'><System><Provider Name='Microsoft-Windows-Security-Auditing' Guid='{1AEAB89C-27F7-6C3B-86F3-BE001B840AB6}'/><EventID>4624</EventID><Version>0</Version><Level>0</Level><Task>Logon</Task><Opcode>Info</Opcode><Keywords>Audit Success</Keywords><TimeCreated SystemTime='2026-05-23T15:28:09.130Z'/><EventRecordID>746716</EventRecordID><Channel>Security</Channel><Computer>SRV-DC02.empresa.local</Computer></System><EventData><Data Name='SubjectUserSid'>S-1-5-18</Data><Data Name='SubjectUserName'>SRV-EXCH01$</Data><Data Name='SubjectDomainName'>HQ</Data><Data Name='SubjectLogonId'>0x699B8</Data><Data Name='TargetUserSid'>S-1-5-21-6021505-7655</Data><Data Name='TargetUserName'>dfreitas</Data><Data Name='TargetDomainName'>HQ</Data><Data Name='TargetLogonId'>0xA1AFB</Data><Data Name='LogonType'>3</Data><Data Name='IpAddress'>10.0.1.101</Data><Data Name='IpPort'>57831</Data><Data Name='WorkstationName'>SRV-EXCH01</Data></EventData></Event>
<Event xmlns='http://schemas.microsoft.com/win/2004/08/events/event'><System><Provider Name='Microsoft-Windows-Security-Auditing' Guid='{0AE813BB-58B7-9457-F7EC-0BFF734766D1}'/><EventID>4720</EventID><Version>0</Version><Level>0</Level><Task>User Account Management</Task><Opcode>Info</Opcode><Keywords>Audit Success</Keywords><TimeCreated SystemTime='2026-05-23T15:28:10.615Z'/><EventRecordID>972016</EventRecordID><Channel>Security</Channel><Computer>SRV-DB01.hq.internal</Computer></System><EventData><Data Name='TargetUserName'>backdoor_usr</Data><Data Name='TargetDomainName'>EMPRESA</Data><Data Name='SubjectUserName'>test</Data><Data Name='SubjectDomainName'>EMPRESA</Data><Data Name='SubjectLogonId'>0x5A22E</Data><!-- SUSPICIOUS: suspicious_account_creation — account 'backdoor_usr' created by 'test' --></EventData></Event>
<Event xmlns='http://schemas.microsoft.com/win/2004/08/events/event'><System><Provider Name='Microsoft-Windows-Security-Auditing' Guid='{371D60F6-FD01-7913-6346-F046A9F08BFA}'/><EventID>4624</EventID><Version>0</Version><Level>0</Level><Task>Logon</Task><Opcode>Info</Opcode><Keywords>Audit Success</Keywords><TimeCreated SystemTime='2026-05-23T15:28:10.568Z'/><EventRecordID>603142</EventRecordID><Channel>Security</Channel><Computer>WKS-PC001.empresa.local</Computer></System><EventData><Data Name='SubjectUserSid'>S-1-5-18</Data><Data Name='SubjectUserName'>WKS-PC001$</Data><Data Name='SubjectDomainName'>CORP</Data><Data Name='SubjectLogonId'>0x9FABD</Data><Data Name='TargetUserSid'>S-1-5-21-4015370-6142</Data><Data Name='TargetUserName'>tlima</Data><Data Name='TargetDomainName'>CORP</Data><Data Name='TargetLogonId'>0x823AC</Data><Data Name='LogonType'>2</Data><Data Name='IpAddress'>10.0.1.101</Data><Data Name='IpPort'>52821</Data><Data Name='WorkstationName'>WKS-PC001</Data></EventData></Event>
<Event xmlns='http://schemas.microsoft.com/win/2004/08/events/event'><System><Provider Name='Microsoft-Windows-Security-Auditing' Guid='{295B5809-4327-DB44-2F5F-FF928E5F44D4}'/><EventID>4624</EventID><Version>0</Version><Level>0</Level><Task>Logon</Task><Opcode>Info</Opcode><Keywords>Audit Success</Keywords><TimeCreated SystemTime='2026-05-23T15:28:09.340Z'/><EventRecordID>594736</EventRecordID><Channel>Security</Channel><Computer>SRV-DB01.hq.internal</Computer></System><EventData><Data Name='SubjectUserSid'>S-1-5-18</Data><Data Name='SubjectUserName'>WKS-NB011$</Data><Data Name='SubjectDomainName'>EMPRESA</Data><Data Name='SubjectLogonId'>0x944DA</Data><Data Name='TargetUserSid'>S-1-5-21-5487986-3753</Data><Data Name='TargetUserName'>ggomes</Data><Data Name='TargetDomainName'>EMPRESA</Data><Data Name='TargetLogonId'>0xAB07D</Data><Data Name='LogonType'>7</Data><Data Name='IpAddress'>10.0.2.30</Data><Data Name='IpPort'>56156</Data><Data Name='WorkstationName'>WKS-NB011</Data></EventData></Event>
<Event xmlns='http://schemas.microsoft.com/win/2004/08/events/event'><System><Provider Name='Service Control Manager' Guid='{E54C2E26-C024-0AFD-6DF1-949BEC2D012D}'/><EventID>7036</EventID><Version>0</Version><Level>4</Level><Task>None</Task><Opcode>Info</Opcode><Keywords>Classic</Keywords><TimeCreated SystemTime='2026-05-23T15:28:09.441Z'/><EventRecordID>893085</EventRecordID><Channel>System</Channel><Computer>SRV-APP01.hq.internal</Computer></System><EventData><Data Name='param1'>Windows Update</Data><Data Name='param2'>running</Data></EventData></Event>
<Event xmlns='http://schemas.microsoft.com/win/2004/08/events/event'><System><Provider Name='Microsoft-Windows-Security-Auditing' Guid='{460149CA-EEAC-A6D1-0024-98620A00585D}'/><EventID>4624</EventID><Version>0</Version><Level>0</Level><Task>Logon</Task><Opcode>Info</Opcode><Keywords>Audit Success</Keywords><TimeCreated SystemTime='2026-05-23T15:28:08.741Z'/><EventRecordID>772867</EventRecordID><Channel>Security</Channel><Computer>WKS-PC003.hq.internal</Computer></System><EventData><Data Name='SubjectUserSid'>S-1-5-18</Data><Data Name='SubjectUserName'>SRV-DC02$</Data><Data Name='SubjectDomainName'>HQ</Data><Data Name='SubjectLogonId'>0x71326</Data><Data Name='TargetUserSid'>S-1-5-21-3769563-8583</Data><Data Name='TargetUserName'>bribeiro</Data><Data Name='TargetDomainName'>HQ</Data><Data Name='TargetLogonId'>0x62804</Data><Data Name='LogonType'>3</Data><Data Name='IpAddress'>10.0.1.102</Data><Data Name='IpPort'>56299</Data><Data Name='WorkstationName'>SRV-DC02</Data></EventData></Event>
<Event xmlns='http://schemas.microsoft.com/win/2004/08/events/event'><System><Provider Name='Service Control Manager' Guid='{B10724ED-4D71-EB8E-194C-E4DC3451C591}'/><EventID>7036</EventID><Version>0</Version><Level>4</Level><Task>None</Task><Opcode>Info</Opcode><Keywords>Classic</Keywords><TimeCreated SystemTime='2026-05-23T15:28:11.477Z'/><EventRecordID>574434</EventRecordID><Channel>System</Channel><Computer>SRV-DC01.corp.local</Computer></System><EventData><Data Name='param1'>DNS Client</Data><Data Name='param2'>stopped</Data></EventData></Event>
<Event xmlns='http://schemas.microsoft.com/win/2004/08/events/event'><System><Provider Name='Service Control Manager' Guid='{39CFAD1E-C9D4-B026-DF19-BA869CCB8056}'/><EventID>7036</EventID><Version>0</Version><Level>4</Level><Task>None</Task><Opcode>Info</Opcode><Keywords>Classic</Keywords><TimeCreated SystemTime='2026-05-23T15:28:11.784Z'/><EventRecordID>774072</EventRecordID><Channel>System</Channel><Computer>WKS-PC003.corp.local</Computer></System><EventData><Data Name='param1'>DNS Client</Data><Data Name='param2'>running</Data></EventData></Event>
<Event xmlns='http://schemas.microsoft.com/win/2004/08/events/event'><System><Provider Name='Microsoft-Windows-Security-Auditing' Guid='{B29E0EC0-A153-526F-5714-883C434B50EE}'/><EventID>4688</EventID><Version>0</Version><Level>0</Level><Task>Process Creation</Task><Opcode>Info</Opcode><Keywords>Audit Success</Keywords><TimeCreated SystemTime='2026-05-23T15:28:09.164Z'/><EventRecordID>433352</EventRecordID><Channel>Security</Channel><Computer>SRV-WEB01.empresa.local</Computer></System><EventData><Data Name='SubjectUserName'>bribeiro</Data><Data Name='SubjectDomainName'>EMPRESA</Data><Data Name='SubjectLogonId'>0x7DCFC</Data><Data Name='NewProcessName'>C:\Windows\System32\SearchIndexer.exe</Data><Data Name='ProcessId'>8176</Data><Data Name='CommandLine'>SearchIndexer.exe</Data><Data Name='ParentProcessName'>C:\Windows\System32\svchost.exe</Data></EventData></Event>
<Event xmlns='http://schemas.microsoft.com/win/2004/08/events/event'><System><Provider Name='Microsoft-Windows-Security-Auditing' Guid='{F05DEE4B-9698-BC5B-0745-41A2B3D1BD1E}'/><EventID>4624</EventID><Version>0</Version><Level>0</Level><Task>Logon</Task><Opcode>Info</Opcode><Keywords>Audit Success</Keywords><TimeCreated SystemTime='2026-05-23T15:28:09.165Z'/><EventRecordID>396171</EventRecordID><Channel>Security</Channel><Computer>SRV-FILE01.hq.internal</Computer></System><EventData><Data Name='SubjectUserSid'>S-1-5-18</Data><Data Name='SubjectUserName'>WKS-PC002$</Data><Data Name='SubjectDomainName'>EMPRESA</Data><Data Name='SubjectLogonId'>0x87656</Data><Data Name='TargetUserSid'>S-1-5-21-2695826-1699</Data><Data Name='TargetUserName'>psouza</Data><Data Name='TargetDomainName'>EMPRESA</Data><Data Name='TargetLogonId'>0xE04C0</Data><Data Name='LogonType'>10</Data><Data Name='IpAddress'>192.168.1.50</Data><Data Name='IpPort'>60127</Data><Data Name='WorkstationName'>WKS-PC002</Data></EventData></Event>
<Event xmlns='http://schemas.microsoft.com/win/2004/08/events/event'><System><Provider Name='Microsoft-Windows-Security-Auditing' Guid='{8A479316-3B44-324A-4552-868D3A06DA9E}'/><EventID>4624</EventID><Version>0</Version><Level>0</Level><Task>Logon</Task><Opcode>Info</Opcode><Keywords>Audit Success</Keywords><TimeCreated SystemTime='2026-05-23T15:28:08.811Z'/><EventRecordID>119023</EventRecordID><Channel>Security</Channel><Computer>WKS-NB011.hq.internal</Computer></System><EventData><Data Name='SubjectUserSid'>S-1-5-18</Data><Data Name='SubjectUserName'>SRV-PRINT01$</Data><Data Name='SubjectDomainName'>CORP</Data><Data Name='SubjectLogonId'>0xE8E1E</Data><Data Name='TargetUserSid'>S-1-5-21-5771504-5953</Data><Data Name='TargetUserName'>cpereira</Data><Data Name='TargetDomainName'>CORP</Data><Data Name='TargetLogonId'>0x5561E</Data><Data Name='LogonType'>2</Data><Data Name='IpAddress'>10.0.2.30</Data><Data Name='IpPort'>61706</Data><Data Name='WorkstationName'>SRV-PRINT01</Data></EventData></Event>
<Event xmlns='http://schemas.microsoft.com/win/2004/08/events/event'><System><Provider Name='Service Control Manager' Guid='{7626BEA6-E802-6758-0FD0-4A83182A0311}'/><EventID>7036</EventID><Version>0</Version><Level>4</Level><Task>None</Task><Opcode>Info</Opcode><Keywords>Classic</Keywords><TimeCreated SystemTime='2026-05-23T15:28:08.541Z'/><EventRecordID>457853</EventRecordID><Channel>System</Channel><Computer>WKS-NB011.empresa.local</Computer></System><EventData><Data Name='param1'>Windows Update</Data><Data Name='param2'>running</Data></EventData></Event>
<Event xmlns='http://schemas.microsoft.com/win/2004/08/events/event'><System><Provider Name='Microsoft-Windows-Security-Auditing' Guid='{306D4213-5406-4A62-77AE-7A15F24AA159}'/><EventID>4634</EventID><Version>0</Version><Level>0</Level><Task>Logoff</Task><Opcode>Info</Opcode><Keywords>Audit Success</Keywords><TimeCreated SystemTime='2026-05-23T15:28:09.656Z'/><EventRecordID>969452</EventRecordID><Channel>Security</Channel><Computer>WKS-NB011.corp.local</Computer></System><EventData><Data Name='TargetUserName'>dfreitas</Data><Data Name='TargetDomainName'>EMPRESA</Data><Data Name='TargetLogonId'>0x652CC</Data><Data Name='LogonType'>7</Data></EventData></Event>
<Event xmlns='http://schemas.microsoft.com/win/2004/08/events/event'><System><Provider Name='Microsoft-Windows-Security-Auditing' Guid='{80A5F795-5668-3E0C-BBD6-C28A08C279D7}'/><EventID>4624</EventID><Version>0</Version><Level>0</Level><Task>Logon</Task><Opcode>Info</Opcode><Keywords>Audit Success</Keywords><TimeCreated SystemTime='2026-05-23T15:28:09.313Z'/><EventRecordID>203893</EventRecordID><Channel>Security</Channel><Computer>SRV-FILE01.hq.internal</Computer></System><EventData><Data Name='SubjectUserSid'>S-1-5-18</Data><Data Name='SubjectUserName'>WKS-PC002$</Data><Data Name='SubjectDomainName'>EMPRESA</Data><Data Name='SubjectLogonId'>0xC91C2</Data><Data Name='TargetUserSid'>S-1-5-21-5463437-4734</Data><Data Name='TargetUserName'>tlima</Data><Data Name='TargetDomainName'>EMPRESA</Data><Data Name='TargetLogonId'>0x63826</Data><Data Name='LogonType'>2</Data><Data Name='IpAddress'>172.16.0.20</Data><Data Name='IpPort'>60594</Data><Data Name='WorkstationName'>WKS-PC002</Data></EventData></Event>
<Event xmlns='http://schemas.microsoft.com/win/2004/08/events/event'><System><Provider Name='Service Control Manager' Guid='{7EB02747-0571-FDAC-AB53-169AE882AB99}'/><EventID>7036</EventID><Version>0</Version><Level>4</Level><Task>None</Task><Opcode>Info</Opcode><Keywords>Classic</Keywords><TimeCreated SystemTime='2026-05-23T15:28:09.776Z'/><EventRecordID>165815</EventRecordID><Channel>System</Channel><Computer>WKS-PC001.hq.internal</Computer></System><EventData><Data Name='param1'>Task Scheduler</Data><Data Name='param2'>running</Data></EventData></Event>
<Event xmlns='http://schemas.microsoft.com/win/2004/08/events/event'><System><Provider Name='Service Control Manager' Guid='{34FAFEC9-1A9E-58BB-CB4A-234BD134637D}'/><EventID>7036</EventID><Version>0</Version><Level>4</Level><Task>None</Task><Opcode>Info</Opcode><Keywords>Classic</Keywords><TimeCreated SystemTime='2026-05-23T15:28:10.872Z'/><EventRecordID>623375</EventRecordID><Channel>System</Channel><Computer>SRV-DC02.corp.local</Computer></System><EventData><Data Name='param1'>Workstation</Data><Data Name='param2'>stopped</Data></EventData></Event>
<Event xmlns='http://schemas.microsoft.com/win/2004/08/events/event'><System><Provider Name='Microsoft-Windows-Security-Auditing' Guid='{F6E3FB69-1B01-E32C-841F-8F223A1C9C61}'/><EventID>4624</EventID><Version>0</Version><Level>0</Level><Task>Logon</Task><Opcode>Info</Opcode><Keywords>Audit Success</Keywords><TimeCreated SystemTime='2026-05-23T15:28:10.722Z'/><EventRecordID>616180</EventRecordID><Channel>Security</Channel><Computer>SRV-DC02.hq.internal</Computer></System><EventData><Data Name='SubjectUserSid'>S-1-5-18</Data><Data Name='SubjectUserName'>WKS-NB010$</Data><Data Name='SubjectDomainName'>EMPRESA</Data><Data Name='SubjectLogonId'>0xC0E8C</Data><Data Name='TargetUserSid'>S-1-5-21-4779434-5818</Data><Data Name='TargetUserName'>ggomes</Data><Data Name='TargetDomainName'>EMPRESA</Data><Data Name='TargetLogonId'>0x87C9A</Data><Data Name='LogonType'>10</Data><Data Name='IpAddress'>10.0.1.50</Data><Data Name='IpPort'>53305</Data><Data Name='WorkstationName'>WKS-NB010</Data></EventData></Event>
<Event xmlns='http://schemas.microsoft.com/win/2004/08/events/event'><System><Provider Name='Service Control Manager' Guid='{D4A51E9D-5836-5C7D-E8AF-57B27DC6D1DC}'/><EventID>7036</EventID><Version>0</Version><Level>4</Level><Task>None</Task><Opcode>Info</Opcode><Keywords>Classic</Keywords><TimeCreated SystemTime='2026-05-23T15:28:12.045Z'/><EventRecordID>974252</EventRecordID><Channel>System</Channel><Computer>SRV-DC01.corp.local</Computer></System><EventData><Data Name='param1'>Windows Firewall</Data><Data Name='param2'>stopped</Data></EventData></Event>
<Event xmlns='http://schemas.microsoft.com/win/2004/08/events/event'><System><Provider Name='Microsoft-Windows-Security-Auditing' Guid='{1CB4FF82-9041-0B6D-B300-93BB95F8BC24}'/><EventID>4634</EventID><Version>0</Version><Level>0</Level><Task>Logoff</Task><Opcode>Info</Opcode><Keywords>Audit Success</Keywords><TimeCreated SystemTime='2026-05-23T15:28:10.671Z'/><EventRecordID>722484</EventRecordID><Channel>Security</Channel><Computer>SRV-APP01.hq.internal</Computer></System><EventData><Data Name='TargetUserName'>acastro</Data><Data Name='TargetDomainName'>HQ</Data><Data Name='TargetLogonId'>0xB2EE7</Data><Data Name='LogonType'>7</Data></EventData></Event>
<Event xmlns='http://schemas.microsoft.com/win/2004/08/events/event'><System><Provider Name='Microsoft-Windows-Security-Auditing' Guid='{91EB1F40-F84A-3362-3139-783A09AA07FA}'/><EventID>4732</EventID><Version>0</Version><Level>0</Level><Task>Security Group Management</Task><Opcode>Info</Opcode><Keywords>Audit Success</Keywords><TimeCreated SystemTime='2026-05-23T15:28:09.863Z'/><EventRecordID>794474</EventRecordID><Channel>Security</Channel><Computer>SRV-FILE01.hq.internal</Computer></System><EventData><Data Name='MemberName'>test</Data><Data Name='MemberSid'>S-1-5-21-1418821-9657</Data><Data Name='TargetUserName'>Administrators</Data><Data Name='TargetDomainName'>Builtin</Data><Data Name='SubjectUserName'>temp_admin</Data><Data Name='SubjectDomainName'>HQ</Data><!-- SUSPICIOUS: group_modification — 'test' added to Administrators by 'temp_admin' --></EventData></Event>
<Event xmlns='http://schemas.microsoft.com/win/2004/08/events/event'><System><Provider Name='Microsoft-Windows-Security-Auditing' Guid='{3823E711-865C-7A50-FD1B-099D07F3B256}'/><EventID>4634</EventID><Version>0</Version><Level>0</Level><Task>Logoff</Task><Opcode>Info</Opcode><Keywords>Audit Success</Keywords><TimeCreated SystemTime='2026-05-23T15:28:10.551Z'/><EventRecordID>543213</EventRecordID><Channel>Security</Channel><Computer>SRV-DB01.hq.internal</Computer></System><EventData><Data Name='TargetUserName'>fmendes</Data><Data Name='TargetDomainName'>EMPRESA</Data><Data Name='TargetLogonId'>0x84C50</Data><Data Name='LogonType'>3</Data></EventData></Event>
<Event xmlns='http://schemas.microsoft.com/win/2004/08/events/event'><System><Provider Name='Microsoft-Windows-Security-Auditing' Guid='{817A0410-5088-3D48-8EF3-AE9FE2ADD689}'/><EventID>4624</EventID><Version>0</Version><Level>0</Level><Task>Logon</Task><Opcode>Info</Opcode><Keywords>Audit Success</Keywords><TimeCreated SystemTime='2026-05-23T15:28:11.315Z'/><EventRecordID>857884</EventRecordID><Channel>Security</Channel><Computer>WKS-PC002.hq.internal</Computer></System><EventData><Data Name='SubjectUserSid'>S-1-5-18</Data><Data Name='SubjectUserName'>WKS-PC002$</Data><Data Name='SubjectDomainName'>EMPRESA</Data><Data Name='SubjectLogonId'>0xABD92</Data><Data Name='TargetUserSid'>S-1-5-21-5206677-2421</Data><Data Name='TargetUserName'>acosta</Data><Data Name='TargetDomainName'>EMPRESA</Data><Data Name='TargetLogonId'>0xD6AC7</Data><Data Name='LogonType'>10</Data><Data Name='IpAddress'>192.168.1.100</Data><Data Name='IpPort'>50127</Data><Data Name='WorkstationName'>WKS-PC002</Data></EventData></Event>
<Event xmlns='http://schemas.microsoft.com/win/2004/08/events/event'><System><Provider Name='Microsoft-Windows-Security-Auditing' Guid='{A2649818-0957-7991-4DAA-B42793E8408A}'/><EventID>4688</EventID><Version>0</Version><Level>0</Level><Task>Process Creation</Task><Opcode>Info</Opcode><Keywords>Audit Success</Keywords><TimeCreated SystemTime='2026-05-23T15:28:08.319Z'/><EventRecordID>153802</EventRecordID><Channel>Security</Channel><Computer>SRV-DC02.hq.internal</Computer></System><EventData><Data Name='SubjectUserName'>dfreitas</Data><Data Name='SubjectDomainName'>CORP</Data><Data Name='SubjectLogonId'>0xF63B0</Data><Data Name='NewProcessName'>C:\Windows\System32\teams.exe</Data><Data Name='ProcessId'>26849</Data><Data Name='CommandLine'>teams.exe</Data><Data Name='ParentProcessName'>C:\Windows\System32\svchost.exe</Data></EventData></Event>
<Event xmlns='http://schemas.microsoft.com/win/2004/08/events/event'><System><Provider Name='Microsoft-Windows-Security-Auditing' Guid='{7A1E37F5-E717-7202-76D2-4ED559596F6B}'/><EventID>4697</EventID><Version>0</Version><Level>0</Level><Task>Security System Extension</Task><Opcode>Info</Opcode><Keywords>Audit Success</Keywords><TimeCreated SystemTime='2026-05-23T15:28:10.312Z'/><EventRecordID>929549</EventRecordID><Channel>Security</Channel><Computer>SRV-DC01.empresa.local</Computer></System><EventData><Data Name='SubjectUserName'>temp_admin</Data><Data Name='SubjectDomainName'>CORP</Data><Data Name='ServiceName'>EvilSvc</Data><Data Name='ServiceFileName'>C:\ProgramData\svc.exe</Data><Data Name='ServiceType'>0x10</Data><Data Name='ServiceStartType'>2</Data><!-- SUSPICIOUS: suspicious_service_install — service 'EvilSvc' installed by 'temp_admin' --></EventData></Event>
<Event xmlns='http://schemas.microsoft.com/win/2004/08/events/event'><System><Provider Name='Microsoft-Windows-Security-Auditing' Guid='{3D4A9AF5-5137-1E33-B769-C73859B3B20D}'/><EventID>4624</EventID><Version>0</Version><Level>0</Level><Task>Logon</Task><Opcode>Info</Opcode><Keywords>Audit Success</Keywords><TimeCreated SystemTime='2026-05-23T15:28:09.560Z'/><EventRecordID>544974</EventRecordID><Channel>Security</Channel><Computer>SRV-EXCH01.corp.local</Computer></System><EventData><Data Name='SubjectUserSid'>S-1-5-18</Data><Data Name='SubjectUserName'>WKS-PC002$</Data><Data Name='SubjectDomainName'>EMPRESA</Data><Data Name='SubjectLogonId'>0x34765</Data><Data Name='TargetUserSid'>S-1-5-21-1754138-1258</Data><Data Name='TargetUserName'>dfreitas</Data><Data Name='TargetDomainName'>EMPRESA</Data><Data Name='TargetLogonId'>0xCCAE5</Data><Data Name='LogonType'>2</Data><Data Name='IpAddress'>172.16.0.20</Data><Data Name='IpPort'>58567</Data><Data Name='WorkstationName'>WKS-PC002</Data></EventData></Event>
<Event xmlns='http://schemas.microsoft.com/win/2004/08/events/event'><System><Provider Name='Microsoft-Windows-Security-Auditing' Guid='{134119FE-3B51-A504-1E76-16FF2B8FCFD7}'/><EventID>4624</EventID><Version>0</Version><Level>0</Level><Task>Logon</Task><Opcode>Info</Opcode><Keywords>Audit Success</Keywords><TimeCreated SystemTime='2026-05-23T15:28:09.627Z'/><EventRecordID>630377</EventRecordID><Channel>Security</Channel><Computer>SRV-APP01.hq.internal</Computer></System><EventData><Data Name='SubjectUserSid'>S-1-5-18</Data><Data Name='SubjectUserName'>WKS-PC003$</Data><Data Name='SubjectDomainName'>HQ</Data><Data Name='SubjectLogonId'>0x7C834</Data><Data Name='TargetUserSid'>S-1-5-21-7253456-8489</Data><Data Name='TargetUserName'>jsilva</Data><Data Name='TargetDomainName'>HQ</Data><Data Name='TargetLogonId'>0x52289</Data><Data Name='LogonType'>10</Data><Data Name='IpAddress'>10.0.1.25</Data><Data Name='IpPort'>51653</Data><Data Name='WorkstationName'>WKS-PC003</Data></EventData></Event>
<Event xmlns='http://schemas.microsoft.com/win/2004/08/events/event'><System><Provider Name='Microsoft-Windows-Security-Auditing' Guid='{451F6473-6BD9-32C6-3986-C55EF6A11807}'/><EventID>4688</EventID><Version>0</Version><Level>0</Level><Task>Process Creation</Task><Opcode>Info</Opcode><Keywords>Audit Success</Keywords><TimeCreated SystemTime='2026-05-23T15:28:10.270Z'/><EventRecordID>332966</EventRecordID><Channel>Security</Channel><Computer>WKS-NB011.empresa.local</Computer></System><EventData><Data Name='SubjectUserName'>rsantos</Data><Data Name='SubjectDomainName'>CORP</Data><Data Name='SubjectLogonId'>0x294EC</Data><Data Name='NewProcessName'>C:\Windows\System32\chrome.exe</Data><Data Name='ProcessId'>14405</Data><Data Name='CommandLine'>chrome.exe</Data><Data Name='ParentProcessName'>C:\Windows\System32\svchost.exe</Data></EventData></Event>
<Event xmlns='http://schemas.microsoft.com/win/2004/08/events/event'><System><Provider Name='Microsoft-Windows-Security-Auditing' Guid='{3AD6FC0C-F609-9395-DDC4-446A62756305}'/><EventID>4625</EventID><Version>0</Version><Level>0</Level><Task>Logon</Task><Opcode>Info</Opcode><Keywords>Audit Failure</Keywords><TimeCreated SystemTime='2026-05-23T15:28:10.277Z'/><EventRecordID>640804</EventRecordID><Channel>Security</Channel><Computer>SRV-FILE01.hq.internal</Computer></System><EventData><Data Name='TargetUserName'>rsantos</Data><Data Name='TargetDomainName'>HQ</Data><Data Name='Status'>0xC000006D</Data><Data Name='FailureReason'>%%2304</Data><Data Name='SubStatus'>0xC000006A</Data><Data Name='LogonType'>3</Data><Data Name='IpAddress'>195.176.3.24</Data><Data Name='IpPort'>57228</Data><Data Name='WorkstationName'>SRV-APP01</Data><!-- SUSPICIOUS: brute_force_attempt from 195.176.3.24 --></EventData></Event>
<Event xmlns='http://schemas.microsoft.com/win/2004/08/events/event'><System><Provider Name='Microsoft-Windows-Security-Auditing' Guid='{4865DE40-DA89-5AA3-7A8D-B299550A4125}'/><EventID>4688</EventID><Version>0</Version><Level>0</Level><Task>Process Creation</Task><Opcode>Info</Opcode><Keywords>Audit Success</Keywords><TimeCreated SystemTime='2026-05-23T15:28:08.623Z'/><EventRecordID>782418</EventRecordID><Channel>Security</Channel><Computer>SRV-PRINT01.empresa.local</Computer></System><EventData><Data Name='SubjectUserName'>acosta</Data><Data Name='SubjectDomainName'>CORP</Data><Data Name='SubjectLogonId'>0x83A4F</Data><Data Name='NewProcessName'>C:\Windows\System32\teams.exe</Data><Data Name='ProcessId'>21829</Data><Data Name='CommandLine'>teams.exe</Data><Data Name='ParentProcessName'>C:\Windows\System32\svchost.exe</Data></EventData></Event>
<Event xmlns='http://schemas.microsoft.com/win/2004/08/events/event'><System><Provider Name='Service Control Manager' Guid='{67DA366C-67B0-D2CC-C66B-24B23B204D9A}'/><EventID>7036</EventID><Version>0</Version><Level>4</Level><Task>None</Task><Opcode>Info</Opcode><Keywords>Classic</Keywords><TimeCreated SystemTime='2026-05-23T15:28:10.185Z'/><EventRecordID>900602</EventRecordID><Channel>System</Channel><Computer>WKS-PC001.corp.local</Computer></System><EventData><Data Name='param1'>DNS Client</Data><Data Name='param2'>stopped</Data></EventData></Event>
<Event xmlns='http://schemas.microsoft.com/win/2004/08/events/event'><System><Provider Name='Service Control Manager' Guid='{95E49099-FFBC-059D-1614-27D4D21BE1D1}'/><EventID>7036</EventID><Version>0</Version><Level>4</Level><Task>None</Task><Opcode>Info</Opcode><Keywords>Classic</Keywords><TimeCreated SystemTime='2026-05-23T15:28:11.068Z'/><EventRecordID>560425</EventRecordID><Channel>System</Channel><Computer>SRV-WEB01.empresa.local</Computer></System><EventData><Data Name='param1'>DHCP Client</Data><Data Name='param2'>running</Data></EventData></Event>
<Event xmlns='http://schemas.microsoft.com/win/2004/08/events/event'><System><Provider Name='Microsoft-Windows-Security-Auditing' Guid='{1CC92811-F818-C19F-51BD-F15C1EBFDA04}'/><EventID>4732</EventID><Version>0</Version><Level>0</Level><Task>Security Group Management</Task><Opcode>Info</Opcode><Keywords>Audit Success</Keywords><TimeCreated SystemTime='2026-05-23T15:28:10.564Z'/><EventRecordID>206048</EventRecordID><Channel>Security</Channel><Computer>SRV-DB01.empresa.local</Computer></System><EventData><Data Name='MemberName'>temp_admin</Data><Data Name='MemberSid'>S-1-5-21-1754297-1313</Data><Data Name='TargetUserName'>Administrators</Data><Data Name='TargetDomainName'>Builtin</Data><Data Name='SubjectUserName'>temp_admin</Data><Data Name='SubjectDomainName'>EMPRESA</Data><!-- SUSPICIOUS: group_modification — 'temp_admin' added to Administrators by 'temp_admin' --></EventData></Event>
<Event xmlns='http://schemas.microsoft.com/win/2004/08/events/event'><System><Provider Name='Microsoft-Windows-Security-Auditing' Guid='{0C497DD3-1626-577C-736A-F1718E26BD67}'/><EventID>4688</EventID><Version>0</Version><Level>0</Level><Task>Process Creation</Task><Opcode>Info</Opcode><Keywords>Audit Success</Keywords><TimeCreated SystemTime='2026-05-23T15:28:11.088Z'/><EventRecordID>729015</EventRecordID><Channel>Security</Channel><Computer>SRV-DC02.hq.internal</Computer></System><EventData><Data Name='SubjectUserName'>loliveira</Data><Data Name='SubjectDomainName'>HQ</Data><Data Name='SubjectLogonId'>0xE4D50</Data><Data Name='NewProcessName'>C:\Windows\System32\taskhostw.exe</Data><Data Name='ProcessId'>5964</Data><Data Name='CommandLine'>taskhostw.exe</Data><Data Name='ParentProcessName'>C:\Windows\System32\svchost.exe</Data></EventData></Event>
<Event xmlns='http://schemas.microsoft.com/win/2004/08/events/event'><System><Provider Name='Microsoft-Windows-Security-Auditing' Guid='{21FFA5CB-6CEB-3BF2-6EF9-CB164F37F8A2}'/><EventID>4688</EventID><Version>0</Version><Level>0</Level><Task>Process Creation</Task><Opcode>Info</Opcode><Keywords>Audit Success</Keywords><TimeCreated SystemTime='2026-05-23T15:28:09.483Z'/><EventRecordID>123449</EventRecordID><Channel>Security</Channel><Computer>WKS-NB011.corp.local</Computer></System><EventData><Data Name='SubjectUserName'>rsantos</Data><Data Name='SubjectDomainName'>CORP</Data><Data Name='SubjectLogonId'>0xC872B</Data><Data Name='NewProcessName'>C:\Windows\System32\OneDrive.exe</Data><Data Name='ProcessId'>14592</Data><Data Name='CommandLine'>OneDrive.exe</Data><Data Name='ParentProcessName'>C:\Windows\System32\svchost.exe</Data></EventData></Event>
<Event xmlns='http://schemas.microsoft.com/win/2004/08/events/event'><System><Provider Name='Service Control Manager' Guid='{6A356F44-952D-1C00-1474-32E9B766334F}'/><EventID>7036</EventID><Version>0</Version><Level>4</Level><Task>None</Task><Opcode>Info</Opcode><Keywords>Classic</Keywords><TimeCreated SystemTime='2026-05-23T15:28:10.198Z'/><EventRecordID>714875</EventRecordID><Channel>System</Channel><Computer>SRV-FILE01.corp.local</Computer></System><EventData><Data Name='param1'>Windows Firewall</Data><Data Name='param2'>running</Data></EventData></Event>
