<Event xmlns='http://schemas.microsoft.com/win/2004/08/events/event'><System><Provider Name='Microsoft-Windows-Security-Auditing' Guid='{3C8816C4-5F7E-5D23-2DCF-BF48A8007FEB}'/><EventID>4624</EventID><Version>0</Version><Level>0</Level><Task>Logon</Task><Opcode>Info</Opcode><Keywords>Audit Success</Keywords><TimeCreated SystemTime='2026-05-23T15:28:09.807Z'/><EventRecordID>555972</EventRecordID><Channel>Security</Channel><Computer>WKS-NB011.hq.internal</Computer></System><EventData><Data Name='SubjectUserSid'>S-1-5-18</Data><Data Name='SubjectUserName'>SRV-WEB01$</Data><Data Name='SubjectDomainName'>HQ</Data><Data Name='SubjectLogonId'>0x6C649</Data><Data Name='TargetUserSid'>S-1-5-21-8486965-8978</Data><Data Name='TargetUserName'>tlima</Data><Data Name='TargetDomainName'>HQ</Data><Data Name='TargetLogonId'>0x6CB8A</Data><Data Name='LogonType'>7</Data><Data Name='IpAddress'>10.0.1.102</Data><Data Name='IpPort'>64494</Data><Data Name='WorkstationName'>SRV-WEB01</Data></EventData></Event>
<Event xmlns='http://schemas.microsoft.com/win/2004/08/events/event'><System><Provider Name='Microsoft-Windows-Security-Auditing' Guid='{E085D62A-2FFD-580D-4C76-7267C146D33C}'/><EventID>4624</EventID><Version>0</Version><Level>0</Level><Task>Logon</Task><Opcode>Info</Opcode><Keywords>Audit Success</Keywords><TimeCreated SystemTime='2026-05-23T15:28:08.968Z'/><EventRecordID>777412</EventRecordID><Channel>Security</Channel><Computer>SRV-EXCH01.empresa.local</Computer></System><EventData><Data Name='SubjectUserSid'>S-1-5-18</Data><Data Name='SubjectUserName'>SRV-PRINT01$</Data><Data Name='SubjectDomainName'>EMPRESA</Data><Data Name='SubjectLogonId'>0x73F01</Data><Data Name='TargetUserSid'>S-1-5-21-5145214-7973</Data><Data Name='TargetUserName'>cpereira</Data><Data Name='TargetDomainName'>EMPRESA</Data><Data Name='TargetLogonId'>0x823A5</Data><Data Name='LogonType'>7</Data><Data Name='IpAddress'>172.16.1.15</Data><Data Name='IpPort'>52984</Data><Data Name='WorkstationName'>SRV-PRINT01</Data></EventData></Event>
<Event xmlns='http://schemas.microsoft.com/win/2004/08/events/event'><System><Provider Name='Microsoft-Windows-Security-Auditing' Guid='{BF682D5B-9251-C8B8-52B8-692DABA44081}'/><EventID>4634</EventID><Version>0</Version><Level>0</Level><Task>Logoff</Task><Opcode>Info</Opcode><Keywords>Audit Success</Keywords><TimeCreated SystemTime='2026-05-23T15:28:11.074Z'/><EventRecordID>408875</EventRecordID><Channel>Security</Channel><Computer>SRV-DB01.hq.internal</Computer></System><EventData><Data Name='TargetUserName'>acosta</Data><Data Name='TargetDomainName'>CORP</Data><Data Name='TargetLogonId'>0x7952C</Data><Data Name='LogonType'>3</Data></EventData></Event>
<Event xmlns='http://schemas.microsoft.com/win/2004/08/events/event'><System><Provider Name='Microsoft-Windows-Security-Auditing' Guid='{3E106471-272D-17DA-6773-33A1C3D4A7C3}'/><EventID>4634</EventID><Version>0</Version><Level>0</Level><Task>Logoff</Task><Opcode>Info</Opcode><Keywords>Audit Success</Keywords><TimeCreated SystemTime='2026-05-23T15:28:08.624Z'/><EventRecordID>345318</EventRecordID><Channel>Security</Channel><Computer>WKS-PC001.hq.internal</Computer></System><EventData><Data Name='TargetUserName'>jsilva</Data><Data Name='TargetDomainName'>EMPRESA</Data><Data Name='TargetLogonId'>0x44084</Data><Data Name='LogonType'>3</Data></EventData></Event>
<Event xmlns='http://schemas.microsoft.com/win/2004/08/events/event'><System><Provider Name='Microsoft-Windows-Security-Auditing' Guid='{BBBFB104-ACFA-ABA2-F8AF-FB08274954B7}'/><EventID>4624</EventID><Version>0</Version><Level>0</Level><Task>Logon</Task><Opcode>Info</Opcode><Keywords>Audit Success</Keywords><TimeCreated SystemTime='2026-05-23T15:28:09.120Z'/><EventRecordID>937101</EventRecordID><Channel>Security</Channel><Computer>SRV-DC02.empresa.local</Computer></System><EventData><Data Name='SubjectUserSid'>S-1-5-18</Data><Data Name='SubjectUserName'>WKS-PC002$</Data><Data Name='SubjectDomainName'>EMPRESA</Data><Data Name='SubjectLogonId'>0x1396A</Data><Data Name='TargetUserSid'>S-1-5-21-3062617-5063</Data><Data Name='TargetUserName'>tlima</Data><Data Name='TargetDomainName'>EMPRESA</Data><Data Name='TargetLogonId'>0x890B6</Data><Data Name='LogonType'>2</Data><Data Name='IpAddress'>10.0.1.101</Data><Data Name='IpPort'>51377</Data><Data Name='WorkstationName'>WKS-PC002</Data></EventData></Event>
<Event xmlns='http://schemas.microsoft.com/win/2004/08/events/event'><System><Provider Name='Microsoft-Windows-Security-Auditing' Guid='{A2F3102A-CAEF-3966-6CFF-660D86AD4AFD}'/><EventID>4624</EventID><Version>0</Version><Level>0</Level><Task>Logon</Task><Opcode>Info</Opcode><Keywords>Audit Success</Keywords><TimeCreated SystemTime='2026-05-23T15:28:10.449Z'/><EventRecordID>933506</EventRecordID><Channel>Security</Channel><Computer>WKS-NB011.empresa.local</Computer></System><EventData><Data Name='SubjectUserSid'>S-1-5-18</Data><Data Name='SubjectUserName'>SRV-PRINT01$</Data><Data Name='SubjectDomainName'>HQ</Data><Data Name='SubjectLogonId'>0x2A6CB</Data><Data Name='TargetUserSid'>S-1-5-21-3475224-7163</Data><Data Name='TargetUserName'>acosta</Data><Data Name='TargetDomainName'>HQ</Data><Data Name='TargetLogonId'>0xBAF14</Data><Data Name='LogonType'>3</Data><Data Name='IpAddress'>10.0.2.30</Data><Data Name='IpPort'>53782</Data><Data Name='WorkstationName'>SRV-PRINT01</Data></EventData></Event>
<Event xmlns='http://schemas.microsoft.com/win/2004/08/events/event'><System><Provider Name='Microsoft-Windows-Security-Auditing' Guid='{94BA8DCB-220D-E606-2FB3-52579803A46F}'/><EventID>4634</EventID><Version>0</Version><Level>0</Level><Task>Logoff</Task><Opcode>Info</Opcode><Keywords>Audit Success</Keywords><TimeCreated SystemTime='2026-05-23T15:28:08.879Z'/><EventRecordID>870308</EventRecordID><Channel>Security</Channel><Computer>WKS-PC003.hq.internal</Computer></System><EventData><Data Name='TargetUserName'>tlima</Data><Data Name='TargetDomainName'>CORP</Data><Data Name='TargetLogonId'>0x19DF4</Data><Data Name='LogonType'>7</Data></EventData></Event>
<Event xmlns='http://schemas.microsoft.com/win/2004/08/events/event'><System><Provider Name='Microsoft-Windows-Security-Auditing' Guid='{8366992D-73BB-EACA-2EB2-D2B1B55D89C6}'/><EventID>4634</EventID><Version>0</Version><Level>0</Level><Task>Logoff</Task><Opcode>Info</Opcode><Keywords>Audit Success</Keywords><TimeCreated SystemTime='2026-05-23T15:28:09.322Z'/><EventRecordID>427190</EventRecordID><Channel>Security</Channel><Computer>SRV-DC01.hq.internal</Computer></System><EventData><Data Name='TargetUserName'>bribeiro</Data><Data Name='TargetDomainName'>HQ</Data><Data Name='TargetLogonId'>0xFF796</Data><Data Name='LogonType'>2</Data></EventData></Event>
<Event xmlns='http://schemas.microsoft.com/win/2004/08/events/event'><System><Provider Name='Service Control Manager' Guid='{493E45F3-8CDA-D623-FFBF-AFE3602C2A81}'/><EventID>7036</EventID><Version>0</Version><Level>4</Level><Task>None</Task><Opcode>Info</Opcode><Keywords>Classic</Keywords><TimeCreated SystemTime='2026-05-23T15:28:10.746Z'/><EventRecordID>404842</EventRecordID><Channel>System</Channel><Computer>WKS-PC002.corp.local</Computer></System><EventData><Data Name='param1'>DNS Client</Data><Data Name='param2'>running</Data></EventData></Event>
<Event xmlns='http://schemas.microsoft.com/win/2004/08/events/event'><System><Provider Name='Microsoft-Windows-Security-Auditing' Guid='{BAA45F05-546F-058A-2E79-4283BD7DE5F6}'/><EventID>4688</EventID><Version>0</Version><Level>0</Level><Task>Process Creation</Task><Opcode>Info</Opcode><Keywords>Audit Success</Keywords><TimeCreated SystemTime='2026-05-23T15:28:11.108Z'/><EventRecordID>343992</EventRecordID><Channel>Security</Channel><Computer>SRV-DC02.hq.internal</Computer></System><EventData><Data Name='SubjectUserName'>rsantos</Data><Data Name='SubjectDomainName'>CORP</Data><Data Name='SubjectLogonId'>0x40A98</Data><Data Name='NewProcessName'>C:\Windows\System32\taskhostw.exe</Data><Data Name='ProcessId'>8738</Data><Data Name='CommandLine'>taskhostw.exe</Data><Data Name='ParentProcessName'>C:\Windows\System32\svchost.exe</Data></EventData></Event>
<Event xmlns='http://schemas.microsoft.com/win/2004/08/events/event'><System><Provider Name='Microsoft-Windows-Security-Auditing' Guid='{8472B133-B3B0-EB9E-C7E8-D2105928F4A2}'/><EventID>4688</EventID><Version>0</Version><Level>0</Level><Task>Process Creation</Task><Opcode>Info</Opcode><Keywords>Audit Success</Keywords><TimeCreated SystemTime='2026-05-23T15:28:09.655Z'/><EventRecordID>486307</EventRecordID><Channel>Security</Channel><Computer>SRV-DB01.empresa.local</Computer></System><EventData><Data Name='SubjectUserName'>acastro</Data><Data Name='SubjectDomainName'>CORP</Data><Data Name='SubjectLogonId'>0xF4252</Data><Data Name='NewProcessName'>C:\Windows\System32\chrome.exe</Data><Data Name='ProcessId'>3191</Data><Data Name='CommandLine'>chrome.exe</Data><Data Name='ParentProcessName'>C:\Windows\System32\svchost.exe</Data></EventData></Event>
<Event xmlns='http://schemas.microsoft.com/win/2004/08/events/event'><System><Provider Name='Microsoft-Windows-Security-Auditing' Guid='{DDEA5594-3E07-54C4-1F32-0A6452A6EB5D}'/><EventID>4720</EventID><Version>0</Version><Level>0</Level><Task>User Account Management</Task><Opcode>Info</Opcode><Keywords>Audit Success</Keywords><TimeCreated SystemTime='2026-05-23T15:28:10.565Z'/><EventRecordID>186047</EventRecordID><Channel>Security</Channel><Computer>SRV-DC02.corp.local</Computer></System><EventData><Data Name='TargetUserName'>backdoor_usr</Data><Data Name='TargetDomainName'>EMPRESA</Data><Data Name='SubjectUserName'>guest</Data><Data Name='SubjectDomainName'>EMPRESA</Data><Data Name='SubjectLogonId'>0x57386</Data><!-- SUSPICIOUS: suspicious_account_creation — account 'backdoor_usr' created by 'guest' --></EventData></Event>
<Event xmlns='http://schemas.microsoft.com/win/2004/08/events/event'><System><Provider Name='Service Control Manager' Guid='{9FC6D668-2F15-71A5-D603-1F64934D2BF9}'/><EventID>7036</EventID><Version>0</Version><Level>4</Level><Task>None</Task><Opcode>Info</Opcode><Keywords>Classic</Keywords><TimeCreated SystemTime='2026-05-23T15:28:10.094Z'/><EventRecordID>878942</EventRecordID><Channel>System</Channel><Computer>SRV-DC02.corp.local</Computer></System><EventData><Data Name='param1'>DNS Client</Data><Data Name='param2'>stopped</Data></EventData></Event>
<Event xmlns='http://schemas.microsoft.com/win/2004/08/events/event'><System><Provider Name='Microsoft-Windows-Security-Auditing' Guid='{DAB87313-1263-9AEE-8345-DB65E380F6E5}'/><EventID>4688</EventID><Version>0</Version><Level>0</Level><Task>Process Creation</Task><Opcode>Info</Opcode><Keywords>Audit Success</Keywords><TimeCreated SystemTime='2026-05-23T15:28:10.568Z'/><EventRecordID>769324</EventRecordID><Channel>Security</Channel><Computer>WKS-PC002.empresa.local</Computer></System><EventData><Data Name='SubjectUserName'>mfernandes</Data><Data Name='SubjectDomainName'>CORP</Data><Data Name='SubjectLogonId'>0x99CCC</Data><Data Name='NewProcessName'>C:\Windows\System32\SearchIndexer.exe</Data><Data Name='ProcessId'>17974</Data><Data Name='CommandLine'>SearchIndexer.exe</Data><Data Name='ParentProcessName'>C:\Windows\System32\svchost.exe</Data></EventData></Event>
<Event xmlns='http://schemas.microsoft.com/win/2004/08/events/event'><System><Provider Name='Microsoft-Windows-Security-Auditing' Guid='{19254A74-7620-70B3-E929-49944D723668}'/><EventID>4624</EventID><Version>0</Version><Level>0</Level><Task>Logon</Task><Opcode>Info</Opcode><Keywords>Audit Success</Keywords><TimeCreated SystemTime='2026-05-23T15:28:10.215Z'/><EventRecordID>873534</EventRecordID><Channel>Security</Channel><Computer>SRV-DB01.empresa.local</Computer></System><EventData><Data Name='SubjectUserSid'>S-1-5-18</Data><Data Name='SubjectUserName'>WKS-PC001$</Data><Data Name='SubjectDomainName'>HQ</Data><Data Name='SubjectLogonId'>0x2A0E2</Data><Data Name='TargetUserSid'>S-1-5-21-6664575-3774</Data><Data Name='TargetUserName'>fmendes</Data><Data Name='TargetDomainName'>HQ</Data><Data Name='TargetLogonId'>0x214B6</Data><Data Name='LogonType'>10</Data><Data Name='IpAddress'>10.0.1.101</Data><Data Name='IpPort'>62567</Data><Data Name='WorkstationName'>WKS-PC001</Data></EventData></Event>
<Event xmlns='http://schemas.microsoft.com/win/2004/08/events/event'><System><Provider Name='Microsoft-Windows-Security-Auditing' Guid='{A2106B9E-657F-5A90-1470-B4A1B30DC5C8}'/><EventID>4624</EventID><Version>0</Version><Level>0</Level><Task>Logon</Task><Opcode>Info</Opcode><Keywords>Audit Success</Keywords><TimeCreated SystemTime='2026-05-23T15:28:10.800Z'/><EventRecordID>157167</EventRecordID><Channel>Security</Channel><Computer>SRV-WEB01.corp.local</Computer></System><EventData><Data Name='SubjectUserSid'>S-1-5-18</Data><Data Name='SubjectUserName'>WKS-PC001$</Data><Data Name='SubjectDomainName'>EMPRESA</Data><Data Name='SubjectLogonId'>0x6BFBC</Data><Data Name='TargetUserSid'>S-1-5-21-4416914-8395</Data><Data Name='TargetUserName'>bribeiro</Data><Data Name='TargetDomainName'>EMPRESA</Data><Data Name='TargetLogonId'>0xCD6F3</Data><Data Name='LogonType'>10</Data><Data Name='IpAddress'>192.168.1.50</Data><Data Name='IpPort'>53709</Data><Data Name='WorkstationName'>WKS-PC001</Data></EventData></Event>
<Event xmlns='http://schemas.microsoft.com/win/2004/08/events/event'><System><Provider Name='Microsoft-Windows-Security-Auditing' Guid='{6BD78D50-8106-94BE-3914-BBEFBC8A5AE6}'/><EventID>4624</EventID><Version>0</Version><Level>0</Level><Task>Logon</Task><Opcode>Info</Opcode><Keywords>Audit Success</Keywords><TimeCreated SystemTime='2026-05-23T15:28:09.450Z'/><EventRecordID>334462</EventRecordID><Channel>Security</Channel><Computer>WKS-NB011.hq.internal</Computer></System><EventData><Data Name='SubjectUserSid'>S-1-5-18</Data><Data Name='SubjectUserName'>WKS-NB011$</Data><Data Name='SubjectDomainName'>EMPRESA</Data><Data Name='SubjectLogonId'>0x86693</Data><Data Name='TargetUserSid'>S-1-5-21-7418439-5722</Data><Data Name='TargetUserName'>rsantos</Data><Data Name='TargetDomainName'>EMPRESA</Data><Data Name='TargetLogonId'>0xB7406</Data><Data Name='LogonType'>7</Data><Data Name='IpAddress'>10.0.1.10</Data><Data Name='IpPort'>51117</Data><Data Name='WorkstationName'>WKS-NB011</Data></EventData></Event>
<Event xmlns='http://schemas.microsoft.com/win/2004/08/events/event'><System><Provider Name='Microsoft-Windows-Security-Auditing' Guid='{5B172796-BA68-7DF4-5338-71528A4519DC}'/><EventID>4688</EventID><Version>0</Version><Level>0</Level><Task>Process Creation</Task><Opcode>Info</Opcode><Keywords>Audit Success</Keywords><TimeCreated SystemTime='2026-05-23T15:28:08.685Z'/><EventRecordID>814485</EventRecordID><Channel>Security</Channel><Computer>SRV-WEB01.empresa.local</Computer></System><EventData><Data Name='SubjectUserName'>nalmeida</Data><Data Name='SubjectDomainName'>EMPRESA</Data><Data Name='SubjectLogonId'>0xFD139</Data><Data Name='NewProcessName'>C:\Windows\System32\outlook.exe</Data><Data Name='ProcessId'>28709</Data><Data Name='CommandLine'>outlook.exe</Data><Data Name='ParentProcessName'>C:\Windows\System32\svchost.exe</Data></EventData></Event>
<Event xmlns='http://schemas.microsoft.com/win/2004/08/events/event'><System><Provider Name='Service Control Manager' Guid='{4E98E652-62CD-8AE1-C704-CD6D93CBABE0}'/><EventID>7036</EventID><Version>0</Version><Level>4</Level><Task>None</Task><Opcode>Info</Opcode><Keywords>Classic</Keywords><TimeCreated SystemTime='2026-05-23T15:28:11.015Z'/><EventRecordID>284217</EventRecordID><Channel>System</Channel><Computer>SRV-PRINT01.hq.internal</Computer></System><EventData><Data Name='param1'>Windows Defender</Data><Data Name='param2'>running</Data></EventData></Event>
<Event xmlns='http://schemas.microsoft.com/win/2004/08/events/event'><System><Provider Name='Microsoft-Windows-Security-Auditing' Guid='{C62900EC-F266-0544-C85A-673A669A9F15}'/><EventID>4624</EventID><Version>0</Version><Level>0</Level><Task>Logon</Task><Opcode>Info</Opcode><Keywords>Audit Success</Keywords><TimeCreated SystemTime='2026-05-23T15:28:09.499Z'/><EventRecordID>708904</EventRecordID><Channel>Security</Channel><Computer>SRV-PRINT01.empresa.local</Computer></System><EventData><Data Name='SubjectUserSid'>S-1-5-18</Data><Data Name='SubjectUserName'>WKS-NB010$</Data><Data Name='SubjectDomainName'>HQ</Data><Data Name='SubjectLogonId'>0x74C36</Data><Data Name='TargetUserSid'>S-1-5-21-3024264-5544</Data><Data Name='TargetUserName'>acastro</Data><Data Name='TargetDomainName'>HQ</Data><Data Name='TargetLogonId'>0xF1AB8</Data><Data Name='LogonType'>3</Data><Data Name='IpAddress'>172.16.1.100</Data><Data Name='IpPort'>50221</Data><Data Name='WorkstationName'>WKS-NB010</Data></EventData></Event>
<Event xmlns='http://schemas.microsoft.com/win/2004/08/events/event'><System><Provider Name='Microsoft-Windows-Security-Auditing' Guid='{B760F85D-B6C5-4138-E8CA-23671B0CFABA}'/><EventID>4634</EventID><Version>0</Version><Level>0</Level><Task>Logoff</Task><Opcode>Info</Opcode><Keywords>Audit Success</Keywords><TimeCreated SystemTime='2026-05-23T15:28:10.936Z'/><EventRecordID>334162</EventRecordID><Channel>Security</Channel><Computer>SRV-FILE01.empresa.local</Computer></System><EventData><Data Name='TargetUserName'>rsantos</Data><Data Name='TargetDomainName'>HQ</Data><Data Name='TargetLogonId'>0x4757B</Data><Data Name='LogonType'>7</Data></EventData></Event>
<Event xmlns='http://schemas.microsoft.com/win/2004/08/events/event'><System><Provider Name='Service Control Manager' Guid='{19EAF550-D977-4879-3A4B-03B62A13B099}'/><EventID>7036</EventID><Version>0</Version><Level>4</Level><Task>None</Task><Opcode>Info</Opcode><Keywords>Classic</Keywords><TimeCreated SystemTime='2026-05-23T15:28:09.614Z'/><EventRecordID>937522</EventRecordID><Channel>System</Channel><Computer>WKS-PC002.corp.local</Computer></System><EventData><Data Name='param1'>Windows Defender</Data><Data Name='param2'>running</Data></EventData></Event>
<Event xmlns='http://schemas.microsoft.com/win/2004/08/events/event'><System><Provider Name='Service Control Manager' Guid='{6E7668D9-63EA-FA34-6589-734EA6779D5A}'/><EventID>7036</EventID><Version>0</Version><Level>4</Level><Task>None</Task><Opcode>Info</Opcode><Keywords>Classic</Keywords><TimeCreated SystemTime='2026-05-23T15:28:11.793Z'/><EventRecordID>438340</EventRecordID><Channel>System</Channel><Computer>WKS-PC002.hq.internal</Computer></System><EventData><Data Name='param1'>Task Scheduler</Data><Data Name='param2'>stopped</Data></EventData></Event>
<Event xmlns='http://schemas.microsoft.com/win/2004/08/events/event'><System><Provider Name='Microsoft-Windows-Security-Auditing' Guid='{C71A2729-C5EA-06DD-5A48-1AEE2B223DE1}'/><EventID>4624</EventID><Version>0</Version><Level>0</Level><Task>Logon</Task><Opcode>Info</Opcode><Keywords>Audit Success</Keywords><TimeCreated SystemTime='2026-05-23T15:28:09.484Z'/><EventRecordID>551895</EventRecordID><Channel>Security</Channel><Computer>WKS-PC002.hq.internal</Computer></System><EventData><Data Name='SubjectUserSid'>S-1-5-18</Data><Data Name='SubjectUserName'>SRV-DB01$</Data><Data Name='SubjectDomainName'>HQ</Data><Data Name='SubjectLogonId'>0x61C19</Data><Data Name='TargetUserSid'>S-1-5-21-4430694-1254</Data><Data Name='TargetUserName'>rsantos</Data><Data Name='TargetDomainName'>HQ</Data><Data Name='TargetLogonId'>0x4BA45</Data><Data Name='LogonType'>3</Data><Data Name='IpAddress'>10.0.2.30</Data><Data Name='IpPort'>51265</Data><Data Name='WorkstationName'>SRV-DB01</Data></EventData></Event>
<Event xmlns='http://schemas.microsoft.com/win/2004/08/events/event'><System><Provider Name='Microsoft-Windows-Security-Auditing' Guid='{EF4D8EB9-5264-A9C1-A5FE-CFA4A42B110F}'/><EventID>4634</EventID><Version>0</Version><Level>0</Level><Task>Logoff</Task><Opcode>Info</Opcode><Keywords>Audit Success</Keywords><TimeCreated SystemTime='2026-05-23T15:28:10.954Z'/><EventRecordID>854939</EventRecordID><Channel>Security</Channel><Computer>WKS-PC001.corp.local</Computer></System><EventData><Data Name='TargetUserName'>fmendes</Data><Data Name='TargetDomainName'>HQ</Data><Data Name='TargetLogonId'>0x177A5</Data><Data Name='LogonType'>3</Data></EventData></Event>
<Event xmlns='http://schemas.microsoft.com/win/2004/08/events/event'><System><Provider Name='Microsoft-Windows-Security-Auditing' Guid='{32F59FEC-9584-9948-2D41-A7B9E1A9A094}'/><EventID>4634</EventID><Version>0</Version><Level>0</Level><Task>Logoff</Task><Opcode>Info</Opcode><Keywords>Audit Success</Keywords><TimeCreated SystemTime='2026-05-23T15:28:11.712Z'/><EventRecordID>336467</EventRecordID><Channel>Security</Channel><Computer>WKS-PC003.empresa.local</Computer></System><EventData><Data Name='TargetUserName'>jsilva</Data><Data Name='TargetDomainName'>CORP</Data><Data Name='TargetLogonId'>0x1DDF3</Data><Data Name='LogonType'>3</Data></EventData></Event>
<Event xmlns='http://schemas.microsoft.com/win/2004/08/events/event'><System><Provider Name='Microsoft-Windows-Security-Auditing' Guid='{84262BBD-2B4A-39A9-A59F-933937C0426F}'/><EventID>4624</EventID><Version>0</Version><Level>0</Level><Task>Logon</Task><Opcode>Info</Opcode><Keywords>Audit Success</Keywords><TimeCreated SystemTime='2026-05-23T15:28:12.224Z'/><EventRecordID>213074</EventRecordID><Channel>Security</Channel><Computer>SRV-WEB01.hq.internal</Computer></System><EventData><Data Name='SubjectUserSid'>S-1-5-18</Data><Data Name='SubjectUserName'>WKS-NB011$</Data><Data Name='SubjectDomainName'>EMPRESA</Data><Data Name='SubjectLogonId'>0x107D8</Data><Data Name='TargetUserSid'>S-1-5-21-4661377-8096</Data><Data Name='TargetUserName'>fmendes</Data><Data Name='TargetDomainName'>EMPRESA</Data><Data Name='TargetLogonId'>0x99A71</Data><Data Name='LogonType'>3</Data><Data Name='IpAddress'>10.0.2.30</Data><Data Name='IpPort'>50653</Data><Data Name='WorkstationName'>WKS-NB011</Data></EventData></Event>
<Event xmlns='http://schemas.microsoft.com/win/2004/08/events/event'><System><Provider Name='Microsoft-Windows-Security-Auditing' Guid='{E82C9284-C1D4-DA76-B79D-10AE6C27CDA0}'/><EventID>4688</EventID><Version>0</Version><Level>0</Level><Task>Process Creation</Task><Opcode>Info</Opcode><Keywords>Audit Success</Keywords><TimeCreated SystemTime='2026-05-23T15:28:09.218Z'/><EventRecordID>708515</EventRecordID><Channel>Security</Channel><Computer>WKS-NB010.empresa.local</Computer></System><EventData><Data Name='SubjectUserName'>test</Data><Data Name='SubjectDomainName'>EMPRESA</Data><Data Name='SubjectLogonId'>0xD9130</Data><Data Name='NewProcessName'>C:\Windows\System32\cmd.exe</Data><Data Name='ProcessId'>24933</Data><Data Name='CommandLine'>cmd.exe /c whoami /priv</Data><Data Name='ParentProcessName'>C:\Windows\System32\cmd.exe</Data><!-- SUSPICIOUS: suspicious_process — 'cmd.exe /c whoami /priv' --></EventData></Event>
<Event xmlns='http://schemas.microsoft.com/win/2004/08/events/event'><System><Provider Name='Service Control Manager' Guid='{70D8800A-9605-0461-7D2E-A4A6E0929075}'/><EventID>7036</EventID><Version>0</Version><Level>4</Level><Task>None</Task><Opcode>Info</Opcode><Keywords>Classic</Keywords><TimeCreated SystemTime='2026-05-23T15:28:11.429Z'/><EventRecordID>116996</EventRecordID><Channel>System</Channel><Computer>SRV-DC02.corp.local</Computer></System><EventData><Data Name='param1'>Print Spooler</Data><Data Name='param2'>stopped</Data></EventData></Event>
<Event xmlns='http://schemas.microsoft.com/win/2004/08/events/event'><System><Provider Name='Microsoft-Windows-Security-Auditing' Guid='{A95AC338-3554-5972-8BF7-C5B72098B61E}'/><EventID>4688</EventID><Version>0</Version><Level>0</Level><Task>Process Creation</Task><Opcode>Info</Opcode><Keywords>Audit Success</Keywords><TimeCreated SystemTime='2026-05-23T15:28:12.000Z'/><EventRecordID>503331</EventRecordID><Channel>Security</Channel><Computer>SRV-DC02.corp.local</Computer></System><EventData><Data Name='SubjectUserName'>psouza</Data><Data Name='SubjectDomainName'>EMPRESA</Data><Data Name='SubjectLogonId'>0x633C5</Data><Data Name='NewProcessName'>C:\Windows\System32\chrome.exe</Data><Data Name='ProcessId'>27596</Data><Data Name='CommandLine'>chrome.exe</Data><Data Name='ParentProcessName'>C:\Windows\System32\svchost.exe</Data></EventData></Event>
<Event xmlns='http://schemas.microsoft.com/win/2004/08/events/event'><System><Provider Name='Microsoft-Windows-Security-Auditing' Guid='{D8D6FE79-4FC2-6929-7469-E8876239FFE9}'/><EventID>4624</EventID><Version>0</Version><Level>0</Level><Task>Logon</Task><Opcode>Info</Opcode><Keywords>Audit Success</Keywords><TimeCreated SystemTime='2026-05-23T15:28:11.804Z'/><EventRecordID>357168</EventRecordID><Channel>Security</Channel><Computer>SRV-APP01.hq.internal</Computer></System><EventData><Data Name='SubjectUserSid'>S-1-5-18</Data><Data Name='SubjectUserName'>WKS-NB010$</Data><Data Name='SubjectDomainName'>HQ</Data><Data Name='SubjectLogonId'>0x235AA</Data><Data Name='TargetUserSid'>S-1-5-21-9276796-6125</Data><Data Name='TargetUserName'>psouza</Data><Data Name='TargetDomainName'>HQ</Data><Data Name='TargetLogonId'>0x75F84</Data><Data Name='LogonType'>7</Data><Data Name='IpAddress'>10.0.2.200</Data><Data Name='IpPort'>61689</Data><Data Name='WorkstationName'>WKS-NB010</Data></EventData></Event>
<Event xmlns='http://schemas.microsoft.com/win/2004/08/events/event'><System><Provider Name='Service Control Manager' Guid='{8CC4787A-3300-D1F7-0B53-A0A03A215671}'/><EventID>7036</EventID><Version>0</Version><Level>4</Level><Task>None</Task><Opcode>Info</Opcode><Keywords>Classic</Keywords><TimeCreated SystemTime='2026-05-23T15:28:09.923Z'/><EventRecordID>631336</EventRecordID><Channel>System</Channel><Computer>WKS-NB010.corp.local</Computer></System><EventData><Data Name='param1'>Workstation</Data><Data Name='param2'>stopped</Data></EventData></Event>
<Event xmlns='http://schemas.microsoft.com/win/2004/08/events/event'><System><Provider Name='Microsoft-Windows-Security-Auditing' Guid='{57DD0D19-2137-7C6C-8063-0BB4341EA831}'/><EventID>4624</EventID><Version>0</Version><Level>0</Level><Task>Logon</Task><Opcode>Info</Opcode><Keywords>Audit Success</Keywords><TimeCreated SystemTime='2026-05-23T15:28:11.027Z'/><EventRecordID>356469</EventRecordID><Channel>Security</Channel><Computer>SRV-EXCH01.empresa.local</Computer></System><EventData><Data Name='SubjectUserSid'>S-1-5-18</Data><Data Name='SubjectUserName'>WKS-PC002$</Data><Data Name='SubjectDomainName'>EMPRESA</Data><Data Name='SubjectLogonId'>0xDF454</Data><Data Name='TargetUserSid'>S-1-5-21-7841367-7319</Data><Data Name='TargetUserName'>mfernandes</Data><Data Name='TargetDomainName'>EMPRESA</Data><Data Name='TargetLogonId'>0x89C1C</Data><Data Name='LogonType'>3</Data><Data Name='IpAddress'>10.0.1.50</Data><Data Name='IpPort'>57387</Data><Data Name='WorkstationName'>WKS-PC002</Data></EventData></Event>
<Event xmlns='http://schemas.microsoft.com/win/2004/08/events/event'><System><Provider Name='Microsoft-Windows-Security-Auditing' Guid='{EE1E35A1-0FA0-7C09-AEA7-1CF13E93B654}'/><EventID>4688</EventID><Version>0</Version><Level>0</Level><Task>Process Creation</Task><Opcode>Info</Opcode><Keywords>Audit Success</Keywords><TimeCreated SystemTime='2026-05-23T15:28:08.569Z'/><EventRecordID>971971</EventRecordID><Channel>Security</Channel><Computer>WKS-PC003.hq.internal</Computer></System><EventData><Data Name='SubjectUserName'>acastro</Data><Data Name='SubjectDomainName'>HQ</Data><Data Name='SubjectLogonId'>0x460EA</Data><Data Name='NewProcessName'>C:\Windows\System32\explorer.exe</Data><Data Name='ProcessId'>28632</Data><Data Name='CommandLine'>explorer.exe</Data><Data Name='ParentProcessName'>C:\Windows\System32\svchost.exe</Data></EventData></Event>
<Event xmlns='http://schemas.microsoft.com/win/2004/08/events/event'><System><Provider Name='Microsoft-Windows-Security-Auditing' Guid='{ADEA8B98-A030-4910-7102-FF66437C0A8F}'/><EventID>4634</EventID><Version>0</Version><Level>0</Level><Task>Logoff</Task><Opcode>Info</Opcode><Keywords>Audit Success</Keywords><TimeCreated SystemTime='2026-05-23T15:28:12.141Z'/><EventRecordID>982899</EventRecordID><Channel>Security</Channel><Computer>SRV-APP01.corp.local</Computer></System><EventData><Data Name='TargetUserName'>mfernandes</Data><Data Name='TargetDomainName'>HQ</Data><Data Name='TargetLogonId'>0xBCF04</Data><Data Name='LogonType'>3</Data></EventData></Event>
<Event xmlns='http://schemas.microsoft.com/win/2004/08/events/event'><System><Provider Name='Service Control Manager' Guid='{95AC67DC-9289-A48D-291F-59B79AC83B45}'/><EventID>7036</EventID><Version>0</Version><Level>4</Level><Task>None</Task><Opcode>Info</Opcode><Keywords>Classic</Keywords><TimeCreated SystemTime='2026-05-23T15:28:11.622Z'/><EventRecordID>401679</EventRecordID><Channel>System</Channel><Computer>SRV-PRINT01.empresa.local</Computer></System><EventData><Data Name='param1'>Windows Firewall</Data><Data Name='param2'>running</Data></EventData></Event>
<Event xmlns='http://schemas.microsoft.com/win/2004/08/events/event'><System><Provider Name='Microsoft-Windows-Security-Auditing' Guid='{13DF5869-309D-193F-E6BC-99A1A33B350C}'/><EventID>4688</EventID><Version>0</Version><Level>0</Level><Task>Process Creation</Task><Opcode>Info</Opcode><Keywords>Audit Success</Keywords><TimeCreated SystemTime='2026-05-23T15:28:10.711Z'/><EventRecordID>862193</EventRecordID><Channel>Security</Channel><Computer>SRV-DB01.hq.internal</Computer></System><EventData><Data Name='SubjectUserName'>loliveira</Data><Data Name='SubjectDomainName'>EMPRESA</Data><Data Name='SubjectLogonId'>0x230DC</Data><Data Name='NewProcessName'>C:\Windows\System32\OneDrive.exe</Data><Data Name='ProcessId'>12607</Data><Data Name='CommandLine'>OneDrive.exe</Data><Data Name='ParentProcessName'>C:\Windows\System32\svchost.exe</Data></EventData></Event>
<Event xmlns='http://schemas.microsoft.com/win/2004/08/events/event'><System><Provider Name='Microsoft-Windows-Security-Auditing' Guid='{11E836FA-4969-29B6-0CAE-5397948661B3}'/><EventID>4624</EventID><Version>0</Version><Level>0</Level><Task>Logon</Task><Opcode>Info</Opcode><Keywords>Audit Success</Keywords><TimeCreated SystemTime='2026-05-23T15:28:10.161Z'/><EventRecordID>452503</EventRecordID><Channel>Security</Channel><Computer>WKS-PC001.empresa.local</Computer></System><EventData><Data Name='SubjectUserSid'>S-1-5-18</Data><Data Name='SubjectUserName'>WKS-NB011$</Data><Data Name='SubjectDomainName'>CORP</Data><Data Name='SubjectLogonId'>0x98955</Data><Data Name='TargetUserSid'>S-1-5-21-1277878-3903</Data><Data Name='TargetUserName'>bribeiro</Data><Data Name='TargetDomainName'>CORP</Data><Data Name='TargetLogonId'>0xE8664</Data><Data Name='LogonType'>7</Data><Data Name='IpAddress'>10.0.1.10</Data><Data Name='IpPort'>51697</Data><Data Name='WorkstationName'>WKS-NB011</Data></EventData></Event>
<Event xmlns='http://schemas.microsoft.com/win/2004/08/events/event'><System><Provider Name='Microsoft-Windows-Security-Auditing' Guid='{1CE564B0-31CE-615C-033C-AB50121EA783}'/><EventID>4624</EventID><Version>0</Version><Level>0</Level><Task>Logon</Task><Opcode>Info</Opcode><Keywords>Audit Success</Keywords><TimeCreated SystemTime='2026-05-23T15:28:12.137Z'/><EventRecordID>903285</EventRecordID><Channel>Security</Channel><Computer>WKS-NB010.corp.local</Computer></System><EventData><Data Name='SubjectUserSid'>S-1-5-18</Data><Data Name='SubjectUserName'>SRV-DC02$</Data><Data Name='SubjectDomainName'>HQ</Data><Data Name='SubjectLogonId'>0xF3C96</Data><Data Name='TargetUserSid'>S-1-5-21-9643809-4717</Data><Data Name='TargetUserName'>rsantos</Data><Data Name='TargetDomainName'>HQ</Data><Data Name='TargetLogonId'>0x80D20</Data><Data Name='LogonType'>2</Data><Data Name='IpAddress'>192.168.1.50</Data><Data Name='IpPort'>59054</Data><Data Name='WorkstationName'>SRV-DC02</Data></EventData></Event>
<Event xmlns='http://schemas.microsoft.com/win/2004/08/events/event'><System><Provider Name='Microsoft-Windows-Security-Auditing' Guid='{B0F6DCAD-15DE-CD5C-1B5E-B4AA6A31F468}'/><EventID>4624</EventID><Version>0</Version><Level>0</Level><Task>Logon</Task><Opcode>Info</Opcode><Keywords>Audit Success</Keywords><TimeCreated SystemTime='2026-05-23T15:28:09.431Z'/><EventRecordID>650661</EventRecordID><Channel>Security</Channel><Computer>SRV-EXCH01.corp.local</Computer></System><EventData><Data Name='SubjectUserSid'>S-1-5-18</Data><Data Name='SubjectUserName'>WKS-PC003$</Data><Data Name='SubjectDomainName'>EMPRESA</Data><Data Name='SubjectLogonId'>0x57D1B</Data><Data Name='TargetUserSid'>S-1-5-21-9554025-4157</Data><Data Name='TargetUserName'>mfernandes</Data><Data Name='TargetDomainName'>EMPRESA</Data><Data Name='TargetLogonId'>0xE996B</Data><Data Name='LogonType'>10</Data><Data Name='IpAddress'>10.0.1.25</Data><Data Name='IpPort'>56713</Data><Data Name='WorkstationName'>WKS-PC003</Data></EventData></Event>
<Event xmlns='http://schemas.microsoft.com/win/2004/08/events/event'><System><Provider Name='Service Control Manager' Guid='{DD5A7FC4-262D-9AA6-8C31-1AD86B19014C}'/><EventID>7036</EventID><Version>0</Version><Level>4</Level><Task>None</Task><Opcode>Info</Opcode><Keywords>Classic</Keywords><TimeCreated SystemTime='2026-05-23T15:28:10.403Z'/><EventRecordID>191082</EventRecordID><Channel>System</Channel><Computer>WKS-NB010.hq.internal</Computer></System><EventData><Data Name='param1'>Windows Firewall</Data><Data Name='param2'>running</Data></EventData></Event>
<Event xmlns='http://schemas.microsoft.com/win/2004/08/events/event'><System><Provider Name='Microsoft-Windows-Security-Auditing' Guid='{E5C26859-CF81-AEB1-E102-0BB3BB30E4BF}'/><EventID>4634</EventID><Version>0</Version><Level>0</Level><Task>Logoff</Task><Opcode>Info</Opcode><Keywords>Audit Success</Keywords><TimeCreated SystemTime='2026-05-23T15:28:12.216Z'/><EventRecordID>260127</EventRecordID><Channel>Security</Channel><Computer>WKS-PC002.empresa.local</Computer></System><EventData><Data Name='TargetUserName'>psouza</Data><Data Name='TargetDomainName'>EMPRESA</Data><Data Name='TargetLogonId'>0x21F65</Data><Data Name='LogonType'>3</Data></EventData></Event>
<Event xmlns='http://schemas.microsoft.com/win/2004/08/events/event'><System><Provider Name='Microsoft-Windows-Security-Auditing' Guid='{EA349002-C2C2-FB0E-0DD3-D7B0D272C211}'/><EventID>4624</EventID><Version>0</Version><Level>0</Level><Task>Logon</Task><Opcode>Info</Opcode><Keywords>Audit Success</Keywords><TimeCreated SystemTime='2026-05-23T15:28:10.046Z'/><EventRecordID>959574</EventRecordID><Channel>Security</Channel><Computer>WKS-PC002.corp.local</Computer></System><EventData><Data Name='SubjectUserSid'>S-1-5-18</Data><Data Name='SubjectUserName'>WKS-PC003$</Data><Data Name='SubjectDomainName'>HQ</Data><Data Name='SubjectLogonId'>0x5FB43</Data><Data Name='TargetUserSid'>S-1-5-21-3504453-6464</Data><Data Name='TargetUserName'>dfreitas</Data><Data Name='TargetDomainName'>HQ</Data><Data Name='TargetLogonId'>0xBBC6E</Data><Data Name='LogonType'>7</Data><Data Name='IpAddress'>10.0.2.200</Data><Data Name='IpPort'>49431</Data><Data Name='WorkstationName'>WKS-PC003</Data></EventData></Event>
<Event xmlns='http://schemas.microsoft.com/win/2004/08/events/event'><System><Provider Name='Service Control Manager' Guid='{456D0648-4075-8CDB-0FC1-CDA4AAE64D2E}'/><EventID>7036</EventID><Version>0</Version><Level>4</Level><Task>None</Task><Opcode>Info</Opcode><Keywords>Classic</Keywords><TimeCreated SystemTime='2026-05-23T15:28:08.510Z'/><EventRecordID>212087</EventRecordID><Channel>System</Channel><Computer>SRV-EXCH01.corp.local</Computer></System><EventData><Data Name='param1'>Windows Defender</Data><Data Name='param2'>stopped</Data></EventData></Event>
<Event xmlns='http://schemas.microsoft.com/win/2004/08/events/event'><System><Provider Name='Microsoft-Windows-Security-Auditing' Guid='{DB15C783-5438-2866-478E-F5E61E08042A}'/><EventID>4634</EventID><Version>0</Version><Level>0</Level><Task>Logoff</Task><Opcode>Info</Opcode><Keywords>Audit Success</Keywords><TimeCreated SystemTime='2026-05-23T15:28:11.269Z'/><EventRecordID>556710</EventRecordID><Channel>Security</Channel><Computer>SRV-DB01.hq.internal</Computer></System><EventData><Data Name='TargetUserName'>cpereira</Data><Data Name='TargetDomainName'>EMPRESA</Data><Data Name='TargetLogonId'>0xDF2CE</Data><Data Name='LogonType'>3</Data></EventData></Event>
<Event xmlns='http://schemas.microsoft.com/win/2004/08/events/event'><System><Provider Name='Service Control Manager' Guid='{40062035-C73A-4BA6-AFC5-7B5D8B1240ED}'/><EventID>7036</EventID><Version>0</Version><Level>4</Level><Task>None</Task><Opcode>Info</Opcode><Keywords>Classic</Keywords><TimeCreated SystemTime='2026-05-23T15:28:08.426Z'/><EventRecordID>747275</EventRecordID><Channel>System</Channel><Computer>WKS-NB010.hq.internal</Computer></System><EventData><Data Name='param1'>DHCP Client</Data><Data Name='param2'>running</Data></EventData></Event>
<Event xmlns='http://schemas.microsoft.com/win/2004/08/events/event'><System><Provider Name='Microsoft-Windows-Security-Auditing' Guid='{8C65F152-1498-EDE8-7600-1A8B01048A30}'/><EventID>4624</EventID><Version>0</Version><Level>0</Level><Task>Logon</Task><Opcode>Info</Opcode><Keywords>Audit Success</Keywords><TimeCreated SystemTime='2026-05-23T15:28:11.442Z'/><EventRecordID>661501</EventRecordID><Channel>Security</Channel><Computer>SRV-PRINT01.corp.local</Computer></System><EventData><Data Name='SubjectUserSid'>S-1-5-18</Data><Data Name='SubjectUserName'>SRV-DC02$</Data><Data Name='SubjectDomainName'>EMPRESA</Data><Data Name='SubjectLogonId'>0xECDB0</Data><Data Name='TargetUserSid'>S-1-5-21-8847517-9997</Data><Data Name='TargetUserName'>rsantos</Data><Data Name='TargetDomainName'>EMPRESA</Data><Data Name='TargetLogonId'>0x40F52</Data><Data Name='LogonType'>10</Data><Data Name='IpAddress'>10.0.1.25</Data><Data Name='IpPort'>63449</Data><Data Name='WorkstationName'>SRV-DC02</Data></EventData></Event>
<Event xmlns='http://schemas.microsoft.com/win/2004/08/events/event'><System><Provider Name='Microsoft-Windows-Security-Auditing' Guid='{52D1B00C-AE32-CD17-2839-51784CB55FF0}'/><EventID>4634</EventID><Version>0</Version><Level>0</Level><Task>Logoff</Task><Opcode>Info</Opcode><Keywords>Audit Success</Keywords><TimeCreated SystemTime='2026-05-23T15:28:11.382Z'/><EventRecordID>464985</EventRecordID><Channel>Security</Channel><Computer>SRV-PRINT01.empresa.local</Computer></System><EventData><Data Name='TargetUserName'>tlima</Data><Data Name='TargetDomainName'>EMPRESA</Data><Data Name='TargetLogonId'>0x3C2D8</Data><Data Name='LogonType'>2</Data></EventData></Event>
<Event xmlns='http://schemas.microsoft.com/win/2004/08/events/event'><System><Provider Name='Service Control Manager' Guid='{BD8A06F2-A679-7CCB-6C67-2CFA40EF6369}'/><EventID>7036</EventID><Version>0</Version><Level>4</Level><Task>None</Task><Opcode>Info</Opcode><Keywords>Classic</Keywords><TimeCreated SystemTime='2026-05-23T15:28:09.311Z'/><EventRecordID>955758</EventRecordID><Channel>System</Channel><Computer>WKS-PC001.hq.internal</Computer></System><EventData><Data Name='param1'>Print Spooler</Data><Data Name='param2'>running</Data></EventData></Event>
<Event xmlns='http://schemas.microsoft.com/win/2004/08/events/event'><System><Provider Name='Microsoft-Windows-Security-Auditing' Guid='{9A699A6C-360F-A36B-D516-5F16237A05F8}'/><EventID>4688</EventID><Version>0</Version><Level>0</Level><Task>Process Creation</Task><Opcode>Info</Opcode><Keywords>Audit Success</Keywords><TimeCreated SystemTime='2026-05-23T15:28:09.679Z'/><EventRecordID>734109</EventRecordID><Channel>Security</Channel><Computer>SRV-DC02.hq.internal</Computer></System><EventData><Data Name='SubjectUserName'>psouza</Data><Data Name='SubjectDomainName'>HQ</Data><Data Name='SubjectLogonId'>0xB8991</Data><Data Name='NewProcessName'>C:\Windows\System32\chrome.exe</Data><Data Name='ProcessId'>4805</Data><Data Name='CommandLine'>chrome.exe</Data><Data Name='ParentProcessName'>C:\Windows\System32\svchost.exe</Data></EventData></Event>
<Event xmlns='http://schemas.microsoft.com/win/2004/08/events/event'><System><Provider Name='Microsoft-Windows-Security-Auditing' Guid='{8703F66A-697D-BE1B-D946-18A47ABCF026}'/><EventID>4634</EventID><Version>0</Version><Level>0</Level><Task>Logoff</Task><Opcode>Info</Opcode><Keywords>Audit Success</Keywords><TimeCreated SystemTime='2026-05-23T15:28:08.851Z'/><EventRecordID>814707</EventRecordID><Channel>Security</Channel><Computer>WKS-PC002.empresa.local</Computer></System><EventData><Data Name='TargetUserName'>loliveira</Data><Data Name='TargetDomainName'>CORP</Data><Data Name='TargetLogonId'>0xFB2FB</Data><Data Name='LogonType'>7</Data></EventData></Event>
<Event xmlns='http://schemas.microsoft.com/win/2004/08/events/event'><System><Provider Name='Service Control Manager' Guid='{1657140A-C7C2-7608-BC6D-6C1C7D3081FE}'/><EventID>7036</EventID><Version>0</Version><Level>4</Level><Task>None</Task><Opcode>Info</Opcode><Keywords>Classic</Keywords><TimeCreated SystemTime='2026-05-23T15:28:11.055Z'/><EventRecordID>596273</EventRecordID><Channel>System</Channel><Computer>SRV-WEB01.empresa.local</Computer></System><EventData><Data Name='param1'>Print Spooler</Data><Data Name='param2'>running</Data></EventData></Event>
<Event xmlns='http://schemas.microsoft.com/win/2004/08/events/event'><System><Provider Name='Microsoft-Windows-Security-Auditing' Guid='{5CCF8594-6FC1-92F7-0706-E8CBD9F80554}'/><EventID>4624</EventID><Version>0</Version><Level>0</Level><Task>Logon</Task><Opcode>Info</Opcode><Keywords>Audit Success</Keywords><TimeCreated SystemTime='2026-05-23T15:28:10.158Z'/><EventRecordID>783513</EventRecordID><Channel>Security</Channel><Computer>WKS-NB010.hq.internal</Computer></System><EventData><Data Name='SubjectUserSid'>S-1-5-18</Data><Data Name='SubjectUserName'>WKS-PC002$</Data><Data Name='SubjectDomainName'>HQ</Data><Data Name='SubjectLogonId'>0x44D0B</Data><Data Name='TargetUserSid'>S-1-5-21-8638641-4176</Data><Data Name='TargetUserName'>mrocha</Data><Data Name='TargetDomainName'>HQ</Data><Data Name='TargetLogonId'>0x8F9C6</Data><Data Name='LogonType'>3</Data><Data Name='IpAddress'>10.0.1.101</Data><Data Name='IpPort'>62652</Data><Data Name='WorkstationName'>WKS-PC002</Data></EventData></Event>
<Event xmlns='http://schemas.microsoft.com/win/2004/08/events/event'><System><Provider Name='Service Control Manager' Guid='{8AC2DDAD-F3DD-C0E5-E150-533E95D1D958}'/><EventID>7036</EventID><Version>0</Version><Level>4</Level><Task>None</Task><Opcode>Info</Opcode><Keywords>Classic</Keywords><TimeCreated SystemTime='2026-05-23T15:28:09.652Z'/><EventRecordID>735683</EventRecordID><Channel>System</Channel><Computer>SRV-WEB01.empresa.local</Computer></System><EventData><Data Name='param1'>Task Scheduler</Data><Data Name='param2'>running</Data></EventData></Event>
<Event xmlns='http://schemas.microsoft.com/win/2004/08/events/event'><System><Provider Name='Microsoft-Windows-Security-Auditing' Guid='{D1323A0C-DBD1-D364-D467-BA84511EEDF0}'/><EventID>4634</EventID><Version>0</Version><Level>0</Level><Task>Logoff</Task><Opcode>Info</Opcode><Keywords>Audit Success</Keywords><TimeCreated SystemTime='2026-05-23T15:28:08.417Z'/><EventRecordID>715379</EventRecordID><Channel>Security</Channel><Computer>SRV-FILE01.corp.local</Computer></System><EventData><Data Name='TargetUserName'>loliveira</Data><Data Name='TargetDomainName'>CORP</Data><Data Name='TargetLogonId'>0xF1E62</Data><Data Name='LogonType'>7</Data></EventData></Event>
<Event xmlns='http://schemas.microsoft.com/win/2004/08/events/event'><System><Provider Name='Service Control Manager' Guid='{DE7CACB8-A6B0-F283-BDB0-20ED594B36CA}'/><EventID>7036</EventID><Version>0</Version><Level>4</Level><Task>None</Task><Opcode>Info</Opcode><Keywords>Classic</Keywords><TimeCreated SystemTime='2026-05-23T15:28:10.883Z'/><EventRecordID>437622</EventRecordID><Channel>System</Channel><Computer>SRV-DC01.corp.local</Computer></System><EventData><Data Name='param1'>Windows Update</Data><Data Name='param2'>stopped</Data></EventData></Event>
<Event xmlns='http://schemas.microsoft.com/win/2004/08/events/event'><System><Provider Name='Microsoft-Windows-Security-Auditing' Guid='{DCDCE6F8-7E64-745C-E5FE-0F418CD3AA89}'/><EventID>4634</EventID><Version>0</Version><Level>0</Level><Task>Logoff</Task><Opcode>Info</Opcode><Keywords>Audit Success</Keywords><TimeCreated SystemTime='2026-05-23T15:28:11.851Z'/><EventRecordID>614978</EventRecordID><Channel>Security</Channel><Computer>WKS-NB011.hq.internal</Computer></System><EventData><Data Name='TargetUserName'>loliveira</Data><Data Name='TargetDomainName'>EMPRESA</Data><Data Name='TargetLogonId'>0x56817</Data><Data Name='LogonType'>7</Data></EventData></Event>
<Event xmlns='http://schemas.microsoft.com/win/2004/08/events/event'><System><Provider Name='Microsoft-Windows-Security-Auditing' Guid='{0FB8A38F-14D0-9888-B350-8FB6A9BF4909}'/><EventID>4688</EventID><Version>0</Version><Level>0</Level><Task>Process Creation</Task><Opcode>Info</Opcode><Keywords>Audit Success</Keywords><TimeCreated SystemTime='2026-05-23T15:28:10.590Z'/><EventRecordID>417245</EventRecordID><Channel>Security</Channel><Computer>WKS-PC002.empresa.local</Computer></System><EventData><Data Name='SubjectUserName'>rsantos</Data><Data Name='SubjectDomainName'>CORP</Data><Data Name='SubjectLogonId'>0xEBB14</Data><Data Name='NewProcessName'>C:\Windows\System32\SearchIndexer.exe</Data><Data Name='ProcessId'>24811</Data><Data Name='CommandLine'>SearchIndexer.exe</Data><Data Name='ParentProcessName'>C:\Windows\System32\svchost.exe</Data></EventData></Event>
<Event xmlns='http://schemas.microsoft.com/win/2004/08/events/event'><System><Provider Name='Microsoft-Windows-Security-Auditing' Guid='{5D98E7D1-972A-2D5D-9C51-C43EC957A91D}'/><EventID>4624</EventID><Version>0</Version><Level>0</Level><Task>Logon</Task><Opcode>Info</Opcode><Keywords>Audit Success</Keywords><TimeCreated SystemTime='2026-05-23T15:28:08.335Z'/><EventRecordID>855731</EventRecordID><Channel>Security</Channel><Computer>WKS-PC003.hq.internal</Computer></System><EventData><Data Name='SubjectUserSid'>S-1-5-18</Data><Data Name='SubjectUserName'>SRV-EXCH01$</Data><Data Name='SubjectDomainName'>CORP</Data><Data Name='SubjectLogonId'>0xB88AD</Data><Data Name='TargetUserSid'>S-1-5-21-6574084-4582</Data><Data Name='TargetUserName'>loliveira</Data><Data Name='TargetDomainName'>CORP</Data><Data Name='TargetLogonId'>0xDEEA5</Data><Data Name='LogonType'>3</Data><Data Name='IpAddress'>10.0.2.200</Data><Data Name='IpPort'>62848</Data><Data Name='WorkstationName'>SRV-EXCH01</Data></EventData></Event>
<Event xmlns='http://schemas.microsoft.com/win/2004/08/events/event'><System><Provider Name='Microsoft-Windows-Eventlog' Guid='{A1CC8432-9DF0-B0A4-4F8A-3F72C6B15D4D}'/><EventID>1102</EventID><Version>0</Version><Level>0</Level><Task>Log clear</Task><Opcode>Info</Opcode><Keywords>Audit Success</Keywords><TimeCreated SystemTime='2026-05-23T15:28:11.112Z'/><EventRecordID>581065</EventRecordID><Channel>Security</Channel><Computer>SRV-WEB01.hq.internal</Computer></System><EventData><Data Name='SubjectUserName'>scanner</Data><Data Name='SubjectDomainName'>HQ</Data><Data Name='SubjectLogonId'>0xB7034</Data><!-- SUSPICIOUS: log_tampering — audit log cleared by 'scanner' --></EventData></Event>
<Event xmlns='http://schemas.microsoft.com/win/2004/08/events/event'><System><Provider Name='Microsoft-Windows-Security-Auditing' Guid='{1678B78F-F86B-FFCC-D704-2F065BB74A3B}'/><EventID>4624</EventID><Version>0</Version><Level>0</Level><Task>Logon</Task><Opcode>Info</Opcode><Keywords>Audit Success</Keywords><TimeCreated SystemTime='2026-05-23T15:28:08.681Z'/><EventRecordID>794847</EventRecordID><Channel>Security</Channel><Computer>SRV-DC01.empresa.local</Computer></System><EventData><Data Name='SubjectUserSid'>S-1-5-18</Data><Data Name='SubjectUserName'>SRV-DC02$</Data><Data Name='SubjectDomainName'>CORP</Data><Data Name='SubjectLogonId'>0x1E800</Data><Data Name='TargetUserSid'>S-1-5-21-3733622-5268</Data><Data Name='TargetUserName'>acastro</Data><Data Name='TargetDomainName'>CORP</Data><Data Name='TargetLogonId'>0x9D41C</Data><Data Name='LogonType'>2</Data><Data Name='IpAddress'>172.16.1.15</Data><Data Name='IpPort'>53781</Data><Data Name='WorkstationName'>SRV-DC02</Data></EventData></Event>
<Event xmlns='http://schemas.microsoft.com/win/2004/08/events/event'><System><Provider Name='Microsoft-Windows-Security-Auditing' Guid='{CC45CEDA-EEB3-31D4-14A6-F45C5B0C7805}'/><EventID>4624</EventID><Version>0</Version><Level>0</Level><Task>Logon</Task><Opcode>Info</Opcode><Keywords>Audit Success</Keywords><TimeCreated SystemTime='2026-05-23T15:28:11.309Z'/><EventRecordID>760847</EventRecordID><Channel>Security</Channel><Computer>SRV-EXCH01.empresa.local</Computer></System><EventData><Data Name='SubjectUserSid'>S-1-5-18</Data><Data Name='SubjectUserName'>SRV-PRINT01$</Data><Data Name='SubjectDomainName'>EMPRESA</Data><Data Name='SubjectLogonId'>0xFF9EE</Data><Data Name='TargetUserSid'>S-1-5-21-5256641-2552</Data><Data Name='TargetUserName'>fmendes</Data><Data Name='TargetDomainName'>EMPRESA</Data><Data Name='TargetLogonId'>0x27413</Data><Data Name='LogonType'>3</Data><Data Name='IpAddress'>10.0.2.200</Data><Data Name='IpPort'>53669</Data><Data Name='WorkstationName'>SRV-PRINT01</Data></EventData></Event>
<Event xmlns='http://schemas.microsoft.com/win/2004/08/events/event'><System><Provider Name='Microsoft-Windows-Security-Auditing' Guid='{C782E608-87D2-8710-4283-38220C1F9A0A}'/><EventID>4634</EventID><Version>0</Version><Level>0</Level><Task>Logoff</Task><Opcode>Info</Opcode><Keywords>Audit Success</Keywords><TimeCreated SystemTime='2026-05-23T15:28:11.641Z'/><EventRecordID>908164</EventRecordID><Channel>Security</Channel><Computer>WKS-PC002.empresa.local</Computer></System><EventData><Data Name='TargetUserName'>acastro</Data><Data Name='TargetDomainName'>EMPRESA</Data><Data Name='TargetLogonId'>0x41D36</Data><Data Name='LogonType'>7</Data></EventData></Event>
