<Event xmlns='http://schemas.microsoft.com/win/2004/08/events/event'><System><Provider Name='Microsoft-Windows-Security-Auditing' Guid='{A5C12A43-E5AF-C6C9-C850-B0D4568CFB1F}'/><EventID>4624</EventID><Version>0</Version><Level>0</Level><Task>Logon</Task><Opcode>Info</Opcode><Keywords>Audit Success</Keywords><TimeCreated SystemTime='2026-05-23T15:28:10.576Z'/><EventRecordID>507524</EventRecordID><Channel>Security</Channel><Computer>SRV-DB01.corp.local</Computer></System><EventData><Data Name='SubjectUserSid'>S-1-5-18</Data><Data Name='SubjectUserName'>SRV-APP01$</Data><Data Name='SubjectDomainName'>HQ</Data><Data Name='SubjectLogonId'>0x75EC4</Data><Data Name='TargetUserSid'>S-1-5-21-1398663-3324</Data><Data Name='TargetUserName'>mfernandes</Data><Data Name='TargetDomainName'>HQ</Data><Data Name='TargetLogonId'>0xCB368</Data><Data Name='LogonType'>10</Data><Data Name='IpAddress'>10.0.2.55</Data><Data Name='IpPort'>53349</Data><Data Name='WorkstationName'>SRV-APP01</Data></EventData></Event>
<Event xmlns='http://schemas.microsoft.com/win/2004/08/events/event'><System><Provider Name='Microsoft-Windows-Security-Auditing' Guid='{EB610BA1-6B34-D65D-A1BA-0136D7109C6B}'/><EventID>4624</EventID><Version>0</Version><Level>0</Level><Task>Logon</Task><Opcode>Info</Opcode><Keywords>Audit Success</Keywords><TimeCreated SystemTime='2026-05-23T15:28:08.719Z'/><EventRecordID>221527</EventRecordID><Channel>Security</Channel><Computer>WKS-PC003.hq.internal</Computer></System><EventData><Data Name='SubjectUserSid'>S-1-5-18</Data><Data Name='SubjectUserName'>WKS-NB011$</Data><Data Name='SubjectDomainName'>EMPRESA</Data><Data Name='SubjectLogonId'>0x752B4</Data><Data Name='TargetUserSid'>S-1-5-21-2013088-1218</Data><Data Name='TargetUserName'>acastro</Data><Data Name='TargetDomainName'>EMPRESA</Data><Data Name='TargetLogonId'>0x23CC4</Data><Data Name='LogonType'>2</Data><Data Name='IpAddress'>10.0.2.80</Data><Data Name='IpPort'>60345</Data><Data Name='WorkstationName'>WKS-NB011</Data></EventData></Event>
<Event xmlns='http://schemas.microsoft.com/win/2004/08/events/event'><System><Provider Name='Microsoft-Windows-Security-Auditing' Guid='{25FE3808-5562-6FD4-834B-CDC7C8273A01}'/><EventID>4688</EventID><Version>0</Version><Level>0</Level><Task>Process Creation</Task><Opcode>Info</Opcode><Keywords>Audit Success</Keywords><TimeCreated SystemTime='2026-05-23T15:28:08.892Z'/><EventRecordID>591679</EventRecordID><Channel>Security</Channel><Computer>WKS-PC002.corp.local</Computer></System><EventData><Data Name='SubjectUserName'>dfreitas</Data><Data Name='SubjectDomainName'>CORP</Data><Data Name='SubjectLogonId'>0x21825</Data><Data Name='NewProcessName'>C:\Windows\System32\explorer.exe</Data><Data Name='ProcessId'>4091</Data><Data Name='CommandLine'>explorer.exe</Data><Data Name='ParentProcessName'>C:\Windows\System32\svchost.exe</Data></EventData></Event>
<Event xmlns='http://schemas.microsoft.com/win/2004/08/events/event'><System><Provider Name='Service Control Manager' Guid='{538C0048-515E-233B-4D90-08C44D199C9B}'/><EventID>7036</EventID><Version>0</Version><Level>4</Level><Task>None</Task><Opcode>Info</Opcode><Keywords>Classic</Keywords><TimeCreated SystemTime='2026-05-23T15:28:11.971Z'/><EventRecordID>339517</EventRecordID><Channel>System</Channel><Computer>WKS-PC003.hq.internal</Computer></System><EventData><Data Name='param1'>DNS Client</Data><Data Name='param2'>stopped</Data></EventData></Event>
<Event xmlns='http://schemas.microsoft.com/win/2004/08/events/event'><System><Provider Name='Microsoft-Windows-Security-Auditing' Guid='{140C67C4-6EF4-0E2E-8CEE-02BADB17E533}'/><EventID>4634</EventID><Version>0</Version><Level>0</Level><Task>Logoff</Task><Opcode>Info</Opcode><Keywords>Audit Success</Keywords><TimeCreated SystemTime='2026-05-23T15:28:08.886Z'/><EventRecordID>227267</EventRecordID><Channel>Security</Channel><Computer>WKS-PC003.hq.internal</Computer></System><EventData><Data Name='TargetUserName'>bribeiro</Data><Data Name='TargetDomainName'>EMPRESA</Data><Data Name='TargetLogonId'>0x27E70</Data><Data Name='LogonType'>3</Data></EventData></Event>
<Event xmlns='http://schemas.microsoft.com/win/2004/08/events/event'><System><Provider Name='Microsoft-Windows-Security-Auditing' Guid='{3890945A-2FB9-F157-14D7-C7FEF08AA715}'/><EventID>4624</EventID><Version>0</Version><Level>0</Level><Task>Logon</Task><Opcode>Info</Opcode><Keywords>Audit Success</Keywords><TimeCreated SystemTime='2026-05-23T15:28:10.288Z'/><EventRecordID>652331</EventRecordID><Channel>Security</Channel><Computer>WKS-NB010.corp.local</Computer></System><EventData><Data Name='SubjectUserSid'>S-1-5-18</Data><Data Name='SubjectUserName'>SRV-DC01$</Data><Data Name='SubjectDomainName'>CORP</Data><Data Name='SubjectLogonId'>0x49920</Data><Data Name='TargetUserSid'>S-1-5-21-6999873-1327</Data><Data Name='TargetUserName'>acosta</Data><Data Name='TargetDomainName'>CORP</Data><Data Name='TargetLogonId'>0x9E06D</Data><Data Name='LogonType'>3</Data><Data Name='IpAddress'>10.0.2.55</Data><Data Name='IpPort'>52041</Data><Data Name='WorkstationName'>SRV-DC01</Data></EventData></Event>
<Event xmlns='http://schemas.microsoft.com/win/2004/08/events/event'><System><Provider Name='Microsoft-Windows-Security-Auditing' Guid='{403F8F20-81BE-4D84-5D41-923CC67B987C}'/><EventID>4624</EventID><Version>0</Version><Level>0</Level><Task>Logon</Task><Opcode>Info</Opcode><Keywords>Audit Success</Keywords><TimeCreated SystemTime='2026-05-23T15:28:08.281Z'/><EventRecordID>625659</EventRecordID><Channel>Security</Channel><Computer>WKS-NB011.hq.internal</Computer></System><EventData><Data Name='SubjectUserSid'>S-1-5-18</Data><Data Name='SubjectUserName'>WKS-NB010$</Data><Data Name='SubjectDomainName'>HQ</Data><Data Name='SubjectLogonId'>0xB95BD</Data><Data Name='TargetUserSid'>S-1-5-21-9546970-8405</Data><Data Name='TargetUserName'>psouza</Data><Data Name='TargetDomainName'>HQ</Data><Data Name='TargetLogonId'>0x243FF</Data><Data Name='LogonType'>7</Data><Data Name='IpAddress'>10.0.2.55</Data><Data Name='IpPort'>61695</Data><Data Name='WorkstationName'>WKS-NB010</Data></EventData></Event>
<Event xmlns='http://schemas.microsoft.com/win/2004/08/events/event'><System><Provider Name='Microsoft-Windows-Security-Auditing' Guid='{FBF19BA1-FC06-3558-4914-E5FD97B39F35}'/><EventID>4688</EventID><Version>0</Version><Level>0</Level><Task>Process Creation</Task><Opcode>Info</Opcode><Keywords>Audit Success</Keywords><TimeCreated SystemTime='2026-05-23T15:28:11.478Z'/><EventRecordID>214879</EventRecordID><Channel>Security</Channel><Computer>SRV-FILE01.hq.internal</Computer></System><EventData><Data Name='SubjectUserName'>mfernandes</Data><Data Name='SubjectDomainName'>CORP</Data><Data Name='SubjectLogonId'>0xAAEB1</Data><Data Name='NewProcessName'>C:\Windows\System32\explorer.exe</Data><Data Name='ProcessId'>23662</Data><Data Name='CommandLine'>explorer.exe</Data><Data Name='ParentProcessName'>C:\Windows\System32\svchost.exe</Data></EventData></Event>
<Event xmlns='http://schemas.microsoft.com/win/2004/08/events/event'><System><Provider Name='Service Control Manager' Guid='{7053459B-47FD-CD45-1867-1A968DCEF800}'/><EventID>7036</EventID><Version>0</Version><Level>4</Level><Task>None</Task><Opcode>Info</Opcode><Keywords>Classic</Keywords><TimeCreated SystemTime='2026-05-23T15:28:11.072Z'/><EventRecordID>449711</EventRecordID><Channel>System</Channel><Computer>SRV-EXCH01.hq.internal</Computer></System><EventData><Data Name='param1'>Windows Firewall</Data><Data Name='param2'>running</Data></EventData></Event>
<Event xmlns='http://schemas.microsoft.com/win/2004/08/events/event'><System><Provider Name='Microsoft-Windows-Security-Auditing' Guid='{0EA552C9-B93D-7675-DEE7-53A0AAA0CBFF}'/><EventID>4624</EventID><Version>0</Version><Level>0</Level><Task>Logon</Task><Opcode>Info</Opcode><Keywords>Audit Success</Keywords><TimeCreated SystemTime='2026-05-23T15:28:09.956Z'/><EventRecordID>338170</EventRecordID><Channel>Security</Channel><Computer>SRV-PRINT01.empresa.local</Computer></System><EventData><Data Name='SubjectUserSid'>S-1-5-18</Data><Data Name='SubjectUserName'>SRV-WEB01$</Data><Data Name='SubjectDomainName'>HQ</Data><Data Name='SubjectLogonId'>0x55CC8</Data><Data Name='TargetUserSid'>S-1-5-21-1172114-5007</Data><Data Name='TargetUserName'>ggomes</Data><Data Name='TargetDomainName'>HQ</Data><Data Name='TargetLogonId'>0x41DAC</Data><Data Name='LogonType'>3</Data><Data Name='IpAddress'>172.16.0.5</Data><Data Name='IpPort'>52646</Data><Data Name='WorkstationName'>SRV-WEB01</Data></EventData></Event>
<Event xmlns='http://schemas.microsoft.com/win/2004/08/events/event'><System><Provider Name='Microsoft-Windows-Security-Auditing' Guid='{748D9D78-7766-0E89-15C5-CFF08FA4BA83}'/><EventID>4634</EventID><Version>0</Version><Level>0</Level><Task>Logoff</Task><Opcode>Info</Opcode><Keywords>Audit Success</Keywords><TimeCreated SystemTime='2026-05-23T15:28:08.794Z'/><EventRecordID>832117</EventRecordID><Channel>Security</Channel><Computer>WKS-PC002.hq.internal</Computer></System><EventData><Data Name='TargetUserName'>bribeiro</Data><Data Name='TargetDomainName'>CORP</Data><Data Name='TargetLogonId'>0x9AB85</Data><Data Name='LogonType'>3</Data></EventData></Event>
<Event xmlns='http://schemas.microsoft.com/win/2004/08/events/event'><System><Provider Name='Service Control Manager' Guid='{C41FFFC4-0CA7-1BFF-FFE3-E816E2849DE4}'/><EventID>7036</EventID><Version>0</Version><Level>4</Level><Task>None</Task><Opcode>Info</Opcode><Keywords>Classic</Keywords><TimeCreated SystemTime='2026-05-23T15:28:08.502Z'/><EventRecordID>343815</EventRecordID><Channel>System</Channel><Computer>WKS-NB011.corp.local</Computer></System><EventData><Data Name='param1'>Workstation</Data><Data Name='param2'>stopped</Data></EventData></Event>
<Event xmlns='http://schemas.microsoft.com/win/2004/08/events/event'><System><Provider Name='Service Control Manager' Guid='{0C99E814-659B-1B53-CD57-5ACCF22AF71D}'/><EventID>7036</EventID><Version>0</Version><Level>4</Level><Task>None</Task><Opcode>Info</Opcode><Keywords>Classic</Keywords><TimeCreated SystemTime='2026-05-23T15:28:11.975Z'/><EventRecordID>263569</EventRecordID><Channel>System</Channel><Computer>SRV-DB01.empresa.local</Computer></System><EventData><Data Name='param1'>Windows Update</Data><Data Name='param2'>stopped</Data></EventData></Event>
<Event xmlns='http://schemas.microsoft.com/win/2004/08/events/event'><System><Provider Name='Microsoft-Windows-Security-Auditing' Guid='{9C5F3C19-63BA-5BCF-D264-03F34F54450B}'/><EventID>4634</EventID><Version>0</Version><Level>0</Level><Task>Logoff</Task><Opcode>Info</Opcode><Keywords>Audit Success</Keywords><TimeCreated SystemTime='2026-05-23T15:28:10.549Z'/><EventRecordID>339729</EventRecordID><Channel>Security</Channel><Computer>WKS-NB011.corp.local</Computer></System><EventData><Data Name='TargetUserName'>loliveira</Data><Data Name='TargetDomainName'>EMPRESA</Data><Data Name='TargetLogonId'>0xD955F</Data><Data Name='LogonType'>2</Data></EventData></Event>
<Event xmlns='http://schemas.microsoft.com/win/2004/08/events/event'><System><Provider Name='Microsoft-Windows-Security-Auditing' Guid='{9CC68764-E0FF-47D1-6300-9D18AF443183}'/><EventID>4625</EventID><Version>0</Version><Level>0</Level><Task>Logon</Task><Opcode>Info</Opcode><Keywords>Audit Failure</Keywords><TimeCreated SystemTime='2026-05-23T15:28:12.138Z'/><EventRecordID>983163</EventRecordID><Channel>Security</Channel><Computer>SRV-DB01.hq.internal</Computer></System><EventData><Data Name='TargetUserName'>administrator</Data><Data Name='TargetDomainName'>EMPRESA</Data><Data Name='Status'>0xC000006D</Data><Data Name='FailureReason'>%%2304</Data><Data Name='SubStatus'>0xC000006A</Data><Data Name='LogonType'>3</Data><Data Name='IpAddress'>185.199.108.153</Data><Data Name='IpPort'>52434</Data><Data Name='WorkstationName'>SRV-WEB01</Data><!-- SUSPICIOUS: brute_force_attempt from 185.199.108.153 --></EventData></Event>
<Event xmlns='http://schemas.microsoft.com/win/2004/08/events/event'><System><Provider Name='Microsoft-Windows-Security-Auditing' Guid='{83F68B86-397A-C293-DBD6-72A1AD53E224}'/><EventID>4634</EventID><Version>0</Version><Level>0</Level><Task>Logoff</Task><Opcode>Info</Opcode><Keywords>Audit Success</Keywords><TimeCreated SystemTime='2026-05-23T15:28:08.402Z'/><EventRecordID>904058</EventRecordID><Channel>Security</Channel><Computer>SRV-FILE01.corp.local</Computer></System><EventData><Data Name='TargetUserName'>jsilva</Data><Data Name='TargetDomainName'>CORP</Data><Data Name='TargetLogonId'>0x1E553</Data><Data Name='LogonType'>2</Data></EventData></Event>
<Event xmlns='http://schemas.microsoft.com/win/2004/08/events/event'><System><Provider Name='Microsoft-Windows-Security-Auditing' Guid='{E94CD624-924D-9CC1-8D92-B30F364ACC19}'/><EventID>4688</EventID><Version>0</Version><Level>0</Level><Task>Process Creation</Task><Opcode>Info</Opcode><Keywords>Audit Success</Keywords><TimeCreated SystemTime='2026-05-23T15:28:11.728Z'/><EventRecordID>605574</EventRecordID><Channel>Security</Channel><Computer>WKS-NB010.hq.internal</Computer></System><EventData><Data Name='SubjectUserName'>acastro</Data><Data Name='SubjectDomainName'>EMPRESA</Data><Data Name='SubjectLogonId'>0xFDEEE</Data><Data Name='NewProcessName'>C:\Windows\System32\teams.exe</Data><Data Name='ProcessId'>20689</Data><Data Name='CommandLine'>teams.exe</Data><Data Name='ParentProcessName'>C:\Windows\System32\svchost.exe</Data></EventData></Event>
<Event xmlns='http://schemas.microsoft.com/win/2004/08/events/event'><System><Provider Name='Microsoft-Windows-Security-Auditing' Guid='{23C7C74B-7725-2F5A-CAF8-B7A84DC6AD34}'/><EventID>4720</EventID><Version>0</Version><Level>0</Level><Task>User Account Management</Task><Opcode>Info</Opcode><Keywords>Audit Success</Keywords><TimeCreated SystemTime='2026-05-23T15:28:10.506Z'/><EventRecordID>957483</EventRecordID><Channel>Security</Channel><Computer>SRV-DC02.corp.local</Computer></System><EventData><Data Name='TargetUserName'>svc_debug</Data><Data Name='TargetDomainName'>EMPRESA</Data><Data Name='SubjectUserName'>temp_admin</Data><Data Name='SubjectDomainName'>EMPRESA</Data><Data Name='SubjectLogonId'>0x4C18A</Data><!-- SUSPICIOUS: suspicious_account_creation — account 'svc_debug' created by 'temp_admin' --></EventData></Event>
<Event xmlns='http://schemas.microsoft.com/win/2004/08/events/event'><System><Provider Name='Service Control Manager' Guid='{3998ECEE-43A3-E493-C15E-E2B882A1381A}'/><EventID>7036</EventID><Version>0</Version><Level>4</Level><Task>None</Task><Opcode>Info</Opcode><Keywords>Classic</Keywords><TimeCreated SystemTime='2026-05-23T15:28:11.791Z'/><EventRecordID>150409</EventRecordID><Channel>System</Channel><Computer>SRV-DC01.hq.internal</Computer></System><EventData><Data Name='param1'>DNS Client</Data><Data Name='param2'>running</Data></EventData></Event>
<Event xmlns='http://schemas.microsoft.com/win/2004/08/events/event'><System><Provider Name='Microsoft-Windows-Security-Auditing' Guid='{75ED948B-C27F-E3D1-9824-58EE12F757A3}'/><EventID>4688</EventID><Version>0</Version><Level>0</Level><Task>Process Creation</Task><Opcode>Info</Opcode><Keywords>Audit Success</Keywords><TimeCreated SystemTime='2026-05-23T15:28:11.651Z'/><EventRecordID>569934</EventRecordID><Channel>Security</Channel><Computer>WKS-NB010.corp.local</Computer></System><EventData><Data Name='SubjectUserName'>fmendes</Data><Data Name='SubjectDomainName'>EMPRESA</Data><Data Name='SubjectLogonId'>0x3EBE3</Data><Data Name='NewProcessName'>C:\Windows\System32\SearchIndexer.exe</Data><Data Name='ProcessId'>16890</Data><Data Name='CommandLine'>SearchIndexer.exe</Data><Data Name='ParentProcessName'>C:\Windows\System32\svchost.exe</Data></EventData></Event>
<Event xmlns='http://schemas.microsoft.com/win/2004/08/events/event'><System><Provider Name='Microsoft-Windows-Security-Auditing' Guid='{828B208E-DD52-312A-9BFC-5E3BCF4DEB67}'/><EventID>4634</EventID><Version>0</Version><Level>0</Level><Task>Logoff</Task><Opcode>Info</Opcode><Keywords>Audit Success</Keywords><TimeCreated SystemTime='2026-05-23T15:28:10.488Z'/><EventRecordID>241603</EventRecordID><Channel>Security</Channel><Computer>SRV-EXCH01.corp.local</Computer></System><EventData><Data Name='TargetUserName'>acosta</Data><Data Name='TargetDomainName'>CORP</Data><Data Name='TargetLogonId'>0x655F1</Data><Data Name='LogonType'>7</Data></EventData></Event>
<Event xmlns='http://schemas.microsoft.com/win/2004/08/events/event'><System><Provider Name='Microsoft-Windows-Security-Auditing' Guid='{ACEB54BD-18F3-BAD3-49F0-82F12E2FFEE7}'/><EventID>4688</EventID><Version>0</Version><Level>0</Level><Task>Process Creation</Task><Opcode>Info</Opcode><Keywords>Audit Success</Keywords><TimeCreated SystemTime='2026-05-23T15:28:08.910Z'/><EventRecordID>538368</EventRecordID><Channel>Security</Channel><Computer>SRV-WEB01.hq.internal</Computer></System><EventData><Data Name='SubjectUserName'>acastro</Data><Data Name='SubjectDomainName'>EMPRESA</Data><Data Name='SubjectLogonId'>0xCE125</Data><Data Name='NewProcessName'>C:\Windows\System32\SearchIndexer.exe</Data><Data Name='ProcessId'>10130</Data><Data Name='CommandLine'>SearchIndexer.exe</Data><Data Name='ParentProcessName'>C:\Windows\System32\svchost.exe</Data></EventData></Event>
<Event xmlns='http://schemas.microsoft.com/win/2004/08/events/event'><System><Provider Name='Microsoft-Windows-Security-Auditing' Guid='{98226B78-179C-89BE-9455-A1FCB3CC2292}'/><EventID>4624</EventID><Version>0</Version><Level>0</Level><Task>Logon</Task><Opcode>Info</Opcode><Keywords>Audit Success</Keywords><TimeCreated SystemTime='2026-05-23T15:28:09.635Z'/><EventRecordID>111640</EventRecordID><Channel>Security</Channel><Computer>SRV-DC02.empresa.local</Computer></System><EventData><Data Name='SubjectUserSid'>S-1-5-18</Data><Data Name='SubjectUserName'>WKS-PC001$</Data><Data Name='SubjectDomainName'>CORP</Data><Data Name='SubjectLogonId'>0x50CC4</Data><Data Name='TargetUserSid'>S-1-5-21-8025214-3009</Data><Data Name='TargetUserName'>jsilva</Data><Data Name='TargetDomainName'>CORP</Data><Data Name='TargetLogonId'>0xA97D9</Data><Data Name='LogonType'>3</Data><Data Name='IpAddress'>10.0.2.10</Data><Data Name='IpPort'>63243</Data><Data Name='WorkstationName'>WKS-PC001</Data></EventData></Event>
<Event xmlns='http://schemas.microsoft.com/win/2004/08/events/event'><System><Provider Name='Microsoft-Windows-Security-Auditing' Guid='{6F046D58-B33E-D3EA-30D4-0BCFBD4F5AF2}'/><EventID>4634</EventID><Version>0</Version><Level>0</Level><Task>Logoff</Task><Opcode>Info</Opcode><Keywords>Audit Success</Keywords><TimeCreated SystemTime='2026-05-23T15:28:08.395Z'/><EventRecordID>118417</EventRecordID><Channel>Security</Channel><Computer>WKS-NB010.empresa.local</Computer></System><EventData><Data Name='TargetUserName'>fmendes</Data><Data Name='TargetDomainName'>EMPRESA</Data><Data Name='TargetLogonId'>0xA108B</Data><Data Name='LogonType'>2</Data></EventData></Event>
<Event xmlns='http://schemas.microsoft.com/win/2004/08/events/event'><System><Provider Name='Microsoft-Windows-Security-Auditing' Guid='{B1156408-4FA9-0CCC-E849-7C703BEBD690}'/><EventID>4634</EventID><Version>0</Version><Level>0</Level><Task>Logoff</Task><Opcode>Info</Opcode><Keywords>Audit Success</Keywords><TimeCreated SystemTime='2026-05-23T15:28:09.833Z'/><EventRecordID>908603</EventRecordID><Channel>Security</Channel><Computer>WKS-NB011.hq.internal</Computer></System><EventData><Data Name='TargetUserName'>jsilva</Data><Data Name='TargetDomainName'>CORP</Data><Data Name='TargetLogonId'>0xCFCE8</Data><Data Name='LogonType'>7</Data></EventData></Event>
<Event xmlns='http://schemas.microsoft.com/win/2004/08/events/event'><System><Provider Name='Service Control Manager' Guid='{B291C633-4115-7E74-3AC8-5C442E9CFB13}'/><EventID>7036</EventID><Version>0</Version><Level>4</Level><Task>None</Task><Opcode>Info</Opcode><Keywords>Classic</Keywords><TimeCreated SystemTime='2026-05-23T15:28:10.438Z'/><EventRecordID>305196</EventRecordID><Channel>System</Channel><Computer>SRV-PRINT01.empresa.local</Computer></System><EventData><Data Name='param1'>DHCP Client</Data><Data Name='param2'>stopped</Data></EventData></Event>
<Event xmlns='http://schemas.microsoft.com/win/2004/08/events/event'><System><Provider Name='Microsoft-Windows-Security-Auditing' Guid='{8F8AE53C-7BC3-F323-62F9-CE8754B1546B}'/><EventID>4697</EventID><Version>0</Version><Level>0</Level><Task>Security System Extension</Task><Opcode>Info</Opcode><Keywords>Audit Success</Keywords><TimeCreated SystemTime='2026-05-23T15:28:08.817Z'/><EventRecordID>967480</EventRecordID><Channel>Security</Channel><Computer>WKS-NB011.hq.internal</Computer></System><EventData><Data Name='SubjectUserName'>temp_admin</Data><Data Name='SubjectDomainName'>CORP</Data><Data Name='ServiceName'>WindowsUpdateHelper</Data><Data Name='ServiceFileName'>C:\Users\Public\update.exe</Data><Data Name='ServiceType'>0x10</Data><Data Name='ServiceStartType'>2</Data><!-- SUSPICIOUS: suspicious_service_install — service 'WindowsUpdateHelper' installed by 'temp_admin' --></EventData></Event>
<Event xmlns='http://schemas.microsoft.com/win/2004/08/events/event'><System><Provider Name='Microsoft-Windows-Security-Auditing' Guid='{4207A127-C83C-9F32-F4DA-DEE1AC3E2D6F}'/><EventID>4688</EventID><Version>0</Version><Level>0</Level><Task>Process Creation</Task><Opcode>Info</Opcode><Keywords>Audit Success</Keywords><TimeCreated SystemTime='2026-05-23T15:28:09.277Z'/><EventRecordID>256886</EventRecordID><Channel>Security</Channel><Computer>WKS-NB011.empresa.local</Computer></System><EventData><Data Name='SubjectUserName'>rsantos</Data><Data Name='SubjectDomainName'>CORP</Data><Data Name='SubjectLogonId'>0x6A2B9</Data><Data Name='NewProcessName'>C:\Windows\System32\teams.exe</Data><Data Name='ProcessId'>10371</Data><Data Name='CommandLine'>teams.exe</Data><Data Name='ParentProcessName'>C:\Windows\System32\svchost.exe</Data></EventData></Event>
<Event xmlns='http://schemas.microsoft.com/win/2004/08/events/event'><System><Provider Name='Microsoft-Windows-Security-Auditing' Guid='{B137FBA0-4775-2D46-4E29-086881CD5762}'/><EventID>4688</EventID><Version>0</Version><Level>0</Level><Task>Process Creation</Task><Opcode>Info</Opcode><Keywords>Audit Success</Keywords><TimeCreated SystemTime='2026-05-23T15:28:09.359Z'/><EventRecordID>475872</EventRecordID><Channel>Security</Channel><Computer>WKS-NB010.corp.local</Computer></System><EventData><Data Name='SubjectUserName'>loliveira</Data><Data Name='SubjectDomainName'>CORP</Data><Data Name='SubjectLogonId'>0xFDB90</Data><Data Name='NewProcessName'>C:\Windows\System32\chrome.exe</Data><Data Name='ProcessId'>5290</Data><Data Name='CommandLine'>chrome.exe</Data><Data Name='ParentProcessName'>C:\Windows\System32\svchost.exe</Data></EventData></Event>
<Event xmlns='http://schemas.microsoft.com/win/2004/08/events/event'><System><Provider Name='Microsoft-Windows-Security-Auditing' Guid='{965480A3-11D1-95A2-BCAB-A66AD4D9F26F}'/><EventID>4634</EventID><Version>0</Version><Level>0</Level><Task>Logoff</Task><Opcode>Info</Opcode><Keywords>Audit Success</Keywords><TimeCreated SystemTime='2026-05-23T15:28:11.002Z'/><EventRecordID>183649</EventRecordID><Channel>Security</Channel><Computer>SRV-PRINT01.corp.local</Computer></System><EventData><Data Name='TargetUserName'>tlima</Data><Data Name='TargetDomainName'>CORP</Data><Data Name='TargetLogonId'>0xCEE23</Data><Data Name='LogonType'>7</Data></EventData></Event>
<Event xmlns='http://schemas.microsoft.com/win/2004/08/events/event'><System><Provider Name='Microsoft-Windows-Security-Auditing' Guid='{D6FA1F2E-34FF-ED03-5635-185DFFA3F52E}'/><EventID>4634</EventID><Version>0</Version><Level>0</Level><Task>Logoff</Task><Opcode>Info</Opcode><Keywords>Audit Success</Keywords><TimeCreated SystemTime='2026-05-23T15:28:09.833Z'/><EventRecordID>661161</EventRecordID><Channel>Security</Channel><Computer>SRV-DB01.empresa.local</Computer></System><EventData><Data Name='TargetUserName'>psouza</Data><Data Name='TargetDomainName'>EMPRESA</Data><Data Name='TargetLogonId'>0x1A29B</Data><Data Name='LogonType'>3</Data></EventData></Event>
<Event xmlns='http://schemas.microsoft.com/win/2004/08/events/event'><System><Provider Name='Microsoft-Windows-Security-Auditing' Guid='{ECE78CCF-BBD8-226E-C0A8-769061BEA3E3}'/><EventID>4624</EventID><Version>0</Version><Level>0</Level><Task>Logon</Task><Opcode>Info</Opcode><Keywords>Audit Success</Keywords><TimeCreated SystemTime='2026-05-23T15:28:09.267Z'/><EventRecordID>819015</EventRecordID><Channel>Security</Channel><Computer>SRV-APP01.corp.local</Computer></System><EventData><Data Name='SubjectUserSid'>S-1-5-18</Data><Data Name='SubjectUserName'>SRV-DC02$</Data><Data Name='SubjectDomainName'>HQ</Data><Data Name='SubjectLogonId'>0x9D182</Data><Data Name='TargetUserSid'>S-1-5-21-3490560-3835</Data><Data Name='TargetUserName'>nalmeida</Data><Data Name='TargetDomainName'>HQ</Data><Data Name='TargetLogonId'>0x37AED</Data><Data Name='LogonType'>7</Data><Data Name='IpAddress'>10.0.2.10</Data><Data Name='IpPort'>59081</Data><Data Name='WorkstationName'>SRV-DC02</Data></EventData></Event>
<Event xmlns='http://schemas.microsoft.com/win/2004/08/events/event'><System><Provider Name='Microsoft-Windows-Security-Auditing' Guid='{231D75C6-B75C-B4DE-5C30-101D351A17B2}'/><EventID>4720</EventID><Version>0</Version><Level>0</Level><Task>User Account Management</Task><Opcode>Info</Opcode><Keywords>Audit Success</Keywords><TimeCreated SystemTime='2026-05-23T15:28:08.997Z'/><EventRecordID>181120</EventRecordID><Channel>Security</Channel><Computer>WKS-PC002.corp.local</Computer></System><EventData><Data Name='TargetUserName'>svc_debug</Data><Data Name='TargetDomainName'>CORP</Data><Data Name='SubjectUserName'>test</Data><Data Name='SubjectDomainName'>CORP</Data><Data Name='SubjectLogonId'>0xD2D24</Data><!-- SUSPICIOUS: suspicious_account_creation — account 'svc_debug' created by 'test' --></EventData></Event>
<Event xmlns='http://schemas.microsoft.com/win/2004/08/events/event'><System><Provider Name='Microsoft-Windows-Security-Auditing' Guid='{180787AC-F4F9-BDA0-79A4-4E2BA2A92379}'/><EventID>4688</EventID><Version>0</Version><Level>0</Level><Task>Process Creation</Task><Opcode>Info</Opcode><Keywords>Audit Success</Keywords><TimeCreated SystemTime='2026-05-23T15:28:10.314Z'/><EventRecordID>408145</EventRecordID><Channel>Security</Channel><Computer>SRV-APP01.empresa.local</Computer></System><EventData><Data Name='SubjectUserName'>nalmeida</Data><Data Name='SubjectDomainName'>CORP</Data><Data Name='SubjectLogonId'>0xF985D</Data><Data Name='NewProcessName'>C:\Windows\System32\outlook.exe</Data><Data Name='ProcessId'>28214</Data><Data Name='CommandLine'>outlook.exe</Data><Data Name='ParentProcessName'>C:\Windows\System32\svchost.exe</Data></EventData></Event>
<Event xmlns='http://schemas.microsoft.com/win/2004/08/events/event'><System><Provider Name='Microsoft-Windows-Security-Auditing' Guid='{8D089241-28D1-E95B-7504-91861EC1C848}'/><EventID>4688</EventID><Version>0</Version><Level>0</Level><Task>Process Creation</Task><Opcode>Info</Opcode><Keywords>Audit Success</Keywords><TimeCreated SystemTime='2026-05-23T15:28:10.410Z'/><EventRecordID>250486</EventRecordID><Channel>Security</Channel><Computer>WKS-PC002.corp.local</Computer></System><EventData><Data Name='SubjectUserName'>cpereira</Data><Data Name='SubjectDomainName'>EMPRESA</Data><Data Name='SubjectLogonId'>0x411C8</Data><Data Name='NewProcessName'>C:\Windows\System32\taskhostw.exe</Data><Data Name='ProcessId'>8284</Data><Data Name='CommandLine'>taskhostw.exe</Data><Data Name='ParentProcessName'>C:\Windows\System32\svchost.exe</Data></EventData></Event>
<Event xmlns='http://schemas.microsoft.com/win/2004/08/events/event'><System><Provider Name='Microsoft-Windows-Security-Auditing' Guid='{243B9626-82EC-876E-4A03-2D262EE6F05F}'/><EventID>4634</EventID><Version>0</Version><Level>0</Level><Task>Logoff</Task><Opcode>Info</Opcode><Keywords>Audit Success</Keywords><TimeCreated SystemTime='2026-05-23T15:28:11.952Z'/><EventRecordID>239711</EventRecordID><Channel>Security</Channel><Computer>WKS-PC002.hq.internal</Computer></System><EventData><Data Name='TargetUserName'>cpereira</Data><Data Name='TargetDomainName'>EMPRESA</Data><Data Name='TargetLogonId'>0x89D4D</Data><Data Name='LogonType'>7</Data></EventData></Event>
<Event xmlns='http://schemas.microsoft.com/win/2004/08/events/event'><System><Provider Name='Microsoft-Windows-Security-Auditing' Guid='{DE13BD09-BEBB-DCEA-D4FE-27E025D0741B}'/><EventID>4688</EventID><Version>0</Version><Level>0</Level><Task>Process Creation</Task><Opcode>Info</Opcode><Keywords>Audit Success</Keywords><TimeCreated SystemTime='2026-05-23T15:28:12.139Z'/><EventRecordID>166136</EventRecordID><Channel>Security</Channel><Computer>WKS-NB010.corp.local</Computer></System><EventData><Data Name='SubjectUserName'>fmendes</Data><Data Name='SubjectDomainName'>EMPRESA</Data><Data Name='SubjectLogonId'>0xD6EF2</Data><Data Name='NewProcessName'>C:\Windows\System32\outlook.exe</Data><Data Name='ProcessId'>28181</Data><Data Name='CommandLine'>outlook.exe</Data><Data Name='ParentProcessName'>C:\Windows\System32\svchost.exe</Data></EventData></Event>
<Event xmlns='http://schemas.microsoft.com/win/2004/08/events/event'><System><Provider Name='Microsoft-Windows-Security-Auditing' Guid='{9C29AADE-8024-4169-4476-DD6DEF0B464D}'/><EventID>4634</EventID><Version>0</Version><Level>0</Level><Task>Logoff</Task><Opcode>Info</Opcode><Keywords>Audit Success</Keywords><TimeCreated SystemTime='2026-05-23T15:28:08.350Z'/><EventRecordID>590199</EventRecordID><Channel>Security</Channel><Computer>WKS-PC001.hq.internal</Computer></System><EventData><Data Name='TargetUserName'>acastro</Data><Data Name='TargetDomainName'>EMPRESA</Data><Data Name='TargetLogonId'>0xF2691</Data><Data Name='LogonType'>2</Data></EventData></Event>
<Event xmlns='http://schemas.microsoft.com/win/2004/08/events/event'><System><Provider Name='Microsoft-Windows-Security-Auditing' Guid='{B85D06EB-75FF-DDD6-0CDE-8897FC6F2A95}'/><EventID>4720</EventID><Version>0</Version><Level>0</Level><Task>User Account Management</Task><Opcode>Info</Opcode><Keywords>Audit Success</Keywords><TimeCreated SystemTime='2026-05-23T15:28:11.375Z'/><EventRecordID>463521</EventRecordID><Channel>Security</Channel><Computer>WKS-PC003.corp.local</Computer></System><EventData><Data Name='TargetUserName'>svc_debug</Data><Data Name='TargetDomainName'>HQ</Data><Data Name='SubjectUserName'>guest</Data><Data Name='SubjectDomainName'>HQ</Data><Data Name='SubjectLogonId'>0x4A43C</Data><!-- SUSPICIOUS: suspicious_account_creation — account 'svc_debug' created by 'guest' --></EventData></Event>
<Event xmlns='http://schemas.microsoft.com/win/2004/08/events/event'><System><Provider Name='Service Control Manager' Guid='{929519DA-BDFE-C78D-91F1-34FF372CDA72}'/><EventID>7036</EventID><Version>0</Version><Level>4</Level><Task>None</Task><Opcode>Info</Opcode><Keywords>Classic</Keywords><TimeCreated SystemTime='2026-05-23T15:28:12.199Z'/><EventRecordID>671829</EventRecordID><Channel>System</Channel><Computer>WKS-PC003.hq.internal</Computer></System><EventData><Data Name='param1'>Windows Update</Data><Data Name='param2'>running</Data></EventData></Event>
<Event xmlns='http://schemas.microsoft.com/win/2004/08/events/event'><System><Provider Name='Service Control Manager' Guid='{BCCF8DA2-2B70-D688-58D4-1A5821D9536B}'/><EventID>7036</EventID><Version>0</Version><Level>4</Level><Task>None</Task><Opcode>Info</Opcode><Keywords>Classic</Keywords><TimeCreated SystemTime='2026-05-23T15:28:11.373Z'/><EventRecordID>500363</EventRecordID><Channel>System</Channel><Computer>SRV-DC02.hq.internal</Computer></System><EventData><Data Name='param1'>Windows Firewall</Data><Data Name='param2'>running</Data></EventData></Event>
<Event xmlns='http://schemas.microsoft.com/win/2004/08/events/event'><System><Provider Name='Microsoft-Windows-Security-Auditing' Guid='{63127B69-AEDA-D456-E433-F5E8FE81D1DE}'/><EventID>4624</EventID><Version>0</Version><Level>0</Level><Task>Logon</Task><Opcode>Info</Opcode><Keywords>Audit Success</Keywords><TimeCreated SystemTime='2026-05-23T15:28:09.787Z'/><EventRecordID>635722</EventRecordID><Channel>Security</Channel><Computer>SRV-FILE01.hq.internal</Computer></System><EventData><Data Name='SubjectUserSid'>S-1-5-18</Data><Data Name='SubjectUserName'>WKS-PC003$</Data><Data Name='SubjectDomainName'>HQ</Data><Data Name='SubjectLogonId'>0x19E86</Data><Data Name='TargetUserSid'>S-1-5-21-9605153-3613</Data><Data Name='TargetUserName'>nalmeida</Data><Data Name='TargetDomainName'>HQ</Data><Data Name='TargetLogonId'>0x88D6A</Data><Data Name='LogonType'>3</Data><Data Name='IpAddress'>10.0.1.25</Data><Data Name='IpPort'>53963</Data><Data Name='WorkstationName'>WKS-PC003</Data></EventData></Event>
<Event xmlns='http://schemas.microsoft.com/win/2004/08/events/event'><System><Provider Name='Microsoft-Windows-Security-Auditing' Guid='{70F234A3-0D8B-ABCA-2C15-7FAE3FE70C1B}'/><EventID>4697</EventID><Version>0</Version><Level>0</Level><Task>Security System Extension</Task><Opcode>Info</Opcode><Keywords>Audit Success</Keywords><TimeCreated SystemTime='2026-05-23T15:28:08.632Z'/><EventRecordID>909295</EventRecordID><Channel>Security</Channel><Computer>SRV-DB01.hq.internal</Computer></System><EventData><Data Name='SubjectUserName'>scanner</Data><Data Name='SubjectDomainName'>EMPRESA</Data><Data Name='ServiceName'>SystemHealthd</Data><Data Name='ServiceFileName'>C:\Users\Public\update.exe</Data><Data Name='ServiceType'>0x10</Data><Data Name='ServiceStartType'>2</Data><!-- SUSPICIOUS: suspicious_service_install — service 'SystemHealthd' installed by 'scanner' --></EventData></Event>
<Event xmlns='http://schemas.microsoft.com/win/2004/08/events/event'><System><Provider Name='Service Control Manager' Guid='{133F62D3-9B85-4123-C447-A47784FF78A1}'/><EventID>7036</EventID><Version>0</Version><Level>4</Level><Task>None</Task><Opcode>Info</Opcode><Keywords>Classic</Keywords><TimeCreated SystemTime='2026-05-23T15:28:10.651Z'/><EventRecordID>568514</EventRecordID><Channel>System</Channel><Computer>SRV-DC01.hq.internal</Computer></System><EventData><Data Name='param1'>Windows Update</Data><Data Name='param2'>stopped</Data></EventData></Event>
<Event xmlns='http://schemas.microsoft.com/win/2004/08/events/event'><System><Provider Name='Service Control Manager' Guid='{AB359AC1-00E6-419F-276A-903C37A77479}'/><EventID>7036</EventID><Version>0</Version><Level>4</Level><Task>None</Task><Opcode>Info</Opcode><Keywords>Classic</Keywords><TimeCreated SystemTime='2026-05-23T15:28:10.389Z'/><EventRecordID>969684</EventRecordID><Channel>System</Channel><Computer>SRV-DC01.empresa.local</Computer></System><EventData><Data Name='param1'>DNS Client</Data><Data Name='param2'>running</Data></EventData></Event>
<Event xmlns='http://schemas.microsoft.com/win/2004/08/events/event'><System><Provider Name='Microsoft-Windows-Security-Auditing' Guid='{9CDBD9F9-753A-FABE-D309-B5F87032DB77}'/><EventID>4624</EventID><Version>0</Version><Level>0</Level><Task>Logon</Task><Opcode>Info</Opcode><Keywords>Audit Success</Keywords><TimeCreated SystemTime='2026-05-23T15:28:08.658Z'/><EventRecordID>591403</EventRecordID><Channel>Security</Channel><Computer>SRV-FILE01.corp.local</Computer></System><EventData><Data Name='SubjectUserSid'>S-1-5-18</Data><Data Name='SubjectUserName'>SRV-WEB01$</Data><Data Name='SubjectDomainName'>EMPRESA</Data><Data Name='SubjectLogonId'>0x927F6</Data><Data Name='TargetUserSid'>S-1-5-21-9380353-7573</Data><Data Name='TargetUserName'>mfernandes</Data><Data Name='TargetDomainName'>EMPRESA</Data><Data Name='TargetLogonId'>0x9E5DA</Data><Data Name='LogonType'>3</Data><Data Name='IpAddress'>10.0.2.10</Data><Data Name='IpPort'>63997</Data><Data Name='WorkstationName'>SRV-WEB01</Data></EventData></Event>
<Event xmlns='http://schemas.microsoft.com/win/2004/08/events/event'><System><Provider Name='Microsoft-Windows-Security-Auditing' Guid='{F7693388-2179-7176-B46A-848ABF6FF6ED}'/><EventID>4624</EventID><Version>0</Version><Level>0</Level><Task>Logon</Task><Opcode>Info</Opcode><Keywords>Audit Success</Keywords><TimeCreated SystemTime='2026-05-23T15:28:09.842Z'/><EventRecordID>583500</EventRecordID><Channel>Security</Channel><Computer>SRV-FILE01.empresa.local</Computer></System><EventData><Data Name='SubjectUserSid'>S-1-5-18</Data><Data Name='SubjectUserName'>SRV-DB01$</Data><Data Name='SubjectDomainName'>EMPRESA</Data><Data Name='SubjectLogonId'>0x7120F</Data><Data Name='TargetUserSid'>S-1-5-21-5178993-4336</Data><Data Name='TargetUserName'>acastro</Data><Data Name='TargetDomainName'>EMPRESA</Data><Data Name='TargetLogonId'>0xD7278</Data><Data Name='LogonType'>2</Data><Data Name='IpAddress'>10.0.1.102</Data><Data Name='IpPort'>63670</Data><Data Name='WorkstationName'>SRV-DB01</Data></EventData></Event>
<Event xmlns='http://schemas.microsoft.com/win/2004/08/events/event'><System><Provider Name='Microsoft-Windows-Security-Auditing' Guid='{16F0C646-8652-A020-6801-C99628FA5AB8}'/><EventID>4688</EventID><Version>0</Version><Level>0</Level><Task>Process Creation</Task><Opcode>Info</Opcode><Keywords>Audit Success</Keywords><TimeCreated SystemTime='2026-05-23T15:28:10.405Z'/><EventRecordID>528762</EventRecordID><Channel>Security</Channel><Computer>WKS-PC003.corp.local</Computer></System><EventData><Data Name='SubjectUserName'>loliveira</Data><Data Name='SubjectDomainName'>HQ</Data><Data Name='SubjectLogonId'>0xF09DF</Data><Data Name='NewProcessName'>C:\Windows\System32\taskhostw.exe</Data><Data Name='ProcessId'>23645</Data><Data Name='CommandLine'>taskhostw.exe</Data><Data Name='ParentProcessName'>C:\Windows\System32\svchost.exe</Data></EventData></Event>
<Event xmlns='http://schemas.microsoft.com/win/2004/08/events/event'><System><Provider Name='Service Control Manager' Guid='{F015ED3F-F844-F6C3-7B49-CC87275B3891}'/><EventID>7036</EventID><Version>0</Version><Level>4</Level><Task>None</Task><Opcode>Info</Opcode><Keywords>Classic</Keywords><TimeCreated SystemTime='2026-05-23T15:28:09.170Z'/><EventRecordID>974932</EventRecordID><Channel>System</Channel><Computer>WKS-NB011.hq.internal</Computer></System><EventData><Data Name='param1'>DNS Client</Data><Data Name='param2'>stopped</Data></EventData></Event>
<Event xmlns='http://schemas.microsoft.com/win/2004/08/events/event'><System><Provider Name='Microsoft-Windows-Security-Auditing' Guid='{D0EEFA42-1EFC-2F66-DD80-CA7098ABDB3F}'/><EventID>4634</EventID><Version>0</Version><Level>0</Level><Task>Logoff</Task><Opcode>Info</Opcode><Keywords>Audit Success</Keywords><TimeCreated SystemTime='2026-05-23T15:28:08.873Z'/><EventRecordID>151283</EventRecordID><Channel>Security</Channel><Computer>WKS-PC001.empresa.local</Computer></System><EventData><Data Name='TargetUserName'>mrocha</Data><Data Name='TargetDomainName'>HQ</Data><Data Name='TargetLogonId'>0xC30D7</Data><Data Name='LogonType'>3</Data></EventData></Event>
<Event xmlns='http://schemas.microsoft.com/win/2004/08/events/event'><System><Provider Name='Microsoft-Windows-Security-Auditing' Guid='{24D9F32B-9ACA-777E-B3F9-96FB660E6804}'/><EventID>4634</EventID><Version>0</Version><Level>0</Level><Task>Logoff</Task><Opcode>Info</Opcode><Keywords>Audit Success</Keywords><TimeCreated SystemTime='2026-05-23T15:28:10.758Z'/><EventRecordID>695953</EventRecordID><Channel>Security</Channel><Computer>WKS-NB010.corp.local</Computer></System><EventData><Data Name='TargetUserName'>ggomes</Data><Data Name='TargetDomainName'>EMPRESA</Data><Data Name='TargetLogonId'>0x569B2</Data><Data Name='LogonType'>3</Data></EventData></Event>
<Event xmlns='http://schemas.microsoft.com/win/2004/08/events/event'><System><Provider Name='Microsoft-Windows-Security-Auditing' Guid='{04731456-349A-1881-256E-614B9AB5AA32}'/><EventID>4634</EventID><Version>0</Version><Level>0</Level><Task>Logoff</Task><Opcode>Info</Opcode><Keywords>Audit Success</Keywords><TimeCreated SystemTime='2026-05-23T15:28:10.519Z'/><EventRecordID>905811</EventRecordID><Channel>Security</Channel><Computer>WKS-NB011.hq.internal</Computer></System><EventData><Data Name='TargetUserName'>psouza</Data><Data Name='TargetDomainName'>HQ</Data><Data Name='TargetLogonId'>0xEC584</Data><Data Name='LogonType'>3</Data></EventData></Event>
<Event xmlns='http://schemas.microsoft.com/win/2004/08/events/event'><System><Provider Name='Service Control Manager' Guid='{4780B01D-9A67-EEB9-7725-26713BED9533}'/><EventID>7036</EventID><Version>0</Version><Level>4</Level><Task>None</Task><Opcode>Info</Opcode><Keywords>Classic</Keywords><TimeCreated SystemTime='2026-05-23T15:28:10.900Z'/><EventRecordID>921020</EventRecordID><Channel>System</Channel><Computer>WKS-NB010.corp.local</Computer></System><EventData><Data Name='param1'>Windows Firewall</Data><Data Name='param2'>stopped</Data></EventData></Event>
<Event xmlns='http://schemas.microsoft.com/win/2004/08/events/event'><System><Provider Name='Microsoft-Windows-Security-Auditing' Guid='{407D95D6-B1DB-37E6-2ACA-54D944FDD84A}'/><EventID>4688</EventID><Version>0</Version><Level>0</Level><Task>Process Creation</Task><Opcode>Info</Opcode><Keywords>Audit Success</Keywords><TimeCreated SystemTime='2026-05-23T15:28:09.839Z'/><EventRecordID>796867</EventRecordID><Channel>Security</Channel><Computer>WKS-PC002.empresa.local</Computer></System><EventData><Data Name='SubjectUserName'>cpereira</Data><Data Name='SubjectDomainName'>EMPRESA</Data><Data Name='SubjectLogonId'>0xE8A2F</Data><Data Name='NewProcessName'>C:\Windows\System32\chrome.exe</Data><Data Name='ProcessId'>9214</Data><Data Name='CommandLine'>chrome.exe</Data><Data Name='ParentProcessName'>C:\Windows\System32\svchost.exe</Data></EventData></Event>
<Event xmlns='http://schemas.microsoft.com/win/2004/08/events/event'><System><Provider Name='Service Control Manager' Guid='{2AD0E9D2-B9F8-BBEE-FEAC-0845C6DA936F}'/><EventID>7036</EventID><Version>0</Version><Level>4</Level><Task>None</Task><Opcode>Info</Opcode><Keywords>Classic</Keywords><TimeCreated SystemTime='2026-05-23T15:28:09.099Z'/><EventRecordID>197288</EventRecordID><Channel>System</Channel><Computer>SRV-DB01.empresa.local</Computer></System><EventData><Data Name='param1'>Windows Defender</Data><Data Name='param2'>stopped</Data></EventData></Event>
<Event xmlns='http://schemas.microsoft.com/win/2004/08/events/event'><System><Provider Name='Microsoft-Windows-Security-Auditing' Guid='{8DE802F4-294C-86F9-C9B8-9CB8881930E3}'/><EventID>4688</EventID><Version>0</Version><Level>0</Level><Task>Process Creation</Task><Opcode>Info</Opcode><Keywords>Audit Success</Keywords><TimeCreated SystemTime='2026-05-23T15:28:09.156Z'/><EventRecordID>303694</EventRecordID><Channel>Security</Channel><Computer>WKS-NB010.empresa.local</Computer></System><EventData><Data Name='SubjectUserName'>psouza</Data><Data Name='SubjectDomainName'>HQ</Data><Data Name='SubjectLogonId'>0xFE3D2</Data><Data Name='NewProcessName'>C:\Windows\System32\explorer.exe</Data><Data Name='ProcessId'>3789</Data><Data Name='CommandLine'>explorer.exe</Data><Data Name='ParentProcessName'>C:\Windows\System32\svchost.exe</Data></EventData></Event>
<Event xmlns='http://schemas.microsoft.com/win/2004/08/events/event'><System><Provider Name='Service Control Manager' Guid='{CBCEA1B1-5C83-7223-3E9A-65A54BF33C00}'/><EventID>7036</EventID><Version>0</Version><Level>4</Level><Task>None</Task><Opcode>Info</Opcode><Keywords>Classic</Keywords><TimeCreated SystemTime='2026-05-23T15:28:10.056Z'/><EventRecordID>328469</EventRecordID><Channel>System</Channel><Computer>SRV-DC02.hq.internal</Computer></System><EventData><Data Name='param1'>Windows Update</Data><Data Name='param2'>running</Data></EventData></Event>
<Event xmlns='http://schemas.microsoft.com/win/2004/08/events/event'><System><Provider Name='Service Control Manager' Guid='{8310F211-B880-21CB-ABE4-F556EED7A8D8}'/><EventID>7036</EventID><Version>0</Version><Level>4</Level><Task>None</Task><Opcode>Info</Opcode><Keywords>Classic</Keywords><TimeCreated SystemTime='2026-05-23T15:28:10.678Z'/><EventRecordID>233063</EventRecordID><Channel>System</Channel><Computer>SRV-DC01.corp.local</Computer></System><EventData><Data Name='param1'>DNS Client</Data><Data Name='param2'>stopped</Data></EventData></Event>
<Event xmlns='http://schemas.microsoft.com/win/2004/08/events/event'><System><Provider Name='Microsoft-Windows-Security-Auditing' Guid='{2A400440-40B5-C251-13CB-3EDB9D80741D}'/><EventID>4624</EventID><Version>0</Version><Level>0</Level><Task>Logon</Task><Opcode>Info</Opcode><Keywords>Audit Success</Keywords><TimeCreated SystemTime='2026-05-23T15:28:10.695Z'/><EventRecordID>865600</EventRecordID><Channel>Security</Channel><Computer>WKS-PC002.corp.local</Computer></System><EventData><Data Name='SubjectUserSid'>S-1-5-18</Data><Data Name='SubjectUserName'>SRV-DB01$</Data><Data Name='SubjectDomainName'>CORP</Data><Data Name='SubjectLogonId'>0xC7965</Data><Data Name='TargetUserSid'>S-1-5-21-6319518-2960</Data><Data Name='TargetUserName'>mfernandes</Data><Data Name='TargetDomainName'>CORP</Data><Data Name='TargetLogonId'>0x553C9</Data><Data Name='LogonType'>10</Data><Data Name='IpAddress'>10.0.2.55</Data><Data Name='IpPort'>59281</Data><Data Name='WorkstationName'>SRV-DB01</Data></EventData></Event>
<Event xmlns='http://schemas.microsoft.com/win/2004/08/events/event'><System><Provider Name='Microsoft-Windows-Security-Auditing' Guid='{7BF09F21-5F27-4679-BF00-5BFDE7D86A60}'/><EventID>4624</EventID><Version>0</Version><Level>0</Level><Task>Logon</Task><Opcode>Info</Opcode><Keywords>Audit Success</Keywords><TimeCreated SystemTime='2026-05-23T15:28:11.457Z'/><EventRecordID>937872</EventRecordID><Channel>Security</Channel><Computer>SRV-FILE01.hq.internal</Computer></System><EventData><Data Name='SubjectUserSid'>S-1-5-18</Data><Data Name='SubjectUserName'>WKS-NB010$</Data><Data Name='SubjectDomainName'>EMPRESA</Data><Data Name='SubjectLogonId'>0x72890</Data><Data Name='TargetUserSid'>S-1-5-21-7510822-5968</Data><Data Name='TargetUserName'>rsantos</Data><Data Name='TargetDomainName'>EMPRESA</Data><Data Name='TargetLogonId'>0x36E10</Data><Data Name='LogonType'>10</Data><Data Name='IpAddress'>172.16.0.5</Data><Data Name='IpPort'>64339</Data><Data Name='WorkstationName'>WKS-NB010</Data></EventData></Event>
<Event xmlns='http://schemas.microsoft.com/win/2004/08/events/event'><System><Provider Name='Microsoft-Windows-Security-Auditing' Guid='{3B5E8DCD-5F01-0F4A-50E4-8C1CAC531C4C}'/><EventID>4688</EventID><Version>0</Version><Level>0</Level><Task>Process Creation</Task><Opcode>Info</Opcode><Keywords>Audit Success</Keywords><TimeCreated SystemTime='2026-05-23T15:28:08.286Z'/><EventRecordID>930784</EventRecordID><Channel>Security</Channel><Computer>SRV-APP01.empresa.local</Computer></System><EventData><Data Name='SubjectUserName'>rsantos</Data><Data Name='SubjectDomainName'>CORP</Data><Data Name='SubjectLogonId'>0xBB328</Data><Data Name='NewProcessName'>C:\Windows\System32\svchost.exe</Data><Data Name='ProcessId'>29407</Data><Data Name='CommandLine'>svchost.exe</Data><Data Name='ParentProcessName'>C:\Windows\System32\svchost.exe</Data></EventData></Event>
<Event xmlns='http://schemas.microsoft.com/win/2004/08/events/event'><System><Provider Name='Service Control Manager' Guid='{EB181C77-B14E-0727-BD3F-137FB1D2762D}'/><EventID>7036</EventID><Version>0</Version><Level>4</Level><Task>None</Task><Opcode>Info</Opcode><Keywords>Classic</Keywords><TimeCreated SystemTime='2026-05-23T15:28:09.897Z'/><EventRecordID>783265</EventRecordID><Channel>System</Channel><Computer>WKS-PC001.empresa.local</Computer></System><EventData><Data Name='param1'>Task Scheduler</Data><Data Name='param2'>stopped</Data></EventData></Event>
<Event xmlns='http://schemas.microsoft.com/win/2004/08/events/event'><System><Provider Name='Microsoft-Windows-Security-Auditing' Guid='{C2909589-E8C4-23B3-3E56-6DFFEC07BE22}'/><EventID>4688</EventID><Version>0</Version><Level>0</Level><Task>Process Creation</Task><Opcode>Info</Opcode><Keywords>Audit Success</Keywords><TimeCreated SystemTime='2026-05-23T15:28:08.826Z'/><EventRecordID>335652</EventRecordID><Channel>Security</Channel><Computer>SRV-EXCH01.hq.internal</Computer></System><EventData><Data Name='SubjectUserName'>acosta</Data><Data Name='SubjectDomainName'>HQ</Data><Data Name='SubjectLogonId'>0xE4FC0</Data><Data Name='NewProcessName'>C:\Windows\System32\spoolsv.exe</Data><Data Name='ProcessId'>28794</Data><Data Name='CommandLine'>spoolsv.exe</Data><Data Name='ParentProcessName'>C:\Windows\System32\svchost.exe</Data></EventData></Event>
<Event xmlns='http://schemas.microsoft.com/win/2004/08/events/event'><System><Provider Name='Microsoft-Windows-Security-Auditing' Guid='{599D511A-03E6-4C03-FBFA-F6D6DFFBEA26}'/><EventID>4634</EventID><Version>0</Version><Level>0</Level><Task>Logoff</Task><Opcode>Info</Opcode><Keywords>Audit Success</Keywords><TimeCreated SystemTime='2026-05-23T15:28:11.064Z'/><EventRecordID>593806</EventRecordID><Channel>Security</Channel><Computer>SRV-APP01.corp.local</Computer></System><EventData><Data Name='TargetUserName'>dfreitas</Data><Data Name='TargetDomainName'>HQ</Data><Data Name='TargetLogonId'>0x325D2</Data><Data Name='LogonType'>2</Data></EventData></Event>
<Event xmlns='http://schemas.microsoft.com/win/2004/08/events/event'><System><Provider Name='Microsoft-Windows-Security-Auditing' Guid='{06175748-E871-8515-E587-7A40113EA39F}'/><EventID>4634</EventID><Version>0</Version><Level>0</Level><Task>Logoff</Task><Opcode>Info</Opcode><Keywords>Audit Success</Keywords><TimeCreated SystemTime='2026-05-23T15:28:10.603Z'/><EventRecordID>835659</EventRecordID><Channel>Security</Channel><Computer>SRV-DB01.empresa.local</Computer></System><EventData><Data Name='TargetUserName'>mrocha</Data><Data Name='TargetDomainName'>CORP</Data><Data Name='TargetLogonId'>0xF7D81</Data><Data Name='LogonType'>3</Data></EventData></Event>
